Loading 14 days of data...
✓ Loaded 60483 rows from 3 symbols

/home/konstantin/dev/crypto_rl/rl_trader.py:873: FutureWarning: The default of observed=False is deprecated and will be changed to True in a future version of pandas. Pass observed=False to retain current behavior or observed=True to adopt the future default and silence this warning.
  for symbol, group in data.groupby('symbol', sort=False):

======================================================================
                 3-WAY BACKTEST (Train / Val / Test)                  
======================================================================
Train:  36288 rows ( 3 symbols) 1768694340000000 → 1769420040000000
Val:    12096 rows ( 3 symbols) 1769420100000000 → 1769661960000000
Test:   12099 rows ( 3 symbols) 1769662020000000 → 1769903940000000
======================================================================

Train env: 36288 rows, 3 symbols
Eval env: 12096 rows, 3 symbols
PHASE 1: Training on train set with val monitoring...
Using cpu device
Wrapping the env with a `Monitor` wrapper
Wrapping the env in a DummyVecEnv.
Created new PPO model (device=cpu)
  Hyperparameters:
    learning_rate=0.0003, batch_size=16
    n_steps=512, n_epochs=5
    policy_arch=[256, 128, 64]

Training for 50000 timesteps...
[DEBUG] step=1 RAW ACTION: [0. 0. 0.]
[DEBUG] step=2 RAW ACTION: [0.         0.90058273 1.        ]
-----------------------------
| time/              |      |
|    fps             | 1247 |
|    iterations      | 1    |
|    time_elapsed    | 0    |
|    total_timesteps | 512  |
-----------------------------
-----------------------------------------
| time/                   |             |
|    fps                  | 355         |
|    iterations           | 2           |
|    time_elapsed         | 2           |
|    total_timesteps      | 1024        |
| train/                  |             |
|    approx_kl            | 0.009552432 |
|    clip_fraction        | 0.0633      |
|    clip_range           | 0.2         |
|    entropy_loss         | -4.25       |
|    explained_variance   | 3.39e-05    |
|    learning_rate        | 0.0003      |
|    loss                 | 71.2        |
|    n_updates            | 5           |
|    policy_gradient_loss | -0.00453    |
|    std                  | 0.997       |
|    value_loss           | 185         |
-----------------------------------------
-----------------------------------------
| time/                   |             |
|    fps                  | 309         |
|    iterations           | 3           |
|    time_elapsed         | 4           |
|    total_timesteps      | 1536        |
| train/                  |             |
|    approx_kl            | 0.011166555 |
|    clip_fraction        | 0.0648      |
|    clip_range           | 0.2         |
|    entropy_loss         | -4.24       |
|    explained_variance   | 1.19e-07    |
|    learning_rate        | 0.0003      |
|    loss                 | 193         |
|    n_updates            | 10          |
|    policy_gradient_loss | -0.00551    |
|    std                  | 0.996       |
|    value_loss           | 446         |
-----------------------------------------
-----------------------------------------
| time/                   |             |
|    fps                  | 302         |
|    iterations           | 4           |
|    time_elapsed         | 6           |
|    total_timesteps      | 2048        |
| train/                  |             |
|    approx_kl            | 0.006553389 |
|    clip_fraction        | 0.0523      |
|    clip_range           | 0.2         |
|    entropy_loss         | -4.23       |
|    explained_variance   | 2.86e-06    |
|    learning_rate        | 0.0003      |
|    loss                 | 178         |
|    n_updates            | 15          |
|    policy_gradient_loss | -0.00509    |
|    std                  | 0.99        |
|    value_loss           | 434         |
-----------------------------------------
------------------------------------------
| time/                   |              |
|    fps                  | 308          |
|    iterations           | 5            |
|    time_elapsed         | 8            |
|    total_timesteps      | 2560         |
| train/                  |              |
|    approx_kl            | 0.0037331586 |
|    clip_fraction        | 0.00508      |
|    clip_range           | 0.2          |
|    entropy_loss         | -4.23        |
|    explained_variance   | 1.55e-06     |
|    learning_rate        | 0.0003       |
|    loss                 | 142          |
|    n_updates            | 20           |
|    policy_gradient_loss | 0.000329     |
|    std                  | 0.992        |
|    value_loss           | 332          |
------------------------------------------
-----------------------------------------
| time/                   |             |
|    fps                  | 296         |
|    iterations           | 6           |
|    time_elapsed         | 10          |
|    total_timesteps      | 3072        |
| train/                  |             |
|    approx_kl            | 0.003371318 |
|    clip_fraction        | 0.018       |
|    clip_range           | 0.2         |
|    entropy_loss         | -4.23       |
|    explained_variance   | -1.19e-07   |
|    learning_rate        | 0.0003      |
|    loss                 | 171         |
|    n_updates            | 25          |
|    policy_gradient_loss | -0.00176    |
|    std                  | 0.989       |
|    value_loss           | 396         |
-----------------------------------------
------------------------------------------
| time/                   |              |
|    fps                  | 304          |
|    iterations           | 7            |
|    time_elapsed         | 11           |
|    total_timesteps      | 3584         |
| train/                  |              |
|    approx_kl            | 0.0060844626 |
|    clip_fraction        | 0.0402       |
|    clip_range           | 0.2          |
|    entropy_loss         | -4.22        |
|    explained_variance   | 8.34e-07     |
|    learning_rate        | 0.0003       |
|    loss                 | 151          |
|    n_updates            | 30           |
|    policy_gradient_loss | -0.00635     |
|    std                  | 0.986        |
|    value_loss           | 368          |
------------------------------------------
-----------------------------------------
| time/                   |             |
|    fps                  | 302         |
|    iterations           | 8           |
|    time_elapsed         | 13          |
|    total_timesteps      | 4096        |
| train/                  |             |
|    approx_kl            | 0.005276614 |
|    clip_fraction        | 0.0324      |
|    clip_range           | 0.2         |
|    entropy_loss         | -4.21       |
|    explained_variance   | 7.75e-07    |
|    learning_rate        | 0.0003      |
|    loss                 | 95.2        |
|    n_updates            | 35          |
|    policy_gradient_loss | -0.00237    |
|    std                  | 0.98        |
|    value_loss           | 236         |
-----------------------------------------
------------------------------------------
| time/                   |              |
|    fps                  | 297          |
|    iterations           | 9            |
|    time_elapsed         | 15           |
|    total_timesteps      | 4608         |
| train/                  |              |
|    approx_kl            | 0.0052064024 |
|    clip_fraction        | 0.0641       |
|    clip_range           | 0.2          |
|    entropy_loss         | -4.19        |
|    explained_variance   | 2.38e-07     |
|    learning_rate        | 0.0003       |
|    loss                 | 139          |
|    n_updates            | 40           |
|    policy_gradient_loss | -0.00353     |
|    std                  | 0.975        |
|    value_loss           | 338          |
------------------------------------------
/home/konstantin/dev/crypto_rl/.conda/lib/python3.12/site-packages/stable_baselines3/common/evaluation.py:70: UserWarning: Evaluation environment is not wrapped with a ``Monitor`` wrapper. This may result in reporting modified episode lengths and rewards, if other wrappers happen to modify these. Consider wrapping environment first with ``Monitor`` wrapper.
  warnings.warn(
[DEBUG] step=1 RAW ACTION: [0.         0.         0.04865016]
[DEBUG] step=2 RAW ACTION: [0.         0.         0.04864973]
Eval num_timesteps=5000, episode_reward=0.00 +/- 0.00
Episode length: 4031.00 +/- 0.00
-----------------------------------------
| eval/                   |             |
|    mean_ep_length       | 4.03e+03    |
|    mean_reward          | 0           |
| time/                   |             |
|    total_timesteps      | 5000        |
| train/                  |             |
|    approx_kl            | 0.012306929 |
|    clip_fraction        | 0.164       |
|    clip_range           | 0.2         |
|    entropy_loss         | -4.18       |
|    explained_variance   | -2.38e-07   |
|    learning_rate        | 0.0003      |
|    loss                 | 58.2        |
|    n_updates            | 45          |
|    policy_gradient_loss | 0.00428     |
|    std                  | 0.976       |
|    value_loss           | 226         |
-----------------------------------------
New best mean reward!
-----------------------------
| time/              |      |
|    fps             | 266  |
|    iterations      | 10   |
|    time_elapsed    | 19   |
|    total_timesteps | 5120 |
-----------------------------
------------------------------------------
| time/                   |              |
|    fps                  | 274          |
|    iterations           | 11           |
|    time_elapsed         | 20           |
|    total_timesteps      | 5632         |
| train/                  |              |
|    approx_kl            | 0.0047396896 |
|    clip_fraction        | 0.0344       |
|    clip_range           | 0.2          |
|    entropy_loss         | -4.18        |
|    explained_variance   | -1.19e-07    |
|    learning_rate        | 0.0003       |
|    loss                 | 30.5         |
|    n_updates            | 50           |
|    policy_gradient_loss | 0.000883     |
|    std                  | 0.974        |
|    value_loss           | 83.3         |
------------------------------------------
-----------------------------------------
| time/                   |             |
|    fps                  | 265         |
|    iterations           | 12          |
|    time_elapsed         | 23          |
|    total_timesteps      | 6144        |
| train/                  |             |
|    approx_kl            | 0.008761564 |
|    clip_fraction        | 0.0836      |
|    clip_range           | 0.2         |
|    entropy_loss         | -4.19       |
|    explained_variance   | -7.15e-07   |
|    learning_rate        | 0.0003      |
|    loss                 | 23          |
|    n_updates            | 55          |
|    policy_gradient_loss | -0.00548    |
|    std                  | 0.981       |
|    value_loss           | 76.3        |
-----------------------------------------
-----------------------------------------
| time/                   |             |
|    fps                  | 264         |
|    iterations           | 13          |
|    time_elapsed         | 25          |
|    total_timesteps      | 6656        |
| train/                  |             |
|    approx_kl            | 0.004664356 |
|    clip_fraction        | 0.0434      |
|    clip_range           | 0.2         |
|    entropy_loss         | -4.2        |
|    explained_variance   | 0           |
|    learning_rate        | 0.0003      |
|    loss                 | 23.5        |
|    n_updates            | 60          |
|    policy_gradient_loss | -0.00324    |
|    std                  | 0.981       |
|    value_loss           | 68.1        |
-----------------------------------------
----------------------------------------
| time/                   |            |
|    fps                  | 266        |
|    iterations           | 14         |
|    time_elapsed         | 26         |
|    total_timesteps      | 7168       |
| train/                  |            |
|    approx_kl            | 0.00846023 |
|    clip_fraction        | 0.0566     |
|    clip_range           | 0.2        |
|    entropy_loss         | -4.2       |
|    explained_variance   | 5.96e-07   |
|    learning_rate        | 0.0003     |
|    loss                 | 84.8       |
|    n_updates            | 65         |
|    policy_gradient_loss | -0.00708   |
|    std                  | 0.978      |
|    value_loss           | 207        |
----------------------------------------
----------------------------------------
| time/                   |            |
|    fps                  | 264        |
|    iterations           | 15         |
|    time_elapsed         | 28         |
|    total_timesteps      | 7680       |
| train/                  |            |
|    approx_kl            | 0.00687767 |
|    clip_fraction        | 0.0305     |
|    clip_range           | 0.2        |
|    entropy_loss         | -4.19      |
|    explained_variance   | 0          |
|    learning_rate        | 0.0003     |
|    loss                 | 69.7       |
|    n_updates            | 70         |
|    policy_gradient_loss | -0.00485   |
|    std                  | 0.978      |
|    value_loss           | 179        |
----------------------------------------
-----------------------------------------
| time/                   |             |
|    fps                  | 253         |
|    iterations           | 16          |
|    time_elapsed         | 32          |
|    total_timesteps      | 8192        |
| train/                  |             |
|    approx_kl            | 0.009231376 |
|    clip_fraction        | 0.0855      |
|    clip_range           | 0.2         |
|    entropy_loss         | -4.19       |
|    explained_variance   | 5.96e-08    |
|    learning_rate        | 0.0003      |
|    loss                 | 64          |
|    n_updates            | 75          |
|    policy_gradient_loss | -0.00983    |
|    std                  | 0.976       |
|    value_loss           | 167         |
-----------------------------------------
-----------------------------------------
| time/                   |             |
|    fps                  | 242         |
|    iterations           | 17          |
|    time_elapsed         | 35          |
|    total_timesteps      | 8704        |
| train/                  |             |
|    approx_kl            | 0.007666848 |
|    clip_fraction        | 0.0555      |
|    clip_range           | 0.2         |
|    entropy_loss         | -4.18       |
|    explained_variance   | 0           |
|    learning_rate        | 0.0003      |
|    loss                 | 84.8        |
|    n_updates            | 80          |
|    policy_gradient_loss | -0.0065     |
|    std                  | 0.974       |
|    value_loss           | 201         |
-----------------------------------------
-----------------------------------------
| time/                   |             |
|    fps                  | 229         |
|    iterations           | 18          |
|    time_elapsed         | 40          |
|    total_timesteps      | 9216        |
| train/                  |             |
|    approx_kl            | 0.006103894 |
|    clip_fraction        | 0.0266      |
|    clip_range           | 0.2         |
|    entropy_loss         | -4.18       |
|    explained_variance   | -1.19e-07   |
|    learning_rate        | 0.0003      |
|    loss                 | 75.4        |
|    n_updates            | 85          |
|    policy_gradient_loss | -0.00312    |
|    std                  | 0.975       |
|    value_loss           | 191         |
-----------------------------------------
------------------------------------------
| time/                   |              |
|    fps                  | 233          |
|    iterations           | 19           |
|    time_elapsed         | 41           |
|    total_timesteps      | 9728         |
| train/                  |              |
|    approx_kl            | 0.0042411103 |
|    clip_fraction        | 0.0109       |
|    clip_range           | 0.2          |
|    entropy_loss         | -4.17        |
|    explained_variance   | 1.19e-07     |
|    learning_rate        | 0.0003       |
|    loss                 | 52           |
|    n_updates            | 90           |
|    policy_gradient_loss | -0.00187     |
|    std                  | 0.97         |
|    value_loss           | 145          |
------------------------------------------
[DEBUG] step=1 RAW ACTION: [0.03836912 0.07153443 0.12575689]
[DEBUG] step=2 RAW ACTION: [0.03836864 0.07153512 0.12575732]
Eval num_timesteps=10000, episode_reward=0.00 +/- 0.00
Episode length: 4031.00 +/- 0.00
-----------------------------------------
| eval/                   |             |
|    mean_ep_length       | 4.03e+03    |
|    mean_reward          | 0           |
| time/                   |             |
|    total_timesteps      | 10000       |
| train/                  |             |
|    approx_kl            | 0.010676966 |
|    clip_fraction        | 0.0895      |
|    clip_range           | 0.2         |
|    entropy_loss         | -4.18       |
|    explained_variance   | 0           |
|    learning_rate        | 0.0003      |
|    loss                 | 3.42        |
|    n_updates            | 95          |
|    policy_gradient_loss | -0.00584    |
|    std                  | 0.979       |
|    value_loss           | 20.4        |
-----------------------------------------
------------------------------
| time/              |       |
|    fps             | 229   |
|    iterations      | 20    |
|    time_elapsed    | 44    |
|    total_timesteps | 10240 |
------------------------------
---------------------------------------
| time/                   |           |
|    fps                  | 237       |
|    iterations           | 21        |
|    time_elapsed         | 45        |
|    total_timesteps      | 10752     |
| train/                  |           |
|    approx_kl            | 0.0040061 |
|    clip_fraction        | 0.0242    |
|    clip_range           | 0.2       |
|    entropy_loss         | -4.2      |
|    explained_variance   | 0         |
|    learning_rate        | 0.0003    |
|    loss                 | 41.3      |
|    n_updates            | 100       |
|    policy_gradient_loss | -0.00199  |
|    std                  | 0.982     |
|    value_loss           | 90.9      |
---------------------------------------
-----------------------------------------
| time/                   |             |
|    fps                  | 244         |
|    iterations           | 22          |
|    time_elapsed         | 46          |
|    total_timesteps      | 11264       |
| train/                  |             |
|    approx_kl            | 0.012440199 |
|    clip_fraction        | 0.12        |
|    clip_range           | 0.2         |
|    entropy_loss         | -4.2        |
|    explained_variance   | -1.19e-07   |
|    learning_rate        | 0.0003      |
|    loss                 | 51.7        |
|    n_updates            | 105         |
|    policy_gradient_loss | -0.00506    |
|    std                  | 0.984       |
|    value_loss           | 140         |
-----------------------------------------
------------------------------------------
| time/                   |              |
|    fps                  | 252          |
|    iterations           | 23           |
|    time_elapsed         | 46           |
|    total_timesteps      | 11776        |
| train/                  |              |
|    approx_kl            | 0.0062479996 |
|    clip_fraction        | 0.0363       |
|    clip_range           | 0.2          |
|    entropy_loss         | -4.21        |
|    explained_variance   | 1.19e-07     |
|    learning_rate        | 0.0003       |
|    loss                 | 46.5         |
|    n_updates            | 110          |
|    policy_gradient_loss | -0.00125     |
|    std                  | 0.986        |
|    value_loss           | 128          |
------------------------------------------
[DEBUG] step=1 RAW ACTION: [0.75397056 0.69069695 0.        ]
[DEBUG] step=2 RAW ACTION: [0.         0.         0.91457796]
-----------------------------------------
| rollout/                |             |
|    ep_len_mean          | 1.21e+04    |
|    ep_rew_mean          | 1.58e+04    |
| time/                   |             |
|    fps                  | 260         |
|    iterations           | 24          |
|    time_elapsed         | 47          |
|    total_timesteps      | 12288       |
| train/                  |             |
|    approx_kl            | 0.010955771 |
|    clip_fraction        | 0.123       |
|    clip_range           | 0.2         |
|    entropy_loss         | -4.2        |
|    explained_variance   | 0           |
|    learning_rate        | 0.0003      |
|    loss                 | 42.5        |
|    n_updates            | 115         |
|    policy_gradient_loss | -0.00134    |
|    std                  | 0.98        |
|    value_loss           | 212         |
-----------------------------------------
-----------------------------------------
| rollout/                |             |
|    ep_len_mean          | 1.21e+04    |
|    ep_rew_mean          | 1.58e+04    |
| time/                   |             |
|    fps                  | 267         |
|    iterations           | 25          |
|    time_elapsed         | 47          |
|    total_timesteps      | 12800       |
| train/                  |             |
|    approx_kl            | 0.013552061 |
|    clip_fraction        | 0.173       |
|    clip_range           | 0.2         |
|    entropy_loss         | -4.2        |
|    explained_variance   | 0           |
|    learning_rate        | 0.0003      |
|    loss                 | 48.5        |
|    n_updates            | 120         |
|    policy_gradient_loss | 0.00612     |
|    std                  | 0.985       |
|    value_loss           | 180         |
-----------------------------------------
-----------------------------------------
| rollout/                |             |
|    ep_len_mean          | 1.21e+04    |
|    ep_rew_mean          | 1.58e+04    |
| time/                   |             |
|    fps                  | 275         |
|    iterations           | 26          |
|    time_elapsed         | 48          |
|    total_timesteps      | 13312       |
| train/                  |             |
|    approx_kl            | 0.008606381 |
|    clip_fraction        | 0.149       |
|    clip_range           | 0.2         |
|    entropy_loss         | -4.21       |
|    explained_variance   | 0           |
|    learning_rate        | 0.0003      |
|    loss                 | 33.8        |
|    n_updates            | 125         |
|    policy_gradient_loss | -0.0125     |
|    std                  | 0.982       |
|    value_loss           | 95.6        |
-----------------------------------------
-----------------------------------------
| rollout/                |             |
|    ep_len_mean          | 1.21e+04    |
|    ep_rew_mean          | 1.58e+04    |
| time/                   |             |
|    fps                  | 282         |
|    iterations           | 27          |
|    time_elapsed         | 48          |
|    total_timesteps      | 13824       |
| train/                  |             |
|    approx_kl            | 0.009214176 |
|    clip_fraction        | 0.0633      |
|    clip_range           | 0.2         |
|    entropy_loss         | -4.2        |
|    explained_variance   | -1.19e-07   |
|    learning_rate        | 0.0003      |
|    loss                 | 29.8        |
|    n_updates            | 130         |
|    policy_gradient_loss | -0.0054     |
|    std                  | 0.982       |
|    value_loss           | 86.2        |
-----------------------------------------
-----------------------------------------
| rollout/                |             |
|    ep_len_mean          | 1.21e+04    |
|    ep_rew_mean          | 1.58e+04    |
| time/                   |             |
|    fps                  | 285         |
|    iterations           | 28          |
|    time_elapsed         | 50          |
|    total_timesteps      | 14336       |
| train/                  |             |
|    approx_kl            | 0.006204268 |
|    clip_fraction        | 0.0473      |
|    clip_range           | 0.2         |
|    entropy_loss         | -4.21       |
|    explained_variance   | -1.19e-07   |
|    learning_rate        | 0.0003      |
|    loss                 | 10.1        |
|    n_updates            | 135         |
|    policy_gradient_loss | -0.00423    |
|    std                  | 0.988       |
|    value_loss           | 43.8        |
-----------------------------------------
------------------------------------------
| rollout/                |              |
|    ep_len_mean          | 1.21e+04     |
|    ep_rew_mean          | 1.58e+04     |
| time/                   |              |
|    fps                  | 290          |
|    iterations           | 29           |
|    time_elapsed         | 51           |
|    total_timesteps      | 14848        |
| train/                  |              |
|    approx_kl            | 0.0024632332 |
|    clip_fraction        | 0.00195      |
|    clip_range           | 0.2          |
|    entropy_loss         | -4.22        |
|    explained_variance   | 0            |
|    learning_rate        | 0.0003       |
|    loss                 | 20.3         |
|    n_updates            | 140          |
|    policy_gradient_loss | 0.00088      |
|    std                  | 0.987        |
|    value_loss           | 62.8         |
------------------------------------------
[DEBUG] step=1 RAW ACTION: [0.29476568 0.10881155 0.05500031]
[DEBUG] step=2 RAW ACTION: [0.29476616 0.10881147 0.05499983]
Eval num_timesteps=15000, episode_reward=0.00 +/- 0.00
Episode length: 4031.00 +/- 0.00
------------------------------------------
| eval/                   |              |
|    mean_ep_length       | 4.03e+03     |
|    mean_reward          | 0            |
| time/                   |              |
|    total_timesteps      | 15000        |
| train/                  |              |
|    approx_kl            | 0.0056026997 |
|    clip_fraction        | 0.0578       |
|    clip_range           | 0.2          |
|    entropy_loss         | -4.21        |
|    explained_variance   | 0            |
|    learning_rate        | 0.0003       |
|    loss                 | 21           |
|    n_updates            | 145          |
|    policy_gradient_loss | -0.00385     |
|    std                  | 0.986        |
|    value_loss           | 61.7         |
------------------------------------------
---------------------------------
| rollout/           |          |
|    ep_len_mean     | 1.21e+04 |
|    ep_rew_mean     | 1.58e+04 |
| time/              |          |
|    fps             | 287      |
|    iterations      | 30       |
|    time_elapsed    | 53       |
|    total_timesteps | 15360    |
---------------------------------
-----------------------------------------
| rollout/                |             |
|    ep_len_mean          | 1.21e+04    |
|    ep_rew_mean          | 1.58e+04    |
| time/                   |             |
|    fps                  | 292         |
|    iterations           | 31          |
|    time_elapsed         | 54          |
|    total_timesteps      | 15872       |
| train/                  |             |
|    approx_kl            | 0.008261092 |
|    clip_fraction        | 0.0734      |
|    clip_range           | 0.2         |
|    entropy_loss         | -4.21       |
|    explained_variance   | 5.96e-08    |
|    learning_rate        | 0.0003      |
|    loss                 | 18.1        |
|    n_updates            | 150         |
|    policy_gradient_loss | -0.0044     |
|    std                  | 0.986       |
|    value_loss           | 52.7        |
-----------------------------------------
-----------------------------------------
| rollout/                |             |
|    ep_len_mean          | 1.21e+04    |
|    ep_rew_mean          | 1.58e+04    |
| time/                   |             |
|    fps                  | 298         |
|    iterations           | 32          |
|    time_elapsed         | 54          |
|    total_timesteps      | 16384       |
| train/                  |             |
|    approx_kl            | 0.009039993 |
|    clip_fraction        | 0.0652      |
|    clip_range           | 0.2         |
|    entropy_loss         | -4.22       |
|    explained_variance   | 5.96e-08    |
|    learning_rate        | 0.0003      |
|    loss                 | 12.2        |
|    n_updates            | 155         |
|    policy_gradient_loss | -0.00317    |
|    std                  | 0.987       |
|    value_loss           | 40.4        |
-----------------------------------------
------------------------------------------
| rollout/                |              |
|    ep_len_mean          | 1.21e+04     |
|    ep_rew_mean          | 1.58e+04     |
| time/                   |              |
|    fps                  | 300          |
|    iterations           | 33           |
|    time_elapsed         | 56           |
|    total_timesteps      | 16896        |
| train/                  |              |
|    approx_kl            | 0.0077429246 |
|    clip_fraction        | 0.111        |
|    clip_range           | 0.2          |
|    entropy_loss         | -4.2         |
|    explained_variance   | 1.19e-07     |
|    learning_rate        | 0.0003       |
|    loss                 | 25.6         |
|    n_updates            | 160          |
|    policy_gradient_loss | -0.00587     |
|    std                  | 0.975        |
|    value_loss           | 180          |
------------------------------------------
----------------------------------------
| rollout/                |            |
|    ep_len_mean          | 1.21e+04   |
|    ep_rew_mean          | 1.58e+04   |
| time/                   |            |
|    fps                  | 305        |
|    iterations           | 34         |
|    time_elapsed         | 56         |
|    total_timesteps      | 17408      |
| train/                  |            |
|    approx_kl            | 0.00461508 |
|    clip_fraction        | 0.0535     |
|    clip_range           | 0.2        |
|    entropy_loss         | -4.18      |
|    explained_variance   | 5.96e-08   |
|    learning_rate        | 0.0003     |
|    loss                 | 10.2       |
|    n_updates            | 165        |
|    policy_gradient_loss | -0.00145   |
|    std                  | 0.974      |
|    value_loss           | 35.4       |
----------------------------------------
-----------------------------------------
| rollout/                |             |
|    ep_len_mean          | 1.21e+04    |
|    ep_rew_mean          | 1.58e+04    |
| time/                   |             |
|    fps                  | 310         |
|    iterations           | 35          |
|    time_elapsed         | 57          |
|    total_timesteps      | 17920       |
| train/                  |             |
|    approx_kl            | 0.008267434 |
|    clip_fraction        | 0.0652      |
|    clip_range           | 0.2         |
|    entropy_loss         | -4.17       |
|    explained_variance   | -1.19e-07   |
|    learning_rate        | 0.0003      |
|    loss                 | 7.9         |
|    n_updates            | 170         |
|    policy_gradient_loss | -0.00422    |
|    std                  | 0.971       |
|    value_loss           | 30.3        |
-----------------------------------------
-----------------------------------------
| rollout/                |             |
|    ep_len_mean          | 1.21e+04    |
|    ep_rew_mean          | 1.58e+04    |
| time/                   |             |
|    fps                  | 313         |
|    iterations           | 36          |
|    time_elapsed         | 58          |
|    total_timesteps      | 18432       |
| train/                  |             |
|    approx_kl            | 0.008211315 |
|    clip_fraction        | 0.0918      |
|    clip_range           | 0.2         |
|    entropy_loss         | -4.16       |
|    explained_variance   | 0           |
|    learning_rate        | 0.0003      |
|    loss                 | 4.7         |
|    n_updates            | 175         |
|    policy_gradient_loss | -0.00655    |
|    std                  | 0.966       |
|    value_loss           | 21.1        |
-----------------------------------------
------------------------------------------
| rollout/                |              |
|    ep_len_mean          | 1.21e+04     |
|    ep_rew_mean          | 1.58e+04     |
| time/                   |              |
|    fps                  | 317          |
|    iterations           | 37           |
|    time_elapsed         | 59           |
|    total_timesteps      | 18944        |
| train/                  |              |
|    approx_kl            | 0.0064843385 |
|    clip_fraction        | 0.0691       |
|    clip_range           | 0.2          |
|    entropy_loss         | -4.15        |
|    explained_variance   | 0            |
|    learning_rate        | 0.0003       |
|    loss                 | 4.3          |
|    n_updates            | 180          |
|    policy_gradient_loss | -0.00347     |
|    std                  | 0.963        |
|    value_loss           | 20.5         |
------------------------------------------
-----------------------------------------
| rollout/                |             |
|    ep_len_mean          | 1.21e+04    |
|    ep_rew_mean          | 1.58e+04    |
| time/                   |             |
|    fps                  | 320         |
|    iterations           | 38          |
|    time_elapsed         | 60          |
|    total_timesteps      | 19456       |
| train/                  |             |
|    approx_kl            | 0.006979184 |
|    clip_fraction        | 0.112       |
|    clip_range           | 0.2         |
|    entropy_loss         | -4.13       |
|    explained_variance   | 0           |
|    learning_rate        | 0.0003      |
|    loss                 | 3           |
|    n_updates            | 185         |
|    policy_gradient_loss | -0.00576    |
|    std                  | 0.956       |
|    value_loss           | 15.4        |
-----------------------------------------
-----------------------------------------
| rollout/                |             |
|    ep_len_mean          | 1.21e+04    |
|    ep_rew_mean          | 1.58e+04    |
| time/                   |             |
|    fps                  | 323         |
|    iterations           | 39          |
|    time_elapsed         | 61          |
|    total_timesteps      | 19968       |
| train/                  |             |
|    approx_kl            | 0.013444671 |
|    clip_fraction        | 0.12        |
|    clip_range           | 0.2         |
|    entropy_loss         | -4.14       |
|    explained_variance   | -1.19e-07   |
|    learning_rate        | 0.0003      |
|    loss                 | 9.54        |
|    n_updates            | 190         |
|    policy_gradient_loss | -0.00321    |
|    std                  | 0.966       |
|    value_loss           | 18.3        |
-----------------------------------------
[DEBUG] step=1 RAW ACTION: [0.51698995 0.366765   0.        ]
[DEBUG] step=2 RAW ACTION: [0.5169898  0.36676478 0.        ]
Eval num_timesteps=20000, episode_reward=0.00 +/- 0.00
Episode length: 4031.00 +/- 0.00
-----------------------------------------
| eval/                   |             |
|    mean_ep_length       | 4.03e+03    |
|    mean_reward          | 0           |
| time/                   |             |
|    total_timesteps      | 20000       |
| train/                  |             |
|    approx_kl            | 0.010324932 |
|    clip_fraction        | 0.147       |
|    clip_range           | 0.2         |
|    entropy_loss         | -4.15       |
|    explained_variance   | 1.19e-07    |
|    learning_rate        | 0.0003      |
|    loss                 | 3.31        |
|    n_updates            | 195         |
|    policy_gradient_loss | -0.00648    |
|    std                  | 0.966       |
|    value_loss           | 14.3        |
-----------------------------------------
---------------------------------
| rollout/           |          |
|    ep_len_mean     | 1.21e+04 |
|    ep_rew_mean     | 1.58e+04 |
| time/              |          |
|    fps             | 319      |
|    iterations      | 40       |
|    time_elapsed    | 64       |
|    total_timesteps | 20480    |
---------------------------------
-----------------------------------------
| rollout/                |             |
|    ep_len_mean          | 1.21e+04    |
|    ep_rew_mean          | 1.58e+04    |
| time/                   |             |
|    fps                  | 322         |
|    iterations           | 41          |
|    time_elapsed         | 65          |
|    total_timesteps      | 20992       |
| train/                  |             |
|    approx_kl            | 0.009515485 |
|    clip_fraction        | 0.111       |
|    clip_range           | 0.2         |
|    entropy_loss         | -4.16       |
|    explained_variance   | 1.37e-06    |
|    learning_rate        | 0.0003      |
|    loss                 | 3.8         |
|    n_updates            | 200         |
|    policy_gradient_loss | 0.00206     |
|    std                  | 0.968       |
|    value_loss           | 10.4        |
-----------------------------------------
-----------------------------------------
| rollout/                |             |
|    ep_len_mean          | 1.21e+04    |
|    ep_rew_mean          | 1.58e+04    |
| time/                   |             |
|    fps                  | 325         |
|    iterations           | 42          |
|    time_elapsed         | 66          |
|    total_timesteps      | 21504       |
| train/                  |             |
|    approx_kl            | 0.007190855 |
|    clip_fraction        | 0.0434      |
|    clip_range           | 0.2         |
|    entropy_loss         | -4.16       |
|    explained_variance   | 0           |
|    learning_rate        | 0.0003      |
|    loss                 | 2.57        |
|    n_updates            | 205         |
|    policy_gradient_loss | 0.000833    |
|    std                  | 0.968       |
|    value_loss           | 6.74        |
-----------------------------------------
------------------------------------------
| rollout/                |              |
|    ep_len_mean          | 1.21e+04     |
|    ep_rew_mean          | 1.58e+04     |
| time/                   |              |
|    fps                  | 327          |
|    iterations           | 43           |
|    time_elapsed         | 67           |
|    total_timesteps      | 22016        |
| train/                  |              |
|    approx_kl            | 0.0081690075 |
|    clip_fraction        | 0.0867       |
|    clip_range           | 0.2          |
|    entropy_loss         | -4.15        |
|    explained_variance   | 0            |
|    learning_rate        | 0.0003       |
|    loss                 | 0.256        |
|    n_updates            | 210          |
|    policy_gradient_loss | -0.00406     |
|    std                  | 0.965        |
|    value_loss           | 4.46         |
------------------------------------------
------------------------------------------
| rollout/                |              |
|    ep_len_mean          | 1.21e+04     |
|    ep_rew_mean          | 1.58e+04     |
| time/                   |              |
|    fps                  | 329          |
|    iterations           | 44           |
|    time_elapsed         | 68           |
|    total_timesteps      | 22528        |
| train/                  |              |
|    approx_kl            | 0.0067053754 |
|    clip_fraction        | 0.0996       |
|    clip_range           | 0.2          |
|    entropy_loss         | -4.14        |
|    explained_variance   | 1.19e-07     |
|    learning_rate        | 0.0003       |
|    loss                 | 6.74         |
|    n_updates            | 215          |
|    policy_gradient_loss | -0.00287     |
|    std                  | 0.96         |
|    value_loss           | 10.8         |
------------------------------------------
------------------------------------------
| rollout/                |              |
|    ep_len_mean          | 1.21e+04     |
|    ep_rew_mean          | 1.58e+04     |
| time/                   |              |
|    fps                  | 327          |
|    iterations           | 45           |
|    time_elapsed         | 70           |
|    total_timesteps      | 23040        |
| train/                  |              |
|    approx_kl            | 0.0033504318 |
|    clip_fraction        | 0.0723       |
|    clip_range           | 0.2          |
|    entropy_loss         | -4.13        |
|    explained_variance   | 1.19e-07     |
|    learning_rate        | 0.0003       |
|    loss                 | 10.4         |
|    n_updates            | 220          |
|    policy_gradient_loss | 0.000942     |
|    std                  | 0.958        |
|    value_loss           | 10.2         |
------------------------------------------
----------------------------------------
| rollout/                |            |
|    ep_len_mean          | 1.21e+04   |
|    ep_rew_mean          | 1.58e+04   |
| time/                   |            |
|    fps                  | 323        |
|    iterations           | 46         |
|    time_elapsed         | 72         |
|    total_timesteps      | 23552      |
| train/                  |            |
|    approx_kl            | 0.00578501 |
|    clip_fraction        | 0.023      |
|    clip_range           | 0.2        |
|    entropy_loss         | -4.13      |
|    explained_variance   | 0          |
|    learning_rate        | 0.0003     |
|    loss                 | 0.163      |
|    n_updates            | 225        |
|    policy_gradient_loss | -0.00225   |
|    std                  | 0.961      |
|    value_loss           | 2.46       |
----------------------------------------
------------------------------------------
| rollout/                |              |
|    ep_len_mean          | 1.21e+04     |
|    ep_rew_mean          | 1.58e+04     |
| time/                   |              |
|    fps                  | 319          |
|    iterations           | 47           |
|    time_elapsed         | 75           |
|    total_timesteps      | 24064        |
| train/                  |              |
|    approx_kl            | 0.0038253663 |
|    clip_fraction        | 0.0605       |
|    clip_range           | 0.2          |
|    entropy_loss         | -4.13        |
|    explained_variance   | -1.19e-07    |
|    learning_rate        | 0.0003       |
|    loss                 | 131          |
|    n_updates            | 230          |
|    policy_gradient_loss | -0.0018      |
|    std                  | 0.955        |
|    value_loss           | 161          |
------------------------------------------
[DEBUG] step=1 RAW ACTION: [0.         0.09270006 0.02545632]
[DEBUG] step=2 RAW ACTION: [0. 0. 0.]
------------------------------------------
| rollout/                |              |
|    ep_len_mean          | 1.21e+04     |
|    ep_rew_mean          | 1.65e+04     |
| time/                   |              |
|    fps                  | 318          |
|    iterations           | 48           |
|    time_elapsed         | 77           |
|    total_timesteps      | 24576        |
| train/                  |              |
|    approx_kl            | 0.0068769557 |
|    clip_fraction        | 0.0453       |
|    clip_range           | 0.2          |
|    entropy_loss         | -4.12        |
|    explained_variance   | 0            |
|    learning_rate        | 0.0003       |
|    loss                 | 0.178        |
|    n_updates            | 235          |
|    policy_gradient_loss | 0.00123      |
|    std                  | 0.957        |
|    value_loss           | 1.55         |
------------------------------------------
[DEBUG] step=1 RAW ACTION: [0.3778167  0.85223067 0.        ]
[DEBUG] step=2 RAW ACTION: [0.37781683 0.85223067 0.        ]
Eval num_timesteps=25000, episode_reward=0.00 +/- 0.00
Episode length: 4031.00 +/- 0.00
-----------------------------------------
| eval/                   |             |
|    mean_ep_length       | 4.03e+03    |
|    mean_reward          | 0           |
| time/                   |             |
|    total_timesteps      | 25000       |
| train/                  |             |
|    approx_kl            | 0.013071286 |
|    clip_fraction        | 0.116       |
|    clip_range           | 0.2         |
|    entropy_loss         | -4.13       |
|    explained_variance   | 0           |
|    learning_rate        | 0.0003      |
|    loss                 | 9.45        |
|    n_updates            | 240         |
|    policy_gradient_loss | -0.00253    |
|    std                  | 0.957       |
|    value_loss           | 310         |
-----------------------------------------
---------------------------------
| rollout/           |          |
|    ep_len_mean     | 1.21e+04 |
|    ep_rew_mean     | 1.65e+04 |
| time/              |          |
|    fps             | 301      |
|    iterations      | 49       |
|    time_elapsed    | 83       |
|    total_timesteps | 25088    |
---------------------------------
-----------------------------------------
| rollout/                |             |
|    ep_len_mean          | 1.21e+04    |
|    ep_rew_mean          | 1.65e+04    |
| time/                   |             |
|    fps                  | 298         |
|    iterations           | 50          |
|    time_elapsed         | 85          |
|    total_timesteps      | 25600       |
| train/                  |             |
|    approx_kl            | 0.004122421 |
|    clip_fraction        | 0.0496      |
|    clip_range           | 0.2         |
|    entropy_loss         | -4.12       |
|    explained_variance   | 1.19e-07    |
|    learning_rate        | 0.0003      |
|    loss                 | 5.7         |
|    n_updates            | 245         |
|    policy_gradient_loss | -0.00218    |
|    std                  | 0.958       |
|    value_loss           | 5.5         |
-----------------------------------------
------------------------------------------
| rollout/                |              |
|    ep_len_mean          | 1.21e+04     |
|    ep_rew_mean          | 1.65e+04     |
| time/                   |              |
|    fps                  | 293          |
|    iterations           | 51           |
|    time_elapsed         | 89           |
|    total_timesteps      | 26112        |
| train/                  |              |
|    approx_kl            | 0.0046198163 |
|    clip_fraction        | 0.0594       |
|    clip_range           | 0.2          |
|    entropy_loss         | -4.13        |
|    explained_variance   | 0            |
|    learning_rate        | 0.0003       |
|    loss                 | 0.0765       |
|    n_updates            | 250          |
|    policy_gradient_loss | -0.0026      |
|    std                  | 0.962        |
|    value_loss           | 1.09         |
------------------------------------------
-----------------------------------------
| rollout/                |             |
|    ep_len_mean          | 1.21e+04    |
|    ep_rew_mean          | 1.65e+04    |
| time/                   |             |
|    fps                  | 290         |
|    iterations           | 52          |
|    time_elapsed         | 91          |
|    total_timesteps      | 26624       |
| train/                  |             |
|    approx_kl            | 0.007309396 |
|    clip_fraction        | 0.0891      |
|    clip_range           | 0.2         |
|    entropy_loss         | -4.14       |
|    explained_variance   | 0           |
|    learning_rate        | 0.0003      |
|    loss                 | 1.45        |
|    n_updates            | 255         |
|    policy_gradient_loss | -0.00503    |
|    std                  | 0.964       |
|    value_loss           | 5.53        |
-----------------------------------------
-----------------------------------------
| rollout/                |             |
|    ep_len_mean          | 1.21e+04    |
|    ep_rew_mean          | 1.65e+04    |
| time/                   |             |
|    fps                  | 288         |
|    iterations           | 53          |
|    time_elapsed         | 93          |
|    total_timesteps      | 27136       |
| train/                  |             |
|    approx_kl            | 0.008679083 |
|    clip_fraction        | 0.0563      |
|    clip_range           | 0.2         |
|    entropy_loss         | -4.14       |
|    explained_variance   | 0           |
|    learning_rate        | 0.0003      |
|    loss                 | 0.075       |
|    n_updates            | 260         |
|    policy_gradient_loss | 0.00166     |
|    std                  | 0.962       |
|    value_loss           | 0.558       |
-----------------------------------------
-----------------------------------------
| rollout/                |             |
|    ep_len_mean          | 1.21e+04    |
|    ep_rew_mean          | 1.65e+04    |
| time/                   |             |
|    fps                  | 286         |
|    iterations           | 54          |
|    time_elapsed         | 96          |
|    total_timesteps      | 27648       |
| train/                  |             |
|    approx_kl            | 0.010445399 |
|    clip_fraction        | 0.115       |
|    clip_range           | 0.2         |
|    entropy_loss         | -4.15       |
|    explained_variance   | 0           |
|    learning_rate        | 0.0003      |
|    loss                 | 0.383       |
|    n_updates            | 265         |
|    policy_gradient_loss | -0.0049     |
|    std                  | 0.973       |
|    value_loss           | 0.511       |
-----------------------------------------
-----------------------------------------
| rollout/                |             |
|    ep_len_mean          | 1.21e+04    |
|    ep_rew_mean          | 1.65e+04    |
| time/                   |             |
|    fps                  | 284         |
|    iterations           | 55          |
|    time_elapsed         | 98          |
|    total_timesteps      | 28160       |
| train/                  |             |
|    approx_kl            | 0.004115483 |
|    clip_fraction        | 0.0465      |
|    clip_range           | 0.2         |
|    entropy_loss         | -4.17       |
|    explained_variance   | 0           |
|    learning_rate        | 0.0003      |
|    loss                 | 0.00768     |
|    n_updates            | 270         |
|    policy_gradient_loss | 0.00183     |
|    std                  | 0.969       |
|    value_loss           | 0.273       |
-----------------------------------------
-----------------------------------------
| rollout/                |             |
|    ep_len_mean          | 1.21e+04    |
|    ep_rew_mean          | 1.65e+04    |
| time/                   |             |
|    fps                  | 282         |
|    iterations           | 56          |
|    time_elapsed         | 101         |
|    total_timesteps      | 28672       |
| train/                  |             |
|    approx_kl            | 0.010849981 |
|    clip_fraction        | 0.102       |
|    clip_range           | 0.2         |
|    entropy_loss         | -4.17       |
|    explained_variance   | 0           |
|    learning_rate        | 0.0003      |
|    loss                 | 0.22        |
|    n_updates            | 275         |
|    policy_gradient_loss | -0.00372    |
|    std                  | 0.974       |
|    value_loss           | 2.2         |
-----------------------------------------
-----------------------------------------
| rollout/                |             |
|    ep_len_mean          | 1.21e+04    |
|    ep_rew_mean          | 1.65e+04    |
| time/                   |             |
|    fps                  | 279         |
|    iterations           | 57          |
|    time_elapsed         | 104         |
|    total_timesteps      | 29184       |
| train/                  |             |
|    approx_kl            | 0.011244434 |
|    clip_fraction        | 0.135       |
|    clip_range           | 0.2         |
|    entropy_loss         | -4.18       |
|    explained_variance   | 0           |
|    learning_rate        | 0.0003      |
|    loss                 | 0.0192      |
|    n_updates            | 280         |
|    policy_gradient_loss | -0.00609    |
|    std                  | 0.975       |
|    value_loss           | 0.132       |
-----------------------------------------
-----------------------------------------
| rollout/                |             |
|    ep_len_mean          | 1.21e+04    |
|    ep_rew_mean          | 1.65e+04    |
| time/                   |             |
|    fps                  | 275         |
|    iterations           | 58          |
|    time_elapsed         | 107         |
|    total_timesteps      | 29696       |
| train/                  |             |
|    approx_kl            | 0.008523354 |
|    clip_fraction        | 0.0898      |
|    clip_range           | 0.2         |
|    entropy_loss         | -4.18       |
|    explained_variance   | 1.19e-07    |
|    learning_rate        | 0.0003      |
|    loss                 | 0.071       |
|    n_updates            | 285         |
|    policy_gradient_loss | -0.00372    |
|    std                  | 0.975       |
|    value_loss           | 0.186       |
-----------------------------------------
[DEBUG] step=1 RAW ACTION: [0.28927407 1.1352088  0.        ]
[DEBUG] step=2 RAW ACTION: [0.2892741 1.1352087 0.       ]
Eval num_timesteps=30000, episode_reward=0.00 +/- 0.00
Episode length: 4031.00 +/- 0.00
-----------------------------------------
| eval/                   |             |
|    mean_ep_length       | 4.03e+03    |
|    mean_reward          | 0           |
| time/                   |             |
|    total_timesteps      | 30000       |
| train/                  |             |
|    approx_kl            | 0.011285492 |
|    clip_fraction        | 0.143       |
|    clip_range           | 0.2         |
|    entropy_loss         | -4.19       |
|    explained_variance   | 0           |
|    learning_rate        | 0.0003      |
|    loss                 | -0.0274     |
|    n_updates            | 290         |
|    policy_gradient_loss | -0.00617    |
|    std                  | 0.983       |
|    value_loss           | 0.181       |
-----------------------------------------
---------------------------------
| rollout/           |          |
|    ep_len_mean     | 1.21e+04 |
|    ep_rew_mean     | 1.65e+04 |
| time/              |          |
|    fps             | 266      |
|    iterations      | 59       |
|    time_elapsed    | 113      |
|    total_timesteps | 30208    |
---------------------------------
-----------------------------------------
| rollout/                |             |
|    ep_len_mean          | 1.21e+04    |
|    ep_rew_mean          | 1.65e+04    |
| time/                   |             |
|    fps                  | 266         |
|    iterations           | 60          |
|    time_elapsed         | 115         |
|    total_timesteps      | 30720       |
| train/                  |             |
|    approx_kl            | 0.011415321 |
|    clip_fraction        | 0.16        |
|    clip_range           | 0.2         |
|    entropy_loss         | -4.22       |
|    explained_variance   | 0           |
|    learning_rate        | 0.0003      |
|    loss                 | 0.00948     |
|    n_updates            | 295         |
|    policy_gradient_loss | -0.00493    |
|    std                  | 0.992       |
|    value_loss           | 0.269       |
-----------------------------------------
------------------------------------------
| rollout/                |              |
|    ep_len_mean          | 1.21e+04     |
|    ep_rew_mean          | 1.65e+04     |
| time/                   |              |
|    fps                  | 266          |
|    iterations           | 61           |
|    time_elapsed         | 117          |
|    total_timesteps      | 31232        |
| train/                  |              |
|    approx_kl            | 0.0045496407 |
|    clip_fraction        | 0.0535       |
|    clip_range           | 0.2          |
|    entropy_loss         | -4.24        |
|    explained_variance   | 0            |
|    learning_rate        | 0.0003       |
|    loss                 | -0.0228      |
|    n_updates            | 300          |
|    policy_gradient_loss | 0.00203      |
|    std                  | 0.999        |
|    value_loss           | 0.0166       |
------------------------------------------
-----------------------------------------
| rollout/                |             |
|    ep_len_mean          | 1.21e+04    |
|    ep_rew_mean          | 1.65e+04    |
| time/                   |             |
|    fps                  | 265         |
|    iterations           | 62          |
|    time_elapsed         | 119         |
|    total_timesteps      | 31744       |
| train/                  |             |
|    approx_kl            | 0.009229872 |
|    clip_fraction        | 0.113       |
|    clip_range           | 0.2         |
|    entropy_loss         | -4.25       |
|    explained_variance   | 1.19e-07    |
|    learning_rate        | 0.0003      |
|    loss                 | 1.01        |
|    n_updates            | 305         |
|    policy_gradient_loss | -0.00512    |
|    std                  | 0.996       |
|    value_loss           | 4.98        |
-----------------------------------------
------------------------------------------
| rollout/                |              |
|    ep_len_mean          | 1.21e+04     |
|    ep_rew_mean          | 1.65e+04     |
| time/                   |              |
|    fps                  | 265          |
|    iterations           | 63           |
|    time_elapsed         | 121          |
|    total_timesteps      | 32256        |
| train/                  |              |
|    approx_kl            | 0.0067618825 |
|    clip_fraction        | 0.068        |
|    clip_range           | 0.2          |
|    entropy_loss         | -4.25        |
|    explained_variance   | 0            |
|    learning_rate        | 0.0003       |
|    loss                 | 0.27         |
|    n_updates            | 310          |
|    policy_gradient_loss | -0.000357    |
|    std                  | 0.999        |
|    value_loss           | 0.347        |
------------------------------------------
------------------------------------------
| rollout/                |              |
|    ep_len_mean          | 1.21e+04     |
|    ep_rew_mean          | 1.65e+04     |
| time/                   |              |
|    fps                  | 264          |
|    iterations           | 64           |
|    time_elapsed         | 123          |
|    total_timesteps      | 32768        |
| train/                  |              |
|    approx_kl            | 0.0082528405 |
|    clip_fraction        | 0.111        |
|    clip_range           | 0.2          |
|    entropy_loss         | -4.26        |
|    explained_variance   | 0            |
|    learning_rate        | 0.0003       |
|    loss                 | -0.0123      |
|    n_updates            | 315          |
|    policy_gradient_loss | -0.00543     |
|    std                  | 1.01         |
|    value_loss           | 0.0142       |
------------------------------------------
------------------------------------------
| rollout/                |              |
|    ep_len_mean          | 1.21e+04     |
|    ep_rew_mean          | 1.65e+04     |
| time/                   |              |
|    fps                  | 264          |
|    iterations           | 65           |
|    time_elapsed         | 125          |
|    total_timesteps      | 33280        |
| train/                  |              |
|    approx_kl            | 0.0059670284 |
|    clip_fraction        | 0.0391       |
|    clip_range           | 0.2          |
|    entropy_loss         | -4.28        |
|    explained_variance   | 0            |
|    learning_rate        | 0.0003       |
|    loss                 | 0.241        |
|    n_updates            | 320          |
|    policy_gradient_loss | 0.000545     |
|    std                  | 1.01         |
|    value_loss           | 0.158        |
------------------------------------------
-----------------------------------------
| rollout/                |             |
|    ep_len_mean          | 1.21e+04    |
|    ep_rew_mean          | 1.65e+04    |
| time/                   |             |
|    fps                  | 264         |
|    iterations           | 66          |
|    time_elapsed         | 127         |
|    total_timesteps      | 33792       |
| train/                  |             |
|    approx_kl            | 0.012244016 |
|    clip_fraction        | 0.154       |
|    clip_range           | 0.2         |
|    entropy_loss         | -4.28       |
|    explained_variance   | 0           |
|    learning_rate        | 0.0003      |
|    loss                 | 0.781       |
|    n_updates            | 325         |
|    policy_gradient_loss | -0.00102    |
|    std                  | 1.01        |
|    value_loss           | 1.13        |
-----------------------------------------
-----------------------------------------
| rollout/                |             |
|    ep_len_mean          | 1.21e+04    |
|    ep_rew_mean          | 1.65e+04    |
| time/                   |             |
|    fps                  | 263         |
|    iterations           | 67          |
|    time_elapsed         | 130         |
|    total_timesteps      | 34304       |
| train/                  |             |
|    approx_kl            | 0.005635609 |
|    clip_fraction        | 0.0414      |
|    clip_range           | 0.2         |
|    entropy_loss         | -4.28       |
|    explained_variance   | 0           |
|    learning_rate        | 0.0003      |
|    loss                 | 0.86        |
|    n_updates            | 330         |
|    policy_gradient_loss | -0.00197    |
|    std                  | 1.01        |
|    value_loss           | 1.3         |
-----------------------------------------
-----------------------------------------
| rollout/                |             |
|    ep_len_mean          | 1.21e+04    |
|    ep_rew_mean          | 1.65e+04    |
| time/                   |             |
|    fps                  | 263         |
|    iterations           | 68          |
|    time_elapsed         | 132         |
|    total_timesteps      | 34816       |
| train/                  |             |
|    approx_kl            | 0.008457735 |
|    clip_fraction        | 0.0773      |
|    clip_range           | 0.2         |
|    entropy_loss         | -4.3        |
|    explained_variance   | -1.19e-07   |
|    learning_rate        | 0.0003      |
|    loss                 | -0.0136     |
|    n_updates            | 335         |
|    policy_gradient_loss | -0.000841   |
|    std                  | 1.02        |
|    value_loss           | 0.312       |
-----------------------------------------
[DEBUG] step=1 RAW ACTION: [0.2436386 1.2413651 0.       ]
[DEBUG] step=2 RAW ACTION: [0.2436386 1.241365  0.       ]
Eval num_timesteps=35000, episode_reward=0.00 +/- 0.00
Episode length: 4031.00 +/- 0.00
-----------------------------------------
| eval/                   |             |
|    mean_ep_length       | 4.03e+03    |
|    mean_reward          | 0           |
| time/                   |             |
|    total_timesteps      | 35000       |
| train/                  |             |
|    approx_kl            | 0.007850356 |
|    clip_fraction        | 0.0449      |
|    clip_range           | 0.2         |
|    entropy_loss         | -4.32       |
|    explained_variance   | 0           |
|    learning_rate        | 0.0003      |
|    loss                 | 1.2         |
|    n_updates            | 340         |
|    policy_gradient_loss | -0.003      |
|    std                  | 1.02        |
|    value_loss           | 6.85        |
-----------------------------------------
---------------------------------
| rollout/           |          |
|    ep_len_mean     | 1.21e+04 |
|    ep_rew_mean     | 1.65e+04 |
| time/              |          |
|    fps             | 256      |
|    iterations      | 69       |
|    time_elapsed    | 137      |
|    total_timesteps | 35328    |
---------------------------------
-----------------------------------------
| rollout/                |             |
|    ep_len_mean          | 1.21e+04    |
|    ep_rew_mean          | 1.65e+04    |
| time/                   |             |
|    fps                  | 255         |
|    iterations           | 70          |
|    time_elapsed         | 140         |
|    total_timesteps      | 35840       |
| train/                  |             |
|    approx_kl            | 0.006809783 |
|    clip_fraction        | 0.0648      |
|    clip_range           | 0.2         |
|    entropy_loss         | -4.32       |
|    explained_variance   | 0           |
|    learning_rate        | 0.0003      |
|    loss                 | 2.29        |
|    n_updates            | 345         |
|    policy_gradient_loss | -0.00109    |
|    std                  | 1.02        |
|    value_loss           | 1.45        |
-----------------------------------------
[DEBUG] step=1 RAW ACTION: [1.1072793 2.        0.       ]
[DEBUG] step=2 RAW ACTION: [0.60623395 1.6199608  0.        ]
-----------------------------------------
| rollout/                |             |
|    ep_len_mean          | 1.21e+04    |
|    ep_rew_mean          | 1.69e+04    |
| time/                   |             |
|    fps                  | 253         |
|    iterations           | 71          |
|    time_elapsed         | 143         |
|    total_timesteps      | 36352       |
| train/                  |             |
|    approx_kl            | 0.004374954 |
|    clip_fraction        | 0.0199      |
|    clip_range           | 0.2         |
|    entropy_loss         | -4.32       |
|    explained_variance   | 0           |
|    learning_rate        | 0.0003      |
|    loss                 | 24.7        |
|    n_updates            | 350         |
|    policy_gradient_loss | 0.00144     |
|    std                  | 1.02        |
|    value_loss           | 160         |
-----------------------------------------
------------------------------------------
| rollout/                |              |
|    ep_len_mean          | 1.21e+04     |
|    ep_rew_mean          | 1.69e+04     |
| time/                   |              |
|    fps                  | 254          |
|    iterations           | 72           |
|    time_elapsed         | 145          |
|    total_timesteps      | 36864        |
| train/                  |              |
|    approx_kl            | 0.0084543545 |
|    clip_fraction        | 0.052        |
|    clip_range           | 0.2          |
|    entropy_loss         | -4.32        |
|    explained_variance   | 0            |
|    learning_rate        | 0.0003       |
|    loss                 | 24.7         |
|    n_updates            | 355          |
|    policy_gradient_loss | -0.00289     |
|    std                  | 1.02         |
|    value_loss           | 348          |
------------------------------------------
-----------------------------------------
| rollout/                |             |
|    ep_len_mean          | 1.21e+04    |
|    ep_rew_mean          | 1.69e+04    |
| time/                   |             |
|    fps                  | 253         |
|    iterations           | 73          |
|    time_elapsed         | 147         |
|    total_timesteps      | 37376       |
| train/                  |             |
|    approx_kl            | 0.007846065 |
|    clip_fraction        | 0.1         |
|    clip_range           | 0.2         |
|    entropy_loss         | -4.33       |
|    explained_variance   | 1.19e-07    |
|    learning_rate        | 0.0003      |
|    loss                 | -0.0381     |
|    n_updates            | 360         |
|    policy_gradient_loss | -0.0016     |
|    std                  | 1.03        |
|    value_loss           | 0.173       |
-----------------------------------------
-----------------------------------------
| rollout/                |             |
|    ep_len_mean          | 1.21e+04    |
|    ep_rew_mean          | 1.69e+04    |
| time/                   |             |
|    fps                  | 252         |
|    iterations           | 74          |
|    time_elapsed         | 149         |
|    total_timesteps      | 37888       |
| train/                  |             |
|    approx_kl            | 0.009046497 |
|    clip_fraction        | 0.144       |
|    clip_range           | 0.2         |
|    entropy_loss         | -4.35       |
|    explained_variance   | 5.96e-08    |
|    learning_rate        | 0.0003      |
|    loss                 | -0.0072     |
|    n_updates            | 365         |
|    policy_gradient_loss | -0.00114    |
|    std                  | 1.04        |
|    value_loss           | 0.1         |
-----------------------------------------
------------------------------------------
| rollout/                |              |
|    ep_len_mean          | 1.21e+04     |
|    ep_rew_mean          | 1.69e+04     |
| time/                   |              |
|    fps                  | 251          |
|    iterations           | 75           |
|    time_elapsed         | 152          |
|    total_timesteps      | 38400        |
| train/                  |              |
|    approx_kl            | 0.0027381843 |
|    clip_fraction        | 0.0617       |
|    clip_range           | 0.2          |
|    entropy_loss         | -4.36        |
|    explained_variance   | 0            |
|    learning_rate        | 0.0003       |
|    loss                 | 2.29         |
|    n_updates            | 370          |
|    policy_gradient_loss | -0.00173     |
|    std                  | 1.04         |
|    value_loss           | 4.42         |
------------------------------------------
------------------------------------------
| rollout/                |              |
|    ep_len_mean          | 1.21e+04     |
|    ep_rew_mean          | 1.69e+04     |
| time/                   |              |
|    fps                  | 250          |
|    iterations           | 76           |
|    time_elapsed         | 155          |
|    total_timesteps      | 38912        |
| train/                  |              |
|    approx_kl            | 0.0061157765 |
|    clip_fraction        | 0.0703       |
|    clip_range           | 0.2          |
|    entropy_loss         | -4.36        |
|    explained_variance   | -2.38e-07    |
|    learning_rate        | 0.0003       |
|    loss                 | -0.0463      |
|    n_updates            | 375          |
|    policy_gradient_loss | -0.00276     |
|    std                  | 1.04         |
|    value_loss           | 0.0809       |
------------------------------------------
------------------------------------------
| rollout/                |              |
|    ep_len_mean          | 1.21e+04     |
|    ep_rew_mean          | 1.69e+04     |
| time/                   |              |
|    fps                  | 249          |
|    iterations           | 77           |
|    time_elapsed         | 158          |
|    total_timesteps      | 39424        |
| train/                  |              |
|    approx_kl            | 0.0057900418 |
|    clip_fraction        | 0.0746       |
|    clip_range           | 0.2          |
|    entropy_loss         | -4.37        |
|    explained_variance   | 0            |
|    learning_rate        | 0.0003       |
|    loss                 | 0.043        |
|    n_updates            | 380          |
|    policy_gradient_loss | -0.00194     |
|    std                  | 1.04         |
|    value_loss           | 0.0684       |
------------------------------------------
-----------------------------------------
| rollout/                |             |
|    ep_len_mean          | 1.21e+04    |
|    ep_rew_mean          | 1.69e+04    |
| time/                   |             |
|    fps                  | 248         |
|    iterations           | 78          |
|    time_elapsed         | 161         |
|    total_timesteps      | 39936       |
| train/                  |             |
|    approx_kl            | 0.012536323 |
|    clip_fraction        | 0.107       |
|    clip_range           | 0.2         |
|    entropy_loss         | -4.37       |
|    explained_variance   | 0           |
|    learning_rate        | 0.0003      |
|    loss                 | -0.0163     |
|    n_updates            | 385         |
|    policy_gradient_loss | -0.00327    |
|    std                  | 1.04        |
|    value_loss           | 0.06        |
-----------------------------------------
[DEBUG] step=1 RAW ACTION: [0.33172864 1.2653241  0.        ]
[DEBUG] step=2 RAW ACTION: [0.33172864 1.2653241  0.        ]
Eval num_timesteps=40000, episode_reward=0.00 +/- 0.00
Episode length: 4031.00 +/- 0.00
------------------------------------------
| eval/                   |              |
|    mean_ep_length       | 4.03e+03     |
|    mean_reward          | 0            |
| time/                   |              |
|    total_timesteps      | 40000        |
| train/                  |              |
|    approx_kl            | 0.0050229803 |
|    clip_fraction        | 0.0648       |
|    clip_range           | 0.2          |
|    entropy_loss         | -4.39        |
|    explained_variance   | 1.19e-07     |
|    learning_rate        | 0.0003       |
|    loss                 | 0.45         |
|    n_updates            | 390          |
|    policy_gradient_loss | -0.00322     |
|    std                  | 1.05         |
|    value_loss           | 0.173        |
------------------------------------------
---------------------------------
| rollout/           |          |
|    ep_len_mean     | 1.21e+04 |
|    ep_rew_mean     | 1.69e+04 |
| time/              |          |
|    fps             | 242      |
|    iterations      | 79       |
|    time_elapsed    | 166      |
|    total_timesteps | 40448    |
---------------------------------
------------------------------------------
| rollout/                |              |
|    ep_len_mean          | 1.21e+04     |
|    ep_rew_mean          | 1.69e+04     |
| time/                   |              |
|    fps                  | 242          |
|    iterations           | 80           |
|    time_elapsed         | 168          |
|    total_timesteps      | 40960        |
| train/                  |              |
|    approx_kl            | 0.0058561126 |
|    clip_fraction        | 0.0219       |
|    clip_range           | 0.2          |
|    entropy_loss         | -4.4         |
|    explained_variance   | -1.19e-07    |
|    learning_rate        | 0.0003       |
|    loss                 | 2.77         |
|    n_updates            | 395          |
|    policy_gradient_loss | 6.5e-05      |
|    std                  | 1.05         |
|    value_loss           | 177          |
------------------------------------------
------------------------------------------
| rollout/                |              |
|    ep_len_mean          | 1.21e+04     |
|    ep_rew_mean          | 1.69e+04     |
| time/                   |              |
|    fps                  | 243          |
|    iterations           | 81           |
|    time_elapsed         | 170          |
|    total_timesteps      | 41472        |
| train/                  |              |
|    approx_kl            | 0.0066149337 |
|    clip_fraction        | 0.0559       |
|    clip_range           | 0.2          |
|    entropy_loss         | -4.4         |
|    explained_variance   | -1.19e-07    |
|    learning_rate        | 0.0003       |
|    loss                 | 0.299        |
|    n_updates            | 400          |
|    policy_gradient_loss | -0.00162     |
|    std                  | 1.05         |
|    value_loss           | 0.331        |
------------------------------------------
-----------------------------------------
| rollout/                |             |
|    ep_len_mean          | 1.21e+04    |
|    ep_rew_mean          | 1.69e+04    |
| time/                   |             |
|    fps                  | 245         |
|    iterations           | 82          |
|    time_elapsed         | 171         |
|    total_timesteps      | 41984       |
| train/                  |             |
|    approx_kl            | 0.009028739 |
|    clip_fraction        | 0.103       |
|    clip_range           | 0.2         |
|    entropy_loss         | -4.4        |
|    explained_variance   | 0           |
|    learning_rate        | 0.0003      |
|    loss                 | 6.08        |
|    n_updates            | 405         |
|    policy_gradient_loss | -0.00656    |
|    std                  | 1.05        |
|    value_loss           | 5.24        |
-----------------------------------------
------------------------------------------
| rollout/                |              |
|    ep_len_mean          | 1.21e+04     |
|    ep_rew_mean          | 1.69e+04     |
| time/                   |              |
|    fps                  | 246          |
|    iterations           | 83           |
|    time_elapsed         | 172          |
|    total_timesteps      | 42496        |
| train/                  |              |
|    approx_kl            | 0.0049258955 |
|    clip_fraction        | 0.0543       |
|    clip_range           | 0.2          |
|    entropy_loss         | -4.43        |
|    explained_variance   | 0            |
|    learning_rate        | 0.0003       |
|    loss                 | 0.183        |
|    n_updates            | 410          |
|    policy_gradient_loss | -0.00236     |
|    std                  | 1.06         |
|    value_loss           | 0.385        |
------------------------------------------
------------------------------------------
| rollout/                |              |
|    ep_len_mean          | 1.21e+04     |
|    ep_rew_mean          | 1.69e+04     |
| time/                   |              |
|    fps                  | 248          |
|    iterations           | 84           |
|    time_elapsed         | 172          |
|    total_timesteps      | 43008        |
| train/                  |              |
|    approx_kl            | 0.0071061216 |
|    clip_fraction        | 0.0953       |
|    clip_range           | 0.2          |
|    entropy_loss         | -4.45        |
|    explained_variance   | -1.19e-07    |
|    learning_rate        | 0.0003       |
|    loss                 | 1.19         |
|    n_updates            | 415          |
|    policy_gradient_loss | -0.0035      |
|    std                  | 1.07         |
|    value_loss           | 1.51         |
------------------------------------------
-----------------------------------------
| rollout/                |             |
|    ep_len_mean          | 1.21e+04    |
|    ep_rew_mean          | 1.69e+04    |
| time/                   |             |
|    fps                  | 250         |
|    iterations           | 85          |
|    time_elapsed         | 173         |
|    total_timesteps      | 43520       |
| train/                  |             |
|    approx_kl            | 0.011041904 |
|    clip_fraction        | 0.13        |
|    clip_range           | 0.2         |
|    entropy_loss         | -4.46       |
|    explained_variance   | 0           |
|    learning_rate        | 0.0003      |
|    loss                 | 0.978       |
|    n_updates            | 420         |
|    policy_gradient_loss | -0.00915    |
|    std                  | 1.07        |
|    value_loss           | 2.36        |
-----------------------------------------
-----------------------------------------
| rollout/                |             |
|    ep_len_mean          | 1.21e+04    |
|    ep_rew_mean          | 1.69e+04    |
| time/                   |             |
|    fps                  | 252         |
|    iterations           | 86          |
|    time_elapsed         | 174         |
|    total_timesteps      | 44032       |
| train/                  |             |
|    approx_kl            | 0.010213408 |
|    clip_fraction        | 0.105       |
|    clip_range           | 0.2         |
|    entropy_loss         | -4.48       |
|    explained_variance   | -1.19e-07   |
|    learning_rate        | 0.0003      |
|    loss                 | 1.33        |
|    n_updates            | 425         |
|    policy_gradient_loss | -0.00669    |
|    std                  | 1.08        |
|    value_loss           | 3.81        |
-----------------------------------------
-----------------------------------------
| rollout/                |             |
|    ep_len_mean          | 1.21e+04    |
|    ep_rew_mean          | 1.69e+04    |
| time/                   |             |
|    fps                  | 254         |
|    iterations           | 87          |
|    time_elapsed         | 175         |
|    total_timesteps      | 44544       |
| train/                  |             |
|    approx_kl            | 0.009225561 |
|    clip_fraction        | 0.138       |
|    clip_range           | 0.2         |
|    entropy_loss         | -4.5        |
|    explained_variance   | -1.19e-07   |
|    learning_rate        | 0.0003      |
|    loss                 | 0.0399      |
|    n_updates            | 430         |
|    policy_gradient_loss | -0.00612    |
|    std                  | 1.09        |
|    value_loss           | 0.0537      |
-----------------------------------------
[DEBUG] step=1 RAW ACTION: [0.38883674 1.402406   0.        ]
[DEBUG] step=2 RAW ACTION: [0.38883674 1.4024059  0.        ]
Eval num_timesteps=45000, episode_reward=0.00 +/- 0.00
Episode length: 4031.00 +/- 0.00
-----------------------------------------
| eval/                   |             |
|    mean_ep_length       | 4.03e+03    |
|    mean_reward          | 0           |
| time/                   |             |
|    total_timesteps      | 45000       |
| train/                  |             |
|    approx_kl            | 0.007482778 |
|    clip_fraction        | 0.104       |
|    clip_range           | 0.2         |
|    entropy_loss         | -4.51       |
|    explained_variance   | 1.19e-07    |
|    learning_rate        | 0.0003      |
|    loss                 | 1.26        |
|    n_updates            | 435         |
|    policy_gradient_loss | -0.00777    |
|    std                  | 1.09        |
|    value_loss           | 2.42        |
-----------------------------------------
---------------------------------
| rollout/           |          |
|    ep_len_mean     | 1.21e+04 |
|    ep_rew_mean     | 1.69e+04 |
| time/              |          |
|    fps             | 254      |
|    iterations      | 88       |
|    time_elapsed    | 176      |
|    total_timesteps | 45056    |
---------------------------------
------------------------------------------
| rollout/                |              |
|    ep_len_mean          | 1.21e+04     |
|    ep_rew_mean          | 1.69e+04     |
| time/                   |              |
|    fps                  | 256          |
|    iterations           | 89           |
|    time_elapsed         | 177          |
|    total_timesteps      | 45568        |
| train/                  |              |
|    approx_kl            | 0.0126829315 |
|    clip_fraction        | 0.082        |
|    clip_range           | 0.2          |
|    entropy_loss         | -4.51        |
|    explained_variance   | 1.19e-07     |
|    learning_rate        | 0.0003       |
|    loss                 | 0.0392       |
|    n_updates            | 440          |
|    policy_gradient_loss | -0.000883    |
|    std                  | 1.09         |
|    value_loss           | 0.0547       |
------------------------------------------
-----------------------------------------
| rollout/                |             |
|    ep_len_mean          | 1.21e+04    |
|    ep_rew_mean          | 1.69e+04    |
| time/                   |             |
|    fps                  | 257         |
|    iterations           | 90          |
|    time_elapsed         | 178         |
|    total_timesteps      | 46080       |
| train/                  |             |
|    approx_kl            | 0.007872045 |
|    clip_fraction        | 0.107       |
|    clip_range           | 0.2         |
|    entropy_loss         | -4.52       |
|    explained_variance   | 0           |
|    learning_rate        | 0.0003      |
|    loss                 | 3.37        |
|    n_updates            | 445         |
|    policy_gradient_loss | -0.00583    |
|    std                  | 1.1         |
|    value_loss           | 4.7         |
-----------------------------------------
-----------------------------------------
| rollout/                |             |
|    ep_len_mean          | 1.21e+04    |
|    ep_rew_mean          | 1.69e+04    |
| time/                   |             |
|    fps                  | 259         |
|    iterations           | 91          |
|    time_elapsed         | 179         |
|    total_timesteps      | 46592       |
| train/                  |             |
|    approx_kl            | 0.012067391 |
|    clip_fraction        | 0.1         |
|    clip_range           | 0.2         |
|    entropy_loss         | -4.53       |
|    explained_variance   | 0           |
|    learning_rate        | 0.0003      |
|    loss                 | 0.192       |
|    n_updates            | 450         |
|    policy_gradient_loss | -0.00513    |
|    std                  | 1.1         |
|    value_loss           | 0.0753      |
-----------------------------------------
-----------------------------------------
| rollout/                |             |
|    ep_len_mean          | 1.21e+04    |
|    ep_rew_mean          | 1.69e+04    |
| time/                   |             |
|    fps                  | 261         |
|    iterations           | 92          |
|    time_elapsed         | 179         |
|    total_timesteps      | 47104       |
| train/                  |             |
|    approx_kl            | 0.004203726 |
|    clip_fraction        | 0.0457      |
|    clip_range           | 0.2         |
|    entropy_loss         | -4.55       |
|    explained_variance   | 1.19e-07    |
|    learning_rate        | 0.0003      |
|    loss                 | 0.0253      |
|    n_updates            | 455         |
|    policy_gradient_loss | -0.00281    |
|    std                  | 1.11        |
|    value_loss           | 1.21        |
-----------------------------------------
-----------------------------------------
| rollout/                |             |
|    ep_len_mean          | 1.21e+04    |
|    ep_rew_mean          | 1.69e+04    |
| time/                   |             |
|    fps                  | 263         |
|    iterations           | 93          |
|    time_elapsed         | 180         |
|    total_timesteps      | 47616       |
| train/                  |             |
|    approx_kl            | 0.008997901 |
|    clip_fraction        | 0.093       |
|    clip_range           | 0.2         |
|    entropy_loss         | -4.56       |
|    explained_variance   | 1.19e-07    |
|    learning_rate        | 0.0003      |
|    loss                 | 0.0916      |
|    n_updates            | 460         |
|    policy_gradient_loss | -0.00339    |
|    std                  | 1.11        |
|    value_loss           | 0.654       |
-----------------------------------------
-----------------------------------------
| rollout/                |             |
|    ep_len_mean          | 1.21e+04    |
|    ep_rew_mean          | 1.69e+04    |
| time/                   |             |
|    fps                  | 264         |
|    iterations           | 94          |
|    time_elapsed         | 181         |
|    total_timesteps      | 48128       |
| train/                  |             |
|    approx_kl            | 0.010130681 |
|    clip_fraction        | 0.159       |
|    clip_range           | 0.2         |
|    entropy_loss         | -4.58       |
|    explained_variance   | -1.19e-07   |
|    learning_rate        | 0.0003      |
|    loss                 | 0.294       |
|    n_updates            | 465         |
|    policy_gradient_loss | -0.0103     |
|    std                  | 1.12        |
|    value_loss           | 0.827       |
-----------------------------------------
[DEBUG] step=1 RAW ACTION: [2.         2.         0.52555555]
[DEBUG] step=2 RAW ACTION: [0.729612   0.82986546 0.        ]
------------------------------------------
| rollout/                |              |
|    ep_len_mean          | 1.21e+04     |
|    ep_rew_mean          | 1.71e+04     |
| time/                   |              |
|    fps                  | 266          |
|    iterations           | 95           |
|    time_elapsed         | 182          |
|    total_timesteps      | 48640        |
| train/                  |              |
|    approx_kl            | 0.0042936774 |
|    clip_fraction        | 0.0141       |
|    clip_range           | 0.2          |
|    entropy_loss         | -4.61        |
|    explained_variance   | 5.96e-08     |
|    learning_rate        | 0.0003       |
|    loss                 | 3.37         |
|    n_updates            | 470          |
|    policy_gradient_loss | -0.000235    |
|    std                  | 1.13         |
|    value_loss           | 1.99         |
------------------------------------------
------------------------------------------
| rollout/                |              |
|    ep_len_mean          | 1.21e+04     |
|    ep_rew_mean          | 1.71e+04     |
| time/                   |              |
|    fps                  | 267          |
|    iterations           | 96           |
|    time_elapsed         | 183          |
|    total_timesteps      | 49152        |
| train/                  |              |
|    approx_kl            | 0.0047382996 |
|    clip_fraction        | 0.00781      |
|    clip_range           | 0.2          |
|    entropy_loss         | -4.63        |
|    explained_variance   | 0            |
|    learning_rate        | 0.0003       |
|    loss                 | 165          |
|    n_updates            | 475          |
|    policy_gradient_loss | -0.00164     |
|    std                  | 1.13         |
|    value_loss           | 353          |
------------------------------------------
-----------------------------------------
| rollout/                |             |
|    ep_len_mean          | 1.21e+04    |
|    ep_rew_mean          | 1.71e+04    |
| time/                   |             |
|    fps                  | 268         |
|    iterations           | 97          |
|    time_elapsed         | 184         |
|    total_timesteps      | 49664       |
| train/                  |             |
|    approx_kl            | 0.011647262 |
|    clip_fraction        | 0.098       |
|    clip_range           | 0.2         |
|    entropy_loss         | -4.62       |
|    explained_variance   | 0           |
|    learning_rate        | 0.0003      |
|    loss                 | 0.0234      |
|    n_updates            | 480         |
|    policy_gradient_loss | -0.00701    |
|    std                  | 1.13        |
|    value_loss           | 0.839       |
-----------------------------------------
[DEBUG] step=1 RAW ACTION: [0.25069422 1.8281453  0.        ]
[DEBUG] step=2 RAW ACTION: [0.25069422 1.8281453  0.        ]
Eval num_timesteps=50000, episode_reward=0.00 +/- 0.00
Episode length: 4031.00 +/- 0.00
-----------------------------------------
| eval/                   |             |
|    mean_ep_length       | 4.03e+03    |
|    mean_reward          | 0           |
| time/                   |             |
|    total_timesteps      | 50000       |
| train/                  |             |
|    approx_kl            | 0.010365593 |
|    clip_fraction        | 0.0789      |
|    clip_range           | 0.2         |
|    entropy_loss         | -4.63       |
|    explained_variance   | 5.96e-08    |
|    learning_rate        | 0.0003      |
|    loss                 | -0.0487     |
|    n_updates            | 485         |
|    policy_gradient_loss | -0.00229    |
|    std                  | 1.14        |
|    value_loss           | 0.0498      |
-----------------------------------------
---------------------------------
| rollout/           |          |
|    ep_len_mean     | 1.21e+04 |
|    ep_rew_mean     | 1.71e+04 |
| time/              |          |
|    fps             | 268      |
|    iterations      | 98       |
|    time_elapsed    | 187      |
|    total_timesteps | 50176    |
---------------------------------
 100% ━━━━━━━━━━━━━━━━━━━━━━━━━━━━━━━━━━━━━━━━━━━━━━━━━━━━━━━━━━━━━━━━━━━━━━━━━━━━━━━━━━━━━━━━━━━━━━━━━━━━━━━━━━━━━ 50,176/50,000  [ 0:03:07 < 0:00:00 , 380 it/s ]
✓ Model saved to models/final_model

======================================================================
PHASE 2: Validation on val set
======================================================================

Evaluating...
[DEBUG] step=1 RAW ACTION: [0.3629025 1.8840879 0.       ]
[DEBUG] step=2 RAW ACTION: [0.3629025 1.8840879 0.       ]
  [DEV] No trades closed

Evaluation Results:
  Total Return: 0.00%
  Final Portfolio Value: $100.00
  Max Portfolio Value: $100.00
  Total Reward: 0.00
  Steps: 4031
  Trades: 0 | Win Rate: 0.0%
  Realized PnL: $0.00 | Unrealized: $0.00

======================================================================
PHASE 3: Testing on test set
======================================================================

Evaluating...
[DEBUG] step=1 RAW ACTION: [0.3629026 1.8840882 0.       ]
[DEBUG] step=2 RAW ACTION: [0.36290258 1.8840882  0.        ]
  [TEST] No trades closed

Evaluation Results:
  Total Return: 0.00%
  Final Portfolio Value: $100.00
  Max Portfolio Value: $100.00
  Total Reward: 0.00
  Steps: 4032
  Trades: 0 | Win Rate: 0.0%
  Realized PnL: $0.00 | Unrealized: $0.00

======================================================================
BACKTEST SUMMARY
======================================================================
Val Trades:    0 | WR:   0.0% | Return:   0.00%
Test Trades:   0 | WR:   0.0% | Return:   0.00%
======================================================================

