Loading 14 days of data...
✓ Loaded 60483 rows from 3 symbols

/home/konstantin/dev/crypto_rl/rl_trader.py:873: FutureWarning: The default of observed=False is deprecated and will be changed to True in a future version of pandas. Pass observed=False to retain current behavior or observed=True to adopt the future default and silence this warning.
  for symbol, group in data.groupby('symbol', sort=False):

======================================================================
                 3-WAY BACKTEST (Train / Val / Test)                  
======================================================================
Train:  36288 rows ( 3 symbols) 1768694340000000 → 1769420040000000
Val:    12096 rows ( 3 symbols) 1769420100000000 → 1769661960000000
Test:   12099 rows ( 3 symbols) 1769662020000000 → 1769903940000000
======================================================================

Train env: 36288 rows, 3 symbols
Eval env: 12096 rows, 3 symbols
PHASE 1: Training on train set with val monitoring...
Using cpu device
Wrapping the env with a `Monitor` wrapper
Wrapping the env in a DummyVecEnv.
Created new PPO model (device=cpu)
  Hyperparameters:
    learning_rate=0.0003, batch_size=16
    n_steps=512, n_epochs=5
    policy_arch=[256, 128, 64]

Training for 50000 timesteps...
[DEBUG] step=1 RAW ACTION: [0.         0.10307276 0.        ]
[DEBUG] step=2 RAW ACTION: [0.        0.1437724 0.1812112]
-----------------------------
| time/              |      |
|    fps             | 2400 |
|    iterations      | 1    |
|    time_elapsed    | 0    |
|    total_timesteps | 512  |
-----------------------------
------------------------------------------
| time/                   |              |
|    fps                  | 1090         |
|    iterations           | 2            |
|    time_elapsed         | 0            |
|    total_timesteps      | 1024         |
| train/                  |              |
|    approx_kl            | 0.0064498084 |
|    clip_fraction        | 0.0852       |
|    clip_range           | 0.2          |
|    entropy_loss         | -4.27        |
|    explained_variance   | -0.000397    |
|    learning_rate        | 0.0003       |
|    loss                 | 1.05e+03     |
|    n_updates            | 5            |
|    policy_gradient_loss | -0.0122      |
|    std                  | 1.01         |
|    value_loss           | 2.28e+03     |
------------------------------------------
------------------------------------------
| time/                   |              |
|    fps                  | 845          |
|    iterations           | 3            |
|    time_elapsed         | 1            |
|    total_timesteps      | 1536         |
| train/                  |              |
|    approx_kl            | 0.0068761148 |
|    clip_fraction        | 0.0984       |
|    clip_range           | 0.2          |
|    entropy_loss         | -4.28        |
|    explained_variance   | 1.79e-07     |
|    learning_rate        | 0.0003       |
|    loss                 | 1.88e+03     |
|    n_updates            | 10           |
|    policy_gradient_loss | -0.0138      |
|    std                  | 1.01         |
|    value_loss           | 3.14e+03     |
------------------------------------------
------------------------------------------
| time/                   |              |
|    fps                  | 760          |
|    iterations           | 4            |
|    time_elapsed         | 2            |
|    total_timesteps      | 2048         |
| train/                  |              |
|    approx_kl            | 0.0102892965 |
|    clip_fraction        | 0.131        |
|    clip_range           | 0.2          |
|    entropy_loss         | -4.3         |
|    explained_variance   | 4.17e-07     |
|    learning_rate        | 0.0003       |
|    loss                 | 1.09e+03     |
|    n_updates            | 15           |
|    policy_gradient_loss | -0.0143      |
|    std                  | 1.02         |
|    value_loss           | 2.01e+03     |
------------------------------------------
----------------------------------------
| time/                   |            |
|    fps                  | 795        |
|    iterations           | 5          |
|    time_elapsed         | 3          |
|    total_timesteps      | 2560       |
| train/                  |            |
|    approx_kl            | 0.01773338 |
|    clip_fraction        | 0.264      |
|    clip_range           | 0.2        |
|    entropy_loss         | -4.32      |
|    explained_variance   | -1.19e-07  |
|    learning_rate        | 0.0003     |
|    loss                 | 592        |
|    n_updates            | 20         |
|    policy_gradient_loss | -0.0306    |
|    std                  | 1.03       |
|    value_loss           | 1.16e+03   |
----------------------------------------
-----------------------------------------
| time/                   |             |
|    fps                  | 734         |
|    iterations           | 6           |
|    time_elapsed         | 4           |
|    total_timesteps      | 3072        |
| train/                  |             |
|    approx_kl            | 0.018759243 |
|    clip_fraction        | 0.261       |
|    clip_range           | 0.2         |
|    entropy_loss         | -4.35       |
|    explained_variance   | 1.79e-07    |
|    learning_rate        | 0.0003      |
|    loss                 | 384         |
|    n_updates            | 25          |
|    policy_gradient_loss | -0.0257     |
|    std                  | 1.04        |
|    value_loss           | 868         |
-----------------------------------------
-----------------------------------------
| time/                   |             |
|    fps                  | 746         |
|    iterations           | 7           |
|    time_elapsed         | 4           |
|    total_timesteps      | 3584        |
| train/                  |             |
|    approx_kl            | 0.014958976 |
|    clip_fraction        | 0.417       |
|    clip_range           | 0.2         |
|    entropy_loss         | -4.39       |
|    explained_variance   | 0           |
|    learning_rate        | 0.0003      |
|    loss                 | 130         |
|    n_updates            | 30          |
|    policy_gradient_loss | -0.0168     |
|    std                  | 1.05        |
|    value_loss           | 319         |
-----------------------------------------
-----------------------------------------
| time/                   |             |
|    fps                  | 738         |
|    iterations           | 8           |
|    time_elapsed         | 5           |
|    total_timesteps      | 4096        |
| train/                  |             |
|    approx_kl            | 0.019516252 |
|    clip_fraction        | 0.243       |
|    clip_range           | 0.2         |
|    entropy_loss         | -4.41       |
|    explained_variance   | 0           |
|    learning_rate        | 0.0003      |
|    loss                 | 289         |
|    n_updates            | 35          |
|    policy_gradient_loss | -0.03       |
|    std                  | 1.05        |
|    value_loss           | 808         |
-----------------------------------------
-----------------------------------------
| time/                   |             |
|    fps                  | 704         |
|    iterations           | 9           |
|    time_elapsed         | 6           |
|    total_timesteps      | 4608        |
| train/                  |             |
|    approx_kl            | 0.017822206 |
|    clip_fraction        | 0.133       |
|    clip_range           | 0.2         |
|    entropy_loss         | -4.4        |
|    explained_variance   | 1.19e-07    |
|    learning_rate        | 0.0003      |
|    loss                 | 121         |
|    n_updates            | 40          |
|    policy_gradient_loss | -0.0222     |
|    std                  | 1.05        |
|    value_loss           | 1.4e+03     |
-----------------------------------------
/home/konstantin/dev/crypto_rl/.conda/lib/python3.12/site-packages/stable_baselines3/common/evaluation.py:70: UserWarning: Evaluation environment is not wrapped with a ``Monitor`` wrapper. This may result in reporting modified episode lengths and rewards, if other wrappers happen to modify these. Consider wrapping environment first with ``Monitor`` wrapper.
  warnings.warn(
[DEBUG] step=1 RAW ACTION: [1.6417276  0.06817567 0.13626698]
[DEBUG] step=2 RAW ACTION: [1.6427873  0.06860269 0.13596945]
Eval num_timesteps=5000, episode_reward=50.56 +/- 0.00
Episode length: 4031.00 +/- 0.00
-----------------------------------------
| eval/                   |             |
|    mean_ep_length       | 4.03e+03    |
|    mean_reward          | 50.6        |
| time/                   |             |
|    total_timesteps      | 5000        |
| train/                  |             |
|    approx_kl            | 0.015438311 |
|    clip_fraction        | 0.109       |
|    clip_range           | 0.2         |
|    entropy_loss         | -4.39       |
|    explained_variance   | -4.77e-07   |
|    learning_rate        | 0.0003      |
|    loss                 | 2.21e+03    |
|    n_updates            | 45          |
|    policy_gradient_loss | -0.0185     |
|    std                  | 1.05        |
|    value_loss           | 3.41e+03    |
-----------------------------------------
New best mean reward!
-----------------------------
| time/              |      |
|    fps             | 552  |
|    iterations      | 10   |
|    time_elapsed    | 9    |
|    total_timesteps | 5120 |
-----------------------------
-----------------------------------------
| time/                   |             |
|    fps                  | 520         |
|    iterations           | 11          |
|    time_elapsed         | 10          |
|    total_timesteps      | 5632        |
| train/                  |             |
|    approx_kl            | 0.013421811 |
|    clip_fraction        | 0.0965      |
|    clip_range           | 0.2         |
|    entropy_loss         | -4.39       |
|    explained_variance   | 0           |
|    learning_rate        | 0.0003      |
|    loss                 | 2.61e+03    |
|    n_updates            | 50          |
|    policy_gradient_loss | -0.0221     |
|    std                  | 1.05        |
|    value_loss           | 5.18e+03    |
-----------------------------------------
-----------------------------------------
| time/                   |             |
|    fps                  | 505         |
|    iterations           | 12          |
|    time_elapsed         | 12          |
|    total_timesteps      | 6144        |
| train/                  |             |
|    approx_kl            | 0.011581613 |
|    clip_fraction        | 0.0844      |
|    clip_range           | 0.2         |
|    entropy_loss         | -4.39       |
|    explained_variance   | 0           |
|    learning_rate        | 0.0003      |
|    loss                 | 2.36e+03    |
|    n_updates            | 55          |
|    policy_gradient_loss | -0.0186     |
|    std                  | 1.05        |
|    value_loss           | 5.97e+03    |
-----------------------------------------
------------------------------------------
| time/                   |              |
|    fps                  | 495          |
|    iterations           | 13           |
|    time_elapsed         | 13           |
|    total_timesteps      | 6656         |
| train/                  |              |
|    approx_kl            | 0.0058244774 |
|    clip_fraction        | 0.0207       |
|    clip_range           | 0.2          |
|    entropy_loss         | -4.39        |
|    explained_variance   | 0            |
|    learning_rate        | 0.0003       |
|    loss                 | 2.14e+03     |
|    n_updates            | 60           |
|    policy_gradient_loss | -0.00608     |
|    std                  | 1.05         |
|    value_loss           | 6.5e+03      |
------------------------------------------
-----------------------------------------
| time/                   |             |
|    fps                  | 493         |
|    iterations           | 14          |
|    time_elapsed         | 14          |
|    total_timesteps      | 7168        |
| train/                  |             |
|    approx_kl            | 0.009745188 |
|    clip_fraction        | 0.0594      |
|    clip_range           | 0.2         |
|    entropy_loss         | -4.39       |
|    explained_variance   | 0           |
|    learning_rate        | 0.0003      |
|    loss                 | 5.82e+03    |
|    n_updates            | 65          |
|    policy_gradient_loss | -0.0135     |
|    std                  | 1.05        |
|    value_loss           | 1.02e+04    |
-----------------------------------------
------------------------------------------
| time/                   |              |
|    fps                  | 495          |
|    iterations           | 15           |
|    time_elapsed         | 15           |
|    total_timesteps      | 7680         |
| train/                  |              |
|    approx_kl            | 0.0044751293 |
|    clip_fraction        | 0.0113       |
|    clip_range           | 0.2          |
|    entropy_loss         | -4.39        |
|    explained_variance   | 0            |
|    learning_rate        | 0.0003       |
|    loss                 | 4.9e+03      |
|    n_updates            | 70           |
|    policy_gradient_loss | -0.00421     |
|    std                  | 1.05         |
|    value_loss           | 1.01e+04     |
------------------------------------------
-----------------------------------------
| time/                   |             |
|    fps                  | 509         |
|    iterations           | 16          |
|    time_elapsed         | 16          |
|    total_timesteps      | 8192        |
| train/                  |             |
|    approx_kl            | 0.008965446 |
|    clip_fraction        | 0.0539      |
|    clip_range           | 0.2         |
|    entropy_loss         | -4.39       |
|    explained_variance   | 0           |
|    learning_rate        | 0.0003      |
|    loss                 | 6.64e+03    |
|    n_updates            | 75          |
|    policy_gradient_loss | -0.0123     |
|    std                  | 1.05        |
|    value_loss           | 1.21e+04    |
-----------------------------------------
-----------------------------------------
| time/                   |             |
|    fps                  | 521         |
|    iterations           | 17          |
|    time_elapsed         | 16          |
|    total_timesteps      | 8704        |
| train/                  |             |
|    approx_kl            | 0.004564796 |
|    clip_fraction        | 0.0152      |
|    clip_range           | 0.2         |
|    entropy_loss         | -4.39       |
|    explained_variance   | 0           |
|    learning_rate        | 0.0003      |
|    loss                 | 6.38e+03    |
|    n_updates            | 80          |
|    policy_gradient_loss | -0.00655    |
|    std                  | 1.05        |
|    value_loss           | 1.52e+04    |
-----------------------------------------
------------------------------------------
| time/                   |              |
|    fps                  | 532          |
|    iterations           | 18           |
|    time_elapsed         | 17           |
|    total_timesteps      | 9216         |
| train/                  |              |
|    approx_kl            | 0.0009230665 |
|    clip_fraction        | 0            |
|    clip_range           | 0.2          |
|    entropy_loss         | -4.39        |
|    explained_variance   | 0            |
|    learning_rate        | 0.0003       |
|    loss                 | 4.27e+03     |
|    n_updates            | 85           |
|    policy_gradient_loss | -0.000522    |
|    std                  | 1.05         |
|    value_loss           | 1.06e+04     |
------------------------------------------
-----------------------------------------
| time/                   |             |
|    fps                  | 544         |
|    iterations           | 19          |
|    time_elapsed         | 17          |
|    total_timesteps      | 9728        |
| train/                  |             |
|    approx_kl            | 0.003762575 |
|    clip_fraction        | 0.00469     |
|    clip_range           | 0.2         |
|    entropy_loss         | -4.39       |
|    explained_variance   | 0           |
|    learning_rate        | 0.0003      |
|    loss                 | 7.48e+03    |
|    n_updates            | 90          |
|    policy_gradient_loss | -0.00332    |
|    std                  | 1.05        |
|    value_loss           | 1.53e+04    |
-----------------------------------------
[DEBUG] step=1 RAW ACTION: [2.         0.00668038 0.        ]
[DEBUG] step=2 RAW ACTION: [2.         0.00668028 0.        ]
Eval num_timesteps=10000, episode_reward=-12093.00 +/- 0.00
Episode length: 4031.00 +/- 0.00
------------------------------------------
| eval/                   |              |
|    mean_ep_length       | 4.03e+03     |
|    mean_reward          | -1.21e+04    |
| time/                   |              |
|    total_timesteps      | 10000        |
| train/                  |              |
|    approx_kl            | 0.0021806578 |
|    clip_fraction        | 0.000781     |
|    clip_range           | 0.2          |
|    entropy_loss         | -4.38        |
|    explained_variance   | 1.19e-07     |
|    learning_rate        | 0.0003       |
|    loss                 | 7.08e+03     |
|    n_updates            | 95           |
|    policy_gradient_loss | -0.00156     |
|    std                  | 1.04         |
|    value_loss           | 1.36e+04     |
------------------------------------------
------------------------------
| time/              |       |
|    fps             | 497   |
|    iterations      | 20    |
|    time_elapsed    | 20    |
|    total_timesteps | 10240 |
------------------------------
------------------------------------------
| time/                   |              |
|    fps                  | 494          |
|    iterations           | 21           |
|    time_elapsed         | 21           |
|    total_timesteps      | 10752        |
| train/                  |              |
|    approx_kl            | 0.0071599116 |
|    clip_fraction        | 0.0285       |
|    clip_range           | 0.2          |
|    entropy_loss         | -4.38        |
|    explained_variance   | 0            |
|    learning_rate        | 0.0003       |
|    loss                 | 5.89e+03     |
|    n_updates            | 100          |
|    policy_gradient_loss | -0.00702     |
|    std                  | 1.04         |
|    value_loss           | 1.35e+04     |
------------------------------------------
------------------------------------------
| time/                   |              |
|    fps                  | 503          |
|    iterations           | 22           |
|    time_elapsed         | 22           |
|    total_timesteps      | 11264        |
| train/                  |              |
|    approx_kl            | 0.0042719804 |
|    clip_fraction        | 0.00703      |
|    clip_range           | 0.2          |
|    entropy_loss         | -4.38        |
|    explained_variance   | -1.19e-07    |
|    learning_rate        | 0.0003       |
|    loss                 | 1.2e+04      |
|    n_updates            | 105          |
|    policy_gradient_loss | -0.00352     |
|    std                  | 1.04         |
|    value_loss           | 2.2e+04      |
------------------------------------------
-----------------------------------------
| time/                   |             |
|    fps                  | 504         |
|    iterations           | 23          |
|    time_elapsed         | 23          |
|    total_timesteps      | 11776       |
| train/                  |             |
|    approx_kl            | 0.004630044 |
|    clip_fraction        | 0.0113      |
|    clip_range           | 0.2         |
|    entropy_loss         | -4.38       |
|    explained_variance   | 0           |
|    learning_rate        | 0.0003      |
|    loss                 | 8.49e+03    |
|    n_updates            | 110         |
|    policy_gradient_loss | -0.00383    |
|    std                  | 1.04        |
|    value_loss           | 1.7e+04     |
-----------------------------------------
[DEBUG] step=1 RAW ACTION: [2.         0.         0.57432675]
[DEBUG] step=2 RAW ACTION: [1.4110967 0.        0.       ]
-----------------------------------------
| rollout/                |             |
|    ep_len_mean          | 1.21e+04    |
|    ep_rew_mean          | 4.74e+04    |
| time/                   |             |
|    fps                  | 507         |
|    iterations           | 24          |
|    time_elapsed         | 24          |
|    total_timesteps      | 12288       |
| train/                  |             |
|    approx_kl            | 0.006572498 |
|    clip_fraction        | 0.0258      |
|    clip_range           | 0.2         |
|    entropy_loss         | -4.38       |
|    explained_variance   | 1.19e-07    |
|    learning_rate        | 0.0003      |
|    loss                 | 6.62e+03    |
|    n_updates            | 115         |
|    policy_gradient_loss | -0.00495    |
|    std                  | 1.04        |
|    value_loss           | 1.44e+04    |
-----------------------------------------
-----------------------------------------
| rollout/                |             |
|    ep_len_mean          | 1.21e+04    |
|    ep_rew_mean          | 4.74e+04    |
| time/                   |             |
|    fps                  | 510         |
|    iterations           | 25          |
|    time_elapsed         | 25          |
|    total_timesteps      | 12800       |
| train/                  |             |
|    approx_kl            | 0.003359293 |
|    clip_fraction        | 0.0043      |
|    clip_range           | 0.2         |
|    entropy_loss         | -4.38       |
|    explained_variance   | 0           |
|    learning_rate        | 0.0003      |
|    loss                 | 8.92e+03    |
|    n_updates            | 120         |
|    policy_gradient_loss | -0.00169    |
|    std                  | 1.04        |
|    value_loss           | 1.52e+04    |
-----------------------------------------
------------------------------------------
| rollout/                |              |
|    ep_len_mean          | 1.21e+04     |
|    ep_rew_mean          | 4.74e+04     |
| time/                   |              |
|    fps                  | 510          |
|    iterations           | 26           |
|    time_elapsed         | 26           |
|    total_timesteps      | 13312        |
| train/                  |              |
|    approx_kl            | 0.0073527275 |
|    clip_fraction        | 0.057        |
|    clip_range           | 0.2          |
|    entropy_loss         | -4.38        |
|    explained_variance   | 1.19e-07     |
|    learning_rate        | 0.0003       |
|    loss                 | 1.02e+04     |
|    n_updates            | 125          |
|    policy_gradient_loss | -0.0108      |
|    std                  | 1.04         |
|    value_loss           | 2.05e+04     |
------------------------------------------
-----------------------------------------
| rollout/                |             |
|    ep_len_mean          | 1.21e+04    |
|    ep_rew_mean          | 4.74e+04    |
| time/                   |             |
|    fps                  | 516         |
|    iterations           | 27          |
|    time_elapsed         | 26          |
|    total_timesteps      | 13824       |
| train/                  |             |
|    approx_kl            | 0.003627629 |
|    clip_fraction        | 0.00508     |
|    clip_range           | 0.2         |
|    entropy_loss         | -4.37       |
|    explained_variance   | 0           |
|    learning_rate        | 0.0003      |
|    loss                 | 1.1e+04     |
|    n_updates            | 130         |
|    policy_gradient_loss | -0.00144    |
|    std                  | 1.04        |
|    value_loss           | 2.13e+04    |
-----------------------------------------
-----------------------------------------
| rollout/                |             |
|    ep_len_mean          | 1.21e+04    |
|    ep_rew_mean          | 4.74e+04    |
| time/                   |             |
|    fps                  | 512         |
|    iterations           | 28          |
|    time_elapsed         | 27          |
|    total_timesteps      | 14336       |
| train/                  |             |
|    approx_kl            | 0.007758853 |
|    clip_fraction        | 0.0523      |
|    clip_range           | 0.2         |
|    entropy_loss         | -4.37       |
|    explained_variance   | 0           |
|    learning_rate        | 0.0003      |
|    loss                 | 1.24e+04    |
|    n_updates            | 135         |
|    policy_gradient_loss | -0.00889    |
|    std                  | 1.04        |
|    value_loss           | 2.25e+04    |
-----------------------------------------
-----------------------------------------
| rollout/                |             |
|    ep_len_mean          | 1.21e+04    |
|    ep_rew_mean          | 4.74e+04    |
| time/                   |             |
|    fps                  | 513         |
|    iterations           | 29          |
|    time_elapsed         | 28          |
|    total_timesteps      | 14848       |
| train/                  |             |
|    approx_kl            | 0.007990956 |
|    clip_fraction        | 0.066       |
|    clip_range           | 0.2         |
|    entropy_loss         | -4.37       |
|    explained_variance   | 0           |
|    learning_rate        | 0.0003      |
|    loss                 | 1.15e+04    |
|    n_updates            | 140         |
|    policy_gradient_loss | -0.0101     |
|    std                  | 1.04        |
|    value_loss           | 2.77e+04    |
-----------------------------------------
[DEBUG] step=1 RAW ACTION: [2. 0. 0.]
[DEBUG] step=2 RAW ACTION: [2. 0. 0.]
Eval num_timesteps=15000, episode_reward=-12093.00 +/- 0.00
Episode length: 4031.00 +/- 0.00
------------------------------------------
| eval/                   |              |
|    mean_ep_length       | 4.03e+03     |
|    mean_reward          | -1.21e+04    |
| time/                   |              |
|    total_timesteps      | 15000        |
| train/                  |              |
|    approx_kl            | 0.0058707763 |
|    clip_fraction        | 0.0211       |
|    clip_range           | 0.2          |
|    entropy_loss         | -4.37        |
|    explained_variance   | -1.19e-07    |
|    learning_rate        | 0.0003       |
|    loss                 | 1.62e+04     |
|    n_updates            | 145          |
|    policy_gradient_loss | -0.00436     |
|    std                  | 1.04         |
|    value_loss           | 2.85e+04     |
------------------------------------------
---------------------------------
| rollout/           |          |
|    ep_len_mean     | 1.21e+04 |
|    ep_rew_mean     | 4.74e+04 |
| time/              |          |
|    fps             | 487      |
|    iterations      | 30       |
|    time_elapsed    | 31       |
|    total_timesteps | 15360    |
---------------------------------
------------------------------------------
| rollout/                |              |
|    ep_len_mean          | 1.21e+04     |
|    ep_rew_mean          | 4.74e+04     |
| time/                   |              |
|    fps                  | 493          |
|    iterations           | 31           |
|    time_elapsed         | 32           |
|    total_timesteps      | 15872        |
| train/                  |              |
|    approx_kl            | 0.0045265565 |
|    clip_fraction        | 0.00586      |
|    clip_range           | 0.2          |
|    entropy_loss         | -4.37        |
|    explained_variance   | 0            |
|    learning_rate        | 0.0003       |
|    loss                 | 1.39e+04     |
|    n_updates            | 150          |
|    policy_gradient_loss | -0.00213     |
|    std                  | 1.04         |
|    value_loss           | 2.87e+04     |
------------------------------------------
----------------------------------------
| rollout/                |            |
|    ep_len_mean          | 1.21e+04   |
|    ep_rew_mean          | 4.74e+04   |
| time/                   |            |
|    fps                  | 496        |
|    iterations           | 32         |
|    time_elapsed         | 32         |
|    total_timesteps      | 16384      |
| train/                  |            |
|    approx_kl            | 0.00811005 |
|    clip_fraction        | 0.0531     |
|    clip_range           | 0.2        |
|    entropy_loss         | -4.36      |
|    explained_variance   | 1.19e-07   |
|    learning_rate        | 0.0003     |
|    loss                 | 1.54e+04   |
|    n_updates            | 155        |
|    policy_gradient_loss | -0.008     |
|    std                  | 1.04       |
|    value_loss           | 3.07e+04   |
----------------------------------------
----------------------------------------
| rollout/                |            |
|    ep_len_mean          | 1.21e+04   |
|    ep_rew_mean          | 4.74e+04   |
| time/                   |            |
|    fps                  | 491        |
|    iterations           | 33         |
|    time_elapsed         | 34         |
|    total_timesteps      | 16896      |
| train/                  |            |
|    approx_kl            | 0.00723355 |
|    clip_fraction        | 0.0555     |
|    clip_range           | 0.2        |
|    entropy_loss         | -4.36      |
|    explained_variance   | -1.19e-07  |
|    learning_rate        | 0.0003     |
|    loss                 | 1.1e+04    |
|    n_updates            | 160        |
|    policy_gradient_loss | -0.00743   |
|    std                  | 1.04       |
|    value_loss           | 2.37e+04   |
----------------------------------------
-----------------------------------------
| rollout/                |             |
|    ep_len_mean          | 1.21e+04    |
|    ep_rew_mean          | 4.74e+04    |
| time/                   |             |
|    fps                  | 489         |
|    iterations           | 34          |
|    time_elapsed         | 35          |
|    total_timesteps      | 17408       |
| train/                  |             |
|    approx_kl            | 0.008732303 |
|    clip_fraction        | 0.0594      |
|    clip_range           | 0.2         |
|    entropy_loss         | -4.36       |
|    explained_variance   | -1.19e-07   |
|    learning_rate        | 0.0003      |
|    loss                 | 1.6e+04     |
|    n_updates            | 165         |
|    policy_gradient_loss | -0.00892    |
|    std                  | 1.03        |
|    value_loss           | 2.97e+04    |
-----------------------------------------
------------------------------------------
| rollout/                |              |
|    ep_len_mean          | 1.21e+04     |
|    ep_rew_mean          | 4.74e+04     |
| time/                   |              |
|    fps                  | 495          |
|    iterations           | 35           |
|    time_elapsed         | 36           |
|    total_timesteps      | 17920        |
| train/                  |              |
|    approx_kl            | 0.0064578257 |
|    clip_fraction        | 0.0707       |
|    clip_range           | 0.2          |
|    entropy_loss         | -4.35        |
|    explained_variance   | 0            |
|    learning_rate        | 0.0003       |
|    loss                 | 1.14e+04     |
|    n_updates            | 170          |
|    policy_gradient_loss | -0.00927     |
|    std                  | 1.03         |
|    value_loss           | 2.82e+04     |
------------------------------------------
------------------------------------------
| rollout/                |              |
|    ep_len_mean          | 1.21e+04     |
|    ep_rew_mean          | 4.74e+04     |
| time/                   |              |
|    fps                  | 502          |
|    iterations           | 36           |
|    time_elapsed         | 36           |
|    total_timesteps      | 18432        |
| train/                  |              |
|    approx_kl            | 0.0068369196 |
|    clip_fraction        | 0.0469       |
|    clip_range           | 0.2          |
|    entropy_loss         | -4.34        |
|    explained_variance   | -1.19e-07    |
|    learning_rate        | 0.0003       |
|    loss                 | 1.02e+04     |
|    n_updates            | 175          |
|    policy_gradient_loss | -0.00395     |
|    std                  | 1.03         |
|    value_loss           | 2.12e+04     |
------------------------------------------
-----------------------------------------
| rollout/                |             |
|    ep_len_mean          | 1.21e+04    |
|    ep_rew_mean          | 4.74e+04    |
| time/                   |             |
|    fps                  | 507         |
|    iterations           | 37          |
|    time_elapsed         | 37          |
|    total_timesteps      | 18944       |
| train/                  |             |
|    approx_kl            | 0.005933231 |
|    clip_fraction        | 0.041       |
|    clip_range           | 0.2         |
|    entropy_loss         | -4.34       |
|    explained_variance   | 1.19e-07    |
|    learning_rate        | 0.0003      |
|    loss                 | 1.2e+04     |
|    n_updates            | 180         |
|    policy_gradient_loss | -0.00456    |
|    std                  | 1.03        |
|    value_loss           | 3.3e+04     |
-----------------------------------------
-----------------------------------------
| rollout/                |             |
|    ep_len_mean          | 1.21e+04    |
|    ep_rew_mean          | 4.74e+04    |
| time/                   |             |
|    fps                  | 510         |
|    iterations           | 38          |
|    time_elapsed         | 38          |
|    total_timesteps      | 19456       |
| train/                  |             |
|    approx_kl            | 0.009033671 |
|    clip_fraction        | 0.105       |
|    clip_range           | 0.2         |
|    entropy_loss         | -4.33       |
|    explained_variance   | 0           |
|    learning_rate        | 0.0003      |
|    loss                 | 1.85e+04    |
|    n_updates            | 185         |
|    policy_gradient_loss | -0.0118     |
|    std                  | 1.03        |
|    value_loss           | 3.66e+04    |
-----------------------------------------
-----------------------------------------
| rollout/                |             |
|    ep_len_mean          | 1.21e+04    |
|    ep_rew_mean          | 4.74e+04    |
| time/                   |             |
|    fps                  | 507         |
|    iterations           | 39          |
|    time_elapsed         | 39          |
|    total_timesteps      | 19968       |
| train/                  |             |
|    approx_kl            | 0.003831732 |
|    clip_fraction        | 0.0187      |
|    clip_range           | 0.2         |
|    entropy_loss         | -4.33       |
|    explained_variance   | 5.96e-08    |
|    learning_rate        | 0.0003      |
|    loss                 | 1.46e+04    |
|    n_updates            | 190         |
|    policy_gradient_loss | -0.00103    |
|    std                  | 1.02        |
|    value_loss           | 2.75e+04    |
-----------------------------------------
[DEBUG] step=1 RAW ACTION: [2. 0. 0.]
[DEBUG] step=2 RAW ACTION: [2. 0. 0.]
Eval num_timesteps=20000, episode_reward=-12093.00 +/- 0.00
Episode length: 4031.00 +/- 0.00
------------------------------------------
| eval/                   |              |
|    mean_ep_length       | 4.03e+03     |
|    mean_reward          | -1.21e+04    |
| time/                   |              |
|    total_timesteps      | 20000        |
| train/                  |              |
|    approx_kl            | 0.0076781027 |
|    clip_fraction        | 0.0578       |
|    clip_range           | 0.2          |
|    entropy_loss         | -4.32        |
|    explained_variance   | 0            |
|    learning_rate        | 0.0003       |
|    loss                 | 1.45e+04     |
|    n_updates            | 195          |
|    policy_gradient_loss | -0.00689     |
|    std                  | 1.02         |
|    value_loss           | 2.5e+04      |
------------------------------------------
---------------------------------
| rollout/           |          |
|    ep_len_mean     | 1.21e+04 |
|    ep_rew_mean     | 4.74e+04 |
| time/              |          |
|    fps             | 497      |
|    iterations      | 40       |
|    time_elapsed    | 41       |
|    total_timesteps | 20480    |
---------------------------------
-----------------------------------------
| rollout/                |             |
|    ep_len_mean          | 1.21e+04    |
|    ep_rew_mean          | 4.74e+04    |
| time/                   |             |
|    fps                  | 503         |
|    iterations           | 41          |
|    time_elapsed         | 41          |
|    total_timesteps      | 20992       |
| train/                  |             |
|    approx_kl            | 0.005405764 |
|    clip_fraction        | 0.0492      |
|    clip_range           | 0.2         |
|    entropy_loss         | -4.31       |
|    explained_variance   | 5.96e-08    |
|    learning_rate        | 0.0003      |
|    loss                 | 1.62e+04    |
|    n_updates            | 200         |
|    policy_gradient_loss | -0.00463    |
|    std                  | 1.02        |
|    value_loss           | 3.26e+04    |
-----------------------------------------
------------------------------------------
| rollout/                |              |
|    ep_len_mean          | 1.21e+04     |
|    ep_rew_mean          | 4.74e+04     |
| time/                   |              |
|    fps                  | 508          |
|    iterations           | 42           |
|    time_elapsed         | 42           |
|    total_timesteps      | 21504        |
| train/                  |              |
|    approx_kl            | 0.0045020333 |
|    clip_fraction        | 0.0156       |
|    clip_range           | 0.2          |
|    entropy_loss         | -4.31        |
|    explained_variance   | 0            |
|    learning_rate        | 0.0003       |
|    loss                 | 1.44e+04     |
|    n_updates            | 205          |
|    policy_gradient_loss | 0.000227     |
|    std                  | 1.02         |
|    value_loss           | 2.79e+04     |
------------------------------------------
-----------------------------------------
| rollout/                |             |
|    ep_len_mean          | 1.21e+04    |
|    ep_rew_mean          | 4.74e+04    |
| time/                   |             |
|    fps                  | 505         |
|    iterations           | 43          |
|    time_elapsed         | 43          |
|    total_timesteps      | 22016       |
| train/                  |             |
|    approx_kl            | 0.010310886 |
|    clip_fraction        | 0.0969      |
|    clip_range           | 0.2         |
|    entropy_loss         | -4.31       |
|    explained_variance   | 5.96e-08    |
|    learning_rate        | 0.0003      |
|    loss                 | 1.62e+04    |
|    n_updates            | 210         |
|    policy_gradient_loss | -0.00837    |
|    std                  | 1.02        |
|    value_loss           | 3.39e+04    |
-----------------------------------------
------------------------------------------
| rollout/                |              |
|    ep_len_mean          | 1.21e+04     |
|    ep_rew_mean          | 4.74e+04     |
| time/                   |              |
|    fps                  | 502          |
|    iterations           | 44           |
|    time_elapsed         | 44           |
|    total_timesteps      | 22528        |
| train/                  |              |
|    approx_kl            | 0.0052055283 |
|    clip_fraction        | 0.018        |
|    clip_range           | 0.2          |
|    entropy_loss         | -4.31        |
|    explained_variance   | 0            |
|    learning_rate        | 0.0003       |
|    loss                 | 1.37e+04     |
|    n_updates            | 215          |
|    policy_gradient_loss | 0.000784     |
|    std                  | 1.02         |
|    value_loss           | 3.02e+04     |
------------------------------------------
-----------------------------------------
| rollout/                |             |
|    ep_len_mean          | 1.21e+04    |
|    ep_rew_mean          | 4.74e+04    |
| time/                   |             |
|    fps                  | 499         |
|    iterations           | 45          |
|    time_elapsed         | 46          |
|    total_timesteps      | 23040       |
| train/                  |             |
|    approx_kl            | 0.010530159 |
|    clip_fraction        | 0.0949      |
|    clip_range           | 0.2         |
|    entropy_loss         | -4.31       |
|    explained_variance   | 0           |
|    learning_rate        | 0.0003      |
|    loss                 | 1.32e+04    |
|    n_updates            | 220         |
|    policy_gradient_loss | -0.00878    |
|    std                  | 1.02        |
|    value_loss           | 2.67e+04    |
-----------------------------------------
-----------------------------------------
| rollout/                |             |
|    ep_len_mean          | 1.21e+04    |
|    ep_rew_mean          | 4.74e+04    |
| time/                   |             |
|    fps                  | 497         |
|    iterations           | 46          |
|    time_elapsed         | 47          |
|    total_timesteps      | 23552       |
| train/                  |             |
|    approx_kl            | 0.005961882 |
|    clip_fraction        | 0.0504      |
|    clip_range           | 0.2         |
|    entropy_loss         | -4.31       |
|    explained_variance   | -1.19e-07   |
|    learning_rate        | 0.0003      |
|    loss                 | 1.55e+04    |
|    n_updates            | 225         |
|    policy_gradient_loss | -0.00423    |
|    std                  | 1.02        |
|    value_loss           | 3.06e+04    |
-----------------------------------------
------------------------------------------
| rollout/                |              |
|    ep_len_mean          | 1.21e+04     |
|    ep_rew_mean          | 4.74e+04     |
| time/                   |              |
|    fps                  | 482          |
|    iterations           | 47           |
|    time_elapsed         | 49           |
|    total_timesteps      | 24064        |
| train/                  |              |
|    approx_kl            | 0.0063802903 |
|    clip_fraction        | 0.0508       |
|    clip_range           | 0.2          |
|    entropy_loss         | -4.3         |
|    explained_variance   | 0            |
|    learning_rate        | 0.0003       |
|    loss                 | 1.49e+04     |
|    n_updates            | 230          |
|    policy_gradient_loss | -0.00296     |
|    std                  | 1.01         |
|    value_loss           | 3.11e+04     |
------------------------------------------
[DEBUG] step=1 RAW ACTION: [2.         0.39003354 0.        ]
[DEBUG] step=2 RAW ACTION: [2.         0.04599282 0.03073871]
------------------------------------------
| rollout/                |              |
|    ep_len_mean          | 1.21e+04     |
|    ep_rew_mean          | 8.92e+04     |
| time/                   |              |
|    fps                  | 472          |
|    iterations           | 48           |
|    time_elapsed         | 51           |
|    total_timesteps      | 24576        |
| train/                  |              |
|    approx_kl            | 0.0023630722 |
|    clip_fraction        | 0.0309       |
|    clip_range           | 0.2          |
|    entropy_loss         | -4.29        |
|    explained_variance   | 0            |
|    learning_rate        | 0.0003       |
|    loss                 | 1.16e+04     |
|    n_updates            | 235          |
|    policy_gradient_loss | 0.000164     |
|    std                  | 1.01         |
|    value_loss           | 2.67e+04     |
------------------------------------------
[DEBUG] step=1 RAW ACTION: [2.         0.07062041 0.        ]
[DEBUG] step=2 RAW ACTION: [2.        0.0706204 0.       ]
Eval num_timesteps=25000, episode_reward=-12093.00 +/- 0.00
Episode length: 4031.00 +/- 0.00
-----------------------------------------
| eval/                   |             |
|    mean_ep_length       | 4.03e+03    |
|    mean_reward          | -1.21e+04   |
| time/                   |             |
|    total_timesteps      | 25000       |
| train/                  |             |
|    approx_kl            | 0.007814002 |
|    clip_fraction        | 0.0707      |
|    clip_range           | 0.2         |
|    entropy_loss         | -4.28       |
|    explained_variance   | 0           |
|    learning_rate        | 0.0003      |
|    loss                 | 1.71e+04    |
|    n_updates            | 240         |
|    policy_gradient_loss | -0.00522    |
|    std                  | 1.01        |
|    value_loss           | 3.08e+04    |
-----------------------------------------
---------------------------------
| rollout/           |          |
|    ep_len_mean     | 1.21e+04 |
|    ep_rew_mean     | 8.92e+04 |
| time/              |          |
|    fps             | 442      |
|    iterations      | 49       |
|    time_elapsed    | 56       |
|    total_timesteps | 25088    |
---------------------------------
-----------------------------------------
| rollout/                |             |
|    ep_len_mean          | 1.21e+04    |
|    ep_rew_mean          | 8.92e+04    |
| time/                   |             |
|    fps                  | 435         |
|    iterations           | 50          |
|    time_elapsed         | 58          |
|    total_timesteps      | 25600       |
| train/                  |             |
|    approx_kl            | 0.006764587 |
|    clip_fraction        | 0.0617      |
|    clip_range           | 0.2         |
|    entropy_loss         | -4.27       |
|    explained_variance   | 0           |
|    learning_rate        | 0.0003      |
|    loss                 | 9.07e+03    |
|    n_updates            | 245         |
|    policy_gradient_loss | -0.0037     |
|    std                  | 1           |
|    value_loss           | 1.9e+04     |
-----------------------------------------
------------------------------------------
| rollout/                |              |
|    ep_len_mean          | 1.21e+04     |
|    ep_rew_mean          | 8.92e+04     |
| time/                   |              |
|    fps                  | 432          |
|    iterations           | 51           |
|    time_elapsed         | 60           |
|    total_timesteps      | 26112        |
| train/                  |              |
|    approx_kl            | 0.0054117423 |
|    clip_fraction        | 0.0543       |
|    clip_range           | 0.2          |
|    entropy_loss         | -4.25        |
|    explained_variance   | 0            |
|    learning_rate        | 0.0003       |
|    loss                 | 1.79e+04     |
|    n_updates            | 250          |
|    policy_gradient_loss | -0.00429     |
|    std                  | 0.997        |
|    value_loss           | 3.32e+04     |
------------------------------------------
----------------------------------------
| rollout/                |            |
|    ep_len_mean          | 1.21e+04   |
|    ep_rew_mean          | 8.92e+04   |
| time/                   |            |
|    fps                  | 426        |
|    iterations           | 52         |
|    time_elapsed         | 62         |
|    total_timesteps      | 26624      |
| train/                  |            |
|    approx_kl            | 0.00989203 |
|    clip_fraction        | 0.0727     |
|    clip_range           | 0.2        |
|    entropy_loss         | -4.24      |
|    explained_variance   | 5.96e-08   |
|    learning_rate        | 0.0003     |
|    loss                 | 1.64e+04   |
|    n_updates            | 255        |
|    policy_gradient_loss | -0.00288   |
|    std                  | 0.993      |
|    value_loss           | 3.22e+04   |
----------------------------------------
------------------------------------------
| rollout/                |              |
|    ep_len_mean          | 1.21e+04     |
|    ep_rew_mean          | 8.92e+04     |
| time/                   |              |
|    fps                  | 424          |
|    iterations           | 53           |
|    time_elapsed         | 63           |
|    total_timesteps      | 27136        |
| train/                  |              |
|    approx_kl            | 0.0070573688 |
|    clip_fraction        | 0.0695       |
|    clip_range           | 0.2          |
|    entropy_loss         | -4.23        |
|    explained_variance   | 0            |
|    learning_rate        | 0.0003       |
|    loss                 | 1.51e+04     |
|    n_updates            | 260          |
|    policy_gradient_loss | -0.00306     |
|    std                  | 0.993        |
|    value_loss           | 3.08e+04     |
------------------------------------------
-----------------------------------------
| rollout/                |             |
|    ep_len_mean          | 1.21e+04    |
|    ep_rew_mean          | 8.92e+04    |
| time/                   |             |
|    fps                  | 415         |
|    iterations           | 54          |
|    time_elapsed         | 66          |
|    total_timesteps      | 27648       |
| train/                  |             |
|    approx_kl            | 0.010926941 |
|    clip_fraction        | 0.109       |
|    clip_range           | 0.2         |
|    entropy_loss         | -4.22       |
|    explained_variance   | 0           |
|    learning_rate        | 0.0003      |
|    loss                 | 1.73e+04    |
|    n_updates            | 265         |
|    policy_gradient_loss | -0.00662    |
|    std                  | 0.988       |
|    value_loss           | 3.4e+04     |
-----------------------------------------
------------------------------------------
| rollout/                |              |
|    ep_len_mean          | 1.21e+04     |
|    ep_rew_mean          | 8.92e+04     |
| time/                   |              |
|    fps                  | 408          |
|    iterations           | 55           |
|    time_elapsed         | 68           |
|    total_timesteps      | 28160        |
| train/                  |              |
|    approx_kl            | 0.0075657764 |
|    clip_fraction        | 0.066        |
|    clip_range           | 0.2          |
|    entropy_loss         | -4.22        |
|    explained_variance   | 5.96e-08     |
|    learning_rate        | 0.0003       |
|    loss                 | 1.28e+04     |
|    n_updates            | 270          |
|    policy_gradient_loss | -0.000837    |
|    std                  | 0.989        |
|    value_loss           | 3e+04        |
------------------------------------------
------------------------------------------
| rollout/                |              |
|    ep_len_mean          | 1.21e+04     |
|    ep_rew_mean          | 8.92e+04     |
| time/                   |              |
|    fps                  | 408          |
|    iterations           | 56           |
|    time_elapsed         | 70           |
|    total_timesteps      | 28672        |
| train/                  |              |
|    approx_kl            | 0.0064063556 |
|    clip_fraction        | 0.12         |
|    clip_range           | 0.2          |
|    entropy_loss         | -4.22        |
|    explained_variance   | -1.19e-07    |
|    learning_rate        | 0.0003       |
|    loss                 | 1.34e+04     |
|    n_updates            | 275          |
|    policy_gradient_loss | -0.0058      |
|    std                  | 0.988        |
|    value_loss           | 2.73e+04     |
------------------------------------------
-----------------------------------------
| rollout/                |             |
|    ep_len_mean          | 1.21e+04    |
|    ep_rew_mean          | 8.92e+04    |
| time/                   |             |
|    fps                  | 404         |
|    iterations           | 57          |
|    time_elapsed         | 72          |
|    total_timesteps      | 29184       |
| train/                  |             |
|    approx_kl            | 0.005872678 |
|    clip_fraction        | 0.0629      |
|    clip_range           | 0.2         |
|    entropy_loss         | -4.22       |
|    explained_variance   | 0           |
|    learning_rate        | 0.0003      |
|    loss                 | 1.28e+04    |
|    n_updates            | 280         |
|    policy_gradient_loss | -0.00322    |
|    std                  | 0.989       |
|    value_loss           | 2.71e+04    |
-----------------------------------------
------------------------------------------
| rollout/                |              |
|    ep_len_mean          | 1.21e+04     |
|    ep_rew_mean          | 8.92e+04     |
| time/                   |              |
|    fps                  | 399          |
|    iterations           | 58           |
|    time_elapsed         | 74           |
|    total_timesteps      | 29696        |
| train/                  |              |
|    approx_kl            | 0.0063519627 |
|    clip_fraction        | 0.0426       |
|    clip_range           | 0.2          |
|    entropy_loss         | -4.21        |
|    explained_variance   | 0            |
|    learning_rate        | 0.0003       |
|    loss                 | 1.5e+04      |
|    n_updates            | 285          |
|    policy_gradient_loss | -0.00199     |
|    std                  | 0.98         |
|    value_loss           | 3.09e+04     |
------------------------------------------
[DEBUG] step=1 RAW ACTION: [2. 0. 0.]
[DEBUG] step=2 RAW ACTION: [2. 0. 0.]
Eval num_timesteps=30000, episode_reward=-12093.00 +/- 0.00
Episode length: 4031.00 +/- 0.00
------------------------------------------
| eval/                   |              |
|    mean_ep_length       | 4.03e+03     |
|    mean_reward          | -1.21e+04    |
| time/                   |              |
|    total_timesteps      | 30000        |
| train/                  |              |
|    approx_kl            | 0.0071985205 |
|    clip_fraction        | 0.0637       |
|    clip_range           | 0.2          |
|    entropy_loss         | -4.18        |
|    explained_variance   | 5.96e-08     |
|    learning_rate        | 0.0003       |
|    loss                 | 1.36e+04     |
|    n_updates            | 290          |
|    policy_gradient_loss | -0.00279     |
|    std                  | 0.972        |
|    value_loss           | 2.82e+04     |
------------------------------------------
---------------------------------
| rollout/           |          |
|    ep_len_mean     | 1.21e+04 |
|    ep_rew_mean     | 8.92e+04 |
| time/              |          |
|    fps             | 371      |
|    iterations      | 59       |
|    time_elapsed    | 81       |
|    total_timesteps | 30208    |
---------------------------------
------------------------------------------
| rollout/                |              |
|    ep_len_mean          | 1.21e+04     |
|    ep_rew_mean          | 8.92e+04     |
| time/                   |              |
|    fps                  | 370          |
|    iterations           | 60           |
|    time_elapsed         | 83           |
|    total_timesteps      | 30720        |
| train/                  |              |
|    approx_kl            | 0.0022830227 |
|    clip_fraction        | 0.0297       |
|    clip_range           | 0.2          |
|    entropy_loss         | -4.17        |
|    explained_variance   | 0            |
|    learning_rate        | 0.0003       |
|    loss                 | 1.6e+04      |
|    n_updates            | 295          |
|    policy_gradient_loss | 0.00118      |
|    std                  | 0.97         |
|    value_loss           | 3.08e+04     |
------------------------------------------
-----------------------------------------
| rollout/                |             |
|    ep_len_mean          | 1.21e+04    |
|    ep_rew_mean          | 8.92e+04    |
| time/                   |             |
|    fps                  | 366         |
|    iterations           | 61          |
|    time_elapsed         | 85          |
|    total_timesteps      | 31232       |
| train/                  |             |
|    approx_kl            | 0.007995594 |
|    clip_fraction        | 0.093       |
|    clip_range           | 0.2         |
|    entropy_loss         | -4.16       |
|    explained_variance   | 0           |
|    learning_rate        | 0.0003      |
|    loss                 | 1.71e+04    |
|    n_updates            | 300         |
|    policy_gradient_loss | -0.00575    |
|    std                  | 0.965       |
|    value_loss           | 2.84e+04    |
-----------------------------------------
------------------------------------------
| rollout/                |              |
|    ep_len_mean          | 1.21e+04     |
|    ep_rew_mean          | 8.92e+04     |
| time/                   |              |
|    fps                  | 359          |
|    iterations           | 62           |
|    time_elapsed         | 88           |
|    total_timesteps      | 31744        |
| train/                  |              |
|    approx_kl            | 0.0055610347 |
|    clip_fraction        | 0.106        |
|    clip_range           | 0.2          |
|    entropy_loss         | -4.14        |
|    explained_variance   | 0            |
|    learning_rate        | 0.0003       |
|    loss                 | 1.2e+04      |
|    n_updates            | 305          |
|    policy_gradient_loss | -0.00506     |
|    std                  | 0.961        |
|    value_loss           | 2.66e+04     |
------------------------------------------
------------------------------------------
| rollout/                |              |
|    ep_len_mean          | 1.21e+04     |
|    ep_rew_mean          | 8.92e+04     |
| time/                   |              |
|    fps                  | 357          |
|    iterations           | 63           |
|    time_elapsed         | 90           |
|    total_timesteps      | 32256        |
| train/                  |              |
|    approx_kl            | 0.0072391857 |
|    clip_fraction        | 0.052        |
|    clip_range           | 0.2          |
|    entropy_loss         | -4.14        |
|    explained_variance   | 0            |
|    learning_rate        | 0.0003       |
|    loss                 | 1.54e+04     |
|    n_updates            | 310          |
|    policy_gradient_loss | -0.00246     |
|    std                  | 0.963        |
|    value_loss           | 2.9e+04      |
------------------------------------------
-----------------------------------------
| rollout/                |             |
|    ep_len_mean          | 1.21e+04    |
|    ep_rew_mean          | 8.92e+04    |
| time/                   |             |
|    fps                  | 348         |
|    iterations           | 64          |
|    time_elapsed         | 94          |
|    total_timesteps      | 32768       |
| train/                  |             |
|    approx_kl            | 0.006822253 |
|    clip_fraction        | 0.0895      |
|    clip_range           | 0.2         |
|    entropy_loss         | -4.14       |
|    explained_variance   | 5.96e-08    |
|    learning_rate        | 0.0003      |
|    loss                 | 1.14e+04    |
|    n_updates            | 315         |
|    policy_gradient_loss | -0.00264    |
|    std                  | 0.963       |
|    value_loss           | 2.62e+04    |
-----------------------------------------
-----------------------------------------
| rollout/                |             |
|    ep_len_mean          | 1.21e+04    |
|    ep_rew_mean          | 8.92e+04    |
| time/                   |             |
|    fps                  | 343         |
|    iterations           | 65          |
|    time_elapsed         | 96          |
|    total_timesteps      | 33280       |
| train/                  |             |
|    approx_kl            | 0.011585746 |
|    clip_fraction        | 0.124       |
|    clip_range           | 0.2         |
|    entropy_loss         | -4.13       |
|    explained_variance   | -1.19e-07   |
|    learning_rate        | 0.0003      |
|    loss                 | 1.22e+04    |
|    n_updates            | 320         |
|    policy_gradient_loss | -0.00649    |
|    std                  | 0.956       |
|    value_loss           | 2.2e+04     |
-----------------------------------------
-----------------------------------------
| rollout/                |             |
|    ep_len_mean          | 1.21e+04    |
|    ep_rew_mean          | 8.92e+04    |
| time/                   |             |
|    fps                  | 341         |
|    iterations           | 66          |
|    time_elapsed         | 98          |
|    total_timesteps      | 33792       |
| train/                  |             |
|    approx_kl            | 0.006919414 |
|    clip_fraction        | 0.048       |
|    clip_range           | 0.2         |
|    entropy_loss         | -4.13       |
|    explained_variance   | -1.19e-07   |
|    learning_rate        | 0.0003      |
|    loss                 | 1.65e+04    |
|    n_updates            | 325         |
|    policy_gradient_loss | -0.00139    |
|    std                  | 0.962       |
|    value_loss           | 3.32e+04    |
-----------------------------------------
------------------------------------------
| rollout/                |              |
|    ep_len_mean          | 1.21e+04     |
|    ep_rew_mean          | 8.92e+04     |
| time/                   |              |
|    fps                  | 341          |
|    iterations           | 67           |
|    time_elapsed         | 100          |
|    total_timesteps      | 34304        |
| train/                  |              |
|    approx_kl            | 0.0074238083 |
|    clip_fraction        | 0.0879       |
|    clip_range           | 0.2          |
|    entropy_loss         | -4.13        |
|    explained_variance   | 0            |
|    learning_rate        | 0.0003       |
|    loss                 | 1.73e+04     |
|    n_updates            | 330          |
|    policy_gradient_loss | -0.00526     |
|    std                  | 0.96         |
|    value_loss           | 2.95e+04     |
------------------------------------------
-----------------------------------------
| rollout/                |             |
|    ep_len_mean          | 1.21e+04    |
|    ep_rew_mean          | 8.92e+04    |
| time/                   |             |
|    fps                  | 342         |
|    iterations           | 68          |
|    time_elapsed         | 101         |
|    total_timesteps      | 34816       |
| train/                  |             |
|    approx_kl            | 0.008022395 |
|    clip_fraction        | 0.0742      |
|    clip_range           | 0.2         |
|    entropy_loss         | -4.12       |
|    explained_variance   | 5.96e-08    |
|    learning_rate        | 0.0003      |
|    loss                 | 1.41e+04    |
|    n_updates            | 335         |
|    policy_gradient_loss | -0.00282    |
|    std                  | 0.952       |
|    value_loss           | 3e+04       |
-----------------------------------------
[DEBUG] step=1 RAW ACTION: [2. 0. 0.]
[DEBUG] step=2 RAW ACTION: [2. 0. 0.]
Eval num_timesteps=35000, episode_reward=-12093.00 +/- 0.00
Episode length: 4031.00 +/- 0.00
------------------------------------------
| eval/                   |              |
|    mean_ep_length       | 4.03e+03     |
|    mean_reward          | -1.21e+04    |
| time/                   |              |
|    total_timesteps      | 35000        |
| train/                  |              |
|    approx_kl            | 0.0072708568 |
|    clip_fraction        | 0.0828       |
|    clip_range           | 0.2          |
|    entropy_loss         | -4.11        |
|    explained_variance   | 0            |
|    learning_rate        | 0.0003       |
|    loss                 | 1.22e+04     |
|    n_updates            | 340          |
|    policy_gradient_loss | -0.00197     |
|    std                  | 0.952        |
|    value_loss           | 2.56e+04     |
------------------------------------------
---------------------------------
| rollout/           |          |
|    ep_len_mean     | 1.21e+04 |
|    ep_rew_mean     | 8.92e+04 |
| time/              |          |
|    fps             | 332      |
|    iterations      | 69       |
|    time_elapsed    | 106      |
|    total_timesteps | 35328    |
---------------------------------
------------------------------------------
| rollout/                |              |
|    ep_len_mean          | 1.21e+04     |
|    ep_rew_mean          | 8.92e+04     |
| time/                   |              |
|    fps                  | 331          |
|    iterations           | 70           |
|    time_elapsed         | 108          |
|    total_timesteps      | 35840        |
| train/                  |              |
|    approx_kl            | 0.0067915395 |
|    clip_fraction        | 0.0895       |
|    clip_range           | 0.2          |
|    entropy_loss         | -4.1         |
|    explained_variance   | 5.96e-08     |
|    learning_rate        | 0.0003       |
|    loss                 | 1.23e+04     |
|    n_updates            | 345          |
|    policy_gradient_loss | -0.0031      |
|    std                  | 0.951        |
|    value_loss           | 2.83e+04     |
------------------------------------------
[DEBUG] step=1 RAW ACTION: [2. 0. 0.]
[DEBUG] step=2 RAW ACTION: [2. 0. 0.]
-----------------------------------------
| rollout/                |             |
|    ep_len_mean          | 1.21e+04    |
|    ep_rew_mean          | 1.06e+05    |
| time/                   |             |
|    fps                  | 329         |
|    iterations           | 71          |
|    time_elapsed         | 110         |
|    total_timesteps      | 36352       |
| train/                  |             |
|    approx_kl            | 0.006721058 |
|    clip_fraction        | 0.0703      |
|    clip_range           | 0.2         |
|    entropy_loss         | -4.1        |
|    explained_variance   | 0           |
|    learning_rate        | 0.0003      |
|    loss                 | 1.49e+04    |
|    n_updates            | 350         |
|    policy_gradient_loss | -0.0025     |
|    std                  | 0.948       |
|    value_loss           | 2.96e+04    |
-----------------------------------------
------------------------------------------
| rollout/                |              |
|    ep_len_mean          | 1.21e+04     |
|    ep_rew_mean          | 1.06e+05     |
| time/                   |              |
|    fps                  | 328          |
|    iterations           | 72           |
|    time_elapsed         | 112          |
|    total_timesteps      | 36864        |
| train/                  |              |
|    approx_kl            | 0.0047273403 |
|    clip_fraction        | 0.0957       |
|    clip_range           | 0.2          |
|    entropy_loss         | -4.09        |
|    explained_variance   | 0            |
|    learning_rate        | 0.0003       |
|    loss                 | 1.49e+04     |
|    n_updates            | 355          |
|    policy_gradient_loss | -0.00325     |
|    std                  | 0.946        |
|    value_loss           | 2.77e+04     |
------------------------------------------
------------------------------------------
| rollout/                |              |
|    ep_len_mean          | 1.21e+04     |
|    ep_rew_mean          | 1.06e+05     |
| time/                   |              |
|    fps                  | 326          |
|    iterations           | 73           |
|    time_elapsed         | 114          |
|    total_timesteps      | 37376        |
| train/                  |              |
|    approx_kl            | 0.0033582845 |
|    clip_fraction        | 0.0312       |
|    clip_range           | 0.2          |
|    entropy_loss         | -4.07        |
|    explained_variance   | 5.96e-08     |
|    learning_rate        | 0.0003       |
|    loss                 | 1.42e+04     |
|    n_updates            | 360          |
|    policy_gradient_loss | -3.23e-05    |
|    std                  | 0.937        |
|    value_loss           | 3.04e+04     |
------------------------------------------
-----------------------------------------
| rollout/                |             |
|    ep_len_mean          | 1.21e+04    |
|    ep_rew_mean          | 1.06e+05    |
| time/                   |             |
|    fps                  | 325         |
|    iterations           | 74          |
|    time_elapsed         | 116         |
|    total_timesteps      | 37888       |
| train/                  |             |
|    approx_kl            | 0.005046406 |
|    clip_fraction        | 0.0586      |
|    clip_range           | 0.2         |
|    entropy_loss         | -4.04       |
|    explained_variance   | 0           |
|    learning_rate        | 0.0003      |
|    loss                 | 1.68e+04    |
|    n_updates            | 365         |
|    policy_gradient_loss | -0.00286    |
|    std                  | 0.929       |
|    value_loss           | 3.38e+04    |
-----------------------------------------
------------------------------------------
| rollout/                |              |
|    ep_len_mean          | 1.21e+04     |
|    ep_rew_mean          | 1.06e+05     |
| time/                   |              |
|    fps                  | 325          |
|    iterations           | 75           |
|    time_elapsed         | 118          |
|    total_timesteps      | 38400        |
| train/                  |              |
|    approx_kl            | 0.0077006957 |
|    clip_fraction        | 0.0516       |
|    clip_range           | 0.2          |
|    entropy_loss         | -4.03        |
|    explained_variance   | -1.19e-07    |
|    learning_rate        | 0.0003       |
|    loss                 | 1.72e+04     |
|    n_updates            | 370          |
|    policy_gradient_loss | -0.00142     |
|    std                  | 0.93         |
|    value_loss           | 2.86e+04     |
------------------------------------------
-----------------------------------------
| rollout/                |             |
|    ep_len_mean          | 1.21e+04    |
|    ep_rew_mean          | 1.06e+05    |
| time/                   |             |
|    fps                  | 322         |
|    iterations           | 76          |
|    time_elapsed         | 120         |
|    total_timesteps      | 38912       |
| train/                  |             |
|    approx_kl            | 0.010629619 |
|    clip_fraction        | 0.127       |
|    clip_range           | 0.2         |
|    entropy_loss         | -4.04       |
|    explained_variance   | 0           |
|    learning_rate        | 0.0003      |
|    loss                 | 1.64e+04    |
|    n_updates            | 375         |
|    policy_gradient_loss | -0.00528    |
|    std                  | 0.93        |
|    value_loss           | 2.98e+04    |
-----------------------------------------
-----------------------------------------
| rollout/                |             |
|    ep_len_mean          | 1.21e+04    |
|    ep_rew_mean          | 1.06e+05    |
| time/                   |             |
|    fps                  | 316         |
|    iterations           | 77          |
|    time_elapsed         | 124         |
|    total_timesteps      | 39424       |
| train/                  |             |
|    approx_kl            | 0.006495026 |
|    clip_fraction        | 0.077       |
|    clip_range           | 0.2         |
|    entropy_loss         | -4.03       |
|    explained_variance   | 0           |
|    learning_rate        | 0.0003      |
|    loss                 | 1.59e+04    |
|    n_updates            | 380         |
|    policy_gradient_loss | -0.000799   |
|    std                  | 0.923       |
|    value_loss           | 3.29e+04    |
-----------------------------------------
------------------------------------------
| rollout/                |              |
|    ep_len_mean          | 1.21e+04     |
|    ep_rew_mean          | 1.06e+05     |
| time/                   |              |
|    fps                  | 313          |
|    iterations           | 78           |
|    time_elapsed         | 127          |
|    total_timesteps      | 39936        |
| train/                  |              |
|    approx_kl            | 0.0057180533 |
|    clip_fraction        | 0.0652       |
|    clip_range           | 0.2          |
|    entropy_loss         | -4.01        |
|    explained_variance   | 0            |
|    learning_rate        | 0.0003       |
|    loss                 | 1.66e+04     |
|    n_updates            | 385          |
|    policy_gradient_loss | -0.00436     |
|    std                  | 0.919        |
|    value_loss           | 3.3e+04      |
------------------------------------------
[DEBUG] step=1 RAW ACTION: [2.         0.19977961 0.        ]
[DEBUG] step=2 RAW ACTION: [2.         0.19977956 0.        ]
Eval num_timesteps=40000, episode_reward=-12093.00 +/- 0.00
Episode length: 4031.00 +/- 0.00
-----------------------------------------
| eval/                   |             |
|    mean_ep_length       | 4.03e+03    |
|    mean_reward          | -1.21e+04   |
| time/                   |             |
|    total_timesteps      | 40000       |
| train/                  |             |
|    approx_kl            | 0.010283178 |
|    clip_fraction        | 0.0996      |
|    clip_range           | 0.2         |
|    entropy_loss         | -4          |
|    explained_variance   | 0           |
|    learning_rate        | 0.0003      |
|    loss                 | 1.16e+04    |
|    n_updates            | 390         |
|    policy_gradient_loss | -0.00043    |
|    std                  | 0.92        |
|    value_loss           | 2.55e+04    |
-----------------------------------------
---------------------------------
| rollout/           |          |
|    ep_len_mean     | 1.21e+04 |
|    ep_rew_mean     | 1.06e+05 |
| time/              |          |
|    fps             | 306      |
|    iterations      | 79       |
|    time_elapsed    | 131      |
|    total_timesteps | 40448    |
---------------------------------
-----------------------------------------
| rollout/                |             |
|    ep_len_mean          | 1.21e+04    |
|    ep_rew_mean          | 1.06e+05    |
| time/                   |             |
|    fps                  | 307         |
|    iterations           | 80          |
|    time_elapsed         | 133         |
|    total_timesteps      | 40960       |
| train/                  |             |
|    approx_kl            | 0.008502003 |
|    clip_fraction        | 0.111       |
|    clip_range           | 0.2         |
|    entropy_loss         | -4.01       |
|    explained_variance   | 0           |
|    learning_rate        | 0.0003      |
|    loss                 | 1.14e+04    |
|    n_updates            | 395         |
|    policy_gradient_loss | -0.00149    |
|    std                  | 0.923       |
|    value_loss           | 2.63e+04    |
-----------------------------------------
-----------------------------------------
| rollout/                |             |
|    ep_len_mean          | 1.21e+04    |
|    ep_rew_mean          | 1.06e+05    |
| time/                   |             |
|    fps                  | 308         |
|    iterations           | 81          |
|    time_elapsed         | 134         |
|    total_timesteps      | 41472       |
| train/                  |             |
|    approx_kl            | 0.007980361 |
|    clip_fraction        | 0.113       |
|    clip_range           | 0.2         |
|    entropy_loss         | -4.01       |
|    explained_variance   | 0           |
|    learning_rate        | 0.0003      |
|    loss                 | 1.26e+04    |
|    n_updates            | 400         |
|    policy_gradient_loss | -0.00636    |
|    std                  | 0.919       |
|    value_loss           | 2.73e+04    |
-----------------------------------------
-----------------------------------------
| rollout/                |             |
|    ep_len_mean          | 1.21e+04    |
|    ep_rew_mean          | 1.06e+05    |
| time/                   |             |
|    fps                  | 309         |
|    iterations           | 82          |
|    time_elapsed         | 135         |
|    total_timesteps      | 41984       |
| train/                  |             |
|    approx_kl            | 0.008934669 |
|    clip_fraction        | 0.0906      |
|    clip_range           | 0.2         |
|    entropy_loss         | -4          |
|    explained_variance   | -1.19e-07   |
|    learning_rate        | 0.0003      |
|    loss                 | 1.55e+04    |
|    n_updates            | 405         |
|    policy_gradient_loss | -0.00585    |
|    std                  | 0.92        |
|    value_loss           | 3.18e+04    |
-----------------------------------------
-----------------------------------------
| rollout/                |             |
|    ep_len_mean          | 1.21e+04    |
|    ep_rew_mean          | 1.06e+05    |
| time/                   |             |
|    fps                  | 312         |
|    iterations           | 83          |
|    time_elapsed         | 136         |
|    total_timesteps      | 42496       |
| train/                  |             |
|    approx_kl            | 0.004272674 |
|    clip_fraction        | 0.0434      |
|    clip_range           | 0.2         |
|    entropy_loss         | -4          |
|    explained_variance   | 0           |
|    learning_rate        | 0.0003      |
|    loss                 | 1.22e+04    |
|    n_updates            | 410         |
|    policy_gradient_loss | 0.000299    |
|    std                  | 0.916       |
|    value_loss           | 2.78e+04    |
-----------------------------------------
------------------------------------------
| rollout/                |              |
|    ep_len_mean          | 1.21e+04     |
|    ep_rew_mean          | 1.06e+05     |
| time/                   |              |
|    fps                  | 314          |
|    iterations           | 84           |
|    time_elapsed         | 136          |
|    total_timesteps      | 43008        |
| train/                  |              |
|    approx_kl            | 0.0069865417 |
|    clip_fraction        | 0.0934       |
|    clip_range           | 0.2          |
|    entropy_loss         | -3.98        |
|    explained_variance   | -1.19e-07    |
|    learning_rate        | 0.0003       |
|    loss                 | 1.35e+04     |
|    n_updates            | 415          |
|    policy_gradient_loss | -0.00224     |
|    std                  | 0.913        |
|    value_loss           | 2.71e+04     |
------------------------------------------
-----------------------------------------
| rollout/                |             |
|    ep_len_mean          | 1.21e+04    |
|    ep_rew_mean          | 1.06e+05    |
| time/                   |             |
|    fps                  | 316         |
|    iterations           | 85          |
|    time_elapsed         | 137         |
|    total_timesteps      | 43520       |
| train/                  |             |
|    approx_kl            | 0.006530159 |
|    clip_fraction        | 0.0973      |
|    clip_range           | 0.2         |
|    entropy_loss         | -3.97       |
|    explained_variance   | 0           |
|    learning_rate        | 0.0003      |
|    loss                 | 1.34e+04    |
|    n_updates            | 420         |
|    policy_gradient_loss | -0.00396    |
|    std                  | 0.907       |
|    value_loss           | 2.6e+04     |
-----------------------------------------
-----------------------------------------
| rollout/                |             |
|    ep_len_mean          | 1.21e+04    |
|    ep_rew_mean          | 1.06e+05    |
| time/                   |             |
|    fps                  | 319         |
|    iterations           | 86          |
|    time_elapsed         | 137         |
|    total_timesteps      | 44032       |
| train/                  |             |
|    approx_kl            | 0.006114947 |
|    clip_fraction        | 0.0406      |
|    clip_range           | 0.2         |
|    entropy_loss         | -3.97       |
|    explained_variance   | 0           |
|    learning_rate        | 0.0003      |
|    loss                 | 1.35e+04    |
|    n_updates            | 425         |
|    policy_gradient_loss | 0.0022      |
|    std                  | 0.91        |
|    value_loss           | 2.37e+04    |
-----------------------------------------
------------------------------------------
| rollout/                |              |
|    ep_len_mean          | 1.21e+04     |
|    ep_rew_mean          | 1.06e+05     |
| time/                   |              |
|    fps                  | 321          |
|    iterations           | 87           |
|    time_elapsed         | 138          |
|    total_timesteps      | 44544        |
| train/                  |              |
|    approx_kl            | 0.0034949644 |
|    clip_fraction        | 0.0535       |
|    clip_range           | 0.2          |
|    entropy_loss         | -3.97        |
|    explained_variance   | 0            |
|    learning_rate        | 0.0003       |
|    loss                 | 1.38e+04     |
|    n_updates            | 430          |
|    policy_gradient_loss | -0.00163     |
|    std                  | 0.911        |
|    value_loss           | 2.77e+04     |
------------------------------------------
[DEBUG] step=1 RAW ACTION: [2.         0.14969106 0.        ]
[DEBUG] step=2 RAW ACTION: [2.       0.149691 0.      ]
Eval num_timesteps=45000, episode_reward=-12093.00 +/- 0.00
Episode length: 4031.00 +/- 0.00
-----------------------------------------
| eval/                   |             |
|    mean_ep_length       | 4.03e+03    |
|    mean_reward          | -1.21e+04   |
| time/                   |             |
|    total_timesteps      | 45000       |
| train/                  |             |
|    approx_kl            | 0.008441903 |
|    clip_fraction        | 0.0773      |
|    clip_range           | 0.2         |
|    entropy_loss         | -3.97       |
|    explained_variance   | 0           |
|    learning_rate        | 0.0003      |
|    loss                 | 1e+04       |
|    n_updates            | 435         |
|    policy_gradient_loss | 0.000584    |
|    std                  | 0.909       |
|    value_loss           | 2.24e+04    |
-----------------------------------------
---------------------------------
| rollout/           |          |
|    ep_len_mean     | 1.21e+04 |
|    ep_rew_mean     | 1.06e+05 |
| time/              |          |
|    fps             | 321      |
|    iterations      | 88       |
|    time_elapsed    | 140      |
|    total_timesteps | 45056    |
---------------------------------
-----------------------------------------
| rollout/                |             |
|    ep_len_mean          | 1.21e+04    |
|    ep_rew_mean          | 1.06e+05    |
| time/                   |             |
|    fps                  | 323         |
|    iterations           | 89          |
|    time_elapsed         | 140         |
|    total_timesteps      | 45568       |
| train/                  |             |
|    approx_kl            | 0.007906776 |
|    clip_fraction        | 0.0691      |
|    clip_range           | 0.2         |
|    entropy_loss         | -3.96       |
|    explained_variance   | -1.19e-07   |
|    learning_rate        | 0.0003      |
|    loss                 | 1.47e+04    |
|    n_updates            | 440         |
|    policy_gradient_loss | -0.0031     |
|    std                  | 0.905       |
|    value_loss           | 3.18e+04    |
-----------------------------------------
-----------------------------------------
| rollout/                |             |
|    ep_len_mean          | 1.21e+04    |
|    ep_rew_mean          | 1.06e+05    |
| time/                   |             |
|    fps                  | 325         |
|    iterations           | 90          |
|    time_elapsed         | 141         |
|    total_timesteps      | 46080       |
| train/                  |             |
|    approx_kl            | 0.005180896 |
|    clip_fraction        | 0.0805      |
|    clip_range           | 0.2         |
|    entropy_loss         | -3.94       |
|    explained_variance   | 0           |
|    learning_rate        | 0.0003      |
|    loss                 | 1.03e+04    |
|    n_updates            | 445         |
|    policy_gradient_loss | -0.00278    |
|    std                  | 0.898       |
|    value_loss           | 1.98e+04    |
-----------------------------------------
-----------------------------------------
| rollout/                |             |
|    ep_len_mean          | 1.21e+04    |
|    ep_rew_mean          | 1.06e+05    |
| time/                   |             |
|    fps                  | 327         |
|    iterations           | 91          |
|    time_elapsed         | 142         |
|    total_timesteps      | 46592       |
| train/                  |             |
|    approx_kl            | 0.009654195 |
|    clip_fraction        | 0.093       |
|    clip_range           | 0.2         |
|    entropy_loss         | -3.92       |
|    explained_variance   | 0           |
|    learning_rate        | 0.0003      |
|    loss                 | 1.19e+04    |
|    n_updates            | 450         |
|    policy_gradient_loss | -0.00477    |
|    std                  | 0.892       |
|    value_loss           | 2.63e+04    |
-----------------------------------------
-----------------------------------------
| rollout/                |             |
|    ep_len_mean          | 1.21e+04    |
|    ep_rew_mean          | 1.06e+05    |
| time/                   |             |
|    fps                  | 330         |
|    iterations           | 92          |
|    time_elapsed         | 142         |
|    total_timesteps      | 47104       |
| train/                  |             |
|    approx_kl            | 0.004612578 |
|    clip_fraction        | 0.0801      |
|    clip_range           | 0.2         |
|    entropy_loss         | -3.9        |
|    explained_variance   | 0           |
|    learning_rate        | 0.0003      |
|    loss                 | 8.93e+03    |
|    n_updates            | 455         |
|    policy_gradient_loss | 0.00277     |
|    std                  | 0.887       |
|    value_loss           | 1.96e+04    |
-----------------------------------------
------------------------------------------
| rollout/                |              |
|    ep_len_mean          | 1.21e+04     |
|    ep_rew_mean          | 1.06e+05     |
| time/                   |              |
|    fps                  | 332          |
|    iterations           | 93           |
|    time_elapsed         | 143          |
|    total_timesteps      | 47616        |
| train/                  |              |
|    approx_kl            | 0.0069206534 |
|    clip_fraction        | 0.0633       |
|    clip_range           | 0.2          |
|    entropy_loss         | -3.9         |
|    explained_variance   | 0            |
|    learning_rate        | 0.0003       |
|    loss                 | 1.17e+04     |
|    n_updates            | 460          |
|    policy_gradient_loss | 0.00356      |
|    std                  | 0.888        |
|    value_loss           | 2.26e+04     |
------------------------------------------
-----------------------------------------
| rollout/                |             |
|    ep_len_mean          | 1.21e+04    |
|    ep_rew_mean          | 1.06e+05    |
| time/                   |             |
|    fps                  | 334         |
|    iterations           | 94          |
|    time_elapsed         | 143         |
|    total_timesteps      | 48128       |
| train/                  |             |
|    approx_kl            | 0.001970887 |
|    clip_fraction        | 0.0324      |
|    clip_range           | 0.2         |
|    entropy_loss         | -3.9        |
|    explained_variance   | 0           |
|    learning_rate        | 0.0003      |
|    loss                 | 1.4e+04     |
|    n_updates            | 465         |
|    policy_gradient_loss | -0.000499   |
|    std                  | 0.891       |
|    value_loss           | 2.68e+04    |
-----------------------------------------
[DEBUG] step=1 RAW ACTION: [2. 0. 0.]
[DEBUG] step=2 RAW ACTION: [2. 0. 0.]
------------------------------------------
| rollout/                |              |
|    ep_len_mean          | 1.21e+04     |
|    ep_rew_mean          | 1.16e+05     |
| time/                   |              |
|    fps                  | 336          |
|    iterations           | 95           |
|    time_elapsed         | 144          |
|    total_timesteps      | 48640        |
| train/                  |              |
|    approx_kl            | 0.0031586182 |
|    clip_fraction        | 0.0172       |
|    clip_range           | 0.2          |
|    entropy_loss         | -3.91        |
|    explained_variance   | 0            |
|    learning_rate        | 0.0003       |
|    loss                 | 1.31e+04     |
|    n_updates            | 470          |
|    policy_gradient_loss | 0.00339      |
|    std                  | 0.891        |
|    value_loss           | 2.93e+04     |
------------------------------------------
-----------------------------------------
| rollout/                |             |
|    ep_len_mean          | 1.21e+04    |
|    ep_rew_mean          | 1.16e+05    |
| time/                   |             |
|    fps                  | 338         |
|    iterations           | 96          |
|    time_elapsed         | 145         |
|    total_timesteps      | 49152       |
| train/                  |             |
|    approx_kl            | 0.007082333 |
|    clip_fraction        | 0.108       |
|    clip_range           | 0.2         |
|    entropy_loss         | -3.9        |
|    explained_variance   | 0           |
|    learning_rate        | 0.0003      |
|    loss                 | 1.08e+04    |
|    n_updates            | 475         |
|    policy_gradient_loss | -0.000644   |
|    std                  | 0.886       |
|    value_loss           | 2.08e+04    |
-----------------------------------------
-----------------------------------------
| rollout/                |             |
|    ep_len_mean          | 1.21e+04    |
|    ep_rew_mean          | 1.16e+05    |
| time/                   |             |
|    fps                  | 341         |
|    iterations           | 97          |
|    time_elapsed         | 145         |
|    total_timesteps      | 49664       |
| train/                  |             |
|    approx_kl            | 0.009810054 |
|    clip_fraction        | 0.129       |
|    clip_range           | 0.2         |
|    entropy_loss         | -3.88       |
|    explained_variance   | -1.19e-07   |
|    learning_rate        | 0.0003      |
|    loss                 | 1.17e+04    |
|    n_updates            | 480         |
|    policy_gradient_loss | -0.00611    |
|    std                  | 0.882       |
|    value_loss           | 2.86e+04    |
-----------------------------------------
[DEBUG] step=1 RAW ACTION: [2.         0.10142327 0.        ]
[DEBUG] step=2 RAW ACTION: [2.         0.10142325 0.        ]
Eval num_timesteps=50000, episode_reward=-12093.00 +/- 0.00
Episode length: 4031.00 +/- 0.00
-----------------------------------------
| eval/                   |             |
|    mean_ep_length       | 4.03e+03    |
|    mean_reward          | -1.21e+04   |
| time/                   |             |
|    total_timesteps      | 50000       |
| train/                  |             |
|    approx_kl            | 0.008700844 |
|    clip_fraction        | 0.108       |
|    clip_range           | 0.2         |
|    entropy_loss         | -3.88       |
|    explained_variance   | 0           |
|    learning_rate        | 0.0003      |
|    loss                 | 1.11e+04    |
|    n_updates            | 485         |
|    policy_gradient_loss | -0.00423    |
|    std                  | 0.883       |
|    value_loss           | 2.42e+04    |
-----------------------------------------
---------------------------------
| rollout/           |          |
|    ep_len_mean     | 1.21e+04 |
|    ep_rew_mean     | 1.16e+05 |
| time/              |          |
|    fps             | 338      |
|    iterations      | 98       |
|    time_elapsed    | 148      |
|    total_timesteps | 50176    |
---------------------------------
 100% ━━━━━━━━━━━━━━━━━━━━━━━━━━━━━━━━━━━━━━━━━━━━━━━━━━━━━━━━━━━━━━━━━━━━━━━━━━━━━━━━━━━━━━━━━━━━━━━━━━━━━━━━━━━━━ 50,176/50,000  [ 0:02:28 < 0:00:00 , 415 it/s ]
✓ Model saved to models/final_model

======================================================================
PHASE 2: Validation on val set
======================================================================

Evaluating...
[DEBUG] step=1 RAW ACTION: [2.         0.10757003 0.        ]
[DEBUG] step=2 RAW ACTION: [2.      0.10757 0.     ]
  [DEV] No trades closed

Evaluation Results:
  Total Return: 0.00%
  Final Portfolio Value: $100.00
  Max Portfolio Value: $100.00
  Total Reward: -12093.00
  Steps: 4031
  Trades: 0 | Win Rate: 0.0%
  Realized PnL: $0.00 | Unrealized: $0.00

======================================================================
PHASE 3: Testing on test set
======================================================================

Evaluating...
[DEBUG] step=1 RAW ACTION: [2.        0.1075751 0.       ]
[DEBUG] step=2 RAW ACTION: [2.         0.10757512 0.        ]
  [TEST] No trades closed

Evaluation Results:
  Total Return: 0.00%
  Final Portfolio Value: $100.00
  Max Portfolio Value: $100.00
  Total Reward: -12096.00
  Steps: 4032
  Trades: 0 | Win Rate: 0.0%
  Realized PnL: $0.00 | Unrealized: $0.00

======================================================================
BACKTEST SUMMARY
======================================================================
Val Trades:    0 | WR:   0.0% | Return:   0.00%
Test Trades:   0 | WR:   0.0% | Return:   0.00%
======================================================================

