Loading 14 days of data...
✓ Loaded 60483 rows from 3 symbols

/home/konstantin/dev/crypto_rl/rl_trader.py:873: FutureWarning: The default of observed=False is deprecated and will be changed to True in a future version of pandas. Pass observed=False to retain current behavior or observed=True to adopt the future default and silence this warning.
  for symbol, group in data.groupby('symbol', sort=False):

======================================================================
                 3-WAY BACKTEST (Train / Val / Test)                  
======================================================================
Train:  36288 rows ( 3 symbols) 1768694340000000 → 1769420040000000
Val:    12096 rows ( 3 symbols) 1769420100000000 → 1769661960000000
Test:   12099 rows ( 3 symbols) 1769662020000000 → 1769903940000000
======================================================================

Train env: 36288 rows, 3 symbols
Eval env: 12096 rows, 3 symbols
PHASE 1: Training on train set with val monitoring...
Using cpu device
Wrapping the env with a `Monitor` wrapper
Wrapping the env in a DummyVecEnv.
Created new PPO model (device=cpu)
  Hyperparameters:
    learning_rate=0.0003, batch_size=16
    n_steps=512, n_epochs=5
    policy_arch=[256, 128, 64]

Training for 50000 timesteps...
[DEBUG] step=1 RAW ACTION: [1.0457815  0.23787858 1.        ]
[DEBUG] step=2 RAW ACTION: [0.         0.19132337 1.        ]
-----------------------------
| time/              |      |
|    fps             | 1072 |
|    iterations      | 1    |
|    time_elapsed    | 0    |
|    total_timesteps | 512  |
-----------------------------
------------------------------------------
| time/                   |              |
|    fps                  | 371          |
|    iterations           | 2            |
|    time_elapsed         | 2            |
|    total_timesteps      | 1024         |
| train/                  |              |
|    approx_kl            | 0.0033060256 |
|    clip_fraction        | 0.0734       |
|    clip_range           | 0.2          |
|    entropy_loss         | -4.26        |
|    explained_variance   | -0.000274    |
|    learning_rate        | 0.0003       |
|    loss                 | 3.58         |
|    n_updates            | 5            |
|    policy_gradient_loss | -0.00972     |
|    std                  | 1            |
|    value_loss           | 9.38         |
------------------------------------------
------------------------------------------
| time/                   |              |
|    fps                  | 183          |
|    iterations           | 3            |
|    time_elapsed         | 8            |
|    total_timesteps      | 1536         |
| train/                  |              |
|    approx_kl            | 0.0011204021 |
|    clip_fraction        | 0.0211       |
|    clip_range           | 0.2          |
|    entropy_loss         | -4.26        |
|    explained_variance   | -0.000573    |
|    learning_rate        | 0.0003       |
|    loss                 | 7.33         |
|    n_updates            | 10           |
|    policy_gradient_loss | -0.00308     |
|    std                  | 1            |
|    value_loss           | 17.7         |
------------------------------------------
-----------------------------------------
| time/                   |             |
|    fps                  | 155         |
|    iterations           | 4           |
|    time_elapsed         | 13          |
|    total_timesteps      | 2048        |
| train/                  |             |
|    approx_kl            | 0.007833786 |
|    clip_fraction        | 0.0555      |
|    clip_range           | 0.2         |
|    entropy_loss         | -4.27       |
|    explained_variance   | 1.21e-05    |
|    learning_rate        | 0.0003      |
|    loss                 | 2.91        |
|    n_updates            | 15          |
|    policy_gradient_loss | -0.00614    |
|    std                  | 1.01        |
|    value_loss           | 19.3        |
-----------------------------------------
------------------------------------------
| time/                   |              |
|    fps                  | 163          |
|    iterations           | 5            |
|    time_elapsed         | 15           |
|    total_timesteps      | 2560         |
| train/                  |              |
|    approx_kl            | 0.0021993802 |
|    clip_fraction        | 0.0156       |
|    clip_range           | 0.2          |
|    entropy_loss         | -4.28        |
|    explained_variance   | -7.15e-07    |
|    learning_rate        | 0.0003       |
|    loss                 | 1.92         |
|    n_updates            | 20           |
|    policy_gradient_loss | -0.00229     |
|    std                  | 1.01         |
|    value_loss           | 17.4         |
------------------------------------------
-----------------------------------------
| time/                   |             |
|    fps                  | 173         |
|    iterations           | 6           |
|    time_elapsed         | 17          |
|    total_timesteps      | 3072        |
| train/                  |             |
|    approx_kl            | 0.008042145 |
|    clip_fraction        | 0.0848      |
|    clip_range           | 0.2         |
|    entropy_loss         | -4.29       |
|    explained_variance   | 2.38e-07    |
|    learning_rate        | 0.0003      |
|    loss                 | 12.5        |
|    n_updates            | 25          |
|    policy_gradient_loss | -0.0145     |
|    std                  | 1.01        |
|    value_loss           | 41.3        |
-----------------------------------------
-----------------------------------------
| time/                   |             |
|    fps                  | 180         |
|    iterations           | 7           |
|    time_elapsed         | 19          |
|    total_timesteps      | 3584        |
| train/                  |             |
|    approx_kl            | 0.009592757 |
|    clip_fraction        | 0.123       |
|    clip_range           | 0.2         |
|    entropy_loss         | -4.29       |
|    explained_variance   | 8.94e-07    |
|    learning_rate        | 0.0003      |
|    loss                 | 1.88        |
|    n_updates            | 30          |
|    policy_gradient_loss | -0.00961    |
|    std                  | 1.02        |
|    value_loss           | 16.4        |
-----------------------------------------
-----------------------------------------
| time/                   |             |
|    fps                  | 185         |
|    iterations           | 8           |
|    time_elapsed         | 22          |
|    total_timesteps      | 4096        |
| train/                  |             |
|    approx_kl            | 0.008681812 |
|    clip_fraction        | 0.0977      |
|    clip_range           | 0.2         |
|    entropy_loss         | -4.3        |
|    explained_variance   | 1.19e-07    |
|    learning_rate        | 0.0003      |
|    loss                 | 10.1        |
|    n_updates            | 35          |
|    policy_gradient_loss | -0.013      |
|    std                  | 1.01        |
|    value_loss           | 38          |
-----------------------------------------
-----------------------------------------
| time/                   |             |
|    fps                  | 192         |
|    iterations           | 9           |
|    time_elapsed         | 23          |
|    total_timesteps      | 4608        |
| train/                  |             |
|    approx_kl            | 0.011681436 |
|    clip_fraction        | 0.126       |
|    clip_range           | 0.2         |
|    entropy_loss         | -4.3        |
|    explained_variance   | 0           |
|    learning_rate        | 0.0003      |
|    loss                 | 20.7        |
|    n_updates            | 40          |
|    policy_gradient_loss | -0.0216     |
|    std                  | 1.02        |
|    value_loss           | 73          |
-----------------------------------------
/home/konstantin/dev/crypto_rl/.conda/lib/python3.12/site-packages/stable_baselines3/common/evaluation.py:70: UserWarning: Evaluation environment is not wrapped with a ``Monitor`` wrapper. This may result in reporting modified episode lengths and rewards, if other wrappers happen to modify these. Consider wrapping environment first with ``Monitor`` wrapper.
  warnings.warn(
[DEBUG] step=1 RAW ACTION: [0.9029436  0.07641452 0.        ]
[DEBUG] step=2 RAW ACTION: [0.90294266 0.07641452 0.        ]
Eval num_timesteps=5000, episode_reward=-403.10 +/- 0.00
Episode length: 4031.00 +/- 0.00
-----------------------------------------
| eval/                   |             |
|    mean_ep_length       | 4.03e+03    |
|    mean_reward          | -403        |
| time/                   |             |
|    total_timesteps      | 5000        |
| train/                  |             |
|    approx_kl            | 0.012670813 |
|    clip_fraction        | 0.108       |
|    clip_range           | 0.2         |
|    entropy_loss         | -4.3        |
|    explained_variance   | -1.19e-07   |
|    learning_rate        | 0.0003      |
|    loss                 | 41.3        |
|    n_updates            | 45          |
|    policy_gradient_loss | -0.00378    |
|    std                  | 1.02        |
|    value_loss           | 212         |
-----------------------------------------
New best mean reward!
-----------------------------
| time/              |      |
|    fps             | 172  |
|    iterations      | 10   |
|    time_elapsed    | 29   |
|    total_timesteps | 5120 |
-----------------------------
-----------------------------------------
| time/                   |             |
|    fps                  | 172         |
|    iterations           | 11          |
|    time_elapsed         | 32          |
|    total_timesteps      | 5632        |
| train/                  |             |
|    approx_kl            | 0.016619839 |
|    clip_fraction        | 0.166       |
|    clip_range           | 0.2         |
|    entropy_loss         | -4.31       |
|    explained_variance   | 1.19e-07    |
|    learning_rate        | 0.0003      |
|    loss                 | 33.6        |
|    n_updates            | 50          |
|    policy_gradient_loss | -0.0233     |
|    std                  | 1.02        |
|    value_loss           | 127         |
-----------------------------------------
-----------------------------------------
| time/                   |             |
|    fps                  | 171         |
|    iterations           | 12          |
|    time_elapsed         | 35          |
|    total_timesteps      | 6144        |
| train/                  |             |
|    approx_kl            | 0.016160004 |
|    clip_fraction        | 0.151       |
|    clip_range           | 0.2         |
|    entropy_loss         | -4.31       |
|    explained_variance   | 5.96e-08    |
|    learning_rate        | 0.0003      |
|    loss                 | 99.8        |
|    n_updates            | 55          |
|    policy_gradient_loss | -0.0219     |
|    std                  | 1.02        |
|    value_loss           | 202         |
-----------------------------------------
-----------------------------------------
| time/                   |             |
|    fps                  | 175         |
|    iterations           | 13          |
|    time_elapsed         | 37          |
|    total_timesteps      | 6656        |
| train/                  |             |
|    approx_kl            | 0.015645424 |
|    clip_fraction        | 0.156       |
|    clip_range           | 0.2         |
|    entropy_loss         | -4.31       |
|    explained_variance   | 1.19e-07    |
|    learning_rate        | 0.0003      |
|    loss                 | 136         |
|    n_updates            | 60          |
|    policy_gradient_loss | -0.0225     |
|    std                  | 1.02        |
|    value_loss           | 338         |
-----------------------------------------
-----------------------------------------
| time/                   |             |
|    fps                  | 185         |
|    iterations           | 14          |
|    time_elapsed         | 38          |
|    total_timesteps      | 7168        |
| train/                  |             |
|    approx_kl            | 0.015163517 |
|    clip_fraction        | 0.138       |
|    clip_range           | 0.2         |
|    entropy_loss         | -4.31       |
|    explained_variance   | 1.19e-07    |
|    learning_rate        | 0.0003      |
|    loss                 | 162         |
|    n_updates            | 65          |
|    policy_gradient_loss | -0.0197     |
|    std                  | 1.02        |
|    value_loss           | 475         |
-----------------------------------------
-----------------------------------------
| time/                   |             |
|    fps                  | 196         |
|    iterations           | 15          |
|    time_elapsed         | 39          |
|    total_timesteps      | 7680        |
| train/                  |             |
|    approx_kl            | 0.012381062 |
|    clip_fraction        | 0.12        |
|    clip_range           | 0.2         |
|    entropy_loss         | -4.31       |
|    explained_variance   | 1.19e-07    |
|    learning_rate        | 0.0003      |
|    loss                 | 324         |
|    n_updates            | 70          |
|    policy_gradient_loss | -0.0194     |
|    std                  | 1.02        |
|    value_loss           | 721         |
-----------------------------------------
----------------------------------------
| time/                   |            |
|    fps                  | 206        |
|    iterations           | 16         |
|    time_elapsed         | 39         |
|    total_timesteps      | 8192       |
| train/                  |            |
|    approx_kl            | 0.01582305 |
|    clip_fraction        | 0.164      |
|    clip_range           | 0.2        |
|    entropy_loss         | -4.31      |
|    explained_variance   | 0          |
|    learning_rate        | 0.0003     |
|    loss                 | 363        |
|    n_updates            | 75         |
|    policy_gradient_loss | -0.0255    |
|    std                  | 1.02       |
|    value_loss           | 742        |
----------------------------------------
-----------------------------------------
| time/                   |             |
|    fps                  | 216         |
|    iterations           | 17          |
|    time_elapsed         | 40          |
|    total_timesteps      | 8704        |
| train/                  |             |
|    approx_kl            | 0.008596627 |
|    clip_fraction        | 0.0594      |
|    clip_range           | 0.2         |
|    entropy_loss         | -4.31       |
|    explained_variance   | -1.19e-07   |
|    learning_rate        | 0.0003      |
|    loss                 | 419         |
|    n_updates            | 80          |
|    policy_gradient_loss | -0.00835    |
|    std                  | 1.02        |
|    value_loss           | 731         |
-----------------------------------------
-----------------------------------------
| time/                   |             |
|    fps                  | 222         |
|    iterations           | 18          |
|    time_elapsed         | 41          |
|    total_timesteps      | 9216        |
| train/                  |             |
|    approx_kl            | 0.010107586 |
|    clip_fraction        | 0.0711      |
|    clip_range           | 0.2         |
|    entropy_loss         | -4.31       |
|    explained_variance   | 0           |
|    learning_rate        | 0.0003      |
|    loss                 | 452         |
|    n_updates            | 85          |
|    policy_gradient_loss | -0.0115     |
|    std                  | 1.02        |
|    value_loss           | 1.01e+03    |
-----------------------------------------
-----------------------------------------
| time/                   |             |
|    fps                  | 229         |
|    iterations           | 19          |
|    time_elapsed         | 42          |
|    total_timesteps      | 9728        |
| train/                  |             |
|    approx_kl            | 0.004768879 |
|    clip_fraction        | 0.0125      |
|    clip_range           | 0.2         |
|    entropy_loss         | -4.31       |
|    explained_variance   | 5.96e-08    |
|    learning_rate        | 0.0003      |
|    loss                 | 685         |
|    n_updates            | 90          |
|    policy_gradient_loss | -0.00278    |
|    std                  | 1.02        |
|    value_loss           | 1.35e+03    |
-----------------------------------------
[DEBUG] step=1 RAW ACTION: [2.        0.2815874 0.       ]
[DEBUG] step=2 RAW ACTION: [2.         0.28158733 0.        ]
Eval num_timesteps=10000, episode_reward=0.00 +/- 0.00
Episode length: 4031.00 +/- 0.00
-----------------------------------------
| eval/                   |             |
|    mean_ep_length       | 4.03e+03    |
|    mean_reward          | 0           |
| time/                   |             |
|    total_timesteps      | 10000       |
| train/                  |             |
|    approx_kl            | 0.009659842 |
|    clip_fraction        | 0.0988      |
|    clip_range           | 0.2         |
|    entropy_loss         | -4.31       |
|    explained_variance   | 0           |
|    learning_rate        | 0.0003      |
|    loss                 | 833         |
|    n_updates            | 95          |
|    policy_gradient_loss | -0.0138     |
|    std                  | 1.02        |
|    value_loss           | 1.54e+03    |
-----------------------------------------
New best mean reward!
------------------------------
| time/              |       |
|    fps             | 231   |
|    iterations      | 20    |
|    time_elapsed    | 44    |
|    total_timesteps | 10240 |
------------------------------
------------------------------------------
| time/                   |              |
|    fps                  | 239          |
|    iterations           | 21           |
|    time_elapsed         | 44           |
|    total_timesteps      | 10752        |
| train/                  |              |
|    approx_kl            | 0.0064999256 |
|    clip_fraction        | 0.0437       |
|    clip_range           | 0.2          |
|    entropy_loss         | -4.3         |
|    explained_variance   | 0            |
|    learning_rate        | 0.0003       |
|    loss                 | 842          |
|    n_updates            | 100          |
|    policy_gradient_loss | -0.00877     |
|    std                  | 1.02         |
|    value_loss           | 2.01e+03     |
------------------------------------------
------------------------------------------
| time/                   |              |
|    fps                  | 245          |
|    iterations           | 22           |
|    time_elapsed         | 45           |
|    total_timesteps      | 11264        |
| train/                  |              |
|    approx_kl            | 0.0024075464 |
|    clip_fraction        | 0.00117      |
|    clip_range           | 0.2          |
|    entropy_loss         | -4.3         |
|    explained_variance   | 0            |
|    learning_rate        | 0.0003       |
|    loss                 | 876          |
|    n_updates            | 105          |
|    policy_gradient_loss | -0.00107     |
|    std                  | 1.02         |
|    value_loss           | 1.76e+03     |
------------------------------------------
------------------------------------------
| time/                   |              |
|    fps                  | 252          |
|    iterations           | 23           |
|    time_elapsed         | 46           |
|    total_timesteps      | 11776        |
| train/                  |              |
|    approx_kl            | 0.0079187285 |
|    clip_fraction        | 0.0668       |
|    clip_range           | 0.2          |
|    entropy_loss         | -4.3         |
|    explained_variance   | 5.96e-08     |
|    learning_rate        | 0.0003       |
|    loss                 | 796          |
|    n_updates            | 110          |
|    policy_gradient_loss | -0.00815     |
|    std                  | 1.02         |
|    value_loss           | 1.47e+03     |
------------------------------------------
[DEBUG] step=1 RAW ACTION: [2. 0. 0.]
[DEBUG] step=2 RAW ACTION: [2.         0.81413394 0.        ]
-----------------------------------------
| rollout/                |             |
|    ep_len_mean          | 1.21e+04    |
|    ep_rew_mean          | 2.06e+04    |
| time/                   |             |
|    fps                  | 258         |
|    iterations           | 24          |
|    time_elapsed         | 47          |
|    total_timesteps      | 12288       |
| train/                  |             |
|    approx_kl            | 0.005393983 |
|    clip_fraction        | 0.0219      |
|    clip_range           | 0.2         |
|    entropy_loss         | -4.3        |
|    explained_variance   | -2.38e-07   |
|    learning_rate        | 0.0003      |
|    loss                 | 966         |
|    n_updates            | 115         |
|    policy_gradient_loss | -0.00422    |
|    std                  | 1.02        |
|    value_loss           | 1.91e+03    |
-----------------------------------------
-----------------------------------------
| rollout/                |             |
|    ep_len_mean          | 1.21e+04    |
|    ep_rew_mean          | 2.06e+04    |
| time/                   |             |
|    fps                  | 266         |
|    iterations           | 25          |
|    time_elapsed         | 48          |
|    total_timesteps      | 12800       |
| train/                  |             |
|    approx_kl            | 0.004660134 |
|    clip_fraction        | 0.0121      |
|    clip_range           | 0.2         |
|    entropy_loss         | -4.3        |
|    explained_variance   | 0           |
|    learning_rate        | 0.0003      |
|    loss                 | 723         |
|    n_updates            | 120         |
|    policy_gradient_loss | -0.00133    |
|    std                  | 1.01        |
|    value_loss           | 1.47e+03    |
-----------------------------------------
----------------------------------------
| rollout/                |            |
|    ep_len_mean          | 1.21e+04   |
|    ep_rew_mean          | 2.06e+04   |
| time/                   |            |
|    fps                  | 271        |
|    iterations           | 26         |
|    time_elapsed         | 49         |
|    total_timesteps      | 13312      |
| train/                  |            |
|    approx_kl            | 0.00507796 |
|    clip_fraction        | 0.0395     |
|    clip_range           | 0.2        |
|    entropy_loss         | -4.3       |
|    explained_variance   | 4.77e-07   |
|    learning_rate        | 0.0003     |
|    loss                 | 643        |
|    n_updates            | 125        |
|    policy_gradient_loss | -0.00466   |
|    std                  | 1.01       |
|    value_loss           | 1.49e+03   |
----------------------------------------
------------------------------------------
| rollout/                |              |
|    ep_len_mean          | 1.21e+04     |
|    ep_rew_mean          | 2.06e+04     |
| time/                   |              |
|    fps                  | 277          |
|    iterations           | 27           |
|    time_elapsed         | 49           |
|    total_timesteps      | 13824        |
| train/                  |              |
|    approx_kl            | 0.0061272383 |
|    clip_fraction        | 0.0414       |
|    clip_range           | 0.2          |
|    entropy_loss         | -4.3         |
|    explained_variance   | 2.98e-07     |
|    learning_rate        | 0.0003       |
|    loss                 | 729          |
|    n_updates            | 130          |
|    policy_gradient_loss | -0.00473     |
|    std                  | 1.01         |
|    value_loss           | 1.66e+03     |
------------------------------------------
------------------------------------------
| rollout/                |              |
|    ep_len_mean          | 1.21e+04     |
|    ep_rew_mean          | 2.06e+04     |
| time/                   |              |
|    fps                  | 283          |
|    iterations           | 28           |
|    time_elapsed         | 50           |
|    total_timesteps      | 14336        |
| train/                  |              |
|    approx_kl            | 0.0048900875 |
|    clip_fraction        | 0.0621       |
|    clip_range           | 0.2          |
|    entropy_loss         | -4.29        |
|    explained_variance   | 0            |
|    learning_rate        | 0.0003       |
|    loss                 | 599          |
|    n_updates            | 135          |
|    policy_gradient_loss | -0.00735     |
|    std                  | 1.01         |
|    value_loss           | 1.36e+03     |
------------------------------------------
-----------------------------------------
| rollout/                |             |
|    ep_len_mean          | 1.21e+04    |
|    ep_rew_mean          | 2.06e+04    |
| time/                   |             |
|    fps                  | 288         |
|    iterations           | 29          |
|    time_elapsed         | 51          |
|    total_timesteps      | 14848       |
| train/                  |             |
|    approx_kl            | 0.006029287 |
|    clip_fraction        | 0.0383      |
|    clip_range           | 0.2         |
|    entropy_loss         | -4.29       |
|    explained_variance   | 0           |
|    learning_rate        | 0.0003      |
|    loss                 | 888         |
|    n_updates            | 140         |
|    policy_gradient_loss | -0.00326    |
|    std                  | 1.01        |
|    value_loss           | 1.76e+03    |
-----------------------------------------
[DEBUG] step=1 RAW ACTION: [2.        0.3601829 0.       ]
[DEBUG] step=2 RAW ACTION: [2.         0.36018285 0.        ]
Eval num_timesteps=15000, episode_reward=0.00 +/- 0.00
Episode length: 4031.00 +/- 0.00
------------------------------------------
| eval/                   |              |
|    mean_ep_length       | 4.03e+03     |
|    mean_reward          | 0            |
| time/                   |              |
|    total_timesteps      | 15000        |
| train/                  |              |
|    approx_kl            | 0.0047071176 |
|    clip_fraction        | 0.0441       |
|    clip_range           | 0.2          |
|    entropy_loss         | -4.29        |
|    explained_variance   | 0            |
|    learning_rate        | 0.0003       |
|    loss                 | 590          |
|    n_updates            | 145          |
|    policy_gradient_loss | -0.00365     |
|    std                  | 1.01         |
|    value_loss           | 1.54e+03     |
------------------------------------------
---------------------------------
| rollout/           |          |
|    ep_len_mean     | 1.21e+04 |
|    ep_rew_mean     | 2.06e+04 |
| time/              |          |
|    fps             | 284      |
|    iterations      | 30       |
|    time_elapsed    | 54       |
|    total_timesteps | 15360    |
---------------------------------
-----------------------------------------
| rollout/                |             |
|    ep_len_mean          | 1.21e+04    |
|    ep_rew_mean          | 2.06e+04    |
| time/                   |             |
|    fps                  | 288         |
|    iterations           | 31          |
|    time_elapsed         | 54          |
|    total_timesteps      | 15872       |
| train/                  |             |
|    approx_kl            | 0.006092881 |
|    clip_fraction        | 0.059       |
|    clip_range           | 0.2         |
|    entropy_loss         | -4.29       |
|    explained_variance   | 0           |
|    learning_rate        | 0.0003      |
|    loss                 | 934         |
|    n_updates            | 150         |
|    policy_gradient_loss | -0.00631    |
|    std                  | 1.01        |
|    value_loss           | 2.09e+03    |
-----------------------------------------
-----------------------------------------
| rollout/                |             |
|    ep_len_mean          | 1.21e+04    |
|    ep_rew_mean          | 2.06e+04    |
| time/                   |             |
|    fps                  | 292         |
|    iterations           | 32          |
|    time_elapsed         | 55          |
|    total_timesteps      | 16384       |
| train/                  |             |
|    approx_kl            | 0.009845277 |
|    clip_fraction        | 0.119       |
|    clip_range           | 0.2         |
|    entropy_loss         | -4.29       |
|    explained_variance   | 5.96e-08    |
|    learning_rate        | 0.0003      |
|    loss                 | 794         |
|    n_updates            | 155         |
|    policy_gradient_loss | -0.0116     |
|    std                  | 1.01        |
|    value_loss           | 1.71e+03    |
-----------------------------------------
-----------------------------------------
| rollout/                |             |
|    ep_len_mean          | 1.21e+04    |
|    ep_rew_mean          | 2.06e+04    |
| time/                   |             |
|    fps                  | 296         |
|    iterations           | 33          |
|    time_elapsed         | 56          |
|    total_timesteps      | 16896       |
| train/                  |             |
|    approx_kl            | 0.006321697 |
|    clip_fraction        | 0.0473      |
|    clip_range           | 0.2         |
|    entropy_loss         | -4.29       |
|    explained_variance   | 1.19e-07    |
|    learning_rate        | 0.0003      |
|    loss                 | 777         |
|    n_updates            | 160         |
|    policy_gradient_loss | -0.00285    |
|    std                  | 1.01        |
|    value_loss           | 1.95e+03    |
-----------------------------------------
------------------------------------------
| rollout/                |              |
|    ep_len_mean          | 1.21e+04     |
|    ep_rew_mean          | 2.06e+04     |
| time/                   |              |
|    fps                  | 302          |
|    iterations           | 34           |
|    time_elapsed         | 57           |
|    total_timesteps      | 17408        |
| train/                  |              |
|    approx_kl            | 0.0071032164 |
|    clip_fraction        | 0.057        |
|    clip_range           | 0.2          |
|    entropy_loss         | -4.29        |
|    explained_variance   | -1.19e-07    |
|    learning_rate        | 0.0003       |
|    loss                 | 908          |
|    n_updates            | 165          |
|    policy_gradient_loss | -0.00488     |
|    std                  | 1.01         |
|    value_loss           | 2.07e+03     |
------------------------------------------
-----------------------------------------
| rollout/                |             |
|    ep_len_mean          | 1.21e+04    |
|    ep_rew_mean          | 2.06e+04    |
| time/                   |             |
|    fps                  | 306         |
|    iterations           | 35          |
|    time_elapsed         | 58          |
|    total_timesteps      | 17920       |
| train/                  |             |
|    approx_kl            | 0.007762705 |
|    clip_fraction        | 0.101       |
|    clip_range           | 0.2         |
|    entropy_loss         | -4.29       |
|    explained_variance   | 0           |
|    learning_rate        | 0.0003      |
|    loss                 | 816         |
|    n_updates            | 170         |
|    policy_gradient_loss | -0.0091     |
|    std                  | 1.01        |
|    value_loss           | 1.93e+03    |
-----------------------------------------
------------------------------------------
| rollout/                |              |
|    ep_len_mean          | 1.21e+04     |
|    ep_rew_mean          | 2.06e+04     |
| time/                   |              |
|    fps                  | 311          |
|    iterations           | 36           |
|    time_elapsed         | 59           |
|    total_timesteps      | 18432        |
| train/                  |              |
|    approx_kl            | 0.0071063144 |
|    clip_fraction        | 0.0402       |
|    clip_range           | 0.2          |
|    entropy_loss         | -4.28        |
|    explained_variance   | 0            |
|    learning_rate        | 0.0003       |
|    loss                 | 751          |
|    n_updates            | 175          |
|    policy_gradient_loss | -0.00303     |
|    std                  | 1.01         |
|    value_loss           | 2.22e+03     |
------------------------------------------
------------------------------------------
| rollout/                |              |
|    ep_len_mean          | 1.21e+04     |
|    ep_rew_mean          | 2.06e+04     |
| time/                   |              |
|    fps                  | 316          |
|    iterations           | 37           |
|    time_elapsed         | 59           |
|    total_timesteps      | 18944        |
| train/                  |              |
|    approx_kl            | 0.0044818153 |
|    clip_fraction        | 0.0187       |
|    clip_range           | 0.2          |
|    entropy_loss         | -4.28        |
|    explained_variance   | 0            |
|    learning_rate        | 0.0003       |
|    loss                 | 1.16e+03     |
|    n_updates            | 180          |
|    policy_gradient_loss | -0.00107     |
|    std                  | 1.01         |
|    value_loss           | 2.6e+03      |
------------------------------------------
-----------------------------------------
| rollout/                |             |
|    ep_len_mean          | 1.21e+04    |
|    ep_rew_mean          | 2.06e+04    |
| time/                   |             |
|    fps                  | 321         |
|    iterations           | 38          |
|    time_elapsed         | 60          |
|    total_timesteps      | 19456       |
| train/                  |             |
|    approx_kl            | 0.008751108 |
|    clip_fraction        | 0.104       |
|    clip_range           | 0.2         |
|    entropy_loss         | -4.27       |
|    explained_variance   | -3.58e-07   |
|    learning_rate        | 0.0003      |
|    loss                 | 1.02e+03    |
|    n_updates            | 185         |
|    policy_gradient_loss | -0.0089     |
|    std                  | 1           |
|    value_loss           | 2.19e+03    |
-----------------------------------------
-----------------------------------------
| rollout/                |             |
|    ep_len_mean          | 1.21e+04    |
|    ep_rew_mean          | 2.06e+04    |
| time/                   |             |
|    fps                  | 327         |
|    iterations           | 39          |
|    time_elapsed         | 61          |
|    total_timesteps      | 19968       |
| train/                  |             |
|    approx_kl            | 0.003786319 |
|    clip_fraction        | 0.0195      |
|    clip_range           | 0.2         |
|    entropy_loss         | -4.26       |
|    explained_variance   | 0           |
|    learning_rate        | 0.0003      |
|    loss                 | 1.16e+03    |
|    n_updates            | 190         |
|    policy_gradient_loss | -0.00167    |
|    std                  | 1           |
|    value_loss           | 2.32e+03    |
-----------------------------------------
[DEBUG] step=1 RAW ACTION: [2.         0.22906338 0.        ]
[DEBUG] step=2 RAW ACTION: [2.         0.22906335 0.        ]
Eval num_timesteps=20000, episode_reward=0.00 +/- 0.00
Episode length: 4031.00 +/- 0.00
-----------------------------------------
| eval/                   |             |
|    mean_ep_length       | 4.03e+03    |
|    mean_reward          | 0           |
| time/                   |             |
|    total_timesteps      | 20000       |
| train/                  |             |
|    approx_kl            | 0.006024173 |
|    clip_fraction        | 0.0633      |
|    clip_range           | 0.2         |
|    entropy_loss         | -4.26       |
|    explained_variance   | 0           |
|    learning_rate        | 0.0003      |
|    loss                 | 1.31e+03    |
|    n_updates            | 195         |
|    policy_gradient_loss | -0.005      |
|    std                  | 0.999       |
|    value_loss           | 2.42e+03    |
-----------------------------------------
---------------------------------
| rollout/           |          |
|    ep_len_mean     | 1.21e+04 |
|    ep_rew_mean     | 2.06e+04 |
| time/              |          |
|    fps             | 323      |
|    iterations      | 40       |
|    time_elapsed    | 63       |
|    total_timesteps | 20480    |
---------------------------------
----------------------------------------
| rollout/                |            |
|    ep_len_mean          | 1.21e+04   |
|    ep_rew_mean          | 2.06e+04   |
| time/                   |            |
|    fps                  | 327        |
|    iterations           | 41         |
|    time_elapsed         | 64         |
|    total_timesteps      | 20992      |
| train/                  |            |
|    approx_kl            | 0.01079048 |
|    clip_fraction        | 0.0699     |
|    clip_range           | 0.2        |
|    entropy_loss         | -4.25      |
|    explained_variance   | 0          |
|    learning_rate        | 0.0003     |
|    loss                 | 939        |
|    n_updates            | 200        |
|    policy_gradient_loss | -0.00353   |
|    std                  | 0.996      |
|    value_loss           | 2.03e+03   |
----------------------------------------
-----------------------------------------
| rollout/                |             |
|    ep_len_mean          | 1.21e+04    |
|    ep_rew_mean          | 2.06e+04    |
| time/                   |             |
|    fps                  | 332         |
|    iterations           | 42          |
|    time_elapsed         | 64          |
|    total_timesteps      | 21504       |
| train/                  |             |
|    approx_kl            | 0.004147658 |
|    clip_fraction        | 0.0598      |
|    clip_range           | 0.2         |
|    entropy_loss         | -4.25       |
|    explained_variance   | 0           |
|    learning_rate        | 0.0003      |
|    loss                 | 610         |
|    n_updates            | 205         |
|    policy_gradient_loss | -0.000931   |
|    std                  | 0.997       |
|    value_loss           | 1.21e+03    |
-----------------------------------------
-----------------------------------------
| rollout/                |             |
|    ep_len_mean          | 1.21e+04    |
|    ep_rew_mean          | 2.06e+04    |
| time/                   |             |
|    fps                  | 336         |
|    iterations           | 43          |
|    time_elapsed         | 65          |
|    total_timesteps      | 22016       |
| train/                  |             |
|    approx_kl            | 0.004863128 |
|    clip_fraction        | 0.0437      |
|    clip_range           | 0.2         |
|    entropy_loss         | -4.25       |
|    explained_variance   | 5.96e-08    |
|    learning_rate        | 0.0003      |
|    loss                 | 794         |
|    n_updates            | 210         |
|    policy_gradient_loss | -0.0018     |
|    std                  | 0.997       |
|    value_loss           | 1.86e+03    |
-----------------------------------------
-----------------------------------------
| rollout/                |             |
|    ep_len_mean          | 1.21e+04    |
|    ep_rew_mean          | 2.06e+04    |
| time/                   |             |
|    fps                  | 340         |
|    iterations           | 44          |
|    time_elapsed         | 66          |
|    total_timesteps      | 22528       |
| train/                  |             |
|    approx_kl            | 0.007620786 |
|    clip_fraction        | 0.0742      |
|    clip_range           | 0.2         |
|    entropy_loss         | -4.24       |
|    explained_variance   | 0           |
|    learning_rate        | 0.0003      |
|    loss                 | 662         |
|    n_updates            | 215         |
|    policy_gradient_loss | -0.00293    |
|    std                  | 0.994       |
|    value_loss           | 1.31e+03    |
-----------------------------------------
------------------------------------------
| rollout/                |              |
|    ep_len_mean          | 1.21e+04     |
|    ep_rew_mean          | 2.06e+04     |
| time/                   |              |
|    fps                  | 344          |
|    iterations           | 45           |
|    time_elapsed         | 66           |
|    total_timesteps      | 23040        |
| train/                  |              |
|    approx_kl            | 0.0069569782 |
|    clip_fraction        | 0.0492       |
|    clip_range           | 0.2          |
|    entropy_loss         | -4.24        |
|    explained_variance   | 0            |
|    learning_rate        | 0.0003       |
|    loss                 | 1.03e+03     |
|    n_updates            | 220          |
|    policy_gradient_loss | -0.00079     |
|    std                  | 0.993        |
|    value_loss           | 2.13e+03     |
------------------------------------------
------------------------------------------
| rollout/                |              |
|    ep_len_mean          | 1.21e+04     |
|    ep_rew_mean          | 2.06e+04     |
| time/                   |              |
|    fps                  | 347          |
|    iterations           | 46           |
|    time_elapsed         | 67           |
|    total_timesteps      | 23552        |
| train/                  |              |
|    approx_kl            | 0.0060481066 |
|    clip_fraction        | 0.0586       |
|    clip_range           | 0.2          |
|    entropy_loss         | -4.23        |
|    explained_variance   | 0            |
|    learning_rate        | 0.0003       |
|    loss                 | 1.04e+03     |
|    n_updates            | 225          |
|    policy_gradient_loss | -0.00426     |
|    std                  | 0.99         |
|    value_loss           | 2.59e+03     |
------------------------------------------
-----------------------------------------
| rollout/                |             |
|    ep_len_mean          | 1.21e+04    |
|    ep_rew_mean          | 2.06e+04    |
| time/                   |             |
|    fps                  | 351         |
|    iterations           | 47          |
|    time_elapsed         | 68          |
|    total_timesteps      | 24064       |
| train/                  |             |
|    approx_kl            | 0.005601356 |
|    clip_fraction        | 0.0805      |
|    clip_range           | 0.2         |
|    entropy_loss         | -4.22       |
|    explained_variance   | 0           |
|    learning_rate        | 0.0003      |
|    loss                 | 1.13e+03    |
|    n_updates            | 230         |
|    policy_gradient_loss | -0.00425    |
|    std                  | 0.985       |
|    value_loss           | 2.03e+03    |
-----------------------------------------
[DEBUG] step=1 RAW ACTION: [2.        0.6460241 0.       ]
[DEBUG] step=2 RAW ACTION: [2.        0.1411185 0.       ]
-----------------------------------------
| rollout/                |             |
|    ep_len_mean          | 1.21e+04    |
|    ep_rew_mean          | 3.29e+04    |
| time/                   |             |
|    fps                  | 354         |
|    iterations           | 48          |
|    time_elapsed         | 69          |
|    total_timesteps      | 24576       |
| train/                  |             |
|    approx_kl            | 0.004795947 |
|    clip_fraction        | 0.0969      |
|    clip_range           | 0.2         |
|    entropy_loss         | -4.21       |
|    explained_variance   | 0           |
|    learning_rate        | 0.0003      |
|    loss                 | 652         |
|    n_updates            | 235         |
|    policy_gradient_loss | -0.00552    |
|    std                  | 0.982       |
|    value_loss           | 1.53e+03    |
-----------------------------------------
[DEBUG] step=1 RAW ACTION: [2. 0. 0.]
[DEBUG] step=2 RAW ACTION: [2. 0. 0.]
Eval num_timesteps=25000, episode_reward=0.00 +/- 0.00
Episode length: 4031.00 +/- 0.00
-----------------------------------------
| eval/                   |             |
|    mean_ep_length       | 4.03e+03    |
|    mean_reward          | 0           |
| time/                   |             |
|    total_timesteps      | 25000       |
| train/                  |             |
|    approx_kl            | 0.004152169 |
|    clip_fraction        | 0.0629      |
|    clip_range           | 0.2         |
|    entropy_loss         | -4.19       |
|    explained_variance   | 0           |
|    learning_rate        | 0.0003      |
|    loss                 | 625         |
|    n_updates            | 240         |
|    policy_gradient_loss | 0.00019     |
|    std                  | 0.974       |
|    value_loss           | 1.84e+03    |
-----------------------------------------
---------------------------------
| rollout/           |          |
|    ep_len_mean     | 1.21e+04 |
|    ep_rew_mean     | 3.29e+04 |
| time/              |          |
|    fps             | 350      |
|    iterations      | 49       |
|    time_elapsed    | 71       |
|    total_timesteps | 25088    |
---------------------------------
-----------------------------------------
| rollout/                |             |
|    ep_len_mean          | 1.21e+04    |
|    ep_rew_mean          | 3.29e+04    |
| time/                   |             |
|    fps                  | 352         |
|    iterations           | 50          |
|    time_elapsed         | 72          |
|    total_timesteps      | 25600       |
| train/                  |             |
|    approx_kl            | 0.005772881 |
|    clip_fraction        | 0.0848      |
|    clip_range           | 0.2         |
|    entropy_loss         | -4.17       |
|    explained_variance   | -2.38e-07   |
|    learning_rate        | 0.0003      |
|    loss                 | 951         |
|    n_updates            | 245         |
|    policy_gradient_loss | -0.00207    |
|    std                  | 0.973       |
|    value_loss           | 1.92e+03    |
-----------------------------------------
-----------------------------------------
| rollout/                |             |
|    ep_len_mean          | 1.21e+04    |
|    ep_rew_mean          | 3.29e+04    |
| time/                   |             |
|    fps                  | 354         |
|    iterations           | 51          |
|    time_elapsed         | 73          |
|    total_timesteps      | 26112       |
| train/                  |             |
|    approx_kl            | 0.008021731 |
|    clip_fraction        | 0.0988      |
|    clip_range           | 0.2         |
|    entropy_loss         | -4.18       |
|    explained_variance   | 0           |
|    learning_rate        | 0.0003      |
|    loss                 | 717         |
|    n_updates            | 250         |
|    policy_gradient_loss | -0.00687    |
|    std                  | 0.977       |
|    value_loss           | 1.75e+03    |
-----------------------------------------
-----------------------------------------
| rollout/                |             |
|    ep_len_mean          | 1.21e+04    |
|    ep_rew_mean          | 3.29e+04    |
| time/                   |             |
|    fps                  | 357         |
|    iterations           | 52          |
|    time_elapsed         | 74          |
|    total_timesteps      | 26624       |
| train/                  |             |
|    approx_kl            | 0.008847147 |
|    clip_fraction        | 0.114       |
|    clip_range           | 0.2         |
|    entropy_loss         | -4.19       |
|    explained_variance   | -1.19e-07   |
|    learning_rate        | 0.0003      |
|    loss                 | 841         |
|    n_updates            | 255         |
|    policy_gradient_loss | -0.00471    |
|    std                  | 0.977       |
|    value_loss           | 1.69e+03    |
-----------------------------------------
-----------------------------------------
| rollout/                |             |
|    ep_len_mean          | 1.21e+04    |
|    ep_rew_mean          | 3.29e+04    |
| time/                   |             |
|    fps                  | 358         |
|    iterations           | 53          |
|    time_elapsed         | 75          |
|    total_timesteps      | 27136       |
| train/                  |             |
|    approx_kl            | 0.008800251 |
|    clip_fraction        | 0.0965      |
|    clip_range           | 0.2         |
|    entropy_loss         | -4.19       |
|    explained_variance   | 1.19e-07    |
|    learning_rate        | 0.0003      |
|    loss                 | 1.01e+03    |
|    n_updates            | 260         |
|    policy_gradient_loss | -0.00541    |
|    std                  | 0.98        |
|    value_loss           | 2.19e+03    |
-----------------------------------------
------------------------------------------
| rollout/                |              |
|    ep_len_mean          | 1.21e+04     |
|    ep_rew_mean          | 3.29e+04     |
| time/                   |              |
|    fps                  | 359          |
|    iterations           | 54           |
|    time_elapsed         | 76           |
|    total_timesteps      | 27648        |
| train/                  |              |
|    approx_kl            | 0.0112476405 |
|    clip_fraction        | 0.158        |
|    clip_range           | 0.2          |
|    entropy_loss         | -4.19        |
|    explained_variance   | 0            |
|    learning_rate        | 0.0003       |
|    loss                 | 1e+03        |
|    n_updates            | 265          |
|    policy_gradient_loss | -0.0115      |
|    std                  | 0.98         |
|    value_loss           | 1.89e+03     |
------------------------------------------
------------------------------------------
| rollout/                |              |
|    ep_len_mean          | 1.21e+04     |
|    ep_rew_mean          | 3.29e+04     |
| time/                   |              |
|    fps                  | 361          |
|    iterations           | 55           |
|    time_elapsed         | 77           |
|    total_timesteps      | 28160        |
| train/                  |              |
|    approx_kl            | 0.0066530006 |
|    clip_fraction        | 0.0711       |
|    clip_range           | 0.2          |
|    entropy_loss         | -4.2         |
|    explained_variance   | 0            |
|    learning_rate        | 0.0003       |
|    loss                 | 823          |
|    n_updates            | 270          |
|    policy_gradient_loss | -0.000785    |
|    std                  | 0.981        |
|    value_loss           | 1.96e+03     |
------------------------------------------
-----------------------------------------
| rollout/                |             |
|    ep_len_mean          | 1.21e+04    |
|    ep_rew_mean          | 3.29e+04    |
| time/                   |             |
|    fps                  | 361         |
|    iterations           | 56          |
|    time_elapsed         | 79          |
|    total_timesteps      | 28672       |
| train/                  |             |
|    approx_kl            | 0.005916875 |
|    clip_fraction        | 0.0883      |
|    clip_range           | 0.2         |
|    entropy_loss         | -4.2        |
|    explained_variance   | 0           |
|    learning_rate        | 0.0003      |
|    loss                 | 796         |
|    n_updates            | 275         |
|    policy_gradient_loss | -0.00366    |
|    std                  | 0.979       |
|    value_loss           | 1.68e+03    |
-----------------------------------------
-----------------------------------------
| rollout/                |             |
|    ep_len_mean          | 1.21e+04    |
|    ep_rew_mean          | 3.29e+04    |
| time/                   |             |
|    fps                  | 358         |
|    iterations           | 57          |
|    time_elapsed         | 81          |
|    total_timesteps      | 29184       |
| train/                  |             |
|    approx_kl            | 0.006018348 |
|    clip_fraction        | 0.0832      |
|    clip_range           | 0.2         |
|    entropy_loss         | -4.19       |
|    explained_variance   | 0           |
|    learning_rate        | 0.0003      |
|    loss                 | 1.04e+03    |
|    n_updates            | 280         |
|    policy_gradient_loss | -0.00503    |
|    std                  | 0.976       |
|    value_loss           | 2.21e+03    |
-----------------------------------------
------------------------------------------
| rollout/                |              |
|    ep_len_mean          | 1.21e+04     |
|    ep_rew_mean          | 3.29e+04     |
| time/                   |              |
|    fps                  | 355          |
|    iterations           | 58           |
|    time_elapsed         | 83           |
|    total_timesteps      | 29696        |
| train/                  |              |
|    approx_kl            | 0.0058942433 |
|    clip_fraction        | 0.0762       |
|    clip_range           | 0.2          |
|    entropy_loss         | -4.17        |
|    explained_variance   | -1.19e-07    |
|    learning_rate        | 0.0003       |
|    loss                 | 763          |
|    n_updates            | 285          |
|    policy_gradient_loss | -0.00163     |
|    std                  | 0.968        |
|    value_loss           | 1.46e+03     |
------------------------------------------
[DEBUG] step=1 RAW ACTION: [2. 0. 0.]
[DEBUG] step=2 RAW ACTION: [2. 0. 0.]
Eval num_timesteps=30000, episode_reward=0.00 +/- 0.00
Episode length: 4031.00 +/- 0.00
-----------------------------------------
| eval/                   |             |
|    mean_ep_length       | 4.03e+03    |
|    mean_reward          | 0           |
| time/                   |             |
|    total_timesteps      | 30000       |
| train/                  |             |
|    approx_kl            | 0.012657869 |
|    clip_fraction        | 0.102       |
|    clip_range           | 0.2         |
|    entropy_loss         | -4.16       |
|    explained_variance   | 0           |
|    learning_rate        | 0.0003      |
|    loss                 | 834         |
|    n_updates            | 290         |
|    policy_gradient_loss | -0.0047     |
|    std                  | 0.972       |
|    value_loss           | 1.76e+03    |
-----------------------------------------
---------------------------------
| rollout/           |          |
|    ep_len_mean     | 1.21e+04 |
|    ep_rew_mean     | 3.29e+04 |
| time/              |          |
|    fps             | 329      |
|    iterations      | 59       |
|    time_elapsed    | 91       |
|    total_timesteps | 30208    |
---------------------------------
-----------------------------------------
| rollout/                |             |
|    ep_len_mean          | 1.21e+04    |
|    ep_rew_mean          | 3.29e+04    |
| time/                   |             |
|    fps                  | 323         |
|    iterations           | 60          |
|    time_elapsed         | 95          |
|    total_timesteps      | 30720       |
| train/                  |             |
|    approx_kl            | 0.003540943 |
|    clip_fraction        | 0.0477      |
|    clip_range           | 0.2         |
|    entropy_loss         | -4.16       |
|    explained_variance   | 0           |
|    learning_rate        | 0.0003      |
|    loss                 | 758         |
|    n_updates            | 295         |
|    policy_gradient_loss | 0.000145    |
|    std                  | 0.965       |
|    value_loss           | 1.69e+03    |
-----------------------------------------
------------------------------------------
| rollout/                |              |
|    ep_len_mean          | 1.21e+04     |
|    ep_rew_mean          | 3.29e+04     |
| time/                   |              |
|    fps                  | 318          |
|    iterations           | 61           |
|    time_elapsed         | 98           |
|    total_timesteps      | 31232        |
| train/                  |              |
|    approx_kl            | 0.0048151314 |
|    clip_fraction        | 0.0422       |
|    clip_range           | 0.2          |
|    entropy_loss         | -4.14        |
|    explained_variance   | -1.19e-07    |
|    learning_rate        | 0.0003       |
|    loss                 | 781          |
|    n_updates            | 300          |
|    policy_gradient_loss | 0.00219      |
|    std                  | 0.961        |
|    value_loss           | 1.61e+03     |
------------------------------------------
----------------------------------------
| rollout/                |            |
|    ep_len_mean          | 1.21e+04   |
|    ep_rew_mean          | 3.29e+04   |
| time/                   |            |
|    fps                  | 317        |
|    iterations           | 62         |
|    time_elapsed         | 100        |
|    total_timesteps      | 31744      |
| train/                  |            |
|    approx_kl            | 0.00602485 |
|    clip_fraction        | 0.0707     |
|    clip_range           | 0.2        |
|    entropy_loss         | -4.13      |
|    explained_variance   | 0          |
|    learning_rate        | 0.0003     |
|    loss                 | 763        |
|    n_updates            | 305        |
|    policy_gradient_loss | -0.0017    |
|    std                  | 0.954      |
|    value_loss           | 2.08e+03   |
----------------------------------------
----------------------------------------
| rollout/                |            |
|    ep_len_mean          | 1.21e+04   |
|    ep_rew_mean          | 3.29e+04   |
| time/                   |            |
|    fps                  | 318        |
|    iterations           | 63         |
|    time_elapsed         | 101        |
|    total_timesteps      | 32256      |
| train/                  |            |
|    approx_kl            | 0.00392896 |
|    clip_fraction        | 0.0719     |
|    clip_range           | 0.2        |
|    entropy_loss         | -4.12      |
|    explained_variance   | 1.19e-07   |
|    learning_rate        | 0.0003     |
|    loss                 | 581        |
|    n_updates            | 310        |
|    policy_gradient_loss | -0.0011    |
|    std                  | 0.96       |
|    value_loss           | 1.51e+03   |
----------------------------------------
------------------------------------------
| rollout/                |              |
|    ep_len_mean          | 1.21e+04     |
|    ep_rew_mean          | 3.29e+04     |
| time/                   |              |
|    fps                  | 315          |
|    iterations           | 64           |
|    time_elapsed         | 103          |
|    total_timesteps      | 32768        |
| train/                  |              |
|    approx_kl            | 0.0052498793 |
|    clip_fraction        | 0.0715       |
|    clip_range           | 0.2          |
|    entropy_loss         | -4.13        |
|    explained_variance   | 5.96e-08     |
|    learning_rate        | 0.0003       |
|    loss                 | 503          |
|    n_updates            | 315          |
|    policy_gradient_loss | 0.00099      |
|    std                  | 0.957        |
|    value_loss           | 1.24e+03     |
------------------------------------------
-----------------------------------------
| rollout/                |             |
|    ep_len_mean          | 1.21e+04    |
|    ep_rew_mean          | 3.29e+04    |
| time/                   |             |
|    fps                  | 313         |
|    iterations           | 65          |
|    time_elapsed         | 106         |
|    total_timesteps      | 33280       |
| train/                  |             |
|    approx_kl            | 0.004336667 |
|    clip_fraction        | 0.0563      |
|    clip_range           | 0.2         |
|    entropy_loss         | -4.11       |
|    explained_variance   | 0           |
|    learning_rate        | 0.0003      |
|    loss                 | 687         |
|    n_updates            | 320         |
|    policy_gradient_loss | -0.00142    |
|    std                  | 0.948       |
|    value_loss           | 1.55e+03    |
-----------------------------------------
------------------------------------------
| rollout/                |              |
|    ep_len_mean          | 1.21e+04     |
|    ep_rew_mean          | 3.29e+04     |
| time/                   |              |
|    fps                  | 311          |
|    iterations           | 66           |
|    time_elapsed         | 108          |
|    total_timesteps      | 33792        |
| train/                  |              |
|    approx_kl            | 0.0077040894 |
|    clip_fraction        | 0.338        |
|    clip_range           | 0.2          |
|    entropy_loss         | -4.12        |
|    explained_variance   | 0            |
|    learning_rate        | 0.0003       |
|    loss                 | 621          |
|    n_updates            | 325          |
|    policy_gradient_loss | 0.0145       |
|    std                  | 0.96         |
|    value_loss           | 1.07e+03     |
------------------------------------------
------------------------------------------
| rollout/                |              |
|    ep_len_mean          | 1.21e+04     |
|    ep_rew_mean          | 3.29e+04     |
| time/                   |              |
|    fps                  | 310          |
|    iterations           | 67           |
|    time_elapsed         | 110          |
|    total_timesteps      | 34304        |
| train/                  |              |
|    approx_kl            | 0.0086465515 |
|    clip_fraction        | 0.0758       |
|    clip_range           | 0.2          |
|    entropy_loss         | -4.13        |
|    explained_variance   | 5.36e-07     |
|    learning_rate        | 0.0003       |
|    loss                 | 513          |
|    n_updates            | 330          |
|    policy_gradient_loss | -0.00703     |
|    std                  | 0.959        |
|    value_loss           | 1.31e+03     |
------------------------------------------
-----------------------------------------
| rollout/                |             |
|    ep_len_mean          | 1.21e+04    |
|    ep_rew_mean          | 3.29e+04    |
| time/                   |             |
|    fps                  | 308         |
|    iterations           | 68          |
|    time_elapsed         | 112         |
|    total_timesteps      | 34816       |
| train/                  |             |
|    approx_kl            | 0.005260839 |
|    clip_fraction        | 0.0254      |
|    clip_range           | 0.2         |
|    entropy_loss         | -4.12       |
|    explained_variance   | 1.19e-07    |
|    learning_rate        | 0.0003      |
|    loss                 | 672         |
|    n_updates            | 335         |
|    policy_gradient_loss | -0.00184    |
|    std                  | 0.956       |
|    value_loss           | 1.57e+03    |
-----------------------------------------
[DEBUG] step=1 RAW ACTION: [2. 0. 0.]
[DEBUG] step=2 RAW ACTION: [2. 0. 0.]
Eval num_timesteps=35000, episode_reward=0.00 +/- 0.00
Episode length: 4031.00 +/- 0.00
----------------------------------------
| eval/                   |            |
|    mean_ep_length       | 4.03e+03   |
|    mean_reward          | 0          |
| time/                   |            |
|    total_timesteps      | 35000      |
| train/                  |            |
|    approx_kl            | 0.00680671 |
|    clip_fraction        | 0.0527     |
|    clip_range           | 0.2        |
|    entropy_loss         | -4.12      |
|    explained_variance   | -1.19e-07  |
|    learning_rate        | 0.0003     |
|    loss                 | 712        |
|    n_updates            | 340        |
|    policy_gradient_loss | -0.00536   |
|    std                  | 0.957      |
|    value_loss           | 1.44e+03   |
----------------------------------------
---------------------------------
| rollout/           |          |
|    ep_len_mean     | 1.21e+04 |
|    ep_rew_mean     | 3.29e+04 |
| time/              |          |
|    fps             | 299      |
|    iterations      | 69       |
|    time_elapsed    | 117      |
|    total_timesteps | 35328    |
---------------------------------
------------------------------------------
| rollout/                |              |
|    ep_len_mean          | 1.21e+04     |
|    ep_rew_mean          | 3.29e+04     |
| time/                   |              |
|    fps                  | 298          |
|    iterations           | 70           |
|    time_elapsed         | 120          |
|    total_timesteps      | 35840        |
| train/                  |              |
|    approx_kl            | 0.0048317905 |
|    clip_fraction        | 0.0199       |
|    clip_range           | 0.2          |
|    entropy_loss         | -4.12        |
|    explained_variance   | 1.79e-07     |
|    learning_rate        | 0.0003       |
|    loss                 | 712          |
|    n_updates            | 345          |
|    policy_gradient_loss | -0.00126     |
|    std                  | 0.955        |
|    value_loss           | 1.22e+03     |
------------------------------------------
[DEBUG] step=1 RAW ACTION: [2.         1.190109   0.09208798]
[DEBUG] step=2 RAW ACTION: [2. 0. 0.]
------------------------------------------
| rollout/                |              |
|    ep_len_mean          | 1.21e+04     |
|    ep_rew_mean          | 3.84e+04     |
| time/                   |              |
|    fps                  | 297          |
|    iterations           | 71           |
|    time_elapsed         | 122          |
|    total_timesteps      | 36352        |
| train/                  |              |
|    approx_kl            | 0.0062736366 |
|    clip_fraction        | 0.0543       |
|    clip_range           | 0.2          |
|    entropy_loss         | -4.11        |
|    explained_variance   | 0            |
|    learning_rate        | 0.0003       |
|    loss                 | 524          |
|    n_updates            | 350          |
|    policy_gradient_loss | -0.00125     |
|    std                  | 0.955        |
|    value_loss           | 1.23e+03     |
------------------------------------------
-----------------------------------------
| rollout/                |             |
|    ep_len_mean          | 1.21e+04    |
|    ep_rew_mean          | 3.84e+04    |
| time/                   |             |
|    fps                  | 295         |
|    iterations           | 72          |
|    time_elapsed         | 124         |
|    total_timesteps      | 36864       |
| train/                  |             |
|    approx_kl            | 0.050873682 |
|    clip_fraction        | 0.322       |
|    clip_range           | 0.2         |
|    entropy_loss         | -4.11       |
|    explained_variance   | 5.96e-08    |
|    learning_rate        | 0.0003      |
|    loss                 | 776         |
|    n_updates            | 355         |
|    policy_gradient_loss | 0.0112      |
|    std                  | 0.953       |
|    value_loss           | 1.82e+03    |
-----------------------------------------
-----------------------------------------
| rollout/                |             |
|    ep_len_mean          | 1.21e+04    |
|    ep_rew_mean          | 3.84e+04    |
| time/                   |             |
|    fps                  | 292         |
|    iterations           | 73          |
|    time_elapsed         | 127         |
|    total_timesteps      | 37376       |
| train/                  |             |
|    approx_kl            | 0.021237923 |
|    clip_fraction        | 0.289       |
|    clip_range           | 0.2         |
|    entropy_loss         | -4.13       |
|    explained_variance   | -1.19e-07   |
|    learning_rate        | 0.0003      |
|    loss                 | 600         |
|    n_updates            | 360         |
|    policy_gradient_loss | 0.00835     |
|    std                  | 0.963       |
|    value_loss           | 1.03e+03    |
-----------------------------------------
------------------------------------------
| rollout/                |              |
|    ep_len_mean          | 1.21e+04     |
|    ep_rew_mean          | 3.84e+04     |
| time/                   |              |
|    fps                  | 290          |
|    iterations           | 74           |
|    time_elapsed         | 130          |
|    total_timesteps      | 37888        |
| train/                  |              |
|    approx_kl            | 0.0023579928 |
|    clip_fraction        | 0.0211       |
|    clip_range           | 0.2          |
|    entropy_loss         | -4.14        |
|    explained_variance   | 0            |
|    learning_rate        | 0.0003       |
|    loss                 | 716          |
|    n_updates            | 365          |
|    policy_gradient_loss | 0.00182      |
|    std                  | 0.964        |
|    value_loss           | 1.3e+03      |
------------------------------------------
-----------------------------------------
| rollout/                |             |
|    ep_len_mean          | 1.21e+04    |
|    ep_rew_mean          | 3.84e+04    |
| time/                   |             |
|    fps                  | 289         |
|    iterations           | 75          |
|    time_elapsed         | 132         |
|    total_timesteps      | 38400       |
| train/                  |             |
|    approx_kl            | 0.012133505 |
|    clip_fraction        | 0.156       |
|    clip_range           | 0.2         |
|    entropy_loss         | -4.14       |
|    explained_variance   | 0           |
|    learning_rate        | 0.0003      |
|    loss                 | 545         |
|    n_updates            | 370         |
|    policy_gradient_loss | 0.00432     |
|    std                  | 0.962       |
|    value_loss           | 931         |
-----------------------------------------
------------------------------------------
| rollout/                |              |
|    ep_len_mean          | 1.21e+04     |
|    ep_rew_mean          | 3.84e+04     |
| time/                   |              |
|    fps                  | 288          |
|    iterations           | 76           |
|    time_elapsed         | 134          |
|    total_timesteps      | 38912        |
| train/                  |              |
|    approx_kl            | 0.0021920693 |
|    clip_fraction        | 0.000391     |
|    clip_range           | 0.2          |
|    entropy_loss         | -4.14        |
|    explained_variance   | 5.96e-08     |
|    learning_rate        | 0.0003       |
|    loss                 | 619          |
|    n_updates            | 375          |
|    policy_gradient_loss | 0.000231     |
|    std                  | 0.961        |
|    value_loss           | 1.19e+03     |
------------------------------------------
-----------------------------------------
| rollout/                |             |
|    ep_len_mean          | 1.21e+04    |
|    ep_rew_mean          | 3.84e+04    |
| time/                   |             |
|    fps                  | 287         |
|    iterations           | 77          |
|    time_elapsed         | 136         |
|    total_timesteps      | 39424       |
| train/                  |             |
|    approx_kl            | 0.008942783 |
|    clip_fraction        | 0.0453      |
|    clip_range           | 0.2         |
|    entropy_loss         | -4.13       |
|    explained_variance   | 0           |
|    learning_rate        | 0.0003      |
|    loss                 | 496         |
|    n_updates            | 380         |
|    policy_gradient_loss | -0.000407   |
|    std                  | 0.961       |
|    value_loss           | 1.15e+03    |
-----------------------------------------
------------------------------------------
| rollout/                |              |
|    ep_len_mean          | 1.21e+04     |
|    ep_rew_mean          | 3.84e+04     |
| time/                   |              |
|    fps                  | 287          |
|    iterations           | 78           |
|    time_elapsed         | 138          |
|    total_timesteps      | 39936        |
| train/                  |              |
|    approx_kl            | 0.0049083643 |
|    clip_fraction        | 0.0145       |
|    clip_range           | 0.2          |
|    entropy_loss         | -4.13        |
|    explained_variance   | 1.19e-07     |
|    learning_rate        | 0.0003       |
|    loss                 | 471          |
|    n_updates            | 385          |
|    policy_gradient_loss | -0.000201    |
|    std                  | 0.96         |
|    value_loss           | 1.1e+03      |
------------------------------------------
[DEBUG] step=1 RAW ACTION: [2. 0. 0.]
[DEBUG] step=2 RAW ACTION: [2. 0. 0.]
Eval num_timesteps=40000, episode_reward=0.00 +/- 0.00
Episode length: 4031.00 +/- 0.00
-----------------------------------------
| eval/                   |             |
|    mean_ep_length       | 4.03e+03    |
|    mean_reward          | 0           |
| time/                   |             |
|    total_timesteps      | 40000       |
| train/                  |             |
|    approx_kl            | 0.009892551 |
|    clip_fraction        | 0.131       |
|    clip_range           | 0.2         |
|    entropy_loss         | -4.14       |
|    explained_variance   | -1.19e-07   |
|    learning_rate        | 0.0003      |
|    loss                 | 406         |
|    n_updates            | 390         |
|    policy_gradient_loss | -0.00253    |
|    std                  | 0.963       |
|    value_loss           | 817         |
-----------------------------------------
---------------------------------
| rollout/           |          |
|    ep_len_mean     | 1.21e+04 |
|    ep_rew_mean     | 3.84e+04 |
| time/              |          |
|    fps             | 279      |
|    iterations      | 79       |
|    time_elapsed    | 144      |
|    total_timesteps | 40448    |
---------------------------------
-----------------------------------------
| rollout/                |             |
|    ep_len_mean          | 1.21e+04    |
|    ep_rew_mean          | 3.84e+04    |
| time/                   |             |
|    fps                  | 278         |
|    iterations           | 80          |
|    time_elapsed         | 146         |
|    total_timesteps      | 40960       |
| train/                  |             |
|    approx_kl            | 0.007960055 |
|    clip_fraction        | 0.167       |
|    clip_range           | 0.2         |
|    entropy_loss         | -4.13       |
|    explained_variance   | 0           |
|    learning_rate        | 0.0003      |
|    loss                 | 517         |
|    n_updates            | 395         |
|    policy_gradient_loss | 0.00348     |
|    std                  | 0.961       |
|    value_loss           | 972         |
-----------------------------------------
------------------------------------------
| rollout/                |              |
|    ep_len_mean          | 1.21e+04     |
|    ep_rew_mean          | 3.84e+04     |
| time/                   |              |
|    fps                  | 278          |
|    iterations           | 81           |
|    time_elapsed         | 148          |
|    total_timesteps      | 41472        |
| train/                  |              |
|    approx_kl            | 0.0067475843 |
|    clip_fraction        | 0.0293       |
|    clip_range           | 0.2          |
|    entropy_loss         | -4.13        |
|    explained_variance   | 0            |
|    learning_rate        | 0.0003       |
|    loss                 | 681          |
|    n_updates            | 400          |
|    policy_gradient_loss | -0.00315     |
|    std                  | 0.96         |
|    value_loss           | 1.39e+03     |
------------------------------------------
------------------------------------------
| rollout/                |              |
|    ep_len_mean          | 1.21e+04     |
|    ep_rew_mean          | 3.84e+04     |
| time/                   |              |
|    fps                  | 278          |
|    iterations           | 82           |
|    time_elapsed         | 150          |
|    total_timesteps      | 41984        |
| train/                  |              |
|    approx_kl            | 0.0028802354 |
|    clip_fraction        | 0.00273      |
|    clip_range           | 0.2          |
|    entropy_loss         | -4.13        |
|    explained_variance   | 0            |
|    learning_rate        | 0.0003       |
|    loss                 | 548          |
|    n_updates            | 405          |
|    policy_gradient_loss | -0.00157     |
|    std                  | 0.96         |
|    value_loss           | 1.23e+03     |
------------------------------------------
-----------------------------------------
| rollout/                |             |
|    ep_len_mean          | 1.21e+04    |
|    ep_rew_mean          | 3.84e+04    |
| time/                   |             |
|    fps                  | 278         |
|    iterations           | 83          |
|    time_elapsed         | 152         |
|    total_timesteps      | 42496       |
| train/                  |             |
|    approx_kl            | 0.006025678 |
|    clip_fraction        | 0.0492      |
|    clip_range           | 0.2         |
|    entropy_loss         | -4.13       |
|    explained_variance   | 1.19e-07    |
|    learning_rate        | 0.0003      |
|    loss                 | 566         |
|    n_updates            | 410         |
|    policy_gradient_loss | -0.00444    |
|    std                  | 0.962       |
|    value_loss           | 1.15e+03    |
-----------------------------------------
------------------------------------------
| rollout/                |              |
|    ep_len_mean          | 1.21e+04     |
|    ep_rew_mean          | 3.84e+04     |
| time/                   |              |
|    fps                  | 277          |
|    iterations           | 84           |
|    time_elapsed         | 155          |
|    total_timesteps      | 43008        |
| train/                  |              |
|    approx_kl            | 0.0053451257 |
|    clip_fraction        | 0.0191       |
|    clip_range           | 0.2          |
|    entropy_loss         | -4.13        |
|    explained_variance   | 0            |
|    learning_rate        | 0.0003       |
|    loss                 | 332          |
|    n_updates            | 415          |
|    policy_gradient_loss | -0.000642    |
|    std                  | 0.96         |
|    value_loss           | 865          |
------------------------------------------
-----------------------------------------
| rollout/                |             |
|    ep_len_mean          | 1.21e+04    |
|    ep_rew_mean          | 3.84e+04    |
| time/                   |             |
|    fps                  | 276         |
|    iterations           | 85          |
|    time_elapsed         | 157         |
|    total_timesteps      | 43520       |
| train/                  |             |
|    approx_kl            | 0.007937717 |
|    clip_fraction        | 0.0563      |
|    clip_range           | 0.2         |
|    entropy_loss         | -4.13       |
|    explained_variance   | 0           |
|    learning_rate        | 0.0003      |
|    loss                 | 402         |
|    n_updates            | 420         |
|    policy_gradient_loss | -0.00621    |
|    std                  | 0.96        |
|    value_loss           | 984         |
-----------------------------------------
-----------------------------------------
| rollout/                |             |
|    ep_len_mean          | 1.21e+04    |
|    ep_rew_mean          | 3.84e+04    |
| time/                   |             |
|    fps                  | 277         |
|    iterations           | 86          |
|    time_elapsed         | 158         |
|    total_timesteps      | 44032       |
| train/                  |             |
|    approx_kl            | 0.006414912 |
|    clip_fraction        | 0.0527      |
|    clip_range           | 0.2         |
|    entropy_loss         | -4.12       |
|    explained_variance   | 0           |
|    learning_rate        | 0.0003      |
|    loss                 | 476         |
|    n_updates            | 425         |
|    policy_gradient_loss | -0.00674    |
|    std                  | 0.958       |
|    value_loss           | 983         |
-----------------------------------------
-----------------------------------------
| rollout/                |             |
|    ep_len_mean          | 1.21e+04    |
|    ep_rew_mean          | 3.84e+04    |
| time/                   |             |
|    fps                  | 276         |
|    iterations           | 87          |
|    time_elapsed         | 161         |
|    total_timesteps      | 44544       |
| train/                  |             |
|    approx_kl            | 0.010176154 |
|    clip_fraction        | 0.0762      |
|    clip_range           | 0.2         |
|    entropy_loss         | -4.12       |
|    explained_variance   | 0           |
|    learning_rate        | 0.0003      |
|    loss                 | 531         |
|    n_updates            | 430         |
|    policy_gradient_loss | -0.00174    |
|    std                  | 0.958       |
|    value_loss           | 917         |
-----------------------------------------
[DEBUG] step=1 RAW ACTION: [2. 0. 0.]
[DEBUG] step=2 RAW ACTION: [2. 0. 0.]
Eval num_timesteps=45000, episode_reward=0.00 +/- 0.00
Episode length: 4031.00 +/- 0.00
-----------------------------------------
| eval/                   |             |
|    mean_ep_length       | 4.03e+03    |
|    mean_reward          | 0           |
| time/                   |             |
|    total_timesteps      | 45000       |
| train/                  |             |
|    approx_kl            | 0.005881725 |
|    clip_fraction        | 0.0437      |
|    clip_range           | 0.2         |
|    entropy_loss         | -4.12       |
|    explained_variance   | 5.96e-08    |
|    learning_rate        | 0.0003      |
|    loss                 | 414         |
|    n_updates            | 435         |
|    policy_gradient_loss | -0.00405    |
|    std                  | 0.956       |
|    value_loss           | 865         |
-----------------------------------------
---------------------------------
| rollout/           |          |
|    ep_len_mean     | 1.21e+04 |
|    ep_rew_mean     | 3.84e+04 |
| time/              |          |
|    fps             | 271      |
|    iterations      | 88       |
|    time_elapsed    | 166      |
|    total_timesteps | 45056    |
---------------------------------
------------------------------------------
| rollout/                |              |
|    ep_len_mean          | 1.21e+04     |
|    ep_rew_mean          | 3.84e+04     |
| time/                   |              |
|    fps                  | 270          |
|    iterations           | 89           |
|    time_elapsed         | 168          |
|    total_timesteps      | 45568        |
| train/                  |              |
|    approx_kl            | 0.0074243387 |
|    clip_fraction        | 0.0762       |
|    clip_range           | 0.2          |
|    entropy_loss         | -4.12        |
|    explained_variance   | 0            |
|    learning_rate        | 0.0003       |
|    loss                 | 373          |
|    n_updates            | 440          |
|    policy_gradient_loss | -0.000537    |
|    std                  | 0.96         |
|    value_loss           | 711          |
------------------------------------------
-----------------------------------------
| rollout/                |             |
|    ep_len_mean          | 1.21e+04    |
|    ep_rew_mean          | 3.84e+04    |
| time/                   |             |
|    fps                  | 270         |
|    iterations           | 90          |
|    time_elapsed         | 170         |
|    total_timesteps      | 46080       |
| train/                  |             |
|    approx_kl            | 0.019284982 |
|    clip_fraction        | 0.143       |
|    clip_range           | 0.2         |
|    entropy_loss         | -4.13       |
|    explained_variance   | -1.19e-07   |
|    learning_rate        | 0.0003      |
|    loss                 | 331         |
|    n_updates            | 445         |
|    policy_gradient_loss | 0.00558     |
|    std                  | 0.964       |
|    value_loss           | 706         |
-----------------------------------------
----------------------------------------
| rollout/                |            |
|    ep_len_mean          | 1.21e+04   |
|    ep_rew_mean          | 3.84e+04   |
| time/                   |            |
|    fps                  | 270        |
|    iterations           | 91         |
|    time_elapsed         | 172        |
|    total_timesteps      | 46592      |
| train/                  |            |
|    approx_kl            | 0.05184182 |
|    clip_fraction        | 0.171      |
|    clip_range           | 0.2        |
|    entropy_loss         | -4.14      |
|    explained_variance   | 0          |
|    learning_rate        | 0.0003     |
|    loss                 | 352        |
|    n_updates            | 450        |
|    policy_gradient_loss | 0.00661    |
|    std                  | 0.967      |
|    value_loss           | 732        |
----------------------------------------
------------------------------------------
| rollout/                |              |
|    ep_len_mean          | 1.21e+04     |
|    ep_rew_mean          | 3.84e+04     |
| time/                   |              |
|    fps                  | 270          |
|    iterations           | 92           |
|    time_elapsed         | 174          |
|    total_timesteps      | 47104        |
| train/                  |              |
|    approx_kl            | 0.0045607826 |
|    clip_fraction        | 0.157        |
|    clip_range           | 0.2          |
|    entropy_loss         | -4.14        |
|    explained_variance   | -1.19e-07    |
|    learning_rate        | 0.0003       |
|    loss                 | 398          |
|    n_updates            | 455          |
|    policy_gradient_loss | 0.00912      |
|    std                  | 0.966        |
|    value_loss           | 786          |
------------------------------------------
-----------------------------------------
| rollout/                |             |
|    ep_len_mean          | 1.21e+04    |
|    ep_rew_mean          | 3.84e+04    |
| time/                   |             |
|    fps                  | 270         |
|    iterations           | 93          |
|    time_elapsed         | 176         |
|    total_timesteps      | 47616       |
| train/                  |             |
|    approx_kl            | 0.019905316 |
|    clip_fraction        | 0.0957      |
|    clip_range           | 0.2         |
|    entropy_loss         | -4.14       |
|    explained_variance   | 0           |
|    learning_rate        | 0.0003      |
|    loss                 | 332         |
|    n_updates            | 460         |
|    policy_gradient_loss | 0.00396     |
|    std                  | 0.964       |
|    value_loss           | 667         |
-----------------------------------------
------------------------------------------
| rollout/                |              |
|    ep_len_mean          | 1.21e+04     |
|    ep_rew_mean          | 3.84e+04     |
| time/                   |              |
|    fps                  | 269          |
|    iterations           | 94           |
|    time_elapsed         | 178          |
|    total_timesteps      | 48128        |
| train/                  |              |
|    approx_kl            | 0.0032867456 |
|    clip_fraction        | 0.165        |
|    clip_range           | 0.2          |
|    entropy_loss         | -4.14        |
|    explained_variance   | 0            |
|    learning_rate        | 0.0003       |
|    loss                 | 439          |
|    n_updates            | 465          |
|    policy_gradient_loss | 0.00916      |
|    std                  | 0.966        |
|    value_loss           | 782          |
------------------------------------------
[DEBUG] step=1 RAW ACTION: [2.        0.6648639 0.       ]
[DEBUG] step=2 RAW ACTION: [1.9324578 0.        0.       ]
------------------------------------------
| rollout/                |              |
|    ep_len_mean          | 1.21e+04     |
|    ep_rew_mean          | 4.06e+04     |
| time/                   |              |
|    fps                  | 269          |
|    iterations           | 95           |
|    time_elapsed         | 180          |
|    total_timesteps      | 48640        |
| train/                  |              |
|    approx_kl            | 0.0069431653 |
|    clip_fraction        | 0.0371       |
|    clip_range           | 0.2          |
|    entropy_loss         | -4.14        |
|    explained_variance   | -1.19e-07    |
|    learning_rate        | 0.0003       |
|    loss                 | 405          |
|    n_updates            | 470          |
|    policy_gradient_loss | -0.00338     |
|    std                  | 0.967        |
|    value_loss           | 756          |
------------------------------------------
-----------------------------------------
| rollout/                |             |
|    ep_len_mean          | 1.21e+04    |
|    ep_rew_mean          | 4.06e+04    |
| time/                   |             |
|    fps                  | 268         |
|    iterations           | 96          |
|    time_elapsed         | 182         |
|    total_timesteps      | 49152       |
| train/                  |             |
|    approx_kl            | 0.028830692 |
|    clip_fraction        | 0.242       |
|    clip_range           | 0.2         |
|    entropy_loss         | -4.15       |
|    explained_variance   | -1.19e-07   |
|    learning_rate        | 0.0003      |
|    loss                 | 2.05e+03    |
|    n_updates            | 475         |
|    policy_gradient_loss | 0.00437     |
|    std                  | 0.975       |
|    value_loss           | 1.75e+03    |
-----------------------------------------
-----------------------------------------
| rollout/                |             |
|    ep_len_mean          | 1.21e+04    |
|    ep_rew_mean          | 4.06e+04    |
| time/                   |             |
|    fps                  | 268         |
|    iterations           | 97          |
|    time_elapsed         | 185         |
|    total_timesteps      | 49664       |
| train/                  |             |
|    approx_kl            | 0.023064472 |
|    clip_fraction        | 0.161       |
|    clip_range           | 0.2         |
|    entropy_loss         | -4.17       |
|    explained_variance   | 0           |
|    learning_rate        | 0.0003      |
|    loss                 | 191         |
|    n_updates            | 480         |
|    policy_gradient_loss | -0.0067     |
|    std                  | 0.978       |
|    value_loss           | 474         |
-----------------------------------------
[DEBUG] step=1 RAW ACTION: [2. 0. 0.]
[DEBUG] step=2 RAW ACTION: [2. 0. 0.]
Eval num_timesteps=50000, episode_reward=0.00 +/- 0.00
Episode length: 4031.00 +/- 0.00
------------------------------------------
| eval/                   |              |
|    mean_ep_length       | 4.03e+03     |
|    mean_reward          | 0            |
| time/                   |              |
|    total_timesteps      | 50000        |
| train/                  |              |
|    approx_kl            | 0.0019381824 |
|    clip_fraction        | 0.00195      |
|    clip_range           | 0.2          |
|    entropy_loss         | -4.18        |
|    explained_variance   | 0            |
|    learning_rate        | 0.0003       |
|    loss                 | 306          |
|    n_updates            | 485          |
|    policy_gradient_loss | 0.00132      |
|    std                  | 0.977        |
|    value_loss           | 634          |
------------------------------------------
---------------------------------
| rollout/           |          |
|    ep_len_mean     | 1.21e+04 |
|    ep_rew_mean     | 4.06e+04 |
| time/              |          |
|    fps             | 267      |
|    iterations      | 98       |
|    time_elapsed    | 187      |
|    total_timesteps | 50176    |
---------------------------------
 100% ━━━━━━━━━━━━━━━━━━━━━━━━━━━━━━━━━━━━━━━━━━━━━━━━━━━━━━━━━━━━━━━━━━━━━━━━━━━━━━━━━━━━━━━━━━━━━━━━━━━━━━━━━━━━━ 50,176/50,000  [ 0:03:07 < 0:00:00 , 225 it/s ]
✓ Model saved to models/final_model

======================================================================
PHASE 2: Validation on val set
======================================================================

Evaluating...
[DEBUG] step=1 RAW ACTION: [2. 0. 0.]
[DEBUG] step=2 RAW ACTION: [2. 0. 0.]
  [DEV] No trades closed

Evaluation Results:
  Total Return: 0.00%
  Final Portfolio Value: $100.00
  Max Portfolio Value: $100.00
  Total Reward: 0.00
  Steps: 4031
  Trades: 0 | Win Rate: 0.0%
  Realized PnL: $0.00 | Unrealized: $0.00

======================================================================
PHASE 3: Testing on test set
======================================================================

Evaluating...
[DEBUG] step=1 RAW ACTION: [2. 0. 0.]
[DEBUG] step=2 RAW ACTION: [2. 0. 0.]
  [TEST] No trades closed

Evaluation Results:
  Total Return: 0.00%
  Final Portfolio Value: $100.00
  Max Portfolio Value: $100.00
  Total Reward: 0.00
  Steps: 4032
  Trades: 0 | Win Rate: 0.0%
  Realized PnL: $0.00 | Unrealized: $0.00

======================================================================
BACKTEST SUMMARY
======================================================================
Val Trades:    0 | WR:   0.0% | Return:   0.00%
Test Trades:   0 | WR:   0.0% | Return:   0.00%
======================================================================

