Loading 14 days of data...
✓ Loaded 60483 rows from 3 symbols

/home/konstantin/dev/crypto_rl/rl_trader.py:873: FutureWarning: The default of observed=False is deprecated and will be changed to True in a future version of pandas. Pass observed=False to retain current behavior or observed=True to adopt the future default and silence this warning.
  for symbol, group in data.groupby('symbol', sort=False):

======================================================================
                 3-WAY BACKTEST (Train / Val / Test)                  
======================================================================
Train:  36288 rows ( 3 symbols) 1768694340000000 → 1769420040000000
Val:    12096 rows ( 3 symbols) 1769420100000000 → 1769661960000000
Test:   12099 rows ( 3 symbols) 1769662020000000 → 1769903940000000
======================================================================

Train env: 36288 rows, 3 symbols
Eval env: 12096 rows, 3 symbols
PHASE 1: Training on train set with val monitoring...
Using cpu device
Wrapping the env with a `Monitor` wrapper
Wrapping the env in a DummyVecEnv.
Created new PPO model (device=cpu)
  Hyperparameters:
    learning_rate=0.0003, batch_size=16
    n_steps=512, n_epochs=5
    policy_arch=[256, 128, 64]

Training for 50000 timesteps...
[DEBUG] step=1 RAW ACTION: [1.254448   0.         0.54937464]
[DEBUG] step=2 RAW ACTION: [0.4746996  0.         0.24937935]
-----------------------------
| time/              |      |
|    fps             | 1705 |
|    iterations      | 1    |
|    time_elapsed    | 0    |
|    total_timesteps | 512  |
-----------------------------
-----------------------------------------
| time/                   |             |
|    fps                  | 581         |
|    iterations           | 2           |
|    time_elapsed         | 1           |
|    total_timesteps      | 1024        |
| train/                  |             |
|    approx_kl            | 0.010204488 |
|    clip_fraction        | 0.0941      |
|    clip_range           | 0.2         |
|    entropy_loss         | -4.27       |
|    explained_variance   | -0.00095    |
|    learning_rate        | 0.0003      |
|    loss                 | 53.6        |
|    n_updates            | 5           |
|    policy_gradient_loss | -0.0109     |
|    std                  | 1.01        |
|    value_loss           | 153         |
-----------------------------------------
-----------------------------------------
| time/                   |             |
|    fps                  | 486         |
|    iterations           | 3           |
|    time_elapsed         | 3           |
|    total_timesteps      | 1536        |
| train/                  |             |
|    approx_kl            | 0.008881592 |
|    clip_fraction        | 0.0883      |
|    clip_range           | 0.2         |
|    entropy_loss         | -4.29       |
|    explained_variance   | 1.79e-06    |
|    learning_rate        | 0.0003      |
|    loss                 | 122         |
|    n_updates            | 10          |
|    policy_gradient_loss | -0.0101     |
|    std                  | 1.02        |
|    value_loss           | 257         |
-----------------------------------------
-----------------------------------------
| time/                   |             |
|    fps                  | 436         |
|    iterations           | 4           |
|    time_elapsed         | 4           |
|    total_timesteps      | 2048        |
| train/                  |             |
|    approx_kl            | 0.016487591 |
|    clip_fraction        | 0.209       |
|    clip_range           | 0.2         |
|    entropy_loss         | -4.32       |
|    explained_variance   | 1.97e-06    |
|    learning_rate        | 0.0003      |
|    loss                 | 42          |
|    n_updates            | 15          |
|    policy_gradient_loss | -0.016      |
|    std                  | 1.02        |
|    value_loss           | 132         |
-----------------------------------------
------------------------------------------
| time/                   |              |
|    fps                  | 418          |
|    iterations           | 5            |
|    time_elapsed         | 6            |
|    total_timesteps      | 2560         |
| train/                  |              |
|    approx_kl            | 0.0128730135 |
|    clip_fraction        | 0.202        |
|    clip_range           | 0.2          |
|    entropy_loss         | -4.33        |
|    explained_variance   | 4.17e-07     |
|    learning_rate        | 0.0003       |
|    loss                 | 26.9         |
|    n_updates            | 20           |
|    policy_gradient_loss | -0.0149      |
|    std                  | 1.03         |
|    value_loss           | 75.9         |
------------------------------------------
-----------------------------------------
| time/                   |             |
|    fps                  | 421         |
|    iterations           | 6           |
|    time_elapsed         | 7           |
|    total_timesteps      | 3072        |
| train/                  |             |
|    approx_kl            | 0.009321764 |
|    clip_fraction        | 0.278       |
|    clip_range           | 0.2         |
|    entropy_loss         | -4.35       |
|    explained_variance   | 5.36e-07    |
|    learning_rate        | 0.0003      |
|    loss                 | 40.7        |
|    n_updates            | 25          |
|    policy_gradient_loss | -0.0233     |
|    std                  | 1.04        |
|    value_loss           | 139         |
-----------------------------------------
-----------------------------------------
| time/                   |             |
|    fps                  | 388         |
|    iterations           | 7           |
|    time_elapsed         | 9           |
|    total_timesteps      | 3584        |
| train/                  |             |
|    approx_kl            | 0.015492488 |
|    clip_fraction        | 0.168       |
|    clip_range           | 0.2         |
|    entropy_loss         | -4.36       |
|    explained_variance   | 1.19e-06    |
|    learning_rate        | 0.0003      |
|    loss                 | 54.8        |
|    n_updates            | 30          |
|    policy_gradient_loss | -0.0236     |
|    std                  | 1.04        |
|    value_loss           | 160         |
-----------------------------------------
----------------------------------------
| time/                   |            |
|    fps                  | 345        |
|    iterations           | 8          |
|    time_elapsed         | 11         |
|    total_timesteps      | 4096       |
| train/                  |            |
|    approx_kl            | 0.02001129 |
|    clip_fraction        | 0.187      |
|    clip_range           | 0.2        |
|    entropy_loss         | -4.37      |
|    explained_variance   | 5.25e-06   |
|    learning_rate        | 0.0003     |
|    loss                 | 134        |
|    n_updates            | 35         |
|    policy_gradient_loss | -0.0199    |
|    std                  | 1.04       |
|    value_loss           | 300        |
----------------------------------------
------------------------------------------
| time/                   |              |
|    fps                  | 312          |
|    iterations           | 9            |
|    time_elapsed         | 14           |
|    total_timesteps      | 4608         |
| train/                  |              |
|    approx_kl            | 0.0104829185 |
|    clip_fraction        | 0.0738       |
|    clip_range           | 0.2          |
|    entropy_loss         | -4.37        |
|    explained_variance   | -2.4e-05     |
|    learning_rate        | 0.0003       |
|    loss                 | 175          |
|    n_updates            | 40           |
|    policy_gradient_loss | -0.0165      |
|    std                  | 1.04         |
|    value_loss           | 555          |
------------------------------------------
/home/konstantin/dev/crypto_rl/.conda/lib/python3.12/site-packages/stable_baselines3/common/evaluation.py:70: UserWarning: Evaluation environment is not wrapped with a ``Monitor`` wrapper. This may result in reporting modified episode lengths and rewards, if other wrappers happen to modify these. Consider wrapping environment first with ``Monitor`` wrapper.
  warnings.warn(
[DEBUG] step=1 RAW ACTION: [1.5263395  0.19776756 0.04678497]
[DEBUG] step=2 RAW ACTION: [1.5266494  0.19780089 0.04682796]
Eval num_timesteps=5000, episode_reward=34.08 +/- 0.00
Episode length: 4031.00 +/- 0.00
-----------------------------------------
| eval/                   |             |
|    mean_ep_length       | 4.03e+03    |
|    mean_reward          | 34.1        |
| time/                   |             |
|    total_timesteps      | 5000        |
| train/                  |             |
|    approx_kl            | 0.011412355 |
|    clip_fraction        | 0.0594      |
|    clip_range           | 0.2         |
|    entropy_loss         | -4.37       |
|    explained_variance   | 2.98e-07    |
|    learning_rate        | 0.0003      |
|    loss                 | 592         |
|    n_updates            | 45          |
|    policy_gradient_loss | -0.0179     |
|    std                  | 1.04        |
|    value_loss           | 1.33e+03    |
-----------------------------------------
New best mean reward!
-----------------------------
| time/              |      |
|    fps             | 243  |
|    iterations      | 10   |
|    time_elapsed    | 21   |
|    total_timesteps | 5120 |
-----------------------------
-----------------------------------------
| time/                   |             |
|    fps                  | 236         |
|    iterations           | 11          |
|    time_elapsed         | 23          |
|    total_timesteps      | 5632        |
| train/                  |             |
|    approx_kl            | 0.010448137 |
|    clip_fraction        | 0.0559      |
|    clip_range           | 0.2         |
|    entropy_loss         | -4.37       |
|    explained_variance   | 0           |
|    learning_rate        | 0.0003      |
|    loss                 | 1.01e+03    |
|    n_updates            | 50          |
|    policy_gradient_loss | -0.0185     |
|    std                  | 1.04        |
|    value_loss           | 2.27e+03    |
-----------------------------------------
-----------------------------------------
| time/                   |             |
|    fps                  | 236         |
|    iterations           | 12          |
|    time_elapsed         | 25          |
|    total_timesteps      | 6144        |
| train/                  |             |
|    approx_kl            | 0.010428712 |
|    clip_fraction        | 0.0691      |
|    clip_range           | 0.2         |
|    entropy_loss         | -4.37       |
|    explained_variance   | -1.19e-07   |
|    learning_rate        | 0.0003      |
|    loss                 | 1.08e+03    |
|    n_updates            | 55          |
|    policy_gradient_loss | -0.0164     |
|    std                  | 1.04        |
|    value_loss           | 2.5e+03     |
-----------------------------------------
-----------------------------------------
| time/                   |             |
|    fps                  | 238         |
|    iterations           | 13          |
|    time_elapsed         | 27          |
|    total_timesteps      | 6656        |
| train/                  |             |
|    approx_kl            | 0.007623616 |
|    clip_fraction        | 0.0305      |
|    clip_range           | 0.2         |
|    entropy_loss         | -4.37       |
|    explained_variance   | -1.19e-07   |
|    learning_rate        | 0.0003      |
|    loss                 | 2.03e+03    |
|    n_updates            | 60          |
|    policy_gradient_loss | -0.0152     |
|    std                  | 1.04        |
|    value_loss           | 4.4e+03     |
-----------------------------------------
------------------------------------------
| time/                   |              |
|    fps                  | 237          |
|    iterations           | 14           |
|    time_elapsed         | 30           |
|    total_timesteps      | 7168         |
| train/                  |              |
|    approx_kl            | 0.0077839103 |
|    clip_fraction        | 0.0301       |
|    clip_range           | 0.2          |
|    entropy_loss         | -4.37        |
|    explained_variance   | 0            |
|    learning_rate        | 0.0003       |
|    loss                 | 2.17e+03     |
|    n_updates            | 65           |
|    policy_gradient_loss | -0.011       |
|    std                  | 1.04         |
|    value_loss           | 4.1e+03      |
------------------------------------------
-----------------------------------------
| time/                   |             |
|    fps                  | 238         |
|    iterations           | 15          |
|    time_elapsed         | 32          |
|    total_timesteps      | 7680        |
| train/                  |             |
|    approx_kl            | 0.007589205 |
|    clip_fraction        | 0.0379      |
|    clip_range           | 0.2         |
|    entropy_loss         | -4.37       |
|    explained_variance   | 0           |
|    learning_rate        | 0.0003      |
|    loss                 | 2.73e+03    |
|    n_updates            | 70          |
|    policy_gradient_loss | -0.0124     |
|    std                  | 1.04        |
|    value_loss           | 5.81e+03    |
-----------------------------------------
-----------------------------------------
| time/                   |             |
|    fps                  | 236         |
|    iterations           | 16          |
|    time_elapsed         | 34          |
|    total_timesteps      | 8192        |
| train/                  |             |
|    approx_kl            | 0.004849305 |
|    clip_fraction        | 0.00664     |
|    clip_range           | 0.2         |
|    entropy_loss         | -4.37       |
|    explained_variance   | 1.19e-07    |
|    learning_rate        | 0.0003      |
|    loss                 | 3.07e+03    |
|    n_updates            | 75          |
|    policy_gradient_loss | -0.00683    |
|    std                  | 1.04        |
|    value_loss           | 6.25e+03    |
-----------------------------------------
------------------------------------------
| time/                   |              |
|    fps                  | 237          |
|    iterations           | 17           |
|    time_elapsed         | 36           |
|    total_timesteps      | 8704         |
| train/                  |              |
|    approx_kl            | 0.0038069854 |
|    clip_fraction        | 0.00352      |
|    clip_range           | 0.2          |
|    entropy_loss         | -4.37        |
|    explained_variance   | 0            |
|    learning_rate        | 0.0003       |
|    loss                 | 3.07e+03     |
|    n_updates            | 80           |
|    policy_gradient_loss | -0.00466     |
|    std                  | 1.04         |
|    value_loss           | 6.02e+03     |
------------------------------------------
------------------------------------------
| time/                   |              |
|    fps                  | 234          |
|    iterations           | 18           |
|    time_elapsed         | 39           |
|    total_timesteps      | 9216         |
| train/                  |              |
|    approx_kl            | 0.0034046057 |
|    clip_fraction        | 0.00352      |
|    clip_range           | 0.2          |
|    entropy_loss         | -4.37        |
|    explained_variance   | 0            |
|    learning_rate        | 0.0003       |
|    loss                 | 3.17e+03     |
|    n_updates            | 85           |
|    policy_gradient_loss | -0.00421     |
|    std                  | 1.04         |
|    value_loss           | 6.56e+03     |
------------------------------------------
-----------------------------------------
| time/                   |             |
|    fps                  | 236         |
|    iterations           | 19          |
|    time_elapsed         | 41          |
|    total_timesteps      | 9728        |
| train/                  |             |
|    approx_kl            | 0.008999758 |
|    clip_fraction        | 0.0465      |
|    clip_range           | 0.2         |
|    entropy_loss         | -4.37       |
|    explained_variance   | -1.19e-07   |
|    learning_rate        | 0.0003      |
|    loss                 | 2.95e+03    |
|    n_updates            | 90          |
|    policy_gradient_loss | -0.0108     |
|    std                  | 1.04        |
|    value_loss           | 6.66e+03    |
-----------------------------------------
[DEBUG] step=1 RAW ACTION: [2.         0.17076084 0.        ]
[DEBUG] step=2 RAW ACTION: [2.         0.17076084 0.        ]
Eval num_timesteps=10000, episode_reward=0.00 +/- 0.00
Episode length: 4031.00 +/- 0.00
------------------------------------------
| eval/                   |              |
|    mean_ep_length       | 4.03e+03     |
|    mean_reward          | 0            |
| time/                   |              |
|    total_timesteps      | 10000        |
| train/                  |              |
|    approx_kl            | 0.0032421704 |
|    clip_fraction        | 0.0043       |
|    clip_range           | 0.2          |
|    entropy_loss         | -4.36        |
|    explained_variance   | 0            |
|    learning_rate        | 0.0003       |
|    loss                 | 3.74e+03     |
|    n_updates            | 95           |
|    policy_gradient_loss | -0.0034      |
|    std                  | 1.04         |
|    value_loss           | 7.01e+03     |
------------------------------------------
------------------------------
| time/              |       |
|    fps             | 189   |
|    iterations      | 20    |
|    time_elapsed    | 54    |
|    total_timesteps | 10240 |
------------------------------
-----------------------------------------
| time/                   |             |
|    fps                  | 190         |
|    iterations           | 21          |
|    time_elapsed         | 56          |
|    total_timesteps      | 10752       |
| train/                  |             |
|    approx_kl            | 0.004182848 |
|    clip_fraction        | 0.00703     |
|    clip_range           | 0.2         |
|    entropy_loss         | -4.36       |
|    explained_variance   | 1.19e-07    |
|    learning_rate        | 0.0003      |
|    loss                 | 4.56e+03    |
|    n_updates            | 100         |
|    policy_gradient_loss | -0.00514    |
|    std                  | 1.04        |
|    value_loss           | 8.73e+03    |
-----------------------------------------
------------------------------------------
| time/                   |              |
|    fps                  | 192          |
|    iterations           | 22           |
|    time_elapsed         | 58           |
|    total_timesteps      | 11264        |
| train/                  |              |
|    approx_kl            | 0.0026634133 |
|    clip_fraction        | 0.00234      |
|    clip_range           | 0.2          |
|    entropy_loss         | -4.36        |
|    explained_variance   | 0            |
|    learning_rate        | 0.0003       |
|    loss                 | 5.3e+03      |
|    n_updates            | 105          |
|    policy_gradient_loss | -0.00285     |
|    std                  | 1.04         |
|    value_loss           | 9.02e+03     |
------------------------------------------
-----------------------------------------
| time/                   |             |
|    fps                  | 195         |
|    iterations           | 23          |
|    time_elapsed         | 60          |
|    total_timesteps      | 11776       |
| train/                  |             |
|    approx_kl            | 0.004138842 |
|    clip_fraction        | 0.00586     |
|    clip_range           | 0.2         |
|    entropy_loss         | -4.36       |
|    explained_variance   | 0           |
|    learning_rate        | 0.0003      |
|    loss                 | 4.69e+03    |
|    n_updates            | 110         |
|    policy_gradient_loss | -0.00412    |
|    std                  | 1.04        |
|    value_loss           | 9.86e+03    |
-----------------------------------------
[DEBUG] step=1 RAW ACTION: [2.        0.4267768 0.       ]
[DEBUG] step=2 RAW ACTION: [2. 0. 0.]
------------------------------------------
| rollout/                |              |
|    ep_len_mean          | 1.21e+04     |
|    ep_rew_mean          | 4.01e+04     |
| time/                   |              |
|    fps                  | 197          |
|    iterations           | 24           |
|    time_elapsed         | 62           |
|    total_timesteps      | 12288        |
| train/                  |              |
|    approx_kl            | 0.0015309965 |
|    clip_fraction        | 0            |
|    clip_range           | 0.2          |
|    entropy_loss         | -4.36        |
|    explained_variance   | 0            |
|    learning_rate        | 0.0003       |
|    loss                 | 5.74e+03     |
|    n_updates            | 115          |
|    policy_gradient_loss | -0.0015      |
|    std                  | 1.04         |
|    value_loss           | 1.03e+04     |
------------------------------------------
-----------------------------------------
| rollout/                |             |
|    ep_len_mean          | 1.21e+04    |
|    ep_rew_mean          | 4.01e+04    |
| time/                   |             |
|    fps                  | 197         |
|    iterations           | 25          |
|    time_elapsed         | 64          |
|    total_timesteps      | 12800       |
| train/                  |             |
|    approx_kl            | 0.004555513 |
|    clip_fraction        | 0.00781     |
|    clip_range           | 0.2         |
|    entropy_loss         | -4.36       |
|    explained_variance   | 0           |
|    learning_rate        | 0.0003      |
|    loss                 | 4.91e+03    |
|    n_updates            | 120         |
|    policy_gradient_loss | -0.00322    |
|    std                  | 1.04        |
|    value_loss           | 1.02e+04    |
-----------------------------------------
------------------------------------------
| rollout/                |              |
|    ep_len_mean          | 1.21e+04     |
|    ep_rew_mean          | 4.01e+04     |
| time/                   |              |
|    fps                  | 196          |
|    iterations           | 26           |
|    time_elapsed         | 67           |
|    total_timesteps      | 13312        |
| train/                  |              |
|    approx_kl            | 0.0067774905 |
|    clip_fraction        | 0.0305       |
|    clip_range           | 0.2          |
|    entropy_loss         | -4.36        |
|    explained_variance   | 0            |
|    learning_rate        | 0.0003       |
|    loss                 | 4.91e+03     |
|    n_updates            | 125          |
|    policy_gradient_loss | -0.00589     |
|    std                  | 1.04         |
|    value_loss           | 9.01e+03     |
------------------------------------------
-----------------------------------------
| rollout/                |             |
|    ep_len_mean          | 1.21e+04    |
|    ep_rew_mean          | 4.01e+04    |
| time/                   |             |
|    fps                  | 197         |
|    iterations           | 27          |
|    time_elapsed         | 69          |
|    total_timesteps      | 13824       |
| train/                  |             |
|    approx_kl            | 0.007257004 |
|    clip_fraction        | 0.032       |
|    clip_range           | 0.2         |
|    entropy_loss         | -4.36       |
|    explained_variance   | 0           |
|    learning_rate        | 0.0003      |
|    loss                 | 3.12e+03    |
|    n_updates            | 130         |
|    policy_gradient_loss | -0.00629    |
|    std                  | 1.04        |
|    value_loss           | 8.98e+03    |
-----------------------------------------
------------------------------------------
| rollout/                |              |
|    ep_len_mean          | 1.21e+04     |
|    ep_rew_mean          | 4.01e+04     |
| time/                   |              |
|    fps                  | 199          |
|    iterations           | 28           |
|    time_elapsed         | 71           |
|    total_timesteps      | 14336        |
| train/                  |              |
|    approx_kl            | 0.0066622216 |
|    clip_fraction        | 0.0336       |
|    clip_range           | 0.2          |
|    entropy_loss         | -4.36        |
|    explained_variance   | 0            |
|    learning_rate        | 0.0003       |
|    loss                 | 6.28e+03     |
|    n_updates            | 135          |
|    policy_gradient_loss | -0.00702     |
|    std                  | 1.04         |
|    value_loss           | 1.22e+04     |
------------------------------------------
-----------------------------------------
| rollout/                |             |
|    ep_len_mean          | 1.21e+04    |
|    ep_rew_mean          | 4.01e+04    |
| time/                   |             |
|    fps                  | 201         |
|    iterations           | 29          |
|    time_elapsed         | 73          |
|    total_timesteps      | 14848       |
| train/                  |             |
|    approx_kl            | 0.008035673 |
|    clip_fraction        | 0.0535      |
|    clip_range           | 0.2         |
|    entropy_loss         | -4.36       |
|    explained_variance   | -1.19e-07   |
|    learning_rate        | 0.0003      |
|    loss                 | 5.39e+03    |
|    n_updates            | 140         |
|    policy_gradient_loss | -0.0067     |
|    std                  | 1.03        |
|    value_loss           | 9.97e+03    |
-----------------------------------------
[DEBUG] step=1 RAW ACTION: [2.        0.1589364 0.       ]
[DEBUG] step=2 RAW ACTION: [2.        0.1589364 0.       ]
Eval num_timesteps=15000, episode_reward=0.00 +/- 0.00
Episode length: 4031.00 +/- 0.00
------------------------------------------
| eval/                   |              |
|    mean_ep_length       | 4.03e+03     |
|    mean_reward          | 0            |
| time/                   |              |
|    total_timesteps      | 15000        |
| train/                  |              |
|    approx_kl            | 0.0068710945 |
|    clip_fraction        | 0.0449       |
|    clip_range           | 0.2          |
|    entropy_loss         | -4.35        |
|    explained_variance   | 0            |
|    learning_rate        | 0.0003       |
|    loss                 | 7.09e+03     |
|    n_updates            | 145          |
|    policy_gradient_loss | -0.00745     |
|    std                  | 1.03         |
|    value_loss           | 1.29e+04     |
------------------------------------------
---------------------------------
| rollout/           |          |
|    ep_len_mean     | 1.21e+04 |
|    ep_rew_mean     | 4.01e+04 |
| time/              |          |
|    fps             | 202      |
|    iterations      | 30       |
|    time_elapsed    | 75       |
|    total_timesteps | 15360    |
---------------------------------
----------------------------------------
| rollout/                |            |
|    ep_len_mean          | 1.21e+04   |
|    ep_rew_mean          | 4.01e+04   |
| time/                   |            |
|    fps                  | 207        |
|    iterations           | 31         |
|    time_elapsed         | 76         |
|    total_timesteps      | 15872      |
| train/                  |            |
|    approx_kl            | 0.00326466 |
|    clip_fraction        | 0.00352    |
|    clip_range           | 0.2        |
|    entropy_loss         | -4.35      |
|    explained_variance   | 0          |
|    learning_rate        | 0.0003     |
|    loss                 | 7.67e+03   |
|    n_updates            | 150        |
|    policy_gradient_loss | -0.00115   |
|    std                  | 1.03       |
|    value_loss           | 1.28e+04   |
----------------------------------------
-----------------------------------------
| rollout/                |             |
|    ep_len_mean          | 1.21e+04    |
|    ep_rew_mean          | 4.01e+04    |
| time/                   |             |
|    fps                  | 211         |
|    iterations           | 32          |
|    time_elapsed         | 77          |
|    total_timesteps      | 16384       |
| train/                  |             |
|    approx_kl            | 0.008506494 |
|    clip_fraction        | 0.0508      |
|    clip_range           | 0.2         |
|    entropy_loss         | -4.35       |
|    explained_variance   | 0           |
|    learning_rate        | 0.0003      |
|    loss                 | 5.2e+03     |
|    n_updates            | 155         |
|    policy_gradient_loss | -0.0062     |
|    std                  | 1.03        |
|    value_loss           | 1.02e+04    |
-----------------------------------------
------------------------------------------
| rollout/                |              |
|    ep_len_mean          | 1.21e+04     |
|    ep_rew_mean          | 4.01e+04     |
| time/                   |              |
|    fps                  | 215          |
|    iterations           | 33           |
|    time_elapsed         | 78           |
|    total_timesteps      | 16896        |
| train/                  |              |
|    approx_kl            | 0.0067932894 |
|    clip_fraction        | 0.0379       |
|    clip_range           | 0.2          |
|    entropy_loss         | -4.35        |
|    explained_variance   | 1.79e-07     |
|    learning_rate        | 0.0003       |
|    loss                 | 6.38e+03     |
|    n_updates            | 160          |
|    policy_gradient_loss | -0.00387     |
|    std                  | 1.03         |
|    value_loss           | 1.3e+04      |
------------------------------------------
------------------------------------------
| rollout/                |              |
|    ep_len_mean          | 1.21e+04     |
|    ep_rew_mean          | 4.01e+04     |
| time/                   |              |
|    fps                  | 218          |
|    iterations           | 34           |
|    time_elapsed         | 79           |
|    total_timesteps      | 17408        |
| train/                  |              |
|    approx_kl            | 0.0063261725 |
|    clip_fraction        | 0.0359       |
|    clip_range           | 0.2          |
|    entropy_loss         | -4.35        |
|    explained_variance   | 0            |
|    learning_rate        | 0.0003       |
|    loss                 | 6.62e+03     |
|    n_updates            | 165          |
|    policy_gradient_loss | -0.00424     |
|    std                  | 1.03         |
|    value_loss           | 1.4e+04      |
------------------------------------------
-----------------------------------------
| rollout/                |             |
|    ep_len_mean          | 1.21e+04    |
|    ep_rew_mean          | 4.01e+04    |
| time/                   |             |
|    fps                  | 221         |
|    iterations           | 35          |
|    time_elapsed         | 80          |
|    total_timesteps      | 17920       |
| train/                  |             |
|    approx_kl            | 0.007687957 |
|    clip_fraction        | 0.0664      |
|    clip_range           | 0.2         |
|    entropy_loss         | -4.35       |
|    explained_variance   | 5.96e-08    |
|    learning_rate        | 0.0003      |
|    loss                 | 4.31e+03    |
|    n_updates            | 170         |
|    policy_gradient_loss | -0.00703    |
|    std                  | 1.03        |
|    value_loss           | 9.04e+03    |
-----------------------------------------
------------------------------------------
| rollout/                |              |
|    ep_len_mean          | 1.21e+04     |
|    ep_rew_mean          | 4.01e+04     |
| time/                   |              |
|    fps                  | 226          |
|    iterations           | 36           |
|    time_elapsed         | 81           |
|    total_timesteps      | 18432        |
| train/                  |              |
|    approx_kl            | 0.0073193316 |
|    clip_fraction        | 0.0641       |
|    clip_range           | 0.2          |
|    entropy_loss         | -4.35        |
|    explained_variance   | 1.79e-07     |
|    learning_rate        | 0.0003       |
|    loss                 | 6.84e+03     |
|    n_updates            | 175          |
|    policy_gradient_loss | -0.00792     |
|    std                  | 1.03         |
|    value_loss           | 1.38e+04     |
------------------------------------------
-----------------------------------------
| rollout/                |             |
|    ep_len_mean          | 1.21e+04    |
|    ep_rew_mean          | 4.01e+04    |
| time/                   |             |
|    fps                  | 230         |
|    iterations           | 37          |
|    time_elapsed         | 82          |
|    total_timesteps      | 18944       |
| train/                  |             |
|    approx_kl            | 0.009402644 |
|    clip_fraction        | 0.091       |
|    clip_range           | 0.2         |
|    entropy_loss         | -4.34       |
|    explained_variance   | -1.19e-07   |
|    learning_rate        | 0.0003      |
|    loss                 | 3.17e+03    |
|    n_updates            | 180         |
|    policy_gradient_loss | -0.00837    |
|    std                  | 1.03        |
|    value_loss           | 1.04e+04    |
-----------------------------------------
-----------------------------------------
| rollout/                |             |
|    ep_len_mean          | 1.21e+04    |
|    ep_rew_mean          | 4.01e+04    |
| time/                   |             |
|    fps                  | 234         |
|    iterations           | 38          |
|    time_elapsed         | 83          |
|    total_timesteps      | 19456       |
| train/                  |             |
|    approx_kl            | 0.004893978 |
|    clip_fraction        | 0.0184      |
|    clip_range           | 0.2         |
|    entropy_loss         | -4.34       |
|    explained_variance   | -1.19e-07   |
|    learning_rate        | 0.0003      |
|    loss                 | 5.74e+03    |
|    n_updates            | 185         |
|    policy_gradient_loss | -0.00306    |
|    std                  | 1.03        |
|    value_loss           | 1.33e+04    |
-----------------------------------------
-----------------------------------------
| rollout/                |             |
|    ep_len_mean          | 1.21e+04    |
|    ep_rew_mean          | 4.01e+04    |
| time/                   |             |
|    fps                  | 237         |
|    iterations           | 39          |
|    time_elapsed         | 84          |
|    total_timesteps      | 19968       |
| train/                  |             |
|    approx_kl            | 0.005125042 |
|    clip_fraction        | 0.0574      |
|    clip_range           | 0.2         |
|    entropy_loss         | -4.34       |
|    explained_variance   | -1.19e-07   |
|    learning_rate        | 0.0003      |
|    loss                 | 5.18e+03    |
|    n_updates            | 190         |
|    policy_gradient_loss | -0.00439    |
|    std                  | 1.03        |
|    value_loss           | 1.17e+04    |
-----------------------------------------
[DEBUG] step=1 RAW ACTION: [2. 0. 0.]
[DEBUG] step=2 RAW ACTION: [2. 0. 0.]
Eval num_timesteps=20000, episode_reward=0.00 +/- 0.00
Episode length: 4031.00 +/- 0.00
-----------------------------------------
| eval/                   |             |
|    mean_ep_length       | 4.03e+03    |
|    mean_reward          | 0           |
| time/                   |             |
|    total_timesteps      | 20000       |
| train/                  |             |
|    approx_kl            | 0.006108363 |
|    clip_fraction        | 0.0738      |
|    clip_range           | 0.2         |
|    entropy_loss         | -4.34       |
|    explained_variance   | -1.19e-07   |
|    learning_rate        | 0.0003      |
|    loss                 | 4.38e+03    |
|    n_updates            | 195         |
|    policy_gradient_loss | -0.00822    |
|    std                  | 1.03        |
|    value_loss           | 9.05e+03    |
-----------------------------------------
---------------------------------
| rollout/           |          |
|    ep_len_mean     | 1.21e+04 |
|    ep_rew_mean     | 4.01e+04 |
| time/              |          |
|    fps             | 236      |
|    iterations      | 40       |
|    time_elapsed    | 86       |
|    total_timesteps | 20480    |
---------------------------------
-----------------------------------------
| rollout/                |             |
|    ep_len_mean          | 1.21e+04    |
|    ep_rew_mean          | 4.01e+04    |
| time/                   |             |
|    fps                  | 239         |
|    iterations           | 41          |
|    time_elapsed         | 87          |
|    total_timesteps      | 20992       |
| train/                  |             |
|    approx_kl            | 0.007924714 |
|    clip_fraction        | 0.109       |
|    clip_range           | 0.2         |
|    entropy_loss         | -4.33       |
|    explained_variance   | 1.19e-07    |
|    learning_rate        | 0.0003      |
|    loss                 | 6.18e+03    |
|    n_updates            | 200         |
|    policy_gradient_loss | -0.00885    |
|    std                  | 1.03        |
|    value_loss           | 1.23e+04    |
-----------------------------------------
---------------------------------------
| rollout/                |           |
|    ep_len_mean          | 1.21e+04  |
|    ep_rew_mean          | 4.01e+04  |
| time/                   |           |
|    fps                  | 243       |
|    iterations           | 42        |
|    time_elapsed         | 88        |
|    total_timesteps      | 21504     |
| train/                  |           |
|    approx_kl            | 0.005337  |
|    clip_fraction        | 0.0312    |
|    clip_range           | 0.2       |
|    entropy_loss         | -4.33     |
|    explained_variance   | -1.19e-07 |
|    learning_rate        | 0.0003    |
|    loss                 | 3.37e+03  |
|    n_updates            | 205       |
|    policy_gradient_loss | -0.00193  |
|    std                  | 1.03      |
|    value_loss           | 9.91e+03  |
---------------------------------------
------------------------------------------
| rollout/                |              |
|    ep_len_mean          | 1.21e+04     |
|    ep_rew_mean          | 4.01e+04     |
| time/                   |              |
|    fps                  | 246          |
|    iterations           | 43           |
|    time_elapsed         | 89           |
|    total_timesteps      | 22016        |
| train/                  |              |
|    approx_kl            | 0.0047678924 |
|    clip_fraction        | 0.0469       |
|    clip_range           | 0.2          |
|    entropy_loss         | -4.33        |
|    explained_variance   | 0            |
|    learning_rate        | 0.0003       |
|    loss                 | 4.9e+03      |
|    n_updates            | 210          |
|    policy_gradient_loss | -0.00234     |
|    std                  | 1.03         |
|    value_loss           | 1.02e+04     |
------------------------------------------
------------------------------------------
| rollout/                |              |
|    ep_len_mean          | 1.21e+04     |
|    ep_rew_mean          | 4.01e+04     |
| time/                   |              |
|    fps                  | 248          |
|    iterations           | 44           |
|    time_elapsed         | 90           |
|    total_timesteps      | 22528        |
| train/                  |              |
|    approx_kl            | 0.0024994765 |
|    clip_fraction        | 0.0398       |
|    clip_range           | 0.2          |
|    entropy_loss         | -4.33        |
|    explained_variance   | 0            |
|    learning_rate        | 0.0003       |
|    loss                 | 4.95e+03     |
|    n_updates            | 215          |
|    policy_gradient_loss | -0.00264     |
|    std                  | 1.02         |
|    value_loss           | 1.13e+04     |
------------------------------------------
-----------------------------------------
| rollout/                |             |
|    ep_len_mean          | 1.21e+04    |
|    ep_rew_mean          | 4.01e+04    |
| time/                   |             |
|    fps                  | 252         |
|    iterations           | 45          |
|    time_elapsed         | 91          |
|    total_timesteps      | 23040       |
| train/                  |             |
|    approx_kl            | 0.009903186 |
|    clip_fraction        | 0.152       |
|    clip_range           | 0.2         |
|    entropy_loss         | -4.32       |
|    explained_variance   | 1.79e-07    |
|    learning_rate        | 0.0003      |
|    loss                 | 5.79e+03    |
|    n_updates            | 220         |
|    policy_gradient_loss | -0.0174     |
|    std                  | 1.02        |
|    value_loss           | 1.25e+04    |
-----------------------------------------
----------------------------------------
| rollout/                |            |
|    ep_len_mean          | 1.21e+04   |
|    ep_rew_mean          | 4.01e+04   |
| time/                   |            |
|    fps                  | 255        |
|    iterations           | 46         |
|    time_elapsed         | 92         |
|    total_timesteps      | 23552      |
| train/                  |            |
|    approx_kl            | 0.00503601 |
|    clip_fraction        | 0.0406     |
|    clip_range           | 0.2        |
|    entropy_loss         | -4.31      |
|    explained_variance   | -1.19e-07  |
|    learning_rate        | 0.0003     |
|    loss                 | 6.67e+03   |
|    n_updates            | 225        |
|    policy_gradient_loss | -0.00309   |
|    std                  | 1.02       |
|    value_loss           | 1.47e+04   |
----------------------------------------
------------------------------------------
| rollout/                |              |
|    ep_len_mean          | 1.21e+04     |
|    ep_rew_mean          | 4.01e+04     |
| time/                   |              |
|    fps                  | 257          |
|    iterations           | 47           |
|    time_elapsed         | 93           |
|    total_timesteps      | 24064        |
| train/                  |              |
|    approx_kl            | 0.0056129503 |
|    clip_fraction        | 0.0441       |
|    clip_range           | 0.2          |
|    entropy_loss         | -4.31        |
|    explained_variance   | 0            |
|    learning_rate        | 0.0003       |
|    loss                 | 4.8e+03      |
|    n_updates            | 230          |
|    policy_gradient_loss | -0.00366     |
|    std                  | 1.02         |
|    value_loss           | 1.18e+04     |
------------------------------------------
[DEBUG] step=1 RAW ACTION: [2.       0.528362 0.      ]
[DEBUG] step=2 RAW ACTION: [2.         0.35729474 0.1332264 ]
-----------------------------------------
| rollout/                |             |
|    ep_len_mean          | 1.21e+04    |
|    ep_rew_mean          | 6.47e+04    |
| time/                   |             |
|    fps                  | 260         |
|    iterations           | 48          |
|    time_elapsed         | 94          |
|    total_timesteps      | 24576       |
| train/                  |             |
|    approx_kl            | 0.012899695 |
|    clip_fraction        | 0.128       |
|    clip_range           | 0.2         |
|    entropy_loss         | -4.3        |
|    explained_variance   | 0           |
|    learning_rate        | 0.0003      |
|    loss                 | 5.87e+03    |
|    n_updates            | 235         |
|    policy_gradient_loss | -0.0111     |
|    std                  | 1.02        |
|    value_loss           | 1.18e+04    |
-----------------------------------------
[DEBUG] step=1 RAW ACTION: [2.         0.06349219 0.        ]
[DEBUG] step=2 RAW ACTION: [2.         0.06349222 0.        ]
Eval num_timesteps=25000, episode_reward=0.00 +/- 0.00
Episode length: 4031.00 +/- 0.00
------------------------------------------
| eval/                   |              |
|    mean_ep_length       | 4.03e+03     |
|    mean_reward          | 0            |
| time/                   |              |
|    total_timesteps      | 25000        |
| train/                  |              |
|    approx_kl            | 0.0033976263 |
|    clip_fraction        | 0.0148       |
|    clip_range           | 0.2          |
|    entropy_loss         | -4.3         |
|    explained_variance   | -1.19e-07    |
|    learning_rate        | 0.0003       |
|    loss                 | 5.12e+03     |
|    n_updates            | 240          |
|    policy_gradient_loss | 0.0015       |
|    std                  | 1.02         |
|    value_loss           | 1.04e+04     |
------------------------------------------
---------------------------------
| rollout/           |          |
|    ep_len_mean     | 1.21e+04 |
|    ep_rew_mean     | 6.47e+04 |
| time/              |          |
|    fps             | 258      |
|    iterations      | 49       |
|    time_elapsed    | 97       |
|    total_timesteps | 25088    |
---------------------------------
----------------------------------------
| rollout/                |            |
|    ep_len_mean          | 1.21e+04   |
|    ep_rew_mean          | 6.47e+04   |
| time/                   |            |
|    fps                  | 261        |
|    iterations           | 50         |
|    time_elapsed         | 97         |
|    total_timesteps      | 25600      |
| train/                  |            |
|    approx_kl            | 0.00813802 |
|    clip_fraction        | 0.073      |
|    clip_range           | 0.2        |
|    entropy_loss         | -4.3       |
|    explained_variance   | -1.19e-07  |
|    learning_rate        | 0.0003     |
|    loss                 | 7.24e+03   |
|    n_updates            | 245        |
|    policy_gradient_loss | -0.00641   |
|    std                  | 1.01       |
|    value_loss           | 1.33e+04   |
----------------------------------------
------------------------------------------
| rollout/                |              |
|    ep_len_mean          | 1.21e+04     |
|    ep_rew_mean          | 6.47e+04     |
| time/                   |              |
|    fps                  | 264          |
|    iterations           | 51           |
|    time_elapsed         | 98           |
|    total_timesteps      | 26112        |
| train/                  |              |
|    approx_kl            | 0.0077491356 |
|    clip_fraction        | 0.0738       |
|    clip_range           | 0.2          |
|    entropy_loss         | -4.29        |
|    explained_variance   | 0            |
|    learning_rate        | 0.0003       |
|    loss                 | 4.78e+03     |
|    n_updates            | 250          |
|    policy_gradient_loss | -0.00407     |
|    std                  | 1.01         |
|    value_loss           | 1.17e+04     |
------------------------------------------
------------------------------------------
| rollout/                |              |
|    ep_len_mean          | 1.21e+04     |
|    ep_rew_mean          | 6.47e+04     |
| time/                   |              |
|    fps                  | 266          |
|    iterations           | 52           |
|    time_elapsed         | 99           |
|    total_timesteps      | 26624        |
| train/                  |              |
|    approx_kl            | 0.0050135045 |
|    clip_fraction        | 0.057        |
|    clip_range           | 0.2          |
|    entropy_loss         | -4.29        |
|    explained_variance   | 0            |
|    learning_rate        | 0.0003       |
|    loss                 | 6.75e+03     |
|    n_updates            | 255          |
|    policy_gradient_loss | -0.00295     |
|    std                  | 1.01         |
|    value_loss           | 1.32e+04     |
------------------------------------------
----------------------------------------
| rollout/                |            |
|    ep_len_mean          | 1.21e+04   |
|    ep_rew_mean          | 6.47e+04   |
| time/                   |            |
|    fps                  | 269        |
|    iterations           | 53         |
|    time_elapsed         | 100        |
|    total_timesteps      | 27136      |
| train/                  |            |
|    approx_kl            | 0.00625384 |
|    clip_fraction        | 0.0621     |
|    clip_range           | 0.2        |
|    entropy_loss         | -4.28      |
|    explained_variance   | 0          |
|    learning_rate        | 0.0003     |
|    loss                 | 6.85e+03   |
|    n_updates            | 260        |
|    policy_gradient_loss | -0.00157   |
|    std                  | 1.01       |
|    value_loss           | 1.28e+04   |
----------------------------------------
-----------------------------------------
| rollout/                |             |
|    ep_len_mean          | 1.21e+04    |
|    ep_rew_mean          | 6.47e+04    |
| time/                   |             |
|    fps                  | 272         |
|    iterations           | 54          |
|    time_elapsed         | 101         |
|    total_timesteps      | 27648       |
| train/                  |             |
|    approx_kl            | 0.009708431 |
|    clip_fraction        | 0.111       |
|    clip_range           | 0.2         |
|    entropy_loss         | -4.28       |
|    explained_variance   | 1.19e-07    |
|    learning_rate        | 0.0003      |
|    loss                 | 6.06e+03    |
|    n_updates            | 265         |
|    policy_gradient_loss | -0.00607    |
|    std                  | 1.01        |
|    value_loss           | 1.22e+04    |
-----------------------------------------
-----------------------------------------
| rollout/                |             |
|    ep_len_mean          | 1.21e+04    |
|    ep_rew_mean          | 6.47e+04    |
| time/                   |             |
|    fps                  | 274         |
|    iterations           | 55          |
|    time_elapsed         | 102         |
|    total_timesteps      | 28160       |
| train/                  |             |
|    approx_kl            | 0.012721836 |
|    clip_fraction        | 0.0996      |
|    clip_range           | 0.2         |
|    entropy_loss         | -4.28       |
|    explained_variance   | 0           |
|    learning_rate        | 0.0003      |
|    loss                 | 5.33e+03    |
|    n_updates            | 270         |
|    policy_gradient_loss | -0.00587    |
|    std                  | 1.01        |
|    value_loss           | 1.15e+04    |
-----------------------------------------
-----------------------------------------
| rollout/                |             |
|    ep_len_mean          | 1.21e+04    |
|    ep_rew_mean          | 6.47e+04    |
| time/                   |             |
|    fps                  | 277         |
|    iterations           | 56          |
|    time_elapsed         | 103         |
|    total_timesteps      | 28672       |
| train/                  |             |
|    approx_kl            | 0.014015226 |
|    clip_fraction        | 0.157       |
|    clip_range           | 0.2         |
|    entropy_loss         | -4.27       |
|    explained_variance   | 0           |
|    learning_rate        | 0.0003      |
|    loss                 | 6.6e+03     |
|    n_updates            | 275         |
|    policy_gradient_loss | -0.0103     |
|    std                  | 1           |
|    value_loss           | 1.42e+04    |
-----------------------------------------
-----------------------------------------
| rollout/                |             |
|    ep_len_mean          | 1.21e+04    |
|    ep_rew_mean          | 6.47e+04    |
| time/                   |             |
|    fps                  | 279         |
|    iterations           | 57          |
|    time_elapsed         | 104         |
|    total_timesteps      | 29184       |
| train/                  |             |
|    approx_kl            | 0.007824263 |
|    clip_fraction        | 0.0969      |
|    clip_range           | 0.2         |
|    entropy_loss         | -4.26       |
|    explained_variance   | 1.19e-07    |
|    learning_rate        | 0.0003      |
|    loss                 | 6.04e+03    |
|    n_updates            | 280         |
|    policy_gradient_loss | -0.0047     |
|    std                  | 1           |
|    value_loss           | 1.28e+04    |
-----------------------------------------
------------------------------------------
| rollout/                |              |
|    ep_len_mean          | 1.21e+04     |
|    ep_rew_mean          | 6.47e+04     |
| time/                   |              |
|    fps                  | 282          |
|    iterations           | 58           |
|    time_elapsed         | 104          |
|    total_timesteps      | 29696        |
| train/                  |              |
|    approx_kl            | 0.0034137699 |
|    clip_fraction        | 0.0496       |
|    clip_range           | 0.2          |
|    entropy_loss         | -4.26        |
|    explained_variance   | 5.96e-08     |
|    learning_rate        | 0.0003       |
|    loss                 | 5.71e+03     |
|    n_updates            | 285          |
|    policy_gradient_loss | -0.00235     |
|    std                  | 1            |
|    value_loss           | 1.16e+04     |
------------------------------------------
[DEBUG] step=1 RAW ACTION: [2. 0. 0.]
[DEBUG] step=2 RAW ACTION: [2. 0. 0.]
Eval num_timesteps=30000, episode_reward=0.00 +/- 0.00
Episode length: 4031.00 +/- 0.00
-----------------------------------------
| eval/                   |             |
|    mean_ep_length       | 4.03e+03    |
|    mean_reward          | 0           |
| time/                   |             |
|    total_timesteps      | 30000       |
| train/                  |             |
|    approx_kl            | 0.008926591 |
|    clip_fraction        | 0.11        |
|    clip_range           | 0.2         |
|    entropy_loss         | -4.26       |
|    explained_variance   | -1.19e-07   |
|    learning_rate        | 0.0003      |
|    loss                 | 5.5e+03     |
|    n_updates            | 290         |
|    policy_gradient_loss | -0.0056     |
|    std                  | 1           |
|    value_loss           | 1.22e+04    |
-----------------------------------------
---------------------------------
| rollout/           |          |
|    ep_len_mean     | 1.21e+04 |
|    ep_rew_mean     | 6.47e+04 |
| time/              |          |
|    fps             | 281      |
|    iterations      | 59       |
|    time_elapsed    | 107      |
|    total_timesteps | 30208    |
---------------------------------
------------------------------------------
| rollout/                |              |
|    ep_len_mean          | 1.21e+04     |
|    ep_rew_mean          | 6.47e+04     |
| time/                   |              |
|    fps                  | 284          |
|    iterations           | 60           |
|    time_elapsed         | 108          |
|    total_timesteps      | 30720        |
| train/                  |              |
|    approx_kl            | 0.0072566923 |
|    clip_fraction        | 0.116        |
|    clip_range           | 0.2          |
|    entropy_loss         | -4.27        |
|    explained_variance   | 0            |
|    learning_rate        | 0.0003       |
|    loss                 | 4.58e+03     |
|    n_updates            | 295          |
|    policy_gradient_loss | -0.00701     |
|    std                  | 1            |
|    value_loss           | 1.07e+04     |
------------------------------------------
-----------------------------------------
| rollout/                |             |
|    ep_len_mean          | 1.21e+04    |
|    ep_rew_mean          | 6.47e+04    |
| time/                   |             |
|    fps                  | 286         |
|    iterations           | 61          |
|    time_elapsed         | 109         |
|    total_timesteps      | 31232       |
| train/                  |             |
|    approx_kl            | 0.004999305 |
|    clip_fraction        | 0.068       |
|    clip_range           | 0.2         |
|    entropy_loss         | -4.26       |
|    explained_variance   | -1.19e-07   |
|    learning_rate        | 0.0003      |
|    loss                 | 3.19e+03    |
|    n_updates            | 300         |
|    policy_gradient_loss | -0.00139    |
|    std                  | 1           |
|    value_loss           | 7.95e+03    |
-----------------------------------------
------------------------------------------
| rollout/                |              |
|    ep_len_mean          | 1.21e+04     |
|    ep_rew_mean          | 6.47e+04     |
| time/                   |              |
|    fps                  | 287          |
|    iterations           | 62           |
|    time_elapsed         | 110          |
|    total_timesteps      | 31744        |
| train/                  |              |
|    approx_kl            | 0.0061952234 |
|    clip_fraction        | 0.0398       |
|    clip_range           | 0.2          |
|    entropy_loss         | -4.25        |
|    explained_variance   | 0            |
|    learning_rate        | 0.0003       |
|    loss                 | 7.45e+03     |
|    n_updates            | 305          |
|    policy_gradient_loss | -0.000334    |
|    std                  | 0.996        |
|    value_loss           | 1.25e+04     |
------------------------------------------
----------------------------------------
| rollout/                |            |
|    ep_len_mean          | 1.21e+04   |
|    ep_rew_mean          | 6.47e+04   |
| time/                   |            |
|    fps                  | 287        |
|    iterations           | 63         |
|    time_elapsed         | 112        |
|    total_timesteps      | 32256      |
| train/                  |            |
|    approx_kl            | 0.01066362 |
|    clip_fraction        | 0.128      |
|    clip_range           | 0.2        |
|    entropy_loss         | -4.24      |
|    explained_variance   | 0          |
|    learning_rate        | 0.0003     |
|    loss                 | 5.89e+03   |
|    n_updates            | 310        |
|    policy_gradient_loss | -0.00923   |
|    std                  | 0.995      |
|    value_loss           | 1e+04      |
----------------------------------------
-----------------------------------------
| rollout/                |             |
|    ep_len_mean          | 1.21e+04    |
|    ep_rew_mean          | 6.47e+04    |
| time/                   |             |
|    fps                  | 288         |
|    iterations           | 64          |
|    time_elapsed         | 113         |
|    total_timesteps      | 32768       |
| train/                  |             |
|    approx_kl            | 0.004893594 |
|    clip_fraction        | 0.0711      |
|    clip_range           | 0.2         |
|    entropy_loss         | -4.24       |
|    explained_variance   | 0           |
|    learning_rate        | 0.0003      |
|    loss                 | 7.01e+03    |
|    n_updates            | 315         |
|    policy_gradient_loss | -0.00386    |
|    std                  | 0.995       |
|    value_loss           | 1.25e+04    |
-----------------------------------------
---------------------------------------
| rollout/                |           |
|    ep_len_mean          | 1.21e+04  |
|    ep_rew_mean          | 6.47e+04  |
| time/                   |           |
|    fps                  | 287       |
|    iterations           | 65        |
|    time_elapsed         | 115       |
|    total_timesteps      | 33280     |
| train/                  |           |
|    approx_kl            | 0.0057558 |
|    clip_fraction        | 0.0547    |
|    clip_range           | 0.2       |
|    entropy_loss         | -4.24     |
|    explained_variance   | 0         |
|    learning_rate        | 0.0003    |
|    loss                 | 5.11e+03  |
|    n_updates            | 320       |
|    policy_gradient_loss | -0.0021   |
|    std                  | 0.996     |
|    value_loss           | 9.12e+03  |
---------------------------------------
-----------------------------------------
| rollout/                |             |
|    ep_len_mean          | 1.21e+04    |
|    ep_rew_mean          | 6.47e+04    |
| time/                   |             |
|    fps                  | 281         |
|    iterations           | 66          |
|    time_elapsed         | 119         |
|    total_timesteps      | 33792       |
| train/                  |             |
|    approx_kl            | 0.005508274 |
|    clip_fraction        | 0.0281      |
|    clip_range           | 0.2         |
|    entropy_loss         | -4.23       |
|    explained_variance   | 1.19e-07    |
|    learning_rate        | 0.0003      |
|    loss                 | 6.76e+03    |
|    n_updates            | 325         |
|    policy_gradient_loss | 0.000105    |
|    std                  | 0.991       |
|    value_loss           | 1.41e+04    |
-----------------------------------------
-----------------------------------------
| rollout/                |             |
|    ep_len_mean          | 1.21e+04    |
|    ep_rew_mean          | 6.47e+04    |
| time/                   |             |
|    fps                  | 280         |
|    iterations           | 67          |
|    time_elapsed         | 122         |
|    total_timesteps      | 34304       |
| train/                  |             |
|    approx_kl            | 0.007818298 |
|    clip_fraction        | 0.0539      |
|    clip_range           | 0.2         |
|    entropy_loss         | -4.22       |
|    explained_variance   | 0           |
|    learning_rate        | 0.0003      |
|    loss                 | 5.36e+03    |
|    n_updates            | 330         |
|    policy_gradient_loss | -0.00158    |
|    std                  | 0.989       |
|    value_loss           | 1.14e+04    |
-----------------------------------------
-----------------------------------------
| rollout/                |             |
|    ep_len_mean          | 1.21e+04    |
|    ep_rew_mean          | 6.47e+04    |
| time/                   |             |
|    fps                  | 279         |
|    iterations           | 68          |
|    time_elapsed         | 124         |
|    total_timesteps      | 34816       |
| train/                  |             |
|    approx_kl            | 0.006691902 |
|    clip_fraction        | 0.0637      |
|    clip_range           | 0.2         |
|    entropy_loss         | -4.22       |
|    explained_variance   | 1.19e-07    |
|    learning_rate        | 0.0003      |
|    loss                 | 5.25e+03    |
|    n_updates            | 335         |
|    policy_gradient_loss | -0.00164    |
|    std                  | 0.991       |
|    value_loss           | 1.38e+04    |
-----------------------------------------
[DEBUG] step=1 RAW ACTION: [2. 0. 0.]
[DEBUG] step=2 RAW ACTION: [2. 0. 0.]
Eval num_timesteps=35000, episode_reward=0.00 +/- 0.00
Episode length: 4031.00 +/- 0.00
-----------------------------------------
| eval/                   |             |
|    mean_ep_length       | 4.03e+03    |
|    mean_reward          | 0           |
| time/                   |             |
|    total_timesteps      | 35000       |
| train/                  |             |
|    approx_kl            | 0.005551311 |
|    clip_fraction        | 0.0508      |
|    clip_range           | 0.2         |
|    entropy_loss         | -4.23       |
|    explained_variance   | 5.96e-08    |
|    learning_rate        | 0.0003      |
|    loss                 | 6.18e+03    |
|    n_updates            | 340         |
|    policy_gradient_loss | 0.000902    |
|    std                  | 0.995       |
|    value_loss           | 1.23e+04    |
-----------------------------------------
---------------------------------
| rollout/           |          |
|    ep_len_mean     | 1.21e+04 |
|    ep_rew_mean     | 6.47e+04 |
| time/              |          |
|    fps             | 272      |
|    iterations      | 69       |
|    time_elapsed    | 129      |
|    total_timesteps | 35328    |
---------------------------------
------------------------------------------
| rollout/                |              |
|    ep_len_mean          | 1.21e+04     |
|    ep_rew_mean          | 6.47e+04     |
| time/                   |              |
|    fps                  | 270          |
|    iterations           | 70           |
|    time_elapsed         | 132          |
|    total_timesteps      | 35840        |
| train/                  |              |
|    approx_kl            | 0.0072484147 |
|    clip_fraction        | 0.102        |
|    clip_range           | 0.2          |
|    entropy_loss         | -4.23        |
|    explained_variance   | 0            |
|    learning_rate        | 0.0003       |
|    loss                 | 6.22e+03     |
|    n_updates            | 345          |
|    policy_gradient_loss | -0.00384     |
|    std                  | 0.994        |
|    value_loss           | 1.21e+04     |
------------------------------------------
[DEBUG] step=1 RAW ACTION: [2.        0.2873238 0.       ]
[DEBUG] step=2 RAW ACTION: [2.         0.02713266 0.        ]
-----------------------------------------
| rollout/                |             |
|    ep_len_mean          | 1.21e+04    |
|    ep_rew_mean          | 7.59e+04    |
| time/                   |             |
|    fps                  | 270         |
|    iterations           | 71          |
|    time_elapsed         | 134         |
|    total_timesteps      | 36352       |
| train/                  |             |
|    approx_kl            | 0.009200831 |
|    clip_fraction        | 0.0902      |
|    clip_range           | 0.2         |
|    entropy_loss         | -4.24       |
|    explained_variance   | 0           |
|    learning_rate        | 0.0003      |
|    loss                 | 4.6e+03     |
|    n_updates            | 350         |
|    policy_gradient_loss | -0.000737   |
|    std                  | 0.996       |
|    value_loss           | 1.03e+04    |
-----------------------------------------
-----------------------------------------
| rollout/                |             |
|    ep_len_mean          | 1.21e+04    |
|    ep_rew_mean          | 7.59e+04    |
| time/                   |             |
|    fps                  | 269         |
|    iterations           | 72          |
|    time_elapsed         | 136         |
|    total_timesteps      | 36864       |
| train/                  |             |
|    approx_kl            | 0.009608725 |
|    clip_fraction        | 0.113       |
|    clip_range           | 0.2         |
|    entropy_loss         | -4.25       |
|    explained_variance   | 1.19e-07    |
|    learning_rate        | 0.0003      |
|    loss                 | 7.15e+03    |
|    n_updates            | 355         |
|    policy_gradient_loss | -0.00484    |
|    std                  | 1           |
|    value_loss           | 1.11e+04    |
-----------------------------------------
-----------------------------------------
| rollout/                |             |
|    ep_len_mean          | 1.21e+04    |
|    ep_rew_mean          | 7.59e+04    |
| time/                   |             |
|    fps                  | 269         |
|    iterations           | 73          |
|    time_elapsed         | 138         |
|    total_timesteps      | 37376       |
| train/                  |             |
|    approx_kl            | 0.011893423 |
|    clip_fraction        | 0.132       |
|    clip_range           | 0.2         |
|    entropy_loss         | -4.26       |
|    explained_variance   | 0           |
|    learning_rate        | 0.0003      |
|    loss                 | 4.4e+03     |
|    n_updates            | 360         |
|    policy_gradient_loss | -0.00276    |
|    std                  | 1.01        |
|    value_loss           | 7.69e+03    |
-----------------------------------------
------------------------------------------
| rollout/                |              |
|    ep_len_mean          | 1.21e+04     |
|    ep_rew_mean          | 7.59e+04     |
| time/                   |              |
|    fps                  | 268          |
|    iterations           | 74           |
|    time_elapsed         | 141          |
|    total_timesteps      | 37888        |
| train/                  |              |
|    approx_kl            | 0.0060130795 |
|    clip_fraction        | 0.0816       |
|    clip_range           | 0.2          |
|    entropy_loss         | -4.26        |
|    explained_variance   | -1.19e-07    |
|    learning_rate        | 0.0003       |
|    loss                 | 5.87e+03     |
|    n_updates            | 365          |
|    policy_gradient_loss | -0.00266     |
|    std                  | 1            |
|    value_loss           | 1.15e+04     |
------------------------------------------
-----------------------------------------
| rollout/                |             |
|    ep_len_mean          | 1.21e+04    |
|    ep_rew_mean          | 7.59e+04    |
| time/                   |             |
|    fps                  | 268         |
|    iterations           | 75          |
|    time_elapsed         | 142         |
|    total_timesteps      | 38400       |
| train/                  |             |
|    approx_kl            | 0.007881204 |
|    clip_fraction        | 0.0566      |
|    clip_range           | 0.2         |
|    entropy_loss         | -4.25       |
|    explained_variance   | 0           |
|    learning_rate        | 0.0003      |
|    loss                 | 6.31e+03    |
|    n_updates            | 370         |
|    policy_gradient_loss | -0.00201    |
|    std                  | 0.997       |
|    value_loss           | 1.17e+04    |
-----------------------------------------
-----------------------------------------
| rollout/                |             |
|    ep_len_mean          | 1.21e+04    |
|    ep_rew_mean          | 7.59e+04    |
| time/                   |             |
|    fps                  | 266         |
|    iterations           | 76          |
|    time_elapsed         | 145         |
|    total_timesteps      | 38912       |
| train/                  |             |
|    approx_kl            | 0.006660519 |
|    clip_fraction        | 0.0992      |
|    clip_range           | 0.2         |
|    entropy_loss         | -4.24       |
|    explained_variance   | 0           |
|    learning_rate        | 0.0003      |
|    loss                 | 6.4e+03     |
|    n_updates            | 375         |
|    policy_gradient_loss | -0.00411    |
|    std                  | 0.996       |
|    value_loss           | 1.14e+04    |
-----------------------------------------
------------------------------------------
| rollout/                |              |
|    ep_len_mean          | 1.21e+04     |
|    ep_rew_mean          | 7.59e+04     |
| time/                   |              |
|    fps                  | 263          |
|    iterations           | 77           |
|    time_elapsed         | 149          |
|    total_timesteps      | 39424        |
| train/                  |              |
|    approx_kl            | 0.0058533284 |
|    clip_fraction        | 0.0414       |
|    clip_range           | 0.2          |
|    entropy_loss         | -4.23        |
|    explained_variance   | 5.96e-08     |
|    learning_rate        | 0.0003       |
|    loss                 | 5.99e+03     |
|    n_updates            | 380          |
|    policy_gradient_loss | -9.85e-05    |
|    std                  | 0.994        |
|    value_loss           | 1.09e+04     |
------------------------------------------
----------------------------------------
| rollout/                |            |
|    ep_len_mean          | 1.21e+04   |
|    ep_rew_mean          | 7.59e+04   |
| time/                   |            |
|    fps                  | 263        |
|    iterations           | 78         |
|    time_elapsed         | 151        |
|    total_timesteps      | 39936      |
| train/                  |            |
|    approx_kl            | 0.00931122 |
|    clip_fraction        | 0.132      |
|    clip_range           | 0.2        |
|    entropy_loss         | -4.23      |
|    explained_variance   | -1.19e-07  |
|    learning_rate        | 0.0003     |
|    loss                 | 5.33e+03   |
|    n_updates            | 385        |
|    policy_gradient_loss | -0.00548   |
|    std                  | 0.994      |
|    value_loss           | 1.1e+04    |
----------------------------------------
[DEBUG] step=1 RAW ACTION: [2. 0. 0.]
[DEBUG] step=2 RAW ACTION: [2. 0. 0.]
Eval num_timesteps=40000, episode_reward=0.00 +/- 0.00
Episode length: 4031.00 +/- 0.00
------------------------------------------
| eval/                   |              |
|    mean_ep_length       | 4.03e+03     |
|    mean_reward          | 0            |
| time/                   |              |
|    total_timesteps      | 40000        |
| train/                  |              |
|    approx_kl            | 0.0072840285 |
|    clip_fraction        | 0.0758       |
|    clip_range           | 0.2          |
|    entropy_loss         | -4.22        |
|    explained_variance   | 0            |
|    learning_rate        | 0.0003       |
|    loss                 | 3.99e+03     |
|    n_updates            | 390          |
|    policy_gradient_loss | -0.00132     |
|    std                  | 0.991        |
|    value_loss           | 8.92e+03     |
------------------------------------------
---------------------------------
| rollout/           |          |
|    ep_len_mean     | 1.21e+04 |
|    ep_rew_mean     | 7.59e+04 |
| time/              |          |
|    fps             | 258      |
|    iterations      | 79       |
|    time_elapsed    | 156      |
|    total_timesteps | 40448    |
---------------------------------
------------------------------------------
| rollout/                |              |
|    ep_len_mean          | 1.21e+04     |
|    ep_rew_mean          | 7.59e+04     |
| time/                   |              |
|    fps                  | 258          |
|    iterations           | 80           |
|    time_elapsed         | 158          |
|    total_timesteps      | 40960        |
| train/                  |              |
|    approx_kl            | 0.0050856327 |
|    clip_fraction        | 0.0512       |
|    clip_range           | 0.2          |
|    entropy_loss         | -4.21        |
|    explained_variance   | 0            |
|    learning_rate        | 0.0003       |
|    loss                 | 4.87e+03     |
|    n_updates            | 395          |
|    policy_gradient_loss | -0.00301     |
|    std                  | 0.982        |
|    value_loss           | 1e+04        |
------------------------------------------
------------------------------------------
| rollout/                |              |
|    ep_len_mean          | 1.21e+04     |
|    ep_rew_mean          | 7.59e+04     |
| time/                   |              |
|    fps                  | 258          |
|    iterations           | 81           |
|    time_elapsed         | 160          |
|    total_timesteps      | 41472        |
| train/                  |              |
|    approx_kl            | 0.0057170186 |
|    clip_fraction        | 0.0199       |
|    clip_range           | 0.2          |
|    entropy_loss         | -4.2         |
|    explained_variance   | 0            |
|    learning_rate        | 0.0003       |
|    loss                 | 6.36e+03     |
|    n_updates            | 400          |
|    policy_gradient_loss | 0.00226      |
|    std                  | 0.985        |
|    value_loss           | 1.06e+04     |
------------------------------------------
------------------------------------------
| rollout/                |              |
|    ep_len_mean          | 1.21e+04     |
|    ep_rew_mean          | 7.59e+04     |
| time/                   |              |
|    fps                  | 257          |
|    iterations           | 82           |
|    time_elapsed         | 163          |
|    total_timesteps      | 41984        |
| train/                  |              |
|    approx_kl            | 0.0037561222 |
|    clip_fraction        | 0.0469       |
|    clip_range           | 0.2          |
|    entropy_loss         | -4.2         |
|    explained_variance   | -1.19e-07    |
|    learning_rate        | 0.0003       |
|    loss                 | 6.38e+03     |
|    n_updates            | 405          |
|    policy_gradient_loss | -0.000793    |
|    std                  | 0.98         |
|    value_loss           | 1.24e+04     |
------------------------------------------
------------------------------------------
| rollout/                |              |
|    ep_len_mean          | 1.21e+04     |
|    ep_rew_mean          | 7.59e+04     |
| time/                   |              |
|    fps                  | 257          |
|    iterations           | 83           |
|    time_elapsed         | 164          |
|    total_timesteps      | 42496        |
| train/                  |              |
|    approx_kl            | 0.0071424413 |
|    clip_fraction        | 0.0688       |
|    clip_range           | 0.2          |
|    entropy_loss         | -4.18        |
|    explained_variance   | 0            |
|    learning_rate        | 0.0003       |
|    loss                 | 5.02e+03     |
|    n_updates            | 410          |
|    policy_gradient_loss | -0.000334    |
|    std                  | 0.976        |
|    value_loss           | 9.87e+03     |
------------------------------------------
------------------------------------------
| rollout/                |              |
|    ep_len_mean          | 1.21e+04     |
|    ep_rew_mean          | 7.59e+04     |
| time/                   |              |
|    fps                  | 257          |
|    iterations           | 84           |
|    time_elapsed         | 167          |
|    total_timesteps      | 43008        |
| train/                  |              |
|    approx_kl            | 0.0062629804 |
|    clip_fraction        | 0.0469       |
|    clip_range           | 0.2          |
|    entropy_loss         | -4.17        |
|    explained_variance   | 0            |
|    learning_rate        | 0.0003       |
|    loss                 | 4.3e+03      |
|    n_updates            | 415          |
|    policy_gradient_loss | 0.0007       |
|    std                  | 0.969        |
|    value_loss           | 1.12e+04     |
------------------------------------------
------------------------------------------
| rollout/                |              |
|    ep_len_mean          | 1.21e+04     |
|    ep_rew_mean          | 7.59e+04     |
| time/                   |              |
|    fps                  | 256          |
|    iterations           | 85           |
|    time_elapsed         | 169          |
|    total_timesteps      | 43520        |
| train/                  |              |
|    approx_kl            | 0.0013307343 |
|    clip_fraction        | 0.0383       |
|    clip_range           | 0.2          |
|    entropy_loss         | -4.15        |
|    explained_variance   | 5.96e-08     |
|    learning_rate        | 0.0003       |
|    loss                 | 2.93e+03     |
|    n_updates            | 420          |
|    policy_gradient_loss | 0.00147      |
|    std                  | 0.966        |
|    value_loss           | 8.06e+03     |
------------------------------------------
-----------------------------------------
| rollout/                |             |
|    ep_len_mean          | 1.21e+04    |
|    ep_rew_mean          | 7.59e+04    |
| time/                   |             |
|    fps                  | 256         |
|    iterations           | 86          |
|    time_elapsed         | 171         |
|    total_timesteps      | 44032       |
| train/                  |             |
|    approx_kl            | 0.009988673 |
|    clip_fraction        | 0.136       |
|    clip_range           | 0.2         |
|    entropy_loss         | -4.13       |
|    explained_variance   | 0           |
|    learning_rate        | 0.0003      |
|    loss                 | 4.57e+03    |
|    n_updates            | 425         |
|    policy_gradient_loss | -0.0113     |
|    std                  | 0.956       |
|    value_loss           | 1.01e+04    |
-----------------------------------------
-----------------------------------------
| rollout/                |             |
|    ep_len_mean          | 1.21e+04    |
|    ep_rew_mean          | 7.59e+04    |
| time/                   |             |
|    fps                  | 256         |
|    iterations           | 87          |
|    time_elapsed         | 173         |
|    total_timesteps      | 44544       |
| train/                  |             |
|    approx_kl            | 0.007573219 |
|    clip_fraction        | 0.0715      |
|    clip_range           | 0.2         |
|    entropy_loss         | -4.09       |
|    explained_variance   | 1.19e-07    |
|    learning_rate        | 0.0003      |
|    loss                 | 5.83e+03    |
|    n_updates            | 430         |
|    policy_gradient_loss | -0.00299    |
|    std                  | 0.945       |
|    value_loss           | 1.17e+04    |
-----------------------------------------
[DEBUG] step=1 RAW ACTION: [2. 0. 0.]
[DEBUG] step=2 RAW ACTION: [2. 0. 0.]
Eval num_timesteps=45000, episode_reward=0.00 +/- 0.00
Episode length: 4031.00 +/- 0.00
-----------------------------------------
| eval/                   |             |
|    mean_ep_length       | 4.03e+03    |
|    mean_reward          | 0           |
| time/                   |             |
|    total_timesteps      | 45000       |
| train/                  |             |
|    approx_kl            | 0.005228995 |
|    clip_fraction        | 0.0352      |
|    clip_range           | 0.2         |
|    entropy_loss         | -4.08       |
|    explained_variance   | 0           |
|    learning_rate        | 0.0003      |
|    loss                 | 4.64e+03    |
|    n_updates            | 435         |
|    policy_gradient_loss | 0.000579    |
|    std                  | 0.945       |
|    value_loss           | 9.56e+03    |
-----------------------------------------
---------------------------------
| rollout/           |          |
|    ep_len_mean     | 1.21e+04 |
|    ep_rew_mean     | 7.59e+04 |
| time/              |          |
|    fps             | 247      |
|    iterations      | 88       |
|    time_elapsed    | 181      |
|    total_timesteps | 45056    |
---------------------------------
-----------------------------------------
| rollout/                |             |
|    ep_len_mean          | 1.21e+04    |
|    ep_rew_mean          | 7.59e+04    |
| time/                   |             |
|    fps                  | 247         |
|    iterations           | 89          |
|    time_elapsed         | 184         |
|    total_timesteps      | 45568       |
| train/                  |             |
|    approx_kl            | 0.007609691 |
|    clip_fraction        | 0.0566      |
|    clip_range           | 0.2         |
|    entropy_loss         | -4.08       |
|    explained_variance   | -1.19e-07   |
|    learning_rate        | 0.0003      |
|    loss                 | 6.12e+03    |
|    n_updates            | 440         |
|    policy_gradient_loss | 0.000854    |
|    std                  | 0.947       |
|    value_loss           | 9.01e+03    |
-----------------------------------------
-----------------------------------------
| rollout/                |             |
|    ep_len_mean          | 1.21e+04    |
|    ep_rew_mean          | 7.59e+04    |
| time/                   |             |
|    fps                  | 246         |
|    iterations           | 90          |
|    time_elapsed         | 186         |
|    total_timesteps      | 46080       |
| train/                  |             |
|    approx_kl            | 0.014535039 |
|    clip_fraction        | 0.114       |
|    clip_range           | 0.2         |
|    entropy_loss         | -4.08       |
|    explained_variance   | 0           |
|    learning_rate        | 0.0003      |
|    loss                 | 5.31e+03    |
|    n_updates            | 445         |
|    policy_gradient_loss | -0.00382    |
|    std                  | 0.949       |
|    value_loss           | 8.33e+03    |
-----------------------------------------
----------------------------------------
| rollout/                |            |
|    ep_len_mean          | 1.21e+04   |
|    ep_rew_mean          | 7.59e+04   |
| time/                   |            |
|    fps                  | 246        |
|    iterations           | 91         |
|    time_elapsed         | 188        |
|    total_timesteps      | 46592      |
| train/                  |            |
|    approx_kl            | 0.00500651 |
|    clip_fraction        | 0.0141     |
|    clip_range           | 0.2        |
|    entropy_loss         | -4.09      |
|    explained_variance   | -1.19e-07  |
|    learning_rate        | 0.0003     |
|    loss                 | 3.11e+03   |
|    n_updates            | 450        |
|    policy_gradient_loss | 0.00224    |
|    std                  | 0.949      |
|    value_loss           | 9.17e+03   |
----------------------------------------
-----------------------------------------
| rollout/                |             |
|    ep_len_mean          | 1.21e+04    |
|    ep_rew_mean          | 7.59e+04    |
| time/                   |             |
|    fps                  | 246         |
|    iterations           | 92          |
|    time_elapsed         | 191         |
|    total_timesteps      | 47104       |
| train/                  |             |
|    approx_kl            | 0.013251683 |
|    clip_fraction        | 0.0977      |
|    clip_range           | 0.2         |
|    entropy_loss         | -4.08       |
|    explained_variance   | 1.19e-07    |
|    learning_rate        | 0.0003      |
|    loss                 | 4.29e+03    |
|    n_updates            | 455         |
|    policy_gradient_loss | -0.0033     |
|    std                  | 0.945       |
|    value_loss           | 1.01e+04    |
-----------------------------------------
-----------------------------------------
| rollout/                |             |
|    ep_len_mean          | 1.21e+04    |
|    ep_rew_mean          | 7.59e+04    |
| time/                   |             |
|    fps                  | 246         |
|    iterations           | 93          |
|    time_elapsed         | 192         |
|    total_timesteps      | 47616       |
| train/                  |             |
|    approx_kl            | 0.008186517 |
|    clip_fraction        | 0.119       |
|    clip_range           | 0.2         |
|    entropy_loss         | -4.08       |
|    explained_variance   | 5.96e-08    |
|    learning_rate        | 0.0003      |
|    loss                 | 5.2e+03     |
|    n_updates            | 460         |
|    policy_gradient_loss | -0.000266   |
|    std                  | 0.947       |
|    value_loss           | 1.04e+04    |
-----------------------------------------
-----------------------------------------
| rollout/                |             |
|    ep_len_mean          | 1.21e+04    |
|    ep_rew_mean          | 7.59e+04    |
| time/                   |             |
|    fps                  | 246         |
|    iterations           | 94          |
|    time_elapsed         | 195         |
|    total_timesteps      | 48128       |
| train/                  |             |
|    approx_kl            | 0.011905232 |
|    clip_fraction        | 0.124       |
|    clip_range           | 0.2         |
|    entropy_loss         | -4.08       |
|    explained_variance   | 1.79e-07    |
|    learning_rate        | 0.0003      |
|    loss                 | 3.75e+03    |
|    n_updates            | 465         |
|    policy_gradient_loss | -0.00383    |
|    std                  | 0.947       |
|    value_loss           | 9.47e+03    |
-----------------------------------------
[DEBUG] step=1 RAW ACTION: [2. 0. 0.]
[DEBUG] step=2 RAW ACTION: [2. 0. 0.]
----------------------------------------
| rollout/                |            |
|    ep_len_mean          | 1.21e+04   |
|    ep_rew_mean          | 8.17e+04   |
| time/                   |            |
|    fps                  | 245        |
|    iterations           | 95         |
|    time_elapsed         | 198        |
|    total_timesteps      | 48640      |
| train/                  |            |
|    approx_kl            | 0.01100355 |
|    clip_fraction        | 0.112      |
|    clip_range           | 0.2        |
|    entropy_loss         | -4.07      |
|    explained_variance   | 0          |
|    learning_rate        | 0.0003     |
|    loss                 | 5.59e+03   |
|    n_updates            | 470        |
|    policy_gradient_loss | -0.0021    |
|    std                  | 0.944      |
|    value_loss           | 9.85e+03   |
----------------------------------------
-----------------------------------------
| rollout/                |             |
|    ep_len_mean          | 1.21e+04    |
|    ep_rew_mean          | 8.17e+04    |
| time/                   |             |
|    fps                  | 245         |
|    iterations           | 96          |
|    time_elapsed         | 200         |
|    total_timesteps      | 49152       |
| train/                  |             |
|    approx_kl            | 0.006764017 |
|    clip_fraction        | 0.0938      |
|    clip_range           | 0.2         |
|    entropy_loss         | -4.07       |
|    explained_variance   | 0           |
|    learning_rate        | 0.0003      |
|    loss                 | 4.86e+03    |
|    n_updates            | 475         |
|    policy_gradient_loss | 0.000431    |
|    std                  | 0.943       |
|    value_loss           | 1.07e+04    |
-----------------------------------------
-----------------------------------------
| rollout/                |             |
|    ep_len_mean          | 1.21e+04    |
|    ep_rew_mean          | 8.17e+04    |
| time/                   |             |
|    fps                  | 246         |
|    iterations           | 97          |
|    time_elapsed         | 201         |
|    total_timesteps      | 49664       |
| train/                  |             |
|    approx_kl            | 0.011005217 |
|    clip_fraction        | 0.12        |
|    clip_range           | 0.2         |
|    entropy_loss         | -4.07       |
|    explained_variance   | 0           |
|    learning_rate        | 0.0003      |
|    loss                 | 5.67e+03    |
|    n_updates            | 480         |
|    policy_gradient_loss | -0.00566    |
|    std                  | 0.946       |
|    value_loss           | 1.04e+04    |
-----------------------------------------
[DEBUG] step=1 RAW ACTION: [2. 0. 0.]
[DEBUG] step=2 RAW ACTION: [2. 0. 0.]
Eval num_timesteps=50000, episode_reward=0.00 +/- 0.00
Episode length: 4031.00 +/- 0.00
-----------------------------------------
| eval/                   |             |
|    mean_ep_length       | 4.03e+03    |
|    mean_reward          | 0           |
| time/                   |             |
|    total_timesteps      | 50000       |
| train/                  |             |
|    approx_kl            | 0.004918269 |
|    clip_fraction        | 0.0406      |
|    clip_range           | 0.2         |
|    entropy_loss         | -4.09       |
|    explained_variance   | -1.19e-07   |
|    learning_rate        | 0.0003      |
|    loss                 | 4.58e+03    |
|    n_updates            | 485         |
|    policy_gradient_loss | 0.000454    |
|    std                  | 0.953       |
|    value_loss           | 8.91e+03    |
-----------------------------------------
---------------------------------
| rollout/           |          |
|    ep_len_mean     | 1.21e+04 |
|    ep_rew_mean     | 8.17e+04 |
| time/              |          |
|    fps             | 242      |
|    iterations      | 98       |
|    time_elapsed    | 207      |
|    total_timesteps | 50176    |
---------------------------------
 100% ━━━━━━━━━━━━━━━━━━━━━━━━━━━━━━━━━━━━━━━━━━━━━━━━━━━━━━━━━━━━━━━━━━━━━━━━━━━━━━━━━━━━━━━━━━━━━━━━━━━━━━━━━━━━━ 50,176/50,000  [ 0:03:27 < 0:00:00 , 204 it/s ]
✓ Model saved to models/final_model

======================================================================
PHASE 2: Validation on val set
======================================================================

Evaluating...
[DEBUG] step=1 RAW ACTION: [2. 0. 0.]
[DEBUG] step=2 RAW ACTION: [2. 0. 0.]
  [DEV] No trades closed

Evaluation Results:
  Total Return: 0.00%
  Final Portfolio Value: $100.00
  Max Portfolio Value: $100.00
  Total Reward: 0.00
  Steps: 4031
  Trades: 0 | Win Rate: 0.0%
  Realized PnL: $0.00 | Unrealized: $0.00

======================================================================
PHASE 3: Testing on test set
======================================================================

Evaluating...
[DEBUG] step=1 RAW ACTION: [2. 0. 0.]
[DEBUG] step=2 RAW ACTION: [2. 0. 0.]
  [TEST] No trades closed

Evaluation Results:
  Total Return: 0.00%
  Final Portfolio Value: $100.00
  Max Portfolio Value: $100.00
  Total Reward: 0.00
  Steps: 4032
  Trades: 0 | Win Rate: 0.0%
  Realized PnL: $0.00 | Unrealized: $0.00

======================================================================
BACKTEST SUMMARY
======================================================================
Val Trades:    0 | WR:   0.0% | Return:   0.00%
Test Trades:   0 | WR:   0.0% | Return:   0.00%
======================================================================

