Loading 14 days of data...
✓ Loaded 60483 rows from 3 symbols

/home/konstantin/dev/crypto_rl/rl_trader.py:873: FutureWarning: The default of observed=False is deprecated and will be changed to True in a future version of pandas. Pass observed=False to retain current behavior or observed=True to adopt the future default and silence this warning.
  for symbol, group in data.groupby('symbol', sort=False):

======================================================================
                 3-WAY BACKTEST (Train / Val / Test)                  
======================================================================
Train:  36288 rows ( 3 symbols) 1768694340000000 → 1769420040000000
Val:    12096 rows ( 3 symbols) 1769420100000000 → 1769661960000000
Test:   12099 rows ( 3 symbols) 1769662020000000 → 1769903940000000
======================================================================

Train env: 36288 rows, 3 symbols
Eval env: 12096 rows, 3 symbols
PHASE 1: Training on train set with val monitoring...
Using cpu device
Wrapping the env with a `Monitor` wrapper
Wrapping the env in a DummyVecEnv.
Created new PPO model (device=cpu)
  Hyperparameters:
    learning_rate=0.0003, batch_size=16
    n_steps=512, n_epochs=5
    policy_arch=[256, 128, 64]

Training for 50000 timesteps...
[DEBUG] step=1 RAW ACTION: [0.43826997 0.         0.        ]
[DEBUG] step=2 RAW ACTION: [0.32078648 0.84583926 0.        ]
-----------------------------
| time/              |      |
|    fps             | 2226 |
|    iterations      | 1    |
|    time_elapsed    | 0    |
|    total_timesteps | 512  |
-----------------------------
-----------------------------------------
| time/                   |             |
|    fps                  | 690         |
|    iterations           | 2           |
|    time_elapsed         | 1           |
|    total_timesteps      | 1024        |
| train/                  |             |
|    approx_kl            | 0.008680161 |
|    clip_fraction        | 0.127       |
|    clip_range           | 0.2         |
|    entropy_loss         | -4.26       |
|    explained_variance   | 0.000336    |
|    learning_rate        | 0.0003      |
|    loss                 | 963         |
|    n_updates            | 5           |
|    policy_gradient_loss | -0.0178     |
|    std                  | 1           |
|    value_loss           | 2.37e+03    |
-----------------------------------------
-----------------------------------------
| time/                   |             |
|    fps                  | 568         |
|    iterations           | 3           |
|    time_elapsed         | 2           |
|    total_timesteps      | 1536        |
| train/                  |             |
|    approx_kl            | 0.009940794 |
|    clip_fraction        | 0.13        |
|    clip_range           | 0.2         |
|    entropy_loss         | -4.27       |
|    explained_variance   | -3.58e-07   |
|    learning_rate        | 0.0003      |
|    loss                 | 1.61e+03    |
|    n_updates            | 10          |
|    policy_gradient_loss | -0.0164     |
|    std                  | 1.01        |
|    value_loss           | 3e+03       |
-----------------------------------------
-----------------------------------------
| time/                   |             |
|    fps                  | 567         |
|    iterations           | 4           |
|    time_elapsed         | 3           |
|    total_timesteps      | 2048        |
| train/                  |             |
|    approx_kl            | 0.016219042 |
|    clip_fraction        | 0.232       |
|    clip_range           | 0.2         |
|    entropy_loss         | -4.3        |
|    explained_variance   | 1.79e-07    |
|    learning_rate        | 0.0003      |
|    loss                 | 1.06e+03    |
|    n_updates            | 15          |
|    policy_gradient_loss | -0.0248     |
|    std                  | 1.02        |
|    value_loss           | 2.29e+03    |
-----------------------------------------
-----------------------------------------
| time/                   |             |
|    fps                  | 580         |
|    iterations           | 5           |
|    time_elapsed         | 4           |
|    total_timesteps      | 2560        |
| train/                  |             |
|    approx_kl            | 0.014016468 |
|    clip_fraction        | 0.241       |
|    clip_range           | 0.2         |
|    entropy_loss         | -4.32       |
|    explained_variance   | 5.96e-08    |
|    learning_rate        | 0.0003      |
|    loss                 | 616         |
|    n_updates            | 20          |
|    policy_gradient_loss | -0.0227     |
|    std                  | 1.03        |
|    value_loss           | 1.31e+03    |
-----------------------------------------
-----------------------------------------
| time/                   |             |
|    fps                  | 613         |
|    iterations           | 6           |
|    time_elapsed         | 5           |
|    total_timesteps      | 3072        |
| train/                  |             |
|    approx_kl            | 0.016829161 |
|    clip_fraction        | 0.196       |
|    clip_range           | 0.2         |
|    entropy_loss         | -4.35       |
|    explained_variance   | 0           |
|    learning_rate        | 0.0003      |
|    loss                 | 583         |
|    n_updates            | 25          |
|    policy_gradient_loss | -0.0204     |
|    std                  | 1.04        |
|    value_loss           | 1.04e+03    |
-----------------------------------------
-----------------------------------------
| time/                   |             |
|    fps                  | 582         |
|    iterations           | 7           |
|    time_elapsed         | 6           |
|    total_timesteps      | 3584        |
| train/                  |             |
|    approx_kl            | 0.020936552 |
|    clip_fraction        | 0.325       |
|    clip_range           | 0.2         |
|    entropy_loss         | -4.38       |
|    explained_variance   | -1.19e-07   |
|    learning_rate        | 0.0003      |
|    loss                 | 251         |
|    n_updates            | 30          |
|    policy_gradient_loss | -0.0128     |
|    std                  | 1.04        |
|    value_loss           | 465         |
-----------------------------------------
-----------------------------------------
| time/                   |             |
|    fps                  | 605         |
|    iterations           | 8           |
|    time_elapsed         | 6           |
|    total_timesteps      | 4096        |
| train/                  |             |
|    approx_kl            | 0.012713084 |
|    clip_fraction        | 0.336       |
|    clip_range           | 0.2         |
|    entropy_loss         | -4.4        |
|    explained_variance   | 0           |
|    learning_rate        | 0.0003      |
|    loss                 | 347         |
|    n_updates            | 35          |
|    policy_gradient_loss | -0.0182     |
|    std                  | 1.05        |
|    value_loss           | 606         |
-----------------------------------------
------------------------------------------
| time/                   |              |
|    fps                  | 616          |
|    iterations           | 9            |
|    time_elapsed         | 7            |
|    total_timesteps      | 4608         |
| train/                  |              |
|    approx_kl            | 0.0141617805 |
|    clip_fraction        | 0.135        |
|    clip_range           | 0.2          |
|    entropy_loss         | -4.4         |
|    explained_variance   | 0            |
|    learning_rate        | 0.0003       |
|    loss                 | 697          |
|    n_updates            | 40           |
|    policy_gradient_loss | -0.0251      |
|    std                  | 1.05         |
|    value_loss           | 1.41e+03     |
------------------------------------------
/home/konstantin/dev/crypto_rl/.conda/lib/python3.12/site-packages/stable_baselines3/common/evaluation.py:70: UserWarning: Evaluation environment is not wrapped with a ``Monitor`` wrapper. This may result in reporting modified episode lengths and rewards, if other wrappers happen to modify these. Consider wrapping environment first with ``Monitor`` wrapper.
  warnings.warn(
[DEBUG] step=1 RAW ACTION: [1.5137823  0.01843718 0.01540067]
[DEBUG] step=2 RAW ACTION: [1.5145422  0.0184825  0.01558247]
Eval num_timesteps=5000, episode_reward=49.08 +/- 0.00
Episode length: 4031.00 +/- 0.00
-----------------------------------------
| eval/                   |             |
|    mean_ep_length       | 4.03e+03    |
|    mean_reward          | 49.1        |
| time/                   |             |
|    total_timesteps      | 5000        |
| train/                  |             |
|    approx_kl            | 0.013781752 |
|    clip_fraction        | 0.0926      |
|    clip_range           | 0.2         |
|    entropy_loss         | -4.4        |
|    explained_variance   | 5.96e-08    |
|    learning_rate        | 0.0003      |
|    loss                 | 598         |
|    n_updates            | 45          |
|    policy_gradient_loss | -0.0182     |
|    std                  | 1.05        |
|    value_loss           | 1.76e+03    |
-----------------------------------------
New best mean reward!
-----------------------------
| time/              |      |
|    fps             | 534  |
|    iterations      | 10   |
|    time_elapsed    | 9    |
|    total_timesteps | 5120 |
-----------------------------
-----------------------------------------
| time/                   |             |
|    fps                  | 532         |
|    iterations           | 11          |
|    time_elapsed         | 10          |
|    total_timesteps      | 5632        |
| train/                  |             |
|    approx_kl            | 0.015607458 |
|    clip_fraction        | 0.127       |
|    clip_range           | 0.2         |
|    entropy_loss         | -4.4        |
|    explained_variance   | -3.24e-05   |
|    learning_rate        | 0.0003      |
|    loss                 | 1.37e+03    |
|    n_updates            | 50          |
|    policy_gradient_loss | -0.0237     |
|    std                  | 1.05        |
|    value_loss           | 2.12e+03    |
-----------------------------------------
-----------------------------------------
| time/                   |             |
|    fps                  | 546         |
|    iterations           | 12          |
|    time_elapsed         | 11          |
|    total_timesteps      | 6144        |
| train/                  |             |
|    approx_kl            | 0.008066272 |
|    clip_fraction        | 0.0371      |
|    clip_range           | 0.2         |
|    entropy_loss         | -4.4        |
|    explained_variance   | 5.96e-08    |
|    learning_rate        | 0.0003      |
|    loss                 | 3.89e+03    |
|    n_updates            | 55          |
|    policy_gradient_loss | -0.0164     |
|    std                  | 1.05        |
|    value_loss           | 6.68e+03    |
-----------------------------------------
-----------------------------------------
| time/                   |             |
|    fps                  | 558         |
|    iterations           | 13          |
|    time_elapsed         | 11          |
|    total_timesteps      | 6656        |
| train/                  |             |
|    approx_kl            | 0.008237407 |
|    clip_fraction        | 0.0422      |
|    clip_range           | 0.2         |
|    entropy_loss         | -4.4        |
|    explained_variance   | -2.38e-07   |
|    learning_rate        | 0.0003      |
|    loss                 | 3.06e+03    |
|    n_updates            | 60          |
|    policy_gradient_loss | -0.0143     |
|    std                  | 1.05        |
|    value_loss           | 7.68e+03    |
-----------------------------------------
-----------------------------------------
| time/                   |             |
|    fps                  | 569         |
|    iterations           | 14          |
|    time_elapsed         | 12          |
|    total_timesteps      | 7168        |
| train/                  |             |
|    approx_kl            | 0.003333198 |
|    clip_fraction        | 0.00273     |
|    clip_range           | 0.2         |
|    entropy_loss         | -4.4        |
|    explained_variance   | 0           |
|    learning_rate        | 0.0003      |
|    loss                 | 4.56e+03    |
|    n_updates            | 65          |
|    policy_gradient_loss | -0.00505    |
|    std                  | 1.05        |
|    value_loss           | 9.36e+03    |
-----------------------------------------
------------------------------------------
| time/                   |              |
|    fps                  | 576          |
|    iterations           | 15           |
|    time_elapsed         | 13           |
|    total_timesteps      | 7680         |
| train/                  |              |
|    approx_kl            | 0.0062520728 |
|    clip_fraction        | 0.0254       |
|    clip_range           | 0.2          |
|    entropy_loss         | -4.4         |
|    explained_variance   | 1.19e-07     |
|    learning_rate        | 0.0003       |
|    loss                 | 4.03e+03     |
|    n_updates            | 70           |
|    policy_gradient_loss | -0.0111      |
|    std                  | 1.05         |
|    value_loss           | 1.07e+04     |
------------------------------------------
-----------------------------------------
| time/                   |             |
|    fps                  | 584         |
|    iterations           | 16          |
|    time_elapsed         | 14          |
|    total_timesteps      | 8192        |
| train/                  |             |
|    approx_kl            | 0.002862559 |
|    clip_fraction        | 0.00273     |
|    clip_range           | 0.2         |
|    entropy_loss         | -4.4        |
|    explained_variance   | 0           |
|    learning_rate        | 0.0003      |
|    loss                 | 4.05e+03    |
|    n_updates            | 75          |
|    policy_gradient_loss | -0.00395    |
|    std                  | 1.05        |
|    value_loss           | 1.07e+04    |
-----------------------------------------
------------------------------------------
| time/                   |              |
|    fps                  | 594          |
|    iterations           | 17           |
|    time_elapsed         | 14           |
|    total_timesteps      | 8704         |
| train/                  |              |
|    approx_kl            | 0.0050984183 |
|    clip_fraction        | 0.0133       |
|    clip_range           | 0.2          |
|    entropy_loss         | -4.4         |
|    explained_variance   | 1.19e-07     |
|    learning_rate        | 0.0003       |
|    loss                 | 4.52e+03     |
|    n_updates            | 80           |
|    policy_gradient_loss | -0.00513     |
|    std                  | 1.05         |
|    value_loss           | 7.84e+03     |
------------------------------------------
----------------------------------------
| time/                   |            |
|    fps                  | 593        |
|    iterations           | 18         |
|    time_elapsed         | 15         |
|    total_timesteps      | 9216       |
| train/                  |            |
|    approx_kl            | 0.00323046 |
|    clip_fraction        | 0.00195    |
|    clip_range           | 0.2        |
|    entropy_loss         | -4.4       |
|    explained_variance   | 0          |
|    learning_rate        | 0.0003     |
|    loss                 | 7.11e+03   |
|    n_updates            | 85         |
|    policy_gradient_loss | -0.00443   |
|    std                  | 1.05       |
|    value_loss           | 1.47e+04   |
----------------------------------------
-----------------------------------------
| time/                   |             |
|    fps                  | 600         |
|    iterations           | 19          |
|    time_elapsed         | 16          |
|    total_timesteps      | 9728        |
| train/                  |             |
|    approx_kl            | 0.003285837 |
|    clip_fraction        | 0.00234     |
|    clip_range           | 0.2         |
|    entropy_loss         | -4.39       |
|    explained_variance   | 0           |
|    learning_rate        | 0.0003      |
|    loss                 | 8.64e+03    |
|    n_updates            | 90          |
|    policy_gradient_loss | -0.00469    |
|    std                  | 1.05        |
|    value_loss           | 1.65e+04    |
-----------------------------------------
[DEBUG] step=1 RAW ACTION: [2. 0. 0.]
[DEBUG] step=2 RAW ACTION: [2. 0. 0.]
Eval num_timesteps=10000, episode_reward=60465.30 +/- 0.00
Episode length: 4031.00 +/- 0.00
------------------------------------------
| eval/                   |              |
|    mean_ep_length       | 4.03e+03     |
|    mean_reward          | 6.05e+04     |
| time/                   |              |
|    total_timesteps      | 10000        |
| train/                  |              |
|    approx_kl            | 0.0047119474 |
|    clip_fraction        | 0.0102       |
|    clip_range           | 0.2          |
|    entropy_loss         | -4.39        |
|    explained_variance   | 0            |
|    learning_rate        | 0.0003       |
|    loss                 | 8.32e+03     |
|    n_updates            | 95           |
|    policy_gradient_loss | -0.00604     |
|    std                  | 1.05         |
|    value_loss           | 1.88e+04     |
------------------------------------------
New best mean reward!
------------------------------
| time/              |       |
|    fps             | 553   |
|    iterations      | 20    |
|    time_elapsed    | 18    |
|    total_timesteps | 10240 |
------------------------------
------------------------------------------
| time/                   |              |
|    fps                  | 550          |
|    iterations           | 21           |
|    time_elapsed         | 19           |
|    total_timesteps      | 10752        |
| train/                  |              |
|    approx_kl            | 0.0034396267 |
|    clip_fraction        | 0.00313      |
|    clip_range           | 0.2          |
|    entropy_loss         | -4.39        |
|    explained_variance   | -1.19e-07    |
|    learning_rate        | 0.0003       |
|    loss                 | 9.59e+03     |
|    n_updates            | 100          |
|    policy_gradient_loss | -0.0028      |
|    std                  | 1.05         |
|    value_loss           | 1.55e+04     |
------------------------------------------
-------------------------------------------
| time/                   |               |
|    fps                  | 539           |
|    iterations           | 22            |
|    time_elapsed         | 20            |
|    total_timesteps      | 11264         |
| train/                  |               |
|    approx_kl            | 0.00020701287 |
|    clip_fraction        | 0             |
|    clip_range           | 0.2           |
|    entropy_loss         | -4.39         |
|    explained_variance   | 0             |
|    learning_rate        | 0.0003        |
|    loss                 | 6.64e+03      |
|    n_updates            | 105           |
|    policy_gradient_loss | -0.000175     |
|    std                  | 1.05          |
|    value_loss           | 1.6e+04       |
-------------------------------------------
------------------------------------------
| time/                   |              |
|    fps                  | 532          |
|    iterations           | 23           |
|    time_elapsed         | 22           |
|    total_timesteps      | 11776        |
| train/                  |              |
|    approx_kl            | 0.0006447664 |
|    clip_fraction        | 0            |
|    clip_range           | 0.2          |
|    entropy_loss         | -4.38        |
|    explained_variance   | 0            |
|    learning_rate        | 0.0003       |
|    loss                 | 1.19e+04     |
|    n_updates            | 110          |
|    policy_gradient_loss | -0.000189    |
|    std                  | 1.05         |
|    value_loss           | 2.14e+04     |
------------------------------------------
[DEBUG] step=1 RAW ACTION: [1.9079463 0.        0.       ]
[DEBUG] step=2 RAW ACTION: [2. 0. 0.]
------------------------------------------
| rollout/                |              |
|    ep_len_mean          | 1.21e+04     |
|    ep_rew_mean          | 4.63e+04     |
| time/                   |              |
|    fps                  | 526          |
|    iterations           | 24           |
|    time_elapsed         | 23           |
|    total_timesteps      | 12288        |
| train/                  |              |
|    approx_kl            | 0.0059357183 |
|    clip_fraction        | 0.0215       |
|    clip_range           | 0.2          |
|    entropy_loss         | -4.38        |
|    explained_variance   | 0            |
|    learning_rate        | 0.0003       |
|    loss                 | 9e+03        |
|    n_updates            | 115          |
|    policy_gradient_loss | -0.00665     |
|    std                  | 1.04         |
|    value_loss           | 1.97e+04     |
------------------------------------------
------------------------------------------
| rollout/                |              |
|    ep_len_mean          | 1.21e+04     |
|    ep_rew_mean          | 4.63e+04     |
| time/                   |              |
|    fps                  | 522          |
|    iterations           | 25           |
|    time_elapsed         | 24           |
|    total_timesteps      | 12800        |
| train/                  |              |
|    approx_kl            | 0.0052958173 |
|    clip_fraction        | 0.0168       |
|    clip_range           | 0.2          |
|    entropy_loss         | -4.38        |
|    explained_variance   | 0            |
|    learning_rate        | 0.0003       |
|    loss                 | 7.51e+03     |
|    n_updates            | 120          |
|    policy_gradient_loss | -0.00326     |
|    std                  | 1.04         |
|    value_loss           | 1.94e+04     |
------------------------------------------
-----------------------------------------
| rollout/                |             |
|    ep_len_mean          | 1.21e+04    |
|    ep_rew_mean          | 4.63e+04    |
| time/                   |             |
|    fps                  | 529         |
|    iterations           | 26          |
|    time_elapsed         | 25          |
|    total_timesteps      | 13312       |
| train/                  |             |
|    approx_kl            | 0.007740835 |
|    clip_fraction        | 0.043       |
|    clip_range           | 0.2         |
|    entropy_loss         | -4.38       |
|    explained_variance   | 1.19e-07    |
|    learning_rate        | 0.0003      |
|    loss                 | 9.92e+03    |
|    n_updates            | 125         |
|    policy_gradient_loss | -0.00744    |
|    std                  | 1.04        |
|    value_loss           | 1.79e+04    |
-----------------------------------------
-----------------------------------------
| rollout/                |             |
|    ep_len_mean          | 1.21e+04    |
|    ep_rew_mean          | 4.63e+04    |
| time/                   |             |
|    fps                  | 534         |
|    iterations           | 27          |
|    time_elapsed         | 25          |
|    total_timesteps      | 13824       |
| train/                  |             |
|    approx_kl            | 0.004352171 |
|    clip_fraction        | 0.00703     |
|    clip_range           | 0.2         |
|    entropy_loss         | -4.38       |
|    explained_variance   | 0           |
|    learning_rate        | 0.0003      |
|    loss                 | 1.01e+04    |
|    n_updates            | 130         |
|    policy_gradient_loss | -0.00328    |
|    std                  | 1.04        |
|    value_loss           | 2.23e+04    |
-----------------------------------------
------------------------------------------
| rollout/                |              |
|    ep_len_mean          | 1.21e+04     |
|    ep_rew_mean          | 4.63e+04     |
| time/                   |              |
|    fps                  | 530          |
|    iterations           | 28           |
|    time_elapsed         | 27           |
|    total_timesteps      | 14336        |
| train/                  |              |
|    approx_kl            | 0.0054666325 |
|    clip_fraction        | 0.0211       |
|    clip_range           | 0.2          |
|    entropy_loss         | -4.38        |
|    explained_variance   | 0            |
|    learning_rate        | 0.0003       |
|    loss                 | 1.28e+04     |
|    n_updates            | 135          |
|    policy_gradient_loss | -0.00457     |
|    std                  | 1.04         |
|    value_loss           | 2.24e+04     |
------------------------------------------
-----------------------------------------
| rollout/                |             |
|    ep_len_mean          | 1.21e+04    |
|    ep_rew_mean          | 4.63e+04    |
| time/                   |             |
|    fps                  | 526         |
|    iterations           | 29          |
|    time_elapsed         | 28          |
|    total_timesteps      | 14848       |
| train/                  |             |
|    approx_kl            | 0.008572611 |
|    clip_fraction        | 0.0805      |
|    clip_range           | 0.2         |
|    entropy_loss         | -4.38       |
|    explained_variance   | 0           |
|    learning_rate        | 0.0003      |
|    loss                 | 1.25e+04    |
|    n_updates            | 140         |
|    policy_gradient_loss | -0.0123     |
|    std                  | 1.04        |
|    value_loss           | 2.52e+04    |
-----------------------------------------
[DEBUG] step=1 RAW ACTION: [2. 0. 0.]
[DEBUG] step=2 RAW ACTION: [2. 0. 0.]
Eval num_timesteps=15000, episode_reward=60465.30 +/- 0.00
Episode length: 4031.00 +/- 0.00
------------------------------------------
| eval/                   |              |
|    mean_ep_length       | 4.03e+03     |
|    mean_reward          | 6.05e+04     |
| time/                   |              |
|    total_timesteps      | 15000        |
| train/                  |              |
|    approx_kl            | 0.0057192156 |
|    clip_fraction        | 0.0227       |
|    clip_range           | 0.2          |
|    entropy_loss         | -4.37        |
|    explained_variance   | 1.79e-07     |
|    learning_rate        | 0.0003       |
|    loss                 | 1.3e+04      |
|    n_updates            | 145          |
|    policy_gradient_loss | -0.00348     |
|    std                  | 1.04         |
|    value_loss           | 2.47e+04     |
------------------------------------------
---------------------------------
| rollout/           |          |
|    ep_len_mean     | 1.21e+04 |
|    ep_rew_mean     | 4.63e+04 |
| time/              |          |
|    fps             | 487      |
|    iterations      | 30       |
|    time_elapsed    | 31       |
|    total_timesteps | 15360    |
---------------------------------
------------------------------------------
| rollout/                |              |
|    ep_len_mean          | 1.21e+04     |
|    ep_rew_mean          | 4.63e+04     |
| time/                   |              |
|    fps                  | 489          |
|    iterations           | 31           |
|    time_elapsed         | 32           |
|    total_timesteps      | 15872        |
| train/                  |              |
|    approx_kl            | 0.0051210662 |
|    clip_fraction        | 0.027        |
|    clip_range           | 0.2          |
|    entropy_loss         | -4.37        |
|    explained_variance   | -1.19e-07    |
|    learning_rate        | 0.0003       |
|    loss                 | 1.23e+04     |
|    n_updates            | 150          |
|    policy_gradient_loss | -0.00409     |
|    std                  | 1.04         |
|    value_loss           | 2.43e+04     |
------------------------------------------
-----------------------------------------
| rollout/                |             |
|    ep_len_mean          | 1.21e+04    |
|    ep_rew_mean          | 4.63e+04    |
| time/                   |             |
|    fps                  | 482         |
|    iterations           | 32          |
|    time_elapsed         | 33          |
|    total_timesteps      | 16384       |
| train/                  |             |
|    approx_kl            | 0.008102234 |
|    clip_fraction        | 0.0633      |
|    clip_range           | 0.2         |
|    entropy_loss         | -4.37       |
|    explained_variance   | 1.79e-07    |
|    learning_rate        | 0.0003      |
|    loss                 | 1.34e+04    |
|    n_updates            | 155         |
|    policy_gradient_loss | -0.0105     |
|    std                  | 1.04        |
|    value_loss           | 2.73e+04    |
-----------------------------------------
----------------------------------------
| rollout/                |            |
|    ep_len_mean          | 1.21e+04   |
|    ep_rew_mean          | 4.63e+04   |
| time/                   |            |
|    fps                  | 485        |
|    iterations           | 33         |
|    time_elapsed         | 34         |
|    total_timesteps      | 16896      |
| train/                  |            |
|    approx_kl            | 0.00822172 |
|    clip_fraction        | 0.0465     |
|    clip_range           | 0.2        |
|    entropy_loss         | -4.36      |
|    explained_variance   | 0          |
|    learning_rate        | 0.0003     |
|    loss                 | 1.56e+04   |
|    n_updates            | 160        |
|    policy_gradient_loss | -0.00831   |
|    std                  | 1.04       |
|    value_loss           | 3.11e+04   |
----------------------------------------
-----------------------------------------
| rollout/                |             |
|    ep_len_mean          | 1.21e+04    |
|    ep_rew_mean          | 4.63e+04    |
| time/                   |             |
|    fps                  | 488         |
|    iterations           | 34          |
|    time_elapsed         | 35          |
|    total_timesteps      | 17408       |
| train/                  |             |
|    approx_kl            | 0.008447675 |
|    clip_fraction        | 0.0723      |
|    clip_range           | 0.2         |
|    entropy_loss         | -4.36       |
|    explained_variance   | 1.19e-07    |
|    learning_rate        | 0.0003      |
|    loss                 | 1.18e+04    |
|    n_updates            | 165         |
|    policy_gradient_loss | -0.00909    |
|    std                  | 1.04        |
|    value_loss           | 2.23e+04    |
-----------------------------------------
----------------------------------------
| rollout/                |            |
|    ep_len_mean          | 1.21e+04   |
|    ep_rew_mean          | 4.63e+04   |
| time/                   |            |
|    fps                  | 491        |
|    iterations           | 35         |
|    time_elapsed         | 36         |
|    total_timesteps      | 17920      |
| train/                  |            |
|    approx_kl            | 0.00490852 |
|    clip_fraction        | 0.0156     |
|    clip_range           | 0.2        |
|    entropy_loss         | -4.35      |
|    explained_variance   | 0          |
|    learning_rate        | 0.0003     |
|    loss                 | 1.53e+04   |
|    n_updates            | 170        |
|    policy_gradient_loss | -0.00251   |
|    std                  | 1.03       |
|    value_loss           | 2.88e+04   |
----------------------------------------
-----------------------------------------
| rollout/                |             |
|    ep_len_mean          | 1.21e+04    |
|    ep_rew_mean          | 4.63e+04    |
| time/                   |             |
|    fps                  | 492         |
|    iterations           | 36          |
|    time_elapsed         | 37          |
|    total_timesteps      | 18432       |
| train/                  |             |
|    approx_kl            | 0.008193897 |
|    clip_fraction        | 0.052       |
|    clip_range           | 0.2         |
|    entropy_loss         | -4.35       |
|    explained_variance   | -1.19e-07   |
|    learning_rate        | 0.0003      |
|    loss                 | 1.28e+04    |
|    n_updates            | 175         |
|    policy_gradient_loss | -0.00703    |
|    std                  | 1.03        |
|    value_loss           | 3.01e+04    |
-----------------------------------------
-----------------------------------------
| rollout/                |             |
|    ep_len_mean          | 1.21e+04    |
|    ep_rew_mean          | 4.63e+04    |
| time/                   |             |
|    fps                  | 488         |
|    iterations           | 37          |
|    time_elapsed         | 38          |
|    total_timesteps      | 18944       |
| train/                  |             |
|    approx_kl            | 0.001294745 |
|    clip_fraction        | 0           |
|    clip_range           | 0.2         |
|    entropy_loss         | -4.35       |
|    explained_variance   | 0           |
|    learning_rate        | 0.0003      |
|    loss                 | 1.5e+04     |
|    n_updates            | 180         |
|    policy_gradient_loss | 5.47e-05    |
|    std                  | 1.03        |
|    value_loss           | 2.84e+04    |
-----------------------------------------
------------------------------------------
| rollout/                |              |
|    ep_len_mean          | 1.21e+04     |
|    ep_rew_mean          | 4.63e+04     |
| time/                   |              |
|    fps                  | 484          |
|    iterations           | 38           |
|    time_elapsed         | 40           |
|    total_timesteps      | 19456        |
| train/                  |              |
|    approx_kl            | 0.0060802014 |
|    clip_fraction        | 0.0336       |
|    clip_range           | 0.2          |
|    entropy_loss         | -4.34        |
|    explained_variance   | 0            |
|    learning_rate        | 0.0003       |
|    loss                 | 9.92e+03     |
|    n_updates            | 185          |
|    policy_gradient_loss | -0.00384     |
|    std                  | 1.03         |
|    value_loss           | 2.31e+04     |
------------------------------------------
-----------------------------------------
| rollout/                |             |
|    ep_len_mean          | 1.21e+04    |
|    ep_rew_mean          | 4.63e+04    |
| time/                   |             |
|    fps                  | 487         |
|    iterations           | 39          |
|    time_elapsed         | 40          |
|    total_timesteps      | 19968       |
| train/                  |             |
|    approx_kl            | 0.006747842 |
|    clip_fraction        | 0.048       |
|    clip_range           | 0.2         |
|    entropy_loss         | -4.33       |
|    explained_variance   | 0           |
|    learning_rate        | 0.0003      |
|    loss                 | 1.1e+04     |
|    n_updates            | 190         |
|    policy_gradient_loss | -0.00522    |
|    std                  | 1.03        |
|    value_loss           | 2.58e+04    |
-----------------------------------------
[DEBUG] step=1 RAW ACTION: [2. 0. 0.]
[DEBUG] step=2 RAW ACTION: [2. 0. 0.]
Eval num_timesteps=20000, episode_reward=60465.30 +/- 0.00
Episode length: 4031.00 +/- 0.00
-----------------------------------------
| eval/                   |             |
|    mean_ep_length       | 4.03e+03    |
|    mean_reward          | 6.05e+04    |
| time/                   |             |
|    total_timesteps      | 20000       |
| train/                  |             |
|    approx_kl            | 0.004812946 |
|    clip_fraction        | 0.0109      |
|    clip_range           | 0.2         |
|    entropy_loss         | -4.32       |
|    explained_variance   | -1.19e-07   |
|    learning_rate        | 0.0003      |
|    loss                 | 1.04e+04    |
|    n_updates            | 195         |
|    policy_gradient_loss | -0.00064    |
|    std                  | 1.02        |
|    value_loss           | 2.62e+04    |
-----------------------------------------
---------------------------------
| rollout/           |          |
|    ep_len_mean     | 1.21e+04 |
|    ep_rew_mean     | 4.63e+04 |
| time/              |          |
|    fps             | 460      |
|    iterations      | 40       |
|    time_elapsed    | 44       |
|    total_timesteps | 20480    |
---------------------------------
-----------------------------------------
| rollout/                |             |
|    ep_len_mean          | 1.21e+04    |
|    ep_rew_mean          | 4.63e+04    |
| time/                   |             |
|    fps                  | 461         |
|    iterations           | 41          |
|    time_elapsed         | 45          |
|    total_timesteps      | 20992       |
| train/                  |             |
|    approx_kl            | 0.007334655 |
|    clip_fraction        | 0.082       |
|    clip_range           | 0.2         |
|    entropy_loss         | -4.32       |
|    explained_variance   | 0           |
|    learning_rate        | 0.0003      |
|    loss                 | 1.29e+04    |
|    n_updates            | 200         |
|    policy_gradient_loss | -0.00832    |
|    std                  | 1.02        |
|    value_loss           | 2.39e+04    |
-----------------------------------------
------------------------------------------
| rollout/                |              |
|    ep_len_mean          | 1.21e+04     |
|    ep_rew_mean          | 4.63e+04     |
| time/                   |              |
|    fps                  | 462          |
|    iterations           | 42           |
|    time_elapsed         | 46           |
|    total_timesteps      | 21504        |
| train/                  |              |
|    approx_kl            | 0.0027098758 |
|    clip_fraction        | 0.0129       |
|    clip_range           | 0.2          |
|    entropy_loss         | -4.32        |
|    explained_variance   | 0            |
|    learning_rate        | 0.0003       |
|    loss                 | 1.23e+04     |
|    n_updates            | 205          |
|    policy_gradient_loss | -8.99e-05    |
|    std                  | 1.02         |
|    value_loss           | 2.71e+04     |
------------------------------------------
------------------------------------------
| rollout/                |              |
|    ep_len_mean          | 1.21e+04     |
|    ep_rew_mean          | 4.63e+04     |
| time/                   |              |
|    fps                  | 462          |
|    iterations           | 43           |
|    time_elapsed         | 47           |
|    total_timesteps      | 22016        |
| train/                  |              |
|    approx_kl            | 0.0046962374 |
|    clip_fraction        | 0.025        |
|    clip_range           | 0.2          |
|    entropy_loss         | -4.31        |
|    explained_variance   | 0            |
|    learning_rate        | 0.0003       |
|    loss                 | 1.37e+04     |
|    n_updates            | 210          |
|    policy_gradient_loss | -0.000965    |
|    std                  | 1.02         |
|    value_loss           | 2.78e+04     |
------------------------------------------
------------------------------------------
| rollout/                |              |
|    ep_len_mean          | 1.21e+04     |
|    ep_rew_mean          | 4.63e+04     |
| time/                   |              |
|    fps                  | 455          |
|    iterations           | 44           |
|    time_elapsed         | 49           |
|    total_timesteps      | 22528        |
| train/                  |              |
|    approx_kl            | 0.0056679407 |
|    clip_fraction        | 0.043        |
|    clip_range           | 0.2          |
|    entropy_loss         | -4.31        |
|    explained_variance   | 0            |
|    learning_rate        | 0.0003       |
|    loss                 | 1.75e+04     |
|    n_updates            | 215          |
|    policy_gradient_loss | -0.00314     |
|    std                  | 1.02         |
|    value_loss           | 3.58e+04     |
------------------------------------------
------------------------------------------
| rollout/                |              |
|    ep_len_mean          | 1.21e+04     |
|    ep_rew_mean          | 4.63e+04     |
| time/                   |              |
|    fps                  | 449          |
|    iterations           | 45           |
|    time_elapsed         | 51           |
|    total_timesteps      | 23040        |
| train/                  |              |
|    approx_kl            | 0.0064754477 |
|    clip_fraction        | 0.0699       |
|    clip_range           | 0.2          |
|    entropy_loss         | -4.31        |
|    explained_variance   | 1.19e-07     |
|    learning_rate        | 0.0003       |
|    loss                 | 1.91e+04     |
|    n_updates            | 220          |
|    policy_gradient_loss | -0.00749     |
|    std                  | 1.02         |
|    value_loss           | 3.2e+04      |
------------------------------------------
-----------------------------------------
| rollout/                |             |
|    ep_len_mean          | 1.21e+04    |
|    ep_rew_mean          | 4.63e+04    |
| time/                   |             |
|    fps                  | 445         |
|    iterations           | 46          |
|    time_elapsed         | 52          |
|    total_timesteps      | 23552       |
| train/                  |             |
|    approx_kl            | 0.008876297 |
|    clip_fraction        | 0.0863      |
|    clip_range           | 0.2         |
|    entropy_loss         | -4.3        |
|    explained_variance   | 1.79e-07    |
|    learning_rate        | 0.0003      |
|    loss                 | 1.63e+04    |
|    n_updates            | 225         |
|    policy_gradient_loss | -0.00601    |
|    std                  | 1.01        |
|    value_loss           | 3.5e+04     |
-----------------------------------------
------------------------------------------
| rollout/                |              |
|    ep_len_mean          | 1.21e+04     |
|    ep_rew_mean          | 4.63e+04     |
| time/                   |              |
|    fps                  | 441          |
|    iterations           | 47           |
|    time_elapsed         | 54           |
|    total_timesteps      | 24064        |
| train/                  |              |
|    approx_kl            | 0.0033879464 |
|    clip_fraction        | 0.0133       |
|    clip_range           | 0.2          |
|    entropy_loss         | -4.29        |
|    explained_variance   | 0            |
|    learning_rate        | 0.0003       |
|    loss                 | 1.31e+04     |
|    n_updates            | 230          |
|    policy_gradient_loss | 0.000853     |
|    std                  | 1.01         |
|    value_loss           | 2.5e+04      |
------------------------------------------
[DEBUG] step=1 RAW ACTION: [2.         0.14896175 0.        ]
[DEBUG] step=2 RAW ACTION: [2.        1.1121414 0.       ]
-----------------------------------------
| rollout/                |             |
|    ep_len_mean          | 1.21e+04    |
|    ep_rew_mean          | 8.76e+04    |
| time/                   |             |
|    fps                  | 437         |
|    iterations           | 48          |
|    time_elapsed         | 56          |
|    total_timesteps      | 24576       |
| train/                  |             |
|    approx_kl            | 0.009133657 |
|    clip_fraction        | 0.066       |
|    clip_range           | 0.2         |
|    entropy_loss         | -4.28       |
|    explained_variance   | 1.19e-07    |
|    learning_rate        | 0.0003      |
|    loss                 | 1.6e+04     |
|    n_updates            | 235         |
|    policy_gradient_loss | -0.00477    |
|    std                  | 1.01        |
|    value_loss           | 3.1e+04     |
-----------------------------------------
[DEBUG] step=1 RAW ACTION: [2. 0. 0.]
[DEBUG] step=2 RAW ACTION: [2. 0. 0.]
Eval num_timesteps=25000, episode_reward=60465.30 +/- 0.00
Episode length: 4031.00 +/- 0.00
-----------------------------------------
| eval/                   |             |
|    mean_ep_length       | 4.03e+03    |
|    mean_reward          | 6.05e+04    |
| time/                   |             |
|    total_timesteps      | 25000       |
| train/                  |             |
|    approx_kl            | 0.009531965 |
|    clip_fraction        | 0.103       |
|    clip_range           | 0.2         |
|    entropy_loss         | -4.27       |
|    explained_variance   | -1.19e-07   |
|    learning_rate        | 0.0003      |
|    loss                 | 1.35e+04    |
|    n_updates            | 240         |
|    policy_gradient_loss | -0.007      |
|    std                  | 1.01        |
|    value_loss           | 3.25e+04    |
-----------------------------------------
---------------------------------
| rollout/           |          |
|    ep_len_mean     | 1.21e+04 |
|    ep_rew_mean     | 8.76e+04 |
| time/              |          |
|    fps             | 420      |
|    iterations      | 49       |
|    time_elapsed    | 59       |
|    total_timesteps | 25088    |
---------------------------------
------------------------------------------
| rollout/                |              |
|    ep_len_mean          | 1.21e+04     |
|    ep_rew_mean          | 8.76e+04     |
| time/                   |              |
|    fps                  | 417          |
|    iterations           | 50           |
|    time_elapsed         | 61           |
|    total_timesteps      | 25600        |
| train/                  |              |
|    approx_kl            | 0.0033496434 |
|    clip_fraction        | 0.0344       |
|    clip_range           | 0.2          |
|    entropy_loss         | -4.26        |
|    explained_variance   | 0            |
|    learning_rate        | 0.0003       |
|    loss                 | 1.87e+04     |
|    n_updates            | 245          |
|    policy_gradient_loss | -0.000596    |
|    std                  | 1            |
|    value_loss           | 3.56e+04     |
------------------------------------------
----------------------------------------
| rollout/                |            |
|    ep_len_mean          | 1.21e+04   |
|    ep_rew_mean          | 8.76e+04   |
| time/                   |            |
|    fps                  | 413        |
|    iterations           | 51         |
|    time_elapsed         | 63         |
|    total_timesteps      | 26112      |
| train/                  |            |
|    approx_kl            | 0.00398641 |
|    clip_fraction        | 0.059      |
|    clip_range           | 0.2        |
|    entropy_loss         | -4.25      |
|    explained_variance   | 0          |
|    learning_rate        | 0.0003     |
|    loss                 | 1.1e+04    |
|    n_updates            | 250        |
|    policy_gradient_loss | -0.00224   |
|    std                  | 1          |
|    value_loss           | 2.54e+04   |
----------------------------------------
------------------------------------------
| rollout/                |              |
|    ep_len_mean          | 1.21e+04     |
|    ep_rew_mean          | 8.76e+04     |
| time/                   |              |
|    fps                  | 408          |
|    iterations           | 52           |
|    time_elapsed         | 65           |
|    total_timesteps      | 26624        |
| train/                  |              |
|    approx_kl            | 0.0074172933 |
|    clip_fraction        | 0.0973       |
|    clip_range           | 0.2          |
|    entropy_loss         | -4.25        |
|    explained_variance   | 0            |
|    learning_rate        | 0.0003       |
|    loss                 | 1.62e+04     |
|    n_updates            | 255          |
|    policy_gradient_loss | -0.00986     |
|    std                  | 0.996        |
|    value_loss           | 3.65e+04     |
------------------------------------------
------------------------------------------
| rollout/                |              |
|    ep_len_mean          | 1.21e+04     |
|    ep_rew_mean          | 8.76e+04     |
| time/                   |              |
|    fps                  | 407          |
|    iterations           | 53           |
|    time_elapsed         | 66           |
|    total_timesteps      | 27136        |
| train/                  |              |
|    approx_kl            | 0.0056665903 |
|    clip_fraction        | 0.032        |
|    clip_range           | 0.2          |
|    entropy_loss         | -4.24        |
|    explained_variance   | 0            |
|    learning_rate        | 0.0003       |
|    loss                 | 1.89e+04     |
|    n_updates            | 260          |
|    policy_gradient_loss | -0.00184     |
|    std                  | 0.995        |
|    value_loss           | 3.74e+04     |
------------------------------------------
-----------------------------------------
| rollout/                |             |
|    ep_len_mean          | 1.21e+04    |
|    ep_rew_mean          | 8.76e+04    |
| time/                   |             |
|    fps                  | 406         |
|    iterations           | 54          |
|    time_elapsed         | 67          |
|    total_timesteps      | 27648       |
| train/                  |             |
|    approx_kl            | 0.009113425 |
|    clip_fraction        | 0.0941      |
|    clip_range           | 0.2         |
|    entropy_loss         | -4.23       |
|    explained_variance   | 0           |
|    learning_rate        | 0.0003      |
|    loss                 | 1.86e+04    |
|    n_updates            | 265         |
|    policy_gradient_loss | -0.00644    |
|    std                  | 0.995       |
|    value_loss           | 3.78e+04    |
-----------------------------------------
------------------------------------------
| rollout/                |              |
|    ep_len_mean          | 1.21e+04     |
|    ep_rew_mean          | 8.76e+04     |
| time/                   |              |
|    fps                  | 405          |
|    iterations           | 55           |
|    time_elapsed         | 69           |
|    total_timesteps      | 28160        |
| train/                  |              |
|    approx_kl            | 0.0048989523 |
|    clip_fraction        | 0.0551       |
|    clip_range           | 0.2          |
|    entropy_loss         | -4.23        |
|    explained_variance   | 0            |
|    learning_rate        | 0.0003       |
|    loss                 | 1.67e+04     |
|    n_updates            | 270          |
|    policy_gradient_loss | -0.00124     |
|    std                  | 0.99         |
|    value_loss           | 3.3e+04      |
------------------------------------------
------------------------------------------
| rollout/                |              |
|    ep_len_mean          | 1.21e+04     |
|    ep_rew_mean          | 8.76e+04     |
| time/                   |              |
|    fps                  | 406          |
|    iterations           | 56           |
|    time_elapsed         | 70           |
|    total_timesteps      | 28672        |
| train/                  |              |
|    approx_kl            | 0.0021424848 |
|    clip_fraction        | 0.0312       |
|    clip_range           | 0.2          |
|    entropy_loss         | -4.22        |
|    explained_variance   | 0            |
|    learning_rate        | 0.0003       |
|    loss                 | 1.51e+04     |
|    n_updates            | 275          |
|    policy_gradient_loss | 0.00221      |
|    std                  | 0.989        |
|    value_loss           | 3.01e+04     |
------------------------------------------
-----------------------------------------
| rollout/                |             |
|    ep_len_mean          | 1.21e+04    |
|    ep_rew_mean          | 8.76e+04    |
| time/                   |             |
|    fps                  | 409         |
|    iterations           | 57          |
|    time_elapsed         | 71          |
|    total_timesteps      | 29184       |
| train/                  |             |
|    approx_kl            | 0.011054238 |
|    clip_fraction        | 0.113       |
|    clip_range           | 0.2         |
|    entropy_loss         | -4.22       |
|    explained_variance   | -2.38e-07   |
|    learning_rate        | 0.0003      |
|    loss                 | 1.79e+04    |
|    n_updates            | 280         |
|    policy_gradient_loss | -0.00536    |
|    std                  | 0.988       |
|    value_loss           | 3.5e+04     |
-----------------------------------------
-----------------------------------------
| rollout/                |             |
|    ep_len_mean          | 1.21e+04    |
|    ep_rew_mean          | 8.76e+04    |
| time/                   |             |
|    fps                  | 411         |
|    iterations           | 58          |
|    time_elapsed         | 72          |
|    total_timesteps      | 29696       |
| train/                  |             |
|    approx_kl            | 0.009445636 |
|    clip_fraction        | 0.108       |
|    clip_range           | 0.2         |
|    entropy_loss         | -4.21       |
|    explained_variance   | 0           |
|    learning_rate        | 0.0003      |
|    loss                 | 1.31e+04    |
|    n_updates            | 285         |
|    policy_gradient_loss | -0.00923    |
|    std                  | 0.985       |
|    value_loss           | 2.99e+04    |
-----------------------------------------
[DEBUG] step=1 RAW ACTION: [2. 0. 0.]
[DEBUG] step=2 RAW ACTION: [2. 0. 0.]
Eval num_timesteps=30000, episode_reward=60465.30 +/- 0.00
Episode length: 4031.00 +/- 0.00
-----------------------------------------
| eval/                   |             |
|    mean_ep_length       | 4.03e+03    |
|    mean_reward          | 6.05e+04    |
| time/                   |             |
|    total_timesteps      | 30000       |
| train/                  |             |
|    approx_kl            | 0.009837288 |
|    clip_fraction        | 0.155       |
|    clip_range           | 0.2         |
|    entropy_loss         | -4.22       |
|    explained_variance   | 0           |
|    learning_rate        | 0.0003      |
|    loss                 | 1.12e+04    |
|    n_updates            | 290         |
|    policy_gradient_loss | -0.011      |
|    std                  | 0.992       |
|    value_loss           | 2.97e+04    |
-----------------------------------------
---------------------------------
| rollout/           |          |
|    ep_len_mean     | 1.21e+04 |
|    ep_rew_mean     | 8.76e+04 |
| time/              |          |
|    fps             | 403      |
|    iterations      | 59       |
|    time_elapsed    | 74       |
|    total_timesteps | 30208    |
---------------------------------
-----------------------------------------
| rollout/                |             |
|    ep_len_mean          | 1.21e+04    |
|    ep_rew_mean          | 8.76e+04    |
| time/                   |             |
|    fps                  | 402         |
|    iterations           | 60          |
|    time_elapsed         | 76          |
|    total_timesteps      | 30720       |
| train/                  |             |
|    approx_kl            | 0.014071235 |
|    clip_fraction        | 0.162       |
|    clip_range           | 0.2         |
|    entropy_loss         | -4.23       |
|    explained_variance   | 0           |
|    learning_rate        | 0.0003      |
|    loss                 | 1.3e+04     |
|    n_updates            | 295         |
|    policy_gradient_loss | -0.0108     |
|    std                  | 0.997       |
|    value_loss           | 2.58e+04    |
-----------------------------------------
------------------------------------------
| rollout/                |              |
|    ep_len_mean          | 1.21e+04     |
|    ep_rew_mean          | 8.76e+04     |
| time/                   |              |
|    fps                  | 402          |
|    iterations           | 61           |
|    time_elapsed         | 77           |
|    total_timesteps      | 31232        |
| train/                  |              |
|    approx_kl            | 0.0031391496 |
|    clip_fraction        | 0.0484       |
|    clip_range           | 0.2          |
|    entropy_loss         | -4.24        |
|    explained_variance   | -1.19e-07    |
|    learning_rate        | 0.0003       |
|    loss                 | 1.02e+04     |
|    n_updates            | 300          |
|    policy_gradient_loss | -0.000712    |
|    std                  | 0.994        |
|    value_loss           | 2.84e+04     |
------------------------------------------
-----------------------------------------
| rollout/                |             |
|    ep_len_mean          | 1.21e+04    |
|    ep_rew_mean          | 8.76e+04    |
| time/                   |             |
|    fps                  | 401         |
|    iterations           | 62          |
|    time_elapsed         | 79          |
|    total_timesteps      | 31744       |
| train/                  |             |
|    approx_kl            | 0.006500244 |
|    clip_fraction        | 0.0539      |
|    clip_range           | 0.2         |
|    entropy_loss         | -4.22       |
|    explained_variance   | 0           |
|    learning_rate        | 0.0003      |
|    loss                 | 1.58e+04    |
|    n_updates            | 305         |
|    policy_gradient_loss | -0.0037     |
|    std                  | 0.989       |
|    value_loss           | 3.07e+04    |
-----------------------------------------
-----------------------------------------
| rollout/                |             |
|    ep_len_mean          | 1.21e+04    |
|    ep_rew_mean          | 8.76e+04    |
| time/                   |             |
|    fps                  | 402         |
|    iterations           | 63          |
|    time_elapsed         | 80          |
|    total_timesteps      | 32256       |
| train/                  |             |
|    approx_kl            | 0.006962401 |
|    clip_fraction        | 0.084       |
|    clip_range           | 0.2         |
|    entropy_loss         | -4.21       |
|    explained_variance   | 0           |
|    learning_rate        | 0.0003      |
|    loss                 | 1.6e+04     |
|    n_updates            | 310         |
|    policy_gradient_loss | -0.00453    |
|    std                  | 0.986       |
|    value_loss           | 3.2e+04     |
-----------------------------------------
------------------------------------------
| rollout/                |              |
|    ep_len_mean          | 1.21e+04     |
|    ep_rew_mean          | 8.76e+04     |
| time/                   |              |
|    fps                  | 403          |
|    iterations           | 64           |
|    time_elapsed         | 81           |
|    total_timesteps      | 32768        |
| train/                  |              |
|    approx_kl            | 0.0025837538 |
|    clip_fraction        | 0.0168       |
|    clip_range           | 0.2          |
|    entropy_loss         | -4.2         |
|    explained_variance   | 0            |
|    learning_rate        | 0.0003       |
|    loss                 | 1.23e+04     |
|    n_updates            | 315          |
|    policy_gradient_loss | 0.00173      |
|    std                  | 0.978        |
|    value_loss           | 3.18e+04     |
------------------------------------------
---------------------------------------
| rollout/                |           |
|    ep_len_mean          | 1.21e+04  |
|    ep_rew_mean          | 8.76e+04  |
| time/                   |           |
|    fps                  | 405       |
|    iterations           | 65        |
|    time_elapsed         | 82        |
|    total_timesteps      | 33280     |
| train/                  |           |
|    approx_kl            | 0.0103775 |
|    clip_fraction        | 0.124     |
|    clip_range           | 0.2       |
|    entropy_loss         | -4.18     |
|    explained_variance   | 0         |
|    learning_rate        | 0.0003    |
|    loss                 | 1.56e+04  |
|    n_updates            | 320       |
|    policy_gradient_loss | -0.00547  |
|    std                  | 0.974     |
|    value_loss           | 3.34e+04  |
---------------------------------------
------------------------------------------
| rollout/                |              |
|    ep_len_mean          | 1.21e+04     |
|    ep_rew_mean          | 8.76e+04     |
| time/                   |              |
|    fps                  | 405          |
|    iterations           | 66           |
|    time_elapsed         | 83           |
|    total_timesteps      | 33792        |
| train/                  |              |
|    approx_kl            | 0.0072542364 |
|    clip_fraction        | 0.0477       |
|    clip_range           | 0.2          |
|    entropy_loss         | -4.17        |
|    explained_variance   | 0            |
|    learning_rate        | 0.0003       |
|    loss                 | 1.48e+04     |
|    n_updates            | 325          |
|    policy_gradient_loss | -0.00141     |
|    std                  | 0.974        |
|    value_loss           | 2.82e+04     |
------------------------------------------
------------------------------------------
| rollout/                |              |
|    ep_len_mean          | 1.21e+04     |
|    ep_rew_mean          | 8.76e+04     |
| time/                   |              |
|    fps                  | 405          |
|    iterations           | 67           |
|    time_elapsed         | 84           |
|    total_timesteps      | 34304        |
| train/                  |              |
|    approx_kl            | 0.0062275296 |
|    clip_fraction        | 0.057        |
|    clip_range           | 0.2          |
|    entropy_loss         | -4.16        |
|    explained_variance   | 0            |
|    learning_rate        | 0.0003       |
|    loss                 | 1.85e+04     |
|    n_updates            | 330          |
|    policy_gradient_loss | -0.000692    |
|    std                  | 0.968        |
|    value_loss           | 3.38e+04     |
------------------------------------------
-----------------------------------------
| rollout/                |             |
|    ep_len_mean          | 1.21e+04    |
|    ep_rew_mean          | 8.76e+04    |
| time/                   |             |
|    fps                  | 406         |
|    iterations           | 68          |
|    time_elapsed         | 85          |
|    total_timesteps      | 34816       |
| train/                  |             |
|    approx_kl            | 0.009111247 |
|    clip_fraction        | 0.111       |
|    clip_range           | 0.2         |
|    entropy_loss         | -4.15       |
|    explained_variance   | 0           |
|    learning_rate        | 0.0003      |
|    loss                 | 1.69e+04    |
|    n_updates            | 335         |
|    policy_gradient_loss | -0.01       |
|    std                  | 0.967       |
|    value_loss           | 3.45e+04    |
-----------------------------------------
[DEBUG] step=1 RAW ACTION: [2. 0. 0.]
[DEBUG] step=2 RAW ACTION: [2. 0. 0.]
Eval num_timesteps=35000, episode_reward=60465.30 +/- 0.00
Episode length: 4031.00 +/- 0.00
-----------------------------------------
| eval/                   |             |
|    mean_ep_length       | 4.03e+03    |
|    mean_reward          | 6.05e+04    |
| time/                   |             |
|    total_timesteps      | 35000       |
| train/                  |             |
|    approx_kl            | 0.006599904 |
|    clip_fraction        | 0.0762      |
|    clip_range           | 0.2         |
|    entropy_loss         | -4.14       |
|    explained_variance   | 0           |
|    learning_rate        | 0.0003      |
|    loss                 | 1.57e+04    |
|    n_updates            | 340         |
|    policy_gradient_loss | -0.00505    |
|    std                  | 0.956       |
|    value_loss           | 3.6e+04     |
-----------------------------------------
---------------------------------
| rollout/           |          |
|    ep_len_mean     | 1.21e+04 |
|    ep_rew_mean     | 8.76e+04 |
| time/              |          |
|    fps             | 398      |
|    iterations      | 69       |
|    time_elapsed    | 88       |
|    total_timesteps | 35328    |
---------------------------------
-----------------------------------------
| rollout/                |             |
|    ep_len_mean          | 1.21e+04    |
|    ep_rew_mean          | 8.76e+04    |
| time/                   |             |
|    fps                  | 398         |
|    iterations           | 70          |
|    time_elapsed         | 89          |
|    total_timesteps      | 35840       |
| train/                  |             |
|    approx_kl            | 0.010234054 |
|    clip_fraction        | 0.113       |
|    clip_range           | 0.2         |
|    entropy_loss         | -4.11       |
|    explained_variance   | 0           |
|    learning_rate        | 0.0003      |
|    loss                 | 2.03e+04    |
|    n_updates            | 345         |
|    policy_gradient_loss | -0.00731    |
|    std                  | 0.948       |
|    value_loss           | 3.83e+04    |
-----------------------------------------
[DEBUG] step=1 RAW ACTION: [2. 0. 0.]
[DEBUG] step=2 RAW ACTION: [2.         0.06772554 0.        ]
------------------------------------------
| rollout/                |              |
|    ep_len_mean          | 1.21e+04     |
|    ep_rew_mean          | 1.08e+05     |
| time/                   |              |
|    fps                  | 398          |
|    iterations           | 71           |
|    time_elapsed         | 91           |
|    total_timesteps      | 36352        |
| train/                  |              |
|    approx_kl            | 0.0059542675 |
|    clip_fraction        | 0.0996       |
|    clip_range           | 0.2          |
|    entropy_loss         | -4.09        |
|    explained_variance   | 1.19e-07     |
|    learning_rate        | 0.0003       |
|    loss                 | 1.86e+04     |
|    n_updates            | 350          |
|    policy_gradient_loss | -0.00681     |
|    std                  | 0.946        |
|    value_loss           | 3.92e+04     |
------------------------------------------
-----------------------------------------
| rollout/                |             |
|    ep_len_mean          | 1.21e+04    |
|    ep_rew_mean          | 1.08e+05    |
| time/                   |             |
|    fps                  | 397         |
|    iterations           | 72          |
|    time_elapsed         | 92          |
|    total_timesteps      | 36864       |
| train/                  |             |
|    approx_kl            | 0.006520162 |
|    clip_fraction        | 0.0898      |
|    clip_range           | 0.2         |
|    entropy_loss         | -4.07       |
|    explained_variance   | 1.19e-07    |
|    learning_rate        | 0.0003      |
|    loss                 | 1.97e+04    |
|    n_updates            | 355         |
|    policy_gradient_loss | -0.00243    |
|    std                  | 0.938       |
|    value_loss           | 3.79e+04    |
-----------------------------------------
------------------------------------------
| rollout/                |              |
|    ep_len_mean          | 1.21e+04     |
|    ep_rew_mean          | 1.08e+05     |
| time/                   |              |
|    fps                  | 398          |
|    iterations           | 73           |
|    time_elapsed         | 93           |
|    total_timesteps      | 37376        |
| train/                  |              |
|    approx_kl            | 0.0053560715 |
|    clip_fraction        | 0.0652       |
|    clip_range           | 0.2          |
|    entropy_loss         | -4.05        |
|    explained_variance   | 0            |
|    learning_rate        | 0.0003       |
|    loss                 | 1.97e+04     |
|    n_updates            | 360          |
|    policy_gradient_loss | -0.00269     |
|    std                  | 0.932        |
|    value_loss           | 3.9e+04      |
------------------------------------------
------------------------------------------
| rollout/                |              |
|    ep_len_mean          | 1.21e+04     |
|    ep_rew_mean          | 1.08e+05     |
| time/                   |              |
|    fps                  | 401          |
|    iterations           | 74           |
|    time_elapsed         | 94           |
|    total_timesteps      | 37888        |
| train/                  |              |
|    approx_kl            | 0.0067724464 |
|    clip_fraction        | 0.113        |
|    clip_range           | 0.2          |
|    entropy_loss         | -4.04        |
|    explained_variance   | 0            |
|    learning_rate        | 0.0003       |
|    loss                 | 1.99e+04     |
|    n_updates            | 365          |
|    policy_gradient_loss | -0.00698     |
|    std                  | 0.929        |
|    value_loss           | 3.86e+04     |
------------------------------------------
-----------------------------------------
| rollout/                |             |
|    ep_len_mean          | 1.21e+04    |
|    ep_rew_mean          | 1.08e+05    |
| time/                   |             |
|    fps                  | 403         |
|    iterations           | 75          |
|    time_elapsed         | 95          |
|    total_timesteps      | 38400       |
| train/                  |             |
|    approx_kl            | 0.008703072 |
|    clip_fraction        | 0.091       |
|    clip_range           | 0.2         |
|    entropy_loss         | -4.03       |
|    explained_variance   | 0           |
|    learning_rate        | 0.0003      |
|    loss                 | 1.98e+04    |
|    n_updates            | 370         |
|    policy_gradient_loss | -0.00416    |
|    std                  | 0.929       |
|    value_loss           | 4.14e+04    |
-----------------------------------------
------------------------------------------
| rollout/                |              |
|    ep_len_mean          | 1.21e+04     |
|    ep_rew_mean          | 1.08e+05     |
| time/                   |              |
|    fps                  | 403          |
|    iterations           | 76           |
|    time_elapsed         | 96           |
|    total_timesteps      | 38912        |
| train/                  |              |
|    approx_kl            | 0.0032245233 |
|    clip_fraction        | 0.027        |
|    clip_range           | 0.2          |
|    entropy_loss         | -4.02        |
|    explained_variance   | -1.19e-07    |
|    learning_rate        | 0.0003       |
|    loss                 | 1.99e+04     |
|    n_updates            | 375          |
|    policy_gradient_loss | 0.000871     |
|    std                  | 0.922        |
|    value_loss           | 4.15e+04     |
------------------------------------------
------------------------------------------
| rollout/                |              |
|    ep_len_mean          | 1.21e+04     |
|    ep_rew_mean          | 1.08e+05     |
| time/                   |              |
|    fps                  | 403          |
|    iterations           | 77           |
|    time_elapsed         | 97           |
|    total_timesteps      | 39424        |
| train/                  |              |
|    approx_kl            | 0.0043833656 |
|    clip_fraction        | 0.0437       |
|    clip_range           | 0.2          |
|    entropy_loss         | -4           |
|    explained_variance   | 5.96e-08     |
|    learning_rate        | 0.0003       |
|    loss                 | 2e+04        |
|    n_updates            | 380          |
|    policy_gradient_loss | -0.00137     |
|    std                  | 0.917        |
|    value_loss           | 4.12e+04     |
------------------------------------------
-----------------------------------------
| rollout/                |             |
|    ep_len_mean          | 1.21e+04    |
|    ep_rew_mean          | 1.08e+05    |
| time/                   |             |
|    fps                  | 402         |
|    iterations           | 78          |
|    time_elapsed         | 99          |
|    total_timesteps      | 39936       |
| train/                  |             |
|    approx_kl            | 0.006049929 |
|    clip_fraction        | 0.102       |
|    clip_range           | 0.2         |
|    entropy_loss         | -4          |
|    explained_variance   | 0           |
|    learning_rate        | 0.0003      |
|    loss                 | 1.97e+04    |
|    n_updates            | 385         |
|    policy_gradient_loss | -0.00481    |
|    std                  | 0.917       |
|    value_loss           | 4.13e+04    |
-----------------------------------------
[DEBUG] step=1 RAW ACTION: [2. 0. 0.]
[DEBUG] step=2 RAW ACTION: [2. 0. 0.]
Eval num_timesteps=40000, episode_reward=60465.30 +/- 0.00
Episode length: 4031.00 +/- 0.00
------------------------------------------
| eval/                   |              |
|    mean_ep_length       | 4.03e+03     |
|    mean_reward          | 6.05e+04     |
| time/                   |              |
|    total_timesteps      | 40000        |
| train/                  |              |
|    approx_kl            | 0.0077719823 |
|    clip_fraction        | 0.12         |
|    clip_range           | 0.2          |
|    entropy_loss         | -4           |
|    explained_variance   | 1.19e-07     |
|    learning_rate        | 0.0003       |
|    loss                 | 1.91e+04     |
|    n_updates            | 390          |
|    policy_gradient_loss | -0.00652     |
|    std                  | 0.92         |
|    value_loss           | 4.04e+04     |
------------------------------------------
---------------------------------
| rollout/           |          |
|    ep_len_mean     | 1.21e+04 |
|    ep_rew_mean     | 1.08e+05 |
| time/              |          |
|    fps             | 396      |
|    iterations      | 79       |
|    time_elapsed    | 102      |
|    total_timesteps | 40448    |
---------------------------------
-----------------------------------------
| rollout/                |             |
|    ep_len_mean          | 1.21e+04    |
|    ep_rew_mean          | 1.08e+05    |
| time/                   |             |
|    fps                  | 398         |
|    iterations           | 80          |
|    time_elapsed         | 102         |
|    total_timesteps      | 40960       |
| train/                  |             |
|    approx_kl            | 0.008022066 |
|    clip_fraction        | 0.0629      |
|    clip_range           | 0.2         |
|    entropy_loss         | -4          |
|    explained_variance   | 0           |
|    learning_rate        | 0.0003      |
|    loss                 | 2.02e+04    |
|    n_updates            | 395         |
|    policy_gradient_loss | -0.00137    |
|    std                  | 0.918       |
|    value_loss           | 4.09e+04    |
-----------------------------------------
-----------------------------------------
| rollout/                |             |
|    ep_len_mean          | 1.21e+04    |
|    ep_rew_mean          | 1.08e+05    |
| time/                   |             |
|    fps                  | 398         |
|    iterations           | 81          |
|    time_elapsed         | 104         |
|    total_timesteps      | 41472       |
| train/                  |             |
|    approx_kl            | 0.045682963 |
|    clip_fraction        | 0.483       |
|    clip_range           | 0.2         |
|    entropy_loss         | -4.03       |
|    explained_variance   | 0           |
|    learning_rate        | 0.0003      |
|    loss                 | 7.66e+03    |
|    n_updates            | 400         |
|    policy_gradient_loss | 0.0383      |
|    std                  | 0.935       |
|    value_loss           | 1.38e+04    |
-----------------------------------------
------------------------------------------
| rollout/                |              |
|    ep_len_mean          | 1.21e+04     |
|    ep_rew_mean          | 1.08e+05     |
| time/                   |              |
|    fps                  | 400          |
|    iterations           | 82           |
|    time_elapsed         | 104          |
|    total_timesteps      | 41984        |
| train/                  |              |
|    approx_kl            | 0.0133825205 |
|    clip_fraction        | 0.291        |
|    clip_range           | 0.2          |
|    entropy_loss         | -4.05        |
|    explained_variance   | -1.19e-07    |
|    learning_rate        | 0.0003       |
|    loss                 | 6.99e+03     |
|    n_updates            | 405          |
|    policy_gradient_loss | 0.0064       |
|    std                  | 0.933        |
|    value_loss           | 1.45e+04     |
------------------------------------------
-----------------------------------------
| rollout/                |             |
|    ep_len_mean          | 1.21e+04    |
|    ep_rew_mean          | 1.08e+05    |
| time/                   |             |
|    fps                  | 402         |
|    iterations           | 83          |
|    time_elapsed         | 105         |
|    total_timesteps      | 42496       |
| train/                  |             |
|    approx_kl            | 0.006811686 |
|    clip_fraction        | 0.0992      |
|    clip_range           | 0.2         |
|    entropy_loss         | -4.05       |
|    explained_variance   | 0           |
|    learning_rate        | 0.0003      |
|    loss                 | 6.81e+03    |
|    n_updates            | 410         |
|    policy_gradient_loss | -0.000402   |
|    std                  | 0.936       |
|    value_loss           | 1.85e+04    |
-----------------------------------------
------------------------------------------
| rollout/                |              |
|    ep_len_mean          | 1.21e+04     |
|    ep_rew_mean          | 1.08e+05     |
| time/                   |              |
|    fps                  | 405          |
|    iterations           | 84           |
|    time_elapsed         | 106          |
|    total_timesteps      | 43008        |
| train/                  |              |
|    approx_kl            | 0.0008669249 |
|    clip_fraction        | 0            |
|    clip_range           | 0.2          |
|    entropy_loss         | -4.05        |
|    explained_variance   | 0            |
|    learning_rate        | 0.0003       |
|    loss                 | 2.11e+04     |
|    n_updates            | 415          |
|    policy_gradient_loss | 0.000242     |
|    std                  | 0.936        |
|    value_loss           | 4.11e+04     |
------------------------------------------
-------------------------------------------
| rollout/                |               |
|    ep_len_mean          | 1.21e+04      |
|    ep_rew_mean          | 1.08e+05      |
| time/                   |               |
|    fps                  | 406           |
|    iterations           | 85            |
|    time_elapsed         | 107           |
|    total_timesteps      | 43520         |
| train/                  |               |
|    approx_kl            | 0.00046366558 |
|    clip_fraction        | 0             |
|    clip_range           | 0.2           |
|    entropy_loss         | -4.05         |
|    explained_variance   | -1.19e-07     |
|    learning_rate        | 0.0003        |
|    loss                 | 2.09e+04      |
|    n_updates            | 420           |
|    policy_gradient_loss | -0.00118      |
|    std                  | 0.935         |
|    value_loss           | 4.05e+04      |
-------------------------------------------
-------------------------------------------
| rollout/                |               |
|    ep_len_mean          | 1.21e+04      |
|    ep_rew_mean          | 1.08e+05      |
| time/                   |               |
|    fps                  | 406           |
|    iterations           | 86            |
|    time_elapsed         | 108           |
|    total_timesteps      | 44032         |
| train/                  |               |
|    approx_kl            | 0.00078308606 |
|    clip_fraction        | 0             |
|    clip_range           | 0.2           |
|    entropy_loss         | -4.05         |
|    explained_variance   | 0             |
|    learning_rate        | 0.0003        |
|    loss                 | 2.05e+04      |
|    n_updates            | 425           |
|    policy_gradient_loss | -0.00155      |
|    std                  | 0.935         |
|    value_loss           | 4.02e+04      |
-------------------------------------------
-------------------------------------------
| rollout/                |               |
|    ep_len_mean          | 1.21e+04      |
|    ep_rew_mean          | 1.08e+05      |
| time/                   |               |
|    fps                  | 408           |
|    iterations           | 87            |
|    time_elapsed         | 109           |
|    total_timesteps      | 44544         |
| train/                  |               |
|    approx_kl            | 0.00031197595 |
|    clip_fraction        | 0             |
|    clip_range           | 0.2           |
|    entropy_loss         | -4.05         |
|    explained_variance   | 0             |
|    learning_rate        | 0.0003        |
|    loss                 | 2.08e+04      |
|    n_updates            | 430           |
|    policy_gradient_loss | -0.000563     |
|    std                  | 0.935         |
|    value_loss           | 4.04e+04      |
-------------------------------------------
[DEBUG] step=1 RAW ACTION: [2. 0. 0.]
[DEBUG] step=2 RAW ACTION: [2. 0. 0.]
Eval num_timesteps=45000, episode_reward=60465.30 +/- 0.00
Episode length: 4031.00 +/- 0.00
-------------------------------------------
| eval/                   |               |
|    mean_ep_length       | 4.03e+03      |
|    mean_reward          | 6.05e+04      |
| time/                   |               |
|    total_timesteps      | 45000         |
| train/                  |               |
|    approx_kl            | 0.00043632195 |
|    clip_fraction        | 0             |
|    clip_range           | 0.2           |
|    entropy_loss         | -4.05         |
|    explained_variance   | 0             |
|    learning_rate        | 0.0003        |
|    loss                 | 2.05e+04      |
|    n_updates            | 435           |
|    policy_gradient_loss | -0.000564     |
|    std                  | 0.935         |
|    value_loss           | 4e+04         |
-------------------------------------------
---------------------------------
| rollout/           |          |
|    ep_len_mean     | 1.21e+04 |
|    ep_rew_mean     | 1.08e+05 |
| time/              |          |
|    fps             | 405      |
|    iterations      | 88       |
|    time_elapsed    | 111      |
|    total_timesteps | 45056    |
---------------------------------
-------------------------------------------
| rollout/                |               |
|    ep_len_mean          | 1.21e+04      |
|    ep_rew_mean          | 1.08e+05      |
| time/                   |               |
|    fps                  | 407           |
|    iterations           | 89            |
|    time_elapsed         | 111           |
|    total_timesteps      | 45568         |
| train/                  |               |
|    approx_kl            | 0.00022692245 |
|    clip_fraction        | 0             |
|    clip_range           | 0.2           |
|    entropy_loss         | -4.05         |
|    explained_variance   | 0             |
|    learning_rate        | 0.0003        |
|    loss                 | 1.92e+04      |
|    n_updates            | 440           |
|    policy_gradient_loss | -0.000319     |
|    std                  | 0.935         |
|    value_loss           | 4.09e+04      |
-------------------------------------------
------------------------------------------
| rollout/                |              |
|    ep_len_mean          | 1.21e+04     |
|    ep_rew_mean          | 1.08e+05     |
| time/                   |              |
|    fps                  | 409          |
|    iterations           | 90           |
|    time_elapsed         | 112          |
|    total_timesteps      | 46080        |
| train/                  |              |
|    approx_kl            | 0.0005358644 |
|    clip_fraction        | 0            |
|    clip_range           | 0.2          |
|    entropy_loss         | -4.05        |
|    explained_variance   | 0            |
|    learning_rate        | 0.0003       |
|    loss                 | 2.06e+04     |
|    n_updates            | 445          |
|    policy_gradient_loss | -0.000704    |
|    std                  | 0.935        |
|    value_loss           | 4.04e+04     |
------------------------------------------
-------------------------------------------
| rollout/                |               |
|    ep_len_mean          | 1.21e+04      |
|    ep_rew_mean          | 1.08e+05      |
| time/                   |               |
|    fps                  | 411           |
|    iterations           | 91            |
|    time_elapsed         | 113           |
|    total_timesteps      | 46592         |
| train/                  |               |
|    approx_kl            | 0.00026889704 |
|    clip_fraction        | 0             |
|    clip_range           | 0.2           |
|    entropy_loss         | -4.05         |
|    explained_variance   | 0             |
|    learning_rate        | 0.0003        |
|    loss                 | 2.08e+04      |
|    n_updates            | 450           |
|    policy_gradient_loss | -6.65e-05     |
|    std                  | 0.934         |
|    value_loss           | 4.07e+04      |
-------------------------------------------
------------------------------------------
| rollout/                |              |
|    ep_len_mean          | 1.21e+04     |
|    ep_rew_mean          | 1.08e+05     |
| time/                   |              |
|    fps                  | 413          |
|    iterations           | 92           |
|    time_elapsed         | 113          |
|    total_timesteps      | 47104        |
| train/                  |              |
|    approx_kl            | 0.0026193473 |
|    clip_fraction        | 0.00195      |
|    clip_range           | 0.2          |
|    entropy_loss         | -4.05        |
|    explained_variance   | 0            |
|    learning_rate        | 0.0003       |
|    loss                 | 2.02e+04     |
|    n_updates            | 455          |
|    policy_gradient_loss | -0.00384     |
|    std                  | 0.934        |
|    value_loss           | 4.05e+04     |
------------------------------------------
-------------------------------------------
| rollout/                |               |
|    ep_len_mean          | 1.21e+04      |
|    ep_rew_mean          | 1.08e+05      |
| time/                   |               |
|    fps                  | 415           |
|    iterations           | 93            |
|    time_elapsed         | 114           |
|    total_timesteps      | 47616         |
| train/                  |               |
|    approx_kl            | 0.00014993572 |
|    clip_fraction        | 0             |
|    clip_range           | 0.2           |
|    entropy_loss         | -4.05         |
|    explained_variance   | 0             |
|    learning_rate        | 0.0003        |
|    loss                 | 2.06e+04      |
|    n_updates            | 460           |
|    policy_gradient_loss | 0.000111      |
|    std                  | 0.933         |
|    value_loss           | 3.95e+04      |
-------------------------------------------
-----------------------------------------
| rollout/                |             |
|    ep_len_mean          | 1.21e+04    |
|    ep_rew_mean          | 1.08e+05    |
| time/                   |             |
|    fps                  | 418         |
|    iterations           | 94          |
|    time_elapsed         | 115         |
|    total_timesteps      | 48128       |
| train/                  |             |
|    approx_kl            | 0.003218358 |
|    clip_fraction        | 0.00508     |
|    clip_range           | 0.2         |
|    entropy_loss         | -4.05       |
|    explained_variance   | 0           |
|    learning_rate        | 0.0003      |
|    loss                 | 1.98e+04    |
|    n_updates            | 465         |
|    policy_gradient_loss | -0.00363    |
|    std                  | 0.933       |
|    value_loss           | 3.9e+04     |
-----------------------------------------
[DEBUG] step=1 RAW ACTION: [2. 0. 0.]
[DEBUG] step=2 RAW ACTION: [2. 0. 0.]
------------------------------------------
| rollout/                |              |
|    ep_len_mean          | 1.21e+04     |
|    ep_rew_mean          | 1.21e+05     |
| time/                   |              |
|    fps                  | 419          |
|    iterations           | 95           |
|    time_elapsed         | 115          |
|    total_timesteps      | 48640        |
| train/                  |              |
|    approx_kl            | 0.0006532128 |
|    clip_fraction        | 0            |
|    clip_range           | 0.2          |
|    entropy_loss         | -4.05        |
|    explained_variance   | 0            |
|    learning_rate        | 0.0003       |
|    loss                 | 1.88e+04     |
|    n_updates            | 470          |
|    policy_gradient_loss | 0.000114     |
|    std                  | 0.933        |
|    value_loss           | 3.92e+04     |
------------------------------------------
------------------------------------------
| rollout/                |              |
|    ep_len_mean          | 1.21e+04     |
|    ep_rew_mean          | 1.21e+05     |
| time/                   |              |
|    fps                  | 419          |
|    iterations           | 96           |
|    time_elapsed         | 117          |
|    total_timesteps      | 49152        |
| train/                  |              |
|    approx_kl            | 0.0010809806 |
|    clip_fraction        | 0            |
|    clip_range           | 0.2          |
|    entropy_loss         | -4.05        |
|    explained_variance   | 0            |
|    learning_rate        | 0.0003       |
|    loss                 | 1.87e+04     |
|    n_updates            | 475          |
|    policy_gradient_loss | -0.000499    |
|    std                  | 0.933        |
|    value_loss           | 3.69e+04     |
------------------------------------------
-----------------------------------------
| rollout/                |             |
|    ep_len_mean          | 1.21e+04    |
|    ep_rew_mean          | 1.21e+05    |
| time/                   |             |
|    fps                  | 420         |
|    iterations           | 97          |
|    time_elapsed         | 118         |
|    total_timesteps      | 49664       |
| train/                  |             |
|    approx_kl            | 0.009423187 |
|    clip_fraction        | 0.357       |
|    clip_range           | 0.2         |
|    entropy_loss         | -4.03       |
|    explained_variance   | 0           |
|    learning_rate        | 0.0003      |
|    loss                 | 9.78e+03    |
|    n_updates            | 480         |
|    policy_gradient_loss | 0.0288      |
|    std                  | 0.932       |
|    value_loss           | 2.13e+04    |
-----------------------------------------
[DEBUG] step=1 RAW ACTION: [2. 0. 0.]
[DEBUG] step=2 RAW ACTION: [2. 0. 0.]
Eval num_timesteps=50000, episode_reward=60465.30 +/- 0.00
Episode length: 4031.00 +/- 0.00
------------------------------------------
| eval/                   |              |
|    mean_ep_length       | 4.03e+03     |
|    mean_reward          | 6.05e+04     |
| time/                   |              |
|    total_timesteps      | 50000        |
| train/                  |              |
|    approx_kl            | 0.0060881963 |
|    clip_fraction        | 0.0789       |
|    clip_range           | 0.2          |
|    entropy_loss         | -4.05        |
|    explained_variance   | -1.19e-07    |
|    learning_rate        | 0.0003       |
|    loss                 | 5.41e+03     |
|    n_updates            | 485          |
|    policy_gradient_loss | 0.00211      |
|    std                  | 0.934        |
|    value_loss           | 1.42e+04     |
------------------------------------------
---------------------------------
| rollout/           |          |
|    ep_len_mean     | 1.21e+04 |
|    ep_rew_mean     | 1.21e+05 |
| time/              |          |
|    fps             | 417      |
|    iterations      | 98       |
|    time_elapsed    | 120      |
|    total_timesteps | 50176    |
---------------------------------
 100% ━━━━━━━━━━━━━━━━━━━━━━━━━━━━━━━━━━━━━━━━━━━━━━━━━━━━━━━━━━━━━━━━━━━━━━━━━━━━━━━━━━━━━━━━━━━━━━━━━━━━━━━━━━━━━ 50,176/50,000  [ 0:02:00 < 0:00:00 , 485 it/s ]
✓ Model saved to models/final_model

======================================================================
PHASE 2: Validation on val set
======================================================================

Evaluating...
[DEBUG] step=1 RAW ACTION: [2. 0. 0.]
[DEBUG] step=2 RAW ACTION: [2. 0. 0.]

  [DEV] Trade Summary (1000 trades):
    Wins: 372 | Losses: 628 | Win Rate: 37.2%
    Total PnL: $-0.06 | Avg PnL/Trade: $-0.0001
    Top 5 Trades:
      1. BNBUSDT  | Entry: $901.349976 → Exit: $903.919983 | Return:   0.29% | PnL: $  0.0008 | Reason: sell
      2. BNBUSDT  | Entry: $901.349976 → Exit: $903.729980 | Return:   0.26% | PnL: $  0.0008 | Reason: sell
      3. BNBUSDT  | Entry: $901.349976 → Exit: $904.799988 | Return:   0.38% | PnL: $  0.0007 | Reason: sell
      4. BNBUSDT  | Entry: $901.349976 → Exit: $904.280029 | Return:   0.33% | PnL: $  0.0006 | Reason: sell
      5. BNBUSDT  | Entry: $901.349976 → Exit: $904.059998 | Return:   0.30% | PnL: $  0.0006 | Reason: sell

Evaluation Results:
  Total Return: -0.61%
  Final Portfolio Value: $99.39
  Max Portfolio Value: $100.00
  Total Reward: 60465.30
  Steps: 4031
  Trades: 4032 | Win Rate: 39.8%
  Realized PnL: $-0.30 | Unrealized: $-0.31

======================================================================
PHASE 3: Testing on test set
======================================================================

Evaluating...
[DEBUG] step=1 RAW ACTION: [2. 0. 0.]
[DEBUG] step=2 RAW ACTION: [2. 0. 0.]

  [TEST] Trade Summary (1000 trades):
    Wins: 291 | Losses: 709 | Win Rate: 29.1%
    Total PnL: $-0.10 | Avg PnL/Trade: $-0.0001
    Top 5 Trades:
      1. BNBUSDT  | Entry: $776.520020 → Exit: $785.059998 | Return:   1.10% | PnL: $  0.0043 | Reason: sell
      2. BNBUSDT  | Entry: $776.520020 → Exit: $785.599976 | Return:   1.17% | PnL: $  0.0041 | Reason: sell
      3. BNBUSDT  | Entry: $769.619995 → Exit: $773.140015 | Return:   0.46% | PnL: $  0.0035 | Reason: sell
      4. BNBUSDT  | Entry: $769.619995 → Exit: $773.479980 | Return:   0.50% | PnL: $  0.0032 | Reason: sell
      5. BNBUSDT  | Entry: $776.520020 → Exit: $782.200012 | Return:   0.73% | PnL: $  0.0030 | Reason: sell

Evaluation Results:
  Total Return: -0.65%
  Final Portfolio Value: $99.35
  Max Portfolio Value: $100.00
  Total Reward: 60381.67
  Steps: 4032
  Trades: 4034 | Win Rate: 34.7%
  Realized PnL: $-0.34 | Unrealized: $-0.31

======================================================================
BACKTEST SUMMARY
======================================================================
Val Trades:  4032 | WR:  39.8% | Return:  -0.61%
Test Trades: 4034 | WR:  34.7% | Return:  -0.65%
======================================================================

