Loading 14 days of data...
✓ Loaded 60483 rows from 3 symbols

Fee regime: mexc_spot_mx | buy_fee=0.040% | sell_fee=0.040%
Using device: cpu

======================================================================
                 3-WAY BACKTEST (Train / Val / Test)                  
======================================================================
Train:  36288 rows ( 3 symbols) 1768694340000000 → 1769420040000000
Val:    12096 rows ( 3 symbols) 1769420100000000 → 1769661960000000
Test:   12099 rows ( 3 symbols) 1769662020000000 → 1769903940000000
======================================================================

Train env: 36288 rows, 3 symbols
Eval env: 12096 rows, 3 symbols
PHASE 1: Training on train set with val monitoring...
Using cpu device
Wrapping the env with a `Monitor` wrapper
Wrapping the env in a DummyVecEnv.
Created new PPO model (device=cpu)
  Hyperparameters:
    learning_rate=0.0002, batch_size=16
    n_steps=512, n_epochs=5
    policy_arch=[256, 128, 64]

Training for 50000 timesteps...
-----------------------------
| time/              |      |
|    fps             | 2948 |
|    iterations      | 1    |
|    time_elapsed    | 0    |
|    total_timesteps | 512  |
-----------------------------
----------------------------------------
| time/                   |            |
|    fps                  | 1320       |
|    iterations           | 2          |
|    time_elapsed         | 0          |
|    total_timesteps      | 1024       |
| train/                  |            |
|    approx_kl            | 0.01115381 |
|    clip_fraction        | 0.146      |
|    clip_range           | 0.2        |
|    entropy_loss         | -4.26      |
|    explained_variance   | 0.00144    |
|    learning_rate        | 0.0002     |
|    loss                 | 854        |
|    n_updates            | 5          |
|    policy_gradient_loss | -0.0158    |
|    std                  | 1          |
|    value_loss           | 1.87e+03   |
----------------------------------------
-----------------------------------------
| time/                   |             |
|    fps                  | 1190        |
|    iterations           | 3           |
|    time_elapsed         | 1           |
|    total_timesteps      | 1536        |
| train/                  |             |
|    approx_kl            | 0.009850772 |
|    clip_fraction        | 0.123       |
|    clip_range           | 0.2         |
|    entropy_loss         | -4.27       |
|    explained_variance   | 3.28e-06    |
|    learning_rate        | 0.0002      |
|    loss                 | 805         |
|    n_updates            | 10          |
|    policy_gradient_loss | -0.0143     |
|    std                  | 1.01        |
|    value_loss           | 1.63e+03    |
-----------------------------------------
-----------------------------------------
| time/                   |             |
|    fps                  | 1148        |
|    iterations           | 4           |
|    time_elapsed         | 1           |
|    total_timesteps      | 2048        |
| train/                  |             |
|    approx_kl            | 0.007324705 |
|    clip_fraction        | 0.108       |
|    clip_range           | 0.2         |
|    entropy_loss         | -4.28       |
|    explained_variance   | -4.77e-07   |
|    learning_rate        | 0.0002      |
|    loss                 | 713         |
|    n_updates            | 15          |
|    policy_gradient_loss | -0.0121     |
|    std                  | 1.01        |
|    value_loss           | 1.35e+03    |
-----------------------------------------
-----------------------------------------
| time/                   |             |
|    fps                  | 1120        |
|    iterations           | 5           |
|    time_elapsed         | 2           |
|    total_timesteps      | 2560        |
| train/                  |             |
|    approx_kl            | 0.011204362 |
|    clip_fraction        | 0.123       |
|    clip_range           | 0.2         |
|    entropy_loss         | -4.29       |
|    explained_variance   | 1.79e-07    |
|    learning_rate        | 0.0002      |
|    loss                 | 456         |
|    n_updates            | 20          |
|    policy_gradient_loss | -0.0124     |
|    std                  | 1.01        |
|    value_loss           | 972         |
-----------------------------------------
-----------------------------------------
| rollout/                |             |
|    ep_len_mean          | 2.62e+03    |
|    ep_rew_mean          | -5.6e+03    |
| time/                   |             |
|    fps                  | 1070        |
|    iterations           | 6           |
|    time_elapsed         | 2           |
|    total_timesteps      | 3072        |
| train/                  |             |
|    approx_kl            | 0.017425297 |
|    clip_fraction        | 0.262       |
|    clip_range           | 0.2         |
|    entropy_loss         | -4.31       |
|    explained_variance   | 0           |
|    learning_rate        | 0.0002      |
|    loss                 | 146         |
|    n_updates            | 25          |
|    policy_gradient_loss | -0.0313     |
|    std                  | 1.02        |
|    value_loss           | 356         |
-----------------------------------------
-----------------------------------------
| rollout/                |             |
|    ep_len_mean          | 2.62e+03    |
|    ep_rew_mean          | -5.6e+03    |
| time/                   |             |
|    fps                  | 904         |
|    iterations           | 7           |
|    time_elapsed         | 3           |
|    total_timesteps      | 3584        |
| train/                  |             |
|    approx_kl            | 0.015016223 |
|    clip_fraction        | 0.283       |
|    clip_range           | 0.2         |
|    entropy_loss         | -4.34       |
|    explained_variance   | 0           |
|    learning_rate        | 0.0002      |
|    loss                 | 59.3        |
|    n_updates            | 30          |
|    policy_gradient_loss | -0.0242     |
|    std                  | 1.03        |
|    value_loss           | 215         |
-----------------------------------------
-----------------------------------------
| rollout/                |             |
|    ep_len_mean          | 2.62e+03    |
|    ep_rew_mean          | -5.6e+03    |
| time/                   |             |
|    fps                  | 798         |
|    iterations           | 8           |
|    time_elapsed         | 5           |
|    total_timesteps      | 4096        |
| train/                  |             |
|    approx_kl            | 0.022935398 |
|    clip_fraction        | 0.278       |
|    clip_range           | 0.2         |
|    entropy_loss         | -4.36       |
|    explained_variance   | 0           |
|    learning_rate        | 0.0002      |
|    loss                 | 148         |
|    n_updates            | 35          |
|    policy_gradient_loss | -0.0208     |
|    std                  | 1.04        |
|    value_loss           | 333         |
-----------------------------------------
-----------------------------------------
| rollout/                |             |
|    ep_len_mean          | 2.62e+03    |
|    ep_rew_mean          | -5.6e+03    |
| time/                   |             |
|    fps                  | 759         |
|    iterations           | 9           |
|    time_elapsed         | 6           |
|    total_timesteps      | 4608        |
| train/                  |             |
|    approx_kl            | 0.018615205 |
|    clip_fraction        | 0.239       |
|    clip_range           | 0.2         |
|    entropy_loss         | -4.37       |
|    explained_variance   | -1.19e-07   |
|    learning_rate        | 0.0002      |
|    loss                 | 225         |
|    n_updates            | 40          |
|    policy_gradient_loss | -0.0276     |
|    std                  | 1.04        |
|    value_loss           | 574         |
-----------------------------------------
-----------------------------------------
| rollout/                |             |
|    ep_len_mean          | 2.39e+03    |
|    ep_rew_mean          | -2.07e+03   |
| time/                   |             |
|    fps                  | 780         |
|    iterations           | 10          |
|    time_elapsed         | 6           |
|    total_timesteps      | 5120        |
| train/                  |             |
|    approx_kl            | 0.012371933 |
|    clip_fraction        | 0.154       |
|    clip_range           | 0.2         |
|    entropy_loss         | -4.37       |
|    explained_variance   | 1.01e-06    |
|    learning_rate        | 0.0002      |
|    loss                 | 127         |
|    n_updates            | 45          |
|    policy_gradient_loss | -0.0212     |
|    std                  | 1.04        |
|    value_loss           | 793         |
-----------------------------------------
-----------------------------------------
| rollout/                |             |
|    ep_len_mean          | 2.39e+03    |
|    ep_rew_mean          | -2.07e+03   |
| time/                   |             |
|    fps                  | 799         |
|    iterations           | 11          |
|    time_elapsed         | 7           |
|    total_timesteps      | 5632        |
| train/                  |             |
|    approx_kl            | 0.010514285 |
|    clip_fraction        | 0.161       |
|    clip_range           | 0.2         |
|    entropy_loss         | -4.36       |
|    explained_variance   | -0.00011    |
|    learning_rate        | 0.0002      |
|    loss                 | 822         |
|    n_updates            | 50          |
|    policy_gradient_loss | -0.00313    |
|    std                  | 1.04        |
|    value_loss           | 1.18e+03    |
-----------------------------------------
-----------------------------------------
| rollout/                |             |
|    ep_len_mean          | 2.39e+03    |
|    ep_rew_mean          | -2.07e+03   |
| time/                   |             |
|    fps                  | 813         |
|    iterations           | 12          |
|    time_elapsed         | 7           |
|    total_timesteps      | 6144        |
| train/                  |             |
|    approx_kl            | 0.015515467 |
|    clip_fraction        | 0.155       |
|    clip_range           | 0.2         |
|    entropy_loss         | -4.36       |
|    explained_variance   | 5.96e-08    |
|    learning_rate        | 0.0002      |
|    loss                 | 655         |
|    n_updates            | 55          |
|    policy_gradient_loss | -0.0242     |
|    std                  | 1.04        |
|    value_loss           | 1.35e+03    |
-----------------------------------------
-----------------------------------------
| rollout/                |             |
|    ep_len_mean          | 2.39e+03    |
|    ep_rew_mean          | -2.07e+03   |
| time/                   |             |
|    fps                  | 787         |
|    iterations           | 13          |
|    time_elapsed         | 8           |
|    total_timesteps      | 6656        |
| train/                  |             |
|    approx_kl            | 0.008758343 |
|    clip_fraction        | 0.0766      |
|    clip_range           | 0.2         |
|    entropy_loss         | -4.36       |
|    explained_variance   | 1.19e-07    |
|    learning_rate        | 0.0002      |
|    loss                 | 715         |
|    n_updates            | 60          |
|    policy_gradient_loss | -0.0114     |
|    std                  | 1.04        |
|    value_loss           | 1.41e+03    |
-----------------------------------------
------------------------------------------
| rollout/                |              |
|    ep_len_mean          | 2.39e+03     |
|    ep_rew_mean          | -2.07e+03    |
| time/                   |              |
|    fps                  | 800          |
|    iterations           | 14           |
|    time_elapsed         | 8            |
|    total_timesteps      | 7168         |
| train/                  |              |
|    approx_kl            | 0.0071602417 |
|    clip_fraction        | 0.0426       |
|    clip_range           | 0.2          |
|    entropy_loss         | -4.36        |
|    explained_variance   | -1.19e-07    |
|    learning_rate        | 0.0002       |
|    loss                 | 1.17e+03     |
|    n_updates            | 65           |
|    policy_gradient_loss | -0.00661     |
|    std                  | 1.04         |
|    value_loss           | 1.6e+03      |
------------------------------------------
-----------------------------------------
| rollout/                |             |
|    ep_len_mean          | 2.39e+03    |
|    ep_rew_mean          | -2.07e+03   |
| time/                   |             |
|    fps                  | 812         |
|    iterations           | 15          |
|    time_elapsed         | 9           |
|    total_timesteps      | 7680        |
| train/                  |             |
|    approx_kl            | 0.006225194 |
|    clip_fraction        | 0.0457      |
|    clip_range           | 0.2         |
|    entropy_loss         | -4.36       |
|    explained_variance   | 0           |
|    learning_rate        | 0.0002      |
|    loss                 | 1.13e+03    |
|    n_updates            | 70          |
|    policy_gradient_loss | -0.00623    |
|    std                  | 1.03        |
|    value_loss           | 2.05e+03    |
-----------------------------------------
-----------------------------------------
| rollout/                |             |
|    ep_len_mean          | 2.6e+03     |
|    ep_rew_mean          | 1.02e+03    |
| time/                   |             |
|    fps                  | 819         |
|    iterations           | 16          |
|    time_elapsed         | 9           |
|    total_timesteps      | 8192        |
| train/                  |             |
|    approx_kl            | 0.006401695 |
|    clip_fraction        | 0.0297      |
|    clip_range           | 0.2         |
|    entropy_loss         | -4.35       |
|    explained_variance   | 5.96e-08    |
|    learning_rate        | 0.0002      |
|    loss                 | 1.86e+03    |
|    n_updates            | 75          |
|    policy_gradient_loss | -0.00559    |
|    std                  | 1.03        |
|    value_loss           | 3.03e+03    |
-----------------------------------------
-----------------------------------------
| rollout/                |             |
|    ep_len_mean          | 2.6e+03     |
|    ep_rew_mean          | 1.02e+03    |
| time/                   |             |
|    fps                  | 783         |
|    iterations           | 17          |
|    time_elapsed         | 11          |
|    total_timesteps      | 8704        |
| train/                  |             |
|    approx_kl            | 0.006979624 |
|    clip_fraction        | 0.0504      |
|    clip_range           | 0.2         |
|    entropy_loss         | -4.35       |
|    explained_variance   | 1.19e-07    |
|    learning_rate        | 0.0002      |
|    loss                 | 1.93e+03    |
|    n_updates            | 80          |
|    policy_gradient_loss | -0.00685    |
|    std                  | 1.03        |
|    value_loss           | 4.47e+03    |
-----------------------------------------
-----------------------------------------
| rollout/                |             |
|    ep_len_mean          | 2.6e+03     |
|    ep_rew_mean          | 1.02e+03    |
| time/                   |             |
|    fps                  | 740         |
|    iterations           | 18          |
|    time_elapsed         | 12          |
|    total_timesteps      | 9216        |
| train/                  |             |
|    approx_kl            | 0.005173357 |
|    clip_fraction        | 0.0152      |
|    clip_range           | 0.2         |
|    entropy_loss         | -4.36       |
|    explained_variance   | 1.79e-07    |
|    learning_rate        | 0.0002      |
|    loss                 | 2.21e+03    |
|    n_updates            | 85          |
|    policy_gradient_loss | -0.00399    |
|    std                  | 1.03        |
|    value_loss           | 3.98e+03    |
-----------------------------------------
------------------------------------------
| rollout/                |              |
|    ep_len_mean          | 2.33e+03     |
|    ep_rew_mean          | 2.08e+03     |
| time/                   |              |
|    fps                  | 726          |
|    iterations           | 19           |
|    time_elapsed         | 13           |
|    total_timesteps      | 9728         |
| train/                  |              |
|    approx_kl            | 0.0029412508 |
|    clip_fraction        | 0.00156      |
|    clip_range           | 0.2          |
|    entropy_loss         | -4.35        |
|    explained_variance   | 1.19e-07     |
|    learning_rate        | 0.0002       |
|    loss                 | 1.61e+03     |
|    n_updates            | 90           |
|    policy_gradient_loss | -0.00096     |
|    std                  | 1.03         |
|    value_loss           | 3e+03        |
------------------------------------------
-----------------------------------------
| rollout/                |             |
|    ep_len_mean          | 2.33e+03    |
|    ep_rew_mean          | 2.08e+03    |
| time/                   |             |
|    fps                  | 735         |
|    iterations           | 20          |
|    time_elapsed         | 13          |
|    total_timesteps      | 10240       |
| train/                  |             |
|    approx_kl            | 0.006826513 |
|    clip_fraction        | 0.0332      |
|    clip_range           | 0.2         |
|    entropy_loss         | -4.35       |
|    explained_variance   | 0           |
|    learning_rate        | 0.0002      |
|    loss                 | 2.49e+03    |
|    n_updates            | 95          |
|    policy_gradient_loss | -0.00381    |
|    std                  | 1.03        |
|    value_loss           | 5.04e+03    |
-----------------------------------------
------------------------------------------
| rollout/                |              |
|    ep_len_mean          | 2.33e+03     |
|    ep_rew_mean          | 2.08e+03     |
| time/                   |              |
|    fps                  | 744          |
|    iterations           | 21           |
|    time_elapsed         | 14           |
|    total_timesteps      | 10752        |
| train/                  |              |
|    approx_kl            | 0.0078020305 |
|    clip_fraction        | 0.0602       |
|    clip_range           | 0.2          |
|    entropy_loss         | -4.35        |
|    explained_variance   | 0            |
|    learning_rate        | 0.0002       |
|    loss                 | 2.34e+03     |
|    n_updates            | 100          |
|    policy_gradient_loss | -0.00737     |
|    std                  | 1.03         |
|    value_loss           | 4.34e+03     |
------------------------------------------
-----------------------------------------
| rollout/                |             |
|    ep_len_mean          | 2.33e+03    |
|    ep_rew_mean          | 2.08e+03    |
| time/                   |             |
|    fps                  | 751         |
|    iterations           | 22          |
|    time_elapsed         | 14          |
|    total_timesteps      | 11264       |
| train/                  |             |
|    approx_kl            | 0.004277621 |
|    clip_fraction        | 0.0148      |
|    clip_range           | 0.2         |
|    entropy_loss         | -4.35       |
|    explained_variance   | 0           |
|    learning_rate        | 0.0002      |
|    loss                 | 2.95e+03    |
|    n_updates            | 105         |
|    policy_gradient_loss | -0.0031     |
|    std                  | 1.03        |
|    value_loss           | 4.98e+03    |
-----------------------------------------
------------------------------------------
| rollout/                |              |
|    ep_len_mean          | 2.33e+03     |
|    ep_rew_mean          | 2.08e+03     |
| time/                   |              |
|    fps                  | 759          |
|    iterations           | 23           |
|    time_elapsed         | 15           |
|    total_timesteps      | 11776        |
| train/                  |              |
|    approx_kl            | 0.0046398584 |
|    clip_fraction        | 0.0137       |
|    clip_range           | 0.2          |
|    entropy_loss         | -4.35        |
|    explained_variance   | -1.19e-07    |
|    learning_rate        | 0.0002       |
|    loss                 | 1.25e+03     |
|    n_updates            | 110          |
|    policy_gradient_loss | -0.00272     |
|    std                  | 1.03         |
|    value_loss           | 4.74e+03     |
------------------------------------------
------------------------------------------
| rollout/                |              |
|    ep_len_mean          | 2.33e+03     |
|    ep_rew_mean          | 2.08e+03     |
| time/                   |              |
|    fps                  | 741          |
|    iterations           | 24           |
|    time_elapsed         | 16           |
|    total_timesteps      | 12288        |
| train/                  |              |
|    approx_kl            | 0.0063981595 |
|    clip_fraction        | 0.0516       |
|    clip_range           | 0.2          |
|    entropy_loss         | -4.35        |
|    explained_variance   | -1.19e-07    |
|    learning_rate        | 0.0002       |
|    loss                 | 3.84e+03     |
|    n_updates            | 115          |
|    policy_gradient_loss | -0.00733     |
|    std                  | 1.03         |
|    value_loss           | 5.56e+03     |
------------------------------------------
------------------------------------------
| rollout/                |              |
|    ep_len_mean          | 2.52e+03     |
|    ep_rew_mean          | 4.21e+03     |
| time/                   |              |
|    fps                  | 750          |
|    iterations           | 25           |
|    time_elapsed         | 17           |
|    total_timesteps      | 12800        |
| train/                  |              |
|    approx_kl            | 0.0047793477 |
|    clip_fraction        | 0.0297       |
|    clip_range           | 0.2          |
|    entropy_loss         | -4.35        |
|    explained_variance   | -1.19e-07    |
|    learning_rate        | 0.0002       |
|    loss                 | 2.38e+03     |
|    n_updates            | 120          |
|    policy_gradient_loss | -0.00364     |
|    std                  | 1.03         |
|    value_loss           | 3.81e+03     |
------------------------------------------
------------------------------------------
| rollout/                |              |
|    ep_len_mean          | 2.52e+03     |
|    ep_rew_mean          | 4.21e+03     |
| time/                   |              |
|    fps                  | 758          |
|    iterations           | 26           |
|    time_elapsed         | 17           |
|    total_timesteps      | 13312        |
| train/                  |              |
|    approx_kl            | 0.0042998865 |
|    clip_fraction        | 0.0117       |
|    clip_range           | 0.2          |
|    entropy_loss         | -4.35        |
|    explained_variance   | 0            |
|    learning_rate        | 0.0002       |
|    loss                 | 3.69e+03     |
|    n_updates            | 125          |
|    policy_gradient_loss | -0.00215     |
|    std                  | 1.03         |
|    value_loss           | 5.77e+03     |
------------------------------------------
-----------------------------------------
| rollout/                |             |
|    ep_len_mean          | 2.52e+03    |
|    ep_rew_mean          | 4.21e+03    |
| time/                   |             |
|    fps                  | 765         |
|    iterations           | 27          |
|    time_elapsed         | 18          |
|    total_timesteps      | 13824       |
| train/                  |             |
|    approx_kl            | 0.008669857 |
|    clip_fraction        | 0.0379      |
|    clip_range           | 0.2         |
|    entropy_loss         | -4.35       |
|    explained_variance   | 1.19e-07    |
|    learning_rate        | 0.0002      |
|    loss                 | 2.48e+03    |
|    n_updates            | 130         |
|    policy_gradient_loss | -0.00427    |
|    std                  | 1.03        |
|    value_loss           | 5.33e+03    |
-----------------------------------------
-----------------------------------------
| rollout/                |             |
|    ep_len_mean          | 2.52e+03    |
|    ep_rew_mean          | 4.21e+03    |
| time/                   |             |
|    fps                  | 773         |
|    iterations           | 28          |
|    time_elapsed         | 18          |
|    total_timesteps      | 14336       |
| train/                  |             |
|    approx_kl            | 0.007376738 |
|    clip_fraction        | 0.0484      |
|    clip_range           | 0.2         |
|    entropy_loss         | -4.35       |
|    explained_variance   | 0           |
|    learning_rate        | 0.0002      |
|    loss                 | 2.56e+03    |
|    n_updates            | 135         |
|    policy_gradient_loss | -0.00406    |
|    std                  | 1.03        |
|    value_loss           | 5.46e+03    |
-----------------------------------------
------------------------------------------
| rollout/                |              |
|    ep_len_mean          | 2.52e+03     |
|    ep_rew_mean          | 4.21e+03     |
| time/                   |              |
|    fps                  | 779          |
|    iterations           | 29           |
|    time_elapsed         | 19           |
|    total_timesteps      | 14848        |
| train/                  |              |
|    approx_kl            | 0.0074783256 |
|    clip_fraction        | 0.0387       |
|    clip_range           | 0.2          |
|    entropy_loss         | -4.35        |
|    explained_variance   | 0            |
|    learning_rate        | 0.0002       |
|    loss                 | 3.01e+03     |
|    n_updates            | 140          |
|    policy_gradient_loss | -0.00415     |
|    std                  | 1.03         |
|    value_loss           | 5.84e+03     |
------------------------------------------
-----------------------------------------
| rollout/                |             |
|    ep_len_mean          | 2.48e+03    |
|    ep_rew_mean          | 5.12e+03    |
| time/                   |             |
|    fps                  | 786         |
|    iterations           | 30          |
|    time_elapsed         | 19          |
|    total_timesteps      | 15360       |
| train/                  |             |
|    approx_kl            | 0.007458537 |
|    clip_fraction        | 0.0727      |
|    clip_range           | 0.2         |
|    entropy_loss         | -4.35       |
|    explained_variance   | -1.19e-07   |
|    learning_rate        | 0.0002      |
|    loss                 | 3.46e+03    |
|    n_updates            | 145         |
|    policy_gradient_loss | -0.00564    |
|    std                  | 1.03        |
|    value_loss           | 3.93e+03    |
-----------------------------------------
----------------------------------------
| rollout/                |            |
|    ep_len_mean          | 2.48e+03   |
|    ep_rew_mean          | 5.12e+03   |
| time/                   |            |
|    fps                  | 793        |
|    iterations           | 31         |
|    time_elapsed         | 20         |
|    total_timesteps      | 15872      |
| train/                  |            |
|    approx_kl            | 0.00991346 |
|    clip_fraction        | 0.0914     |
|    clip_range           | 0.2        |
|    entropy_loss         | -4.35      |
|    explained_variance   | 0          |
|    learning_rate        | 0.0002     |
|    loss                 | 2.87e+03   |
|    n_updates            | 150        |
|    policy_gradient_loss | -0.00841   |
|    std                  | 1.03       |
|    value_loss           | 7.93e+03   |
----------------------------------------
-----------------------------------------
| rollout/                |             |
|    ep_len_mean          | 2.48e+03    |
|    ep_rew_mean          | 5.12e+03    |
| time/                   |             |
|    fps                  | 799         |
|    iterations           | 32          |
|    time_elapsed         | 20          |
|    total_timesteps      | 16384       |
| train/                  |             |
|    approx_kl            | 0.005297743 |
|    clip_fraction        | 0.0312      |
|    clip_range           | 0.2         |
|    entropy_loss         | -4.34       |
|    explained_variance   | 0           |
|    learning_rate        | 0.0002      |
|    loss                 | 1.82e+03    |
|    n_updates            | 155         |
|    policy_gradient_loss | -0.00102    |
|    std                  | 1.03        |
|    value_loss           | 3.74e+03    |
-----------------------------------------
------------------------------------------
| rollout/                |              |
|    ep_len_mean          | 2.48e+03     |
|    ep_rew_mean          | 5.12e+03     |
| time/                   |              |
|    fps                  | 805          |
|    iterations           | 33           |
|    time_elapsed         | 20           |
|    total_timesteps      | 16896        |
| train/                  |              |
|    approx_kl            | 0.0069334647 |
|    clip_fraction        | 0.048        |
|    clip_range           | 0.2          |
|    entropy_loss         | -4.34        |
|    explained_variance   | 0            |
|    learning_rate        | 0.0002       |
|    loss                 | 2.32e+03     |
|    n_updates            | 160          |
|    policy_gradient_loss | -0.00348     |
|    std                  | 1.03         |
|    value_loss           | 4.73e+03     |
------------------------------------------
------------------------------------------
| rollout/                |              |
|    ep_len_mean          | 2.48e+03     |
|    ep_rew_mean          | 5.12e+03     |
| time/                   |              |
|    fps                  | 810          |
|    iterations           | 34           |
|    time_elapsed         | 21           |
|    total_timesteps      | 17408        |
| train/                  |              |
|    approx_kl            | 0.0031038814 |
|    clip_fraction        | 0.00234      |
|    clip_range           | 0.2          |
|    entropy_loss         | -4.34        |
|    explained_variance   | -1.19e-07    |
|    learning_rate        | 0.0002       |
|    loss                 | 1.83e+03     |
|    n_updates            | 165          |
|    policy_gradient_loss | 0.000696     |
|    std                  | 1.03         |
|    value_loss           | 3.73e+03     |
------------------------------------------
------------------------------------------
| rollout/                |              |
|    ep_len_mean          | 2.48e+03     |
|    ep_rew_mean          | 5.12e+03     |
| time/                   |              |
|    fps                  | 814          |
|    iterations           | 35           |
|    time_elapsed         | 21           |
|    total_timesteps      | 17920        |
| train/                  |              |
|    approx_kl            | 0.0026962664 |
|    clip_fraction        | 0.018        |
|    clip_range           | 0.2          |
|    entropy_loss         | -4.33        |
|    explained_variance   | -1.19e-07    |
|    learning_rate        | 0.0002       |
|    loss                 | 2.14e+03     |
|    n_updates            | 170          |
|    policy_gradient_loss | -0.000965    |
|    std                  | 1.03         |
|    value_loss           | 4.03e+03     |
------------------------------------------
-----------------------------------------
| rollout/                |             |
|    ep_len_mean          | 2.48e+03    |
|    ep_rew_mean          | 5.12e+03    |
| time/                   |             |
|    fps                  | 819         |
|    iterations           | 36          |
|    time_elapsed         | 22          |
|    total_timesteps      | 18432       |
| train/                  |             |
|    approx_kl            | 0.005186684 |
|    clip_fraction        | 0.0715      |
|    clip_range           | 0.2         |
|    entropy_loss         | -4.33       |
|    explained_variance   | 5.96e-08    |
|    learning_rate        | 0.0002      |
|    loss                 | 1.46e+03    |
|    n_updates            | 175         |
|    policy_gradient_loss | -0.0039     |
|    std                  | 1.03        |
|    value_loss           | 3.56e+03    |
-----------------------------------------
-----------------------------------------
| rollout/                |             |
|    ep_len_mean          | 2.64e+03    |
|    ep_rew_mean          | 6.34e+03    |
| time/                   |             |
|    fps                  | 824         |
|    iterations           | 37          |
|    time_elapsed         | 22          |
|    total_timesteps      | 18944       |
| train/                  |             |
|    approx_kl            | 0.007943932 |
|    clip_fraction        | 0.116       |
|    clip_range           | 0.2         |
|    entropy_loss         | -4.33       |
|    explained_variance   | 0           |
|    learning_rate        | 0.0002      |
|    loss                 | 2.07e+03    |
|    n_updates            | 180         |
|    policy_gradient_loss | -0.0126     |
|    std                  | 1.02        |
|    value_loss           | 3.6e+03     |
-----------------------------------------
-----------------------------------------
| rollout/                |             |
|    ep_len_mean          | 2.64e+03    |
|    ep_rew_mean          | 6.34e+03    |
| time/                   |             |
|    fps                  | 828         |
|    iterations           | 38          |
|    time_elapsed         | 23          |
|    total_timesteps      | 19456       |
| train/                  |             |
|    approx_kl            | 0.007886092 |
|    clip_fraction        | 0.0574      |
|    clip_range           | 0.2         |
|    entropy_loss         | -4.33       |
|    explained_variance   | 1.19e-07    |
|    learning_rate        | 0.0002      |
|    loss                 | 3.49e+03    |
|    n_updates            | 185         |
|    policy_gradient_loss | -0.00325    |
|    std                  | 1.03        |
|    value_loss           | 7.46e+03    |
-----------------------------------------
----------------------------------------
| rollout/                |            |
|    ep_len_mean          | 2.64e+03   |
|    ep_rew_mean          | 6.34e+03   |
| time/                   |            |
|    fps                  | 833        |
|    iterations           | 39         |
|    time_elapsed         | 23         |
|    total_timesteps      | 19968      |
| train/                  |            |
|    approx_kl            | 0.00736867 |
|    clip_fraction        | 0.121      |
|    clip_range           | 0.2        |
|    entropy_loss         | -4.33      |
|    explained_variance   | 5.96e-08   |
|    learning_rate        | 0.0002     |
|    loss                 | 2.5e+03    |
|    n_updates            | 190        |
|    policy_gradient_loss | -0.00138   |
|    std                  | 1.02       |
|    value_loss           | 4.62e+03   |
----------------------------------------
-----------------------------------------
| rollout/                |             |
|    ep_len_mean          | 2.64e+03    |
|    ep_rew_mean          | 6.34e+03    |
| time/                   |             |
|    fps                  | 837         |
|    iterations           | 40          |
|    time_elapsed         | 24          |
|    total_timesteps      | 20480       |
| train/                  |             |
|    approx_kl            | 0.008798892 |
|    clip_fraction        | 0.0855      |
|    clip_range           | 0.2         |
|    entropy_loss         | -4.32       |
|    explained_variance   | 5.96e-08    |
|    learning_rate        | 0.0002      |
|    loss                 | 2.01e+03    |
|    n_updates            | 195         |
|    policy_gradient_loss | -0.00489    |
|    std                  | 1.02        |
|    value_loss           | 4.71e+03    |
-----------------------------------------
-----------------------------------------
| rollout/                |             |
|    ep_len_mean          | 2.64e+03    |
|    ep_rew_mean          | 6.34e+03    |
| time/                   |             |
|    fps                  | 824         |
|    iterations           | 41          |
|    time_elapsed         | 25          |
|    total_timesteps      | 20992       |
| train/                  |             |
|    approx_kl            | 0.007392821 |
|    clip_fraction        | 0.131       |
|    clip_range           | 0.2         |
|    entropy_loss         | -4.32       |
|    explained_variance   | 5.96e-08    |
|    learning_rate        | 0.0002      |
|    loss                 | 1.97e+03    |
|    n_updates            | 200         |
|    policy_gradient_loss | 0.000239    |
|    std                  | 1.02        |
|    value_loss           | 4.23e+03    |
-----------------------------------------
-----------------------------------------
| rollout/                |             |
|    ep_len_mean          | 2.64e+03    |
|    ep_rew_mean          | 6.34e+03    |
| time/                   |             |
|    fps                  | 828         |
|    iterations           | 42          |
|    time_elapsed         | 25          |
|    total_timesteps      | 21504       |
| train/                  |             |
|    approx_kl            | 0.009511301 |
|    clip_fraction        | 0.0973      |
|    clip_range           | 0.2         |
|    entropy_loss         | -4.31       |
|    explained_variance   | 0           |
|    learning_rate        | 0.0002      |
|    loss                 | 2.28e+03    |
|    n_updates            | 205         |
|    policy_gradient_loss | -0.00965    |
|    std                  | 1.02        |
|    value_loss           | 3.69e+03    |
-----------------------------------------
------------------------------------------
| rollout/                |              |
|    ep_len_mean          | 2.7e+03      |
|    ep_rew_mean          | 7.13e+03     |
| time/                   |              |
|    fps                  | 832          |
|    iterations           | 43           |
|    time_elapsed         | 26           |
|    total_timesteps      | 22016        |
| train/                  |              |
|    approx_kl            | 0.0038524396 |
|    clip_fraction        | 0.0125       |
|    clip_range           | 0.2          |
|    entropy_loss         | -4.31        |
|    explained_variance   | 0            |
|    learning_rate        | 0.0002       |
|    loss                 | 2.19e+03     |
|    n_updates            | 210          |
|    policy_gradient_loss | -0.000531    |
|    std                  | 1.02         |
|    value_loss           | 3.91e+03     |
------------------------------------------
-----------------------------------------
| rollout/                |             |
|    ep_len_mean          | 2.7e+03     |
|    ep_rew_mean          | 7.13e+03    |
| time/                   |             |
|    fps                  | 836         |
|    iterations           | 44          |
|    time_elapsed         | 26          |
|    total_timesteps      | 22528       |
| train/                  |             |
|    approx_kl            | 0.005486994 |
|    clip_fraction        | 0.0348      |
|    clip_range           | 0.2         |
|    entropy_loss         | -4.3        |
|    explained_variance   | 0           |
|    learning_rate        | 0.0002      |
|    loss                 | 4.67e+03    |
|    n_updates            | 215         |
|    policy_gradient_loss | -0.0044     |
|    std                  | 1.01        |
|    value_loss           | 8.38e+03    |
-----------------------------------------
-----------------------------------------
| rollout/                |             |
|    ep_len_mean          | 2.7e+03     |
|    ep_rew_mean          | 7.13e+03    |
| time/                   |             |
|    fps                  | 840         |
|    iterations           | 45          |
|    time_elapsed         | 27          |
|    total_timesteps      | 23040       |
| train/                  |             |
|    approx_kl            | 0.006215259 |
|    clip_fraction        | 0.0371      |
|    clip_range           | 0.2         |
|    entropy_loss         | -4.3        |
|    explained_variance   | 0           |
|    learning_rate        | 0.0002      |
|    loss                 | 2.14e+03    |
|    n_updates            | 220         |
|    policy_gradient_loss | -0.00513    |
|    std                  | 1.01        |
|    value_loss           | 5.22e+03    |
-----------------------------------------
------------------------------------------
| rollout/                |              |
|    ep_len_mean          | 2.7e+03      |
|    ep_rew_mean          | 7.13e+03     |
| time/                   |              |
|    fps                  | 843          |
|    iterations           | 46           |
|    time_elapsed         | 27           |
|    total_timesteps      | 23552        |
| train/                  |              |
|    approx_kl            | 0.0036203265 |
|    clip_fraction        | 0.0152       |
|    clip_range           | 0.2          |
|    entropy_loss         | -4.3         |
|    explained_variance   | 0            |
|    learning_rate        | 0.0002       |
|    loss                 | 2.22e+03     |
|    n_updates            | 225          |
|    policy_gradient_loss | 0.00101      |
|    std                  | 1.02         |
|    value_loss           | 4.28e+03     |
------------------------------------------
-----------------------------------------
| rollout/                |             |
|    ep_len_mean          | 2.7e+03     |
|    ep_rew_mean          | 7.13e+03    |
| time/                   |             |
|    fps                  | 847         |
|    iterations           | 47          |
|    time_elapsed         | 28          |
|    total_timesteps      | 24064       |
| train/                  |             |
|    approx_kl            | 0.008796779 |
|    clip_fraction        | 0.0727      |
|    clip_range           | 0.2         |
|    entropy_loss         | -4.3        |
|    explained_variance   | -1.19e-07   |
|    learning_rate        | 0.0002      |
|    loss                 | 2.6e+03     |
|    n_updates            | 230         |
|    policy_gradient_loss | -0.00614    |
|    std                  | 1.01        |
|    value_loss           | 6.82e+03    |
-----------------------------------------
-----------------------------------------
| rollout/                |             |
|    ep_len_mean          | 2.73e+03    |
|    ep_rew_mean          | 7.77e+03    |
| time/                   |             |
|    fps                  | 850         |
|    iterations           | 48          |
|    time_elapsed         | 28          |
|    total_timesteps      | 24576       |
| train/                  |             |
|    approx_kl            | 0.006028942 |
|    clip_fraction        | 0.0688      |
|    clip_range           | 0.2         |
|    entropy_loss         | -4.3        |
|    explained_variance   | 0           |
|    learning_rate        | 0.0002      |
|    loss                 | 3.29e+03    |
|    n_updates            | 235         |
|    policy_gradient_loss | -0.00482    |
|    std                  | 1.01        |
|    value_loss           | 5.4e+03     |
-----------------------------------------
Eval num_timesteps=25000, episode_reward=21167.53 +/- 0.00
Episode length: 4031.00 +/- 0.00
-----------------------------------------
| eval/                   |             |
|    mean_ep_length       | 4.03e+03    |
|    mean_reward          | 2.12e+04    |
| time/                   |             |
|    total_timesteps      | 25000       |
| train/                  |             |
|    approx_kl            | 0.010316447 |
|    clip_fraction        | 0.106       |
|    clip_range           | 0.2         |
|    entropy_loss         | -4.29       |
|    explained_variance   | 0           |
|    learning_rate        | 0.0002      |
|    loss                 | 1.29e+03    |
|    n_updates            | 240         |
|    policy_gradient_loss | -0.00597    |
|    std                  | 1.01        |
|    value_loss           | 4.44e+03    |
-----------------------------------------
New best mean reward!
---------------------------------
| rollout/           |          |
|    ep_len_mean     | 2.73e+03 |
|    ep_rew_mean     | 7.77e+03 |
| time/              |          |
|    fps             | 823      |
|    iterations      | 49       |
|    time_elapsed    | 30       |
|    total_timesteps | 25088    |
---------------------------------
------------------------------------------
| rollout/                |              |
|    ep_len_mean          | 2.73e+03     |
|    ep_rew_mean          | 7.77e+03     |
| time/                   |              |
|    fps                  | 815          |
|    iterations           | 50           |
|    time_elapsed         | 31           |
|    total_timesteps      | 25600        |
| train/                  |              |
|    approx_kl            | 0.0026189394 |
|    clip_fraction        | 0.05         |
|    clip_range           | 0.2          |
|    entropy_loss         | -4.28        |
|    explained_variance   | 0            |
|    learning_rate        | 0.0002       |
|    loss                 | 1.61e+03     |
|    n_updates            | 245          |
|    policy_gradient_loss | -0.00405     |
|    std                  | 1.01         |
|    value_loss           | 6.98e+03     |
------------------------------------------
------------------------------------------
| rollout/                |              |
|    ep_len_mean          | 2.73e+03     |
|    ep_rew_mean          | 7.77e+03     |
| time/                   |              |
|    fps                  | 808          |
|    iterations           | 51           |
|    time_elapsed         | 32           |
|    total_timesteps      | 26112        |
| train/                  |              |
|    approx_kl            | 0.0022647455 |
|    clip_fraction        | 0.0109       |
|    clip_range           | 0.2          |
|    entropy_loss         | -4.27        |
|    explained_variance   | 0            |
|    learning_rate        | 0.0002       |
|    loss                 | 3.58e+03     |
|    n_updates            | 250          |
|    policy_gradient_loss | -0.000108    |
|    std                  | 1            |
|    value_loss           | 5.17e+03     |
------------------------------------------
------------------------------------------
| rollout/                |              |
|    ep_len_mean          | 2.73e+03     |
|    ep_rew_mean          | 7.77e+03     |
| time/                   |              |
|    fps                  | 811          |
|    iterations           | 52           |
|    time_elapsed         | 32           |
|    total_timesteps      | 26624        |
| train/                  |              |
|    approx_kl            | 0.0061447336 |
|    clip_fraction        | 0.027        |
|    clip_range           | 0.2          |
|    entropy_loss         | -4.26        |
|    explained_variance   | 0            |
|    learning_rate        | 0.0002       |
|    loss                 | 2.19e+03     |
|    n_updates            | 255          |
|    policy_gradient_loss | -0.00171     |
|    std                  | 1            |
|    value_loss           | 4.33e+03     |
------------------------------------------
-----------------------------------------
| rollout/                |             |
|    ep_len_mean          | 2.73e+03    |
|    ep_rew_mean          | 7.77e+03    |
| time/                   |             |
|    fps                  | 814         |
|    iterations           | 53          |
|    time_elapsed         | 33          |
|    total_timesteps      | 27136       |
| train/                  |             |
|    approx_kl            | 0.005865668 |
|    clip_fraction        | 0.032       |
|    clip_range           | 0.2         |
|    entropy_loss         | -4.25       |
|    explained_variance   | 0           |
|    learning_rate        | 0.0002      |
|    loss                 | 2.72e+03    |
|    n_updates            | 260         |
|    policy_gradient_loss | -0.00195    |
|    std                  | 0.998       |
|    value_loss           | 3.99e+03    |
-----------------------------------------
------------------------------------------
| rollout/                |              |
|    ep_len_mean          | 2.73e+03     |
|    ep_rew_mean          | 7.77e+03     |
| time/                   |              |
|    fps                  | 816          |
|    iterations           | 54           |
|    time_elapsed         | 33           |
|    total_timesteps      | 27648        |
| train/                  |              |
|    approx_kl            | 0.0064943233 |
|    clip_fraction        | 0.0887       |
|    clip_range           | 0.2          |
|    entropy_loss         | -4.25        |
|    explained_variance   | -1.19e-07    |
|    learning_rate        | 0.0002       |
|    loss                 | 2.76e+03     |
|    n_updates            | 265          |
|    policy_gradient_loss | -0.00917     |
|    std                  | 0.998        |
|    value_loss           | 4.89e+03     |
------------------------------------------
------------------------------------------
| rollout/                |              |
|    ep_len_mean          | 2.81e+03     |
|    ep_rew_mean          | 8.53e+03     |
| time/                   |              |
|    fps                  | 819          |
|    iterations           | 55           |
|    time_elapsed         | 34           |
|    total_timesteps      | 28160        |
| train/                  |              |
|    approx_kl            | 0.0036620547 |
|    clip_fraction        | 0.0223       |
|    clip_range           | 0.2          |
|    entropy_loss         | -4.24        |
|    explained_variance   | 0            |
|    learning_rate        | 0.0002       |
|    loss                 | 3.16e+03     |
|    n_updates            | 270          |
|    policy_gradient_loss | -0.00171     |
|    std                  | 0.993        |
|    value_loss           | 4.8e+03      |
------------------------------------------
------------------------------------------
| rollout/                |              |
|    ep_len_mean          | 2.81e+03     |
|    ep_rew_mean          | 8.53e+03     |
| time/                   |              |
|    fps                  | 822          |
|    iterations           | 56           |
|    time_elapsed         | 34           |
|    total_timesteps      | 28672        |
| train/                  |              |
|    approx_kl            | 0.0068145758 |
|    clip_fraction        | 0.048        |
|    clip_range           | 0.2          |
|    entropy_loss         | -4.23        |
|    explained_variance   | 0            |
|    learning_rate        | 0.0002       |
|    loss                 | 2.77e+03     |
|    n_updates            | 275          |
|    policy_gradient_loss | -0.00178     |
|    std                  | 0.992        |
|    value_loss           | 4.24e+03     |
------------------------------------------
-----------------------------------------
| rollout/                |             |
|    ep_len_mean          | 2.81e+03    |
|    ep_rew_mean          | 8.53e+03    |
| time/                   |             |
|    fps                  | 825         |
|    iterations           | 57          |
|    time_elapsed         | 35          |
|    total_timesteps      | 29184       |
| train/                  |             |
|    approx_kl            | 0.007010051 |
|    clip_fraction        | 0.0566      |
|    clip_range           | 0.2         |
|    entropy_loss         | -4.23       |
|    explained_variance   | 0           |
|    learning_rate        | 0.0002      |
|    loss                 | 4.37e+03    |
|    n_updates            | 280         |
|    policy_gradient_loss | -0.00263    |
|    std                  | 0.993       |
|    value_loss           | 8.3e+03     |
-----------------------------------------
-----------------------------------------
| rollout/                |             |
|    ep_len_mean          | 2.66e+03    |
|    ep_rew_mean          | 8.26e+03    |
| time/                   |             |
|    fps                  | 828         |
|    iterations           | 58          |
|    time_elapsed         | 35          |
|    total_timesteps      | 29696       |
| train/                  |             |
|    approx_kl            | 0.017749159 |
|    clip_fraction        | 0.0863      |
|    clip_range           | 0.2         |
|    entropy_loss         | -4.23       |
|    explained_variance   | -1.19e-07   |
|    learning_rate        | 0.0002      |
|    loss                 | 3.28e+03    |
|    n_updates            | 285         |
|    policy_gradient_loss | -0.0009     |
|    std                  | 0.989       |
|    value_loss           | 6.14e+03    |
-----------------------------------------
------------------------------------------
| rollout/                |              |
|    ep_len_mean          | 2.66e+03     |
|    ep_rew_mean          | 8.26e+03     |
| time/                   |              |
|    fps                  | 831          |
|    iterations           | 59           |
|    time_elapsed         | 36           |
|    total_timesteps      | 30208        |
| train/                  |              |
|    approx_kl            | 0.0063616424 |
|    clip_fraction        | 0.0484       |
|    clip_range           | 0.2          |
|    entropy_loss         | -4.21        |
|    explained_variance   | 5.96e-08     |
|    learning_rate        | 0.0002       |
|    loss                 | 2.67e+03     |
|    n_updates            | 290          |
|    policy_gradient_loss | -0.00159     |
|    std                  | 0.986        |
|    value_loss           | 8.67e+03     |
------------------------------------------
----------------------------------------
| rollout/                |            |
|    ep_len_mean          | 2.66e+03   |
|    ep_rew_mean          | 8.26e+03   |
| time/                   |            |
|    fps                  | 833        |
|    iterations           | 60         |
|    time_elapsed         | 36         |
|    total_timesteps      | 30720      |
| train/                  |            |
|    approx_kl            | 0.00763811 |
|    clip_fraction        | 0.0582     |
|    clip_range           | 0.2        |
|    entropy_loss         | -4.21      |
|    explained_variance   | 5.96e-08   |
|    learning_rate        | 0.0002     |
|    loss                 | 3.26e+03   |
|    n_updates            | 295        |
|    policy_gradient_loss | -0.00256   |
|    std                  | 0.985      |
|    value_loss           | 6.98e+03   |
----------------------------------------
------------------------------------------
| rollout/                |              |
|    ep_len_mean          | 2.59e+03     |
|    ep_rew_mean          | 8.32e+03     |
| time/                   |              |
|    fps                  | 834          |
|    iterations           | 61           |
|    time_elapsed         | 37           |
|    total_timesteps      | 31232        |
| train/                  |              |
|    approx_kl            | 0.0050551677 |
|    clip_fraction        | 0.0457       |
|    clip_range           | 0.2          |
|    entropy_loss         | -4.21        |
|    explained_variance   | 5.96e-08     |
|    learning_rate        | 0.0002       |
|    loss                 | 2.74e+03     |
|    n_updates            | 300          |
|    policy_gradient_loss | -0.00216     |
|    std                  | 0.987        |
|    value_loss           | 5.49e+03     |
------------------------------------------
------------------------------------------
| rollout/                |              |
|    ep_len_mean          | 2.59e+03     |
|    ep_rew_mean          | 8.32e+03     |
| time/                   |              |
|    fps                  | 822          |
|    iterations           | 62           |
|    time_elapsed         | 38           |
|    total_timesteps      | 31744        |
| train/                  |              |
|    approx_kl            | 0.0050111655 |
|    clip_fraction        | 0.0602       |
|    clip_range           | 0.2          |
|    entropy_loss         | -4.22        |
|    explained_variance   | 0            |
|    learning_rate        | 0.0002       |
|    loss                 | 2.72e+03     |
|    n_updates            | 305          |
|    policy_gradient_loss | -0.00437     |
|    std                  | 0.987        |
|    value_loss           | 6.26e+03     |
------------------------------------------
------------------------------------------
| rollout/                |              |
|    ep_len_mean          | 2.59e+03     |
|    ep_rew_mean          | 8.32e+03     |
| time/                   |              |
|    fps                  | 811          |
|    iterations           | 63           |
|    time_elapsed         | 39           |
|    total_timesteps      | 32256        |
| train/                  |              |
|    approx_kl            | 0.0073195286 |
|    clip_fraction        | 0.0629       |
|    clip_range           | 0.2          |
|    entropy_loss         | -4.22        |
|    explained_variance   | 5.96e-08     |
|    learning_rate        | 0.0002       |
|    loss                 | 3.84e+03     |
|    n_updates            | 310          |
|    policy_gradient_loss | -0.00246     |
|    std                  | 0.991        |
|    value_loss           | 9.11e+03     |
------------------------------------------
-----------------------------------------
| rollout/                |             |
|    ep_len_mean          | 2.59e+03    |
|    ep_rew_mean          | 8.32e+03    |
| time/                   |             |
|    fps                  | 799         |
|    iterations           | 64          |
|    time_elapsed         | 40          |
|    total_timesteps      | 32768       |
| train/                  |             |
|    approx_kl            | 0.005282444 |
|    clip_fraction        | 0.238       |
|    clip_range           | 0.2         |
|    entropy_loss         | -4.23       |
|    explained_variance   | 0           |
|    learning_rate        | 0.0002      |
|    loss                 | 4.65e+03    |
|    n_updates            | 315         |
|    policy_gradient_loss | 0.0133      |
|    std                  | 0.992       |
|    value_loss           | 6.8e+03     |
-----------------------------------------
-----------------------------------------
| rollout/                |             |
|    ep_len_mean          | 2.59e+03    |
|    ep_rew_mean          | 8.32e+03    |
| time/                   |             |
|    fps                  | 789         |
|    iterations           | 65          |
|    time_elapsed         | 42          |
|    total_timesteps      | 33280       |
| train/                  |             |
|    approx_kl            | 0.005608819 |
|    clip_fraction        | 0.143       |
|    clip_range           | 0.2         |
|    entropy_loss         | -4.23       |
|    explained_variance   | -1.19e-07   |
|    learning_rate        | 0.0002      |
|    loss                 | 3.19e+03    |
|    n_updates            | 320         |
|    policy_gradient_loss | 0.00462     |
|    std                  | 0.993       |
|    value_loss           | 1.01e+04    |
-----------------------------------------
-----------------------------------------
| rollout/                |             |
|    ep_len_mean          | 2.59e+03    |
|    ep_rew_mean          | 8.61e+03    |
| time/                   |             |
|    fps                  | 779         |
|    iterations           | 66          |
|    time_elapsed         | 43          |
|    total_timesteps      | 33792       |
| train/                  |             |
|    approx_kl            | 0.004041288 |
|    clip_fraction        | 0.0512      |
|    clip_range           | 0.2         |
|    entropy_loss         | -4.23       |
|    explained_variance   | -1.19e-07   |
|    learning_rate        | 0.0002      |
|    loss                 | 4.85e+03    |
|    n_updates            | 325         |
|    policy_gradient_loss | 0.000833    |
|    std                  | 0.994       |
|    value_loss           | 8.65e+03    |
-----------------------------------------
------------------------------------------
| rollout/                |              |
|    ep_len_mean          | 2.59e+03     |
|    ep_rew_mean          | 8.61e+03     |
| time/                   |              |
|    fps                  | 770          |
|    iterations           | 67           |
|    time_elapsed         | 44           |
|    total_timesteps      | 34304        |
| train/                  |              |
|    approx_kl            | 0.0019953991 |
|    clip_fraction        | 0.000391     |
|    clip_range           | 0.2          |
|    entropy_loss         | -4.23        |
|    explained_variance   | 0            |
|    learning_rate        | 0.0002       |
|    loss                 | 3.9e+03      |
|    n_updates            | 330          |
|    policy_gradient_loss | -6.13e-05    |
|    std                  | 0.992        |
|    value_loss           | 1.05e+04     |
------------------------------------------
-----------------------------------------
| rollout/                |             |
|    ep_len_mean          | 2.59e+03    |
|    ep_rew_mean          | 8.61e+03    |
| time/                   |             |
|    fps                  | 762         |
|    iterations           | 68          |
|    time_elapsed         | 45          |
|    total_timesteps      | 34816       |
| train/                  |             |
|    approx_kl            | 0.006992134 |
|    clip_fraction        | 0.0766      |
|    clip_range           | 0.2         |
|    entropy_loss         | -4.23       |
|    explained_variance   | 1.19e-07    |
|    learning_rate        | 0.0002      |
|    loss                 | 2.87e+03    |
|    n_updates            | 335         |
|    policy_gradient_loss | -0.00556    |
|    std                  | 0.991       |
|    value_loss           | 1.02e+04    |
-----------------------------------------
------------------------------------------
| rollout/                |              |
|    ep_len_mean          | 2.52e+03     |
|    ep_rew_mean          | 8.58e+03     |
| time/                   |              |
|    fps                  | 753          |
|    iterations           | 69           |
|    time_elapsed         | 46           |
|    total_timesteps      | 35328        |
| train/                  |              |
|    approx_kl            | 0.0054832934 |
|    clip_fraction        | 0.0945       |
|    clip_range           | 0.2          |
|    entropy_loss         | -4.23        |
|    explained_variance   | 0            |
|    learning_rate        | 0.0002       |
|    loss                 | 2.21e+03     |
|    n_updates            | 340          |
|    policy_gradient_loss | -0.00244     |
|    std                  | 0.991        |
|    value_loss           | 8.75e+03     |
------------------------------------------
------------------------------------------
| rollout/                |              |
|    ep_len_mean          | 2.52e+03     |
|    ep_rew_mean          | 8.58e+03     |
| time/                   |              |
|    fps                  | 746          |
|    iterations           | 70           |
|    time_elapsed         | 48           |
|    total_timesteps      | 35840        |
| train/                  |              |
|    approx_kl            | 0.0048257355 |
|    clip_fraction        | 0.0328       |
|    clip_range           | 0.2          |
|    entropy_loss         | -4.23        |
|    explained_variance   | 0            |
|    learning_rate        | 0.0002       |
|    loss                 | 2.54e+03     |
|    n_updates            | 345          |
|    policy_gradient_loss | -0.00322     |
|    std                  | 0.991        |
|    value_loss           | 6.04e+03     |
------------------------------------------
-----------------------------------------
| rollout/                |             |
|    ep_len_mean          | 2.52e+03    |
|    ep_rew_mean          | 8.58e+03    |
| time/                   |             |
|    fps                  | 738         |
|    iterations           | 71          |
|    time_elapsed         | 49          |
|    total_timesteps      | 36352       |
| train/                  |             |
|    approx_kl            | 0.002098665 |
|    clip_fraction        | 0.0211      |
|    clip_range           | 0.2         |
|    entropy_loss         | -4.23       |
|    explained_variance   | 0           |
|    learning_rate        | 0.0002      |
|    loss                 | 2.52e+03    |
|    n_updates            | 350         |
|    policy_gradient_loss | 0.000622    |
|    std                  | 0.99        |
|    value_loss           | 7.87e+03    |
-----------------------------------------
-----------------------------------------
| rollout/                |             |
|    ep_len_mean          | 2.52e+03    |
|    ep_rew_mean          | 8.58e+03    |
| time/                   |             |
|    fps                  | 731         |
|    iterations           | 72          |
|    time_elapsed         | 50          |
|    total_timesteps      | 36864       |
| train/                  |             |
|    approx_kl            | 0.009864887 |
|    clip_fraction        | 0.116       |
|    clip_range           | 0.2         |
|    entropy_loss         | -4.23       |
|    explained_variance   | 0           |
|    learning_rate        | 0.0002      |
|    loss                 | 3.29e+03    |
|    n_updates            | 355         |
|    policy_gradient_loss | 0.00591     |
|    std                  | 0.994       |
|    value_loss           | 6.44e+03    |
-----------------------------------------
------------------------------------------
| rollout/                |              |
|    ep_len_mean          | 2.48e+03     |
|    ep_rew_mean          | 8.64e+03     |
| time/                   |              |
|    fps                  | 724          |
|    iterations           | 73           |
|    time_elapsed         | 51           |
|    total_timesteps      | 37376        |
| train/                  |              |
|    approx_kl            | 0.0040566204 |
|    clip_fraction        | 0.0117       |
|    clip_range           | 0.2          |
|    entropy_loss         | -4.23        |
|    explained_variance   | 0            |
|    learning_rate        | 0.0002       |
|    loss                 | 6.42e+03     |
|    n_updates            | 360          |
|    policy_gradient_loss | -0.000671    |
|    std                  | 0.994        |
|    value_loss           | 9.82e+03     |
------------------------------------------
-----------------------------------------
| rollout/                |             |
|    ep_len_mean          | 2.48e+03    |
|    ep_rew_mean          | 8.64e+03    |
| time/                   |             |
|    fps                  | 718         |
|    iterations           | 74          |
|    time_elapsed         | 52          |
|    total_timesteps      | 37888       |
| train/                  |             |
|    approx_kl            | 0.008084509 |
|    clip_fraction        | 0.222       |
|    clip_range           | 0.2         |
|    entropy_loss         | -4.24       |
|    explained_variance   | 0           |
|    learning_rate        | 0.0002      |
|    loss                 | 2.88e+03    |
|    n_updates            | 365         |
|    policy_gradient_loss | 0.00502     |
|    std                  | 0.999       |
|    value_loss           | 6.57e+03    |
-----------------------------------------
------------------------------------------
| rollout/                |              |
|    ep_len_mean          | 2.48e+03     |
|    ep_rew_mean          | 8.64e+03     |
| time/                   |              |
|    fps                  | 712          |
|    iterations           | 75           |
|    time_elapsed         | 53           |
|    total_timesteps      | 38400        |
| train/                  |              |
|    approx_kl            | 0.0066513084 |
|    clip_fraction        | 0.0426       |
|    clip_range           | 0.2          |
|    entropy_loss         | -4.25        |
|    explained_variance   | 0            |
|    learning_rate        | 0.0002       |
|    loss                 | 2.83e+03     |
|    n_updates            | 370          |
|    policy_gradient_loss | -0.00538     |
|    std                  | 0.998        |
|    value_loss           | 6.3e+03      |
------------------------------------------
-----------------------------------------
| rollout/                |             |
|    ep_len_mean          | 2.48e+03    |
|    ep_rew_mean          | 8.64e+03    |
| time/                   |             |
|    fps                  | 706         |
|    iterations           | 76          |
|    time_elapsed         | 55          |
|    total_timesteps      | 38912       |
| train/                  |             |
|    approx_kl            | 0.003455706 |
|    clip_fraction        | 0.00547     |
|    clip_range           | 0.2         |
|    entropy_loss         | -4.25       |
|    explained_variance   | -1.19e-07   |
|    learning_rate        | 0.0002      |
|    loss                 | 2.67e+03    |
|    n_updates            | 375         |
|    policy_gradient_loss | -0.000869   |
|    std                  | 0.998       |
|    value_loss           | 5.34e+03    |
-----------------------------------------
------------------------------------------
| rollout/                |              |
|    ep_len_mean          | 2.48e+03     |
|    ep_rew_mean          | 8.64e+03     |
| time/                   |              |
|    fps                  | 700          |
|    iterations           | 77           |
|    time_elapsed         | 56           |
|    total_timesteps      | 39424        |
| train/                  |              |
|    approx_kl            | 0.0060279565 |
|    clip_fraction        | 0.025        |
|    clip_range           | 0.2          |
|    entropy_loss         | -4.25        |
|    explained_variance   | -1.19e-07    |
|    learning_rate        | 0.0002       |
|    loss                 | 3.52e+03     |
|    n_updates            | 380          |
|    policy_gradient_loss | -0.00312     |
|    std                  | 0.998        |
|    value_loss           | 5.76e+03     |
------------------------------------------
------------------------------------------
| rollout/                |              |
|    ep_len_mean          | 2.48e+03     |
|    ep_rew_mean          | 8.64e+03     |
| time/                   |              |
|    fps                  | 696          |
|    iterations           | 78           |
|    time_elapsed         | 57           |
|    total_timesteps      | 39936        |
| train/                  |              |
|    approx_kl            | 0.0050125597 |
|    clip_fraction        | 0.0133       |
|    clip_range           | 0.2          |
|    entropy_loss         | -4.25        |
|    explained_variance   | -1.19e-07    |
|    learning_rate        | 0.0002       |
|    loss                 | 1.5e+03      |
|    n_updates            | 385          |
|    policy_gradient_loss | -0.00176     |
|    std                  | 0.997        |
|    value_loss           | 6.7e+03      |
------------------------------------------
-----------------------------------------
| rollout/                |             |
|    ep_len_mean          | 2.48e+03    |
|    ep_rew_mean          | 8.64e+03    |
| time/                   |             |
|    fps                  | 699         |
|    iterations           | 79          |
|    time_elapsed         | 57          |
|    total_timesteps      | 40448       |
| train/                  |             |
|    approx_kl            | 0.010112718 |
|    clip_fraction        | 0.057       |
|    clip_range           | 0.2         |
|    entropy_loss         | -4.24       |
|    explained_variance   | 0           |
|    learning_rate        | 0.0002      |
|    loss                 | 2.11e+03    |
|    n_updates            | 390         |
|    policy_gradient_loss | -0.000778   |
|    std                  | 0.995       |
|    value_loss           | 5.35e+03    |
-----------------------------------------
------------------------------------------
| rollout/                |              |
|    ep_len_mean          | 2.54e+03     |
|    ep_rew_mean          | 9.04e+03     |
| time/                   |              |
|    fps                  | 694          |
|    iterations           | 80           |
|    time_elapsed         | 58           |
|    total_timesteps      | 40960        |
| train/                  |              |
|    approx_kl            | 0.0052154213 |
|    clip_fraction        | 0.018        |
|    clip_range           | 0.2          |
|    entropy_loss         | -4.24        |
|    explained_variance   | 1.19e-07     |
|    learning_rate        | 0.0002       |
|    loss                 | 2.92e+03     |
|    n_updates            | 395          |
|    policy_gradient_loss | 0.000223     |
|    std                  | 0.996        |
|    value_loss           | 6.95e+03     |
------------------------------------------
-----------------------------------------
| rollout/                |             |
|    ep_len_mean          | 2.54e+03    |
|    ep_rew_mean          | 9.04e+03    |
| time/                   |             |
|    fps                  | 690         |
|    iterations           | 81          |
|    time_elapsed         | 60          |
|    total_timesteps      | 41472       |
| train/                  |             |
|    approx_kl            | 0.003836161 |
|    clip_fraction        | 0.123       |
|    clip_range           | 0.2         |
|    entropy_loss         | -4.24       |
|    explained_variance   | 0           |
|    learning_rate        | 0.0002      |
|    loss                 | 3.34e+03    |
|    n_updates            | 400         |
|    policy_gradient_loss | 2.72e-06    |
|    std                  | 0.997       |
|    value_loss           | 8.63e+03    |
-----------------------------------------
-----------------------------------------
| rollout/                |             |
|    ep_len_mean          | 2.54e+03    |
|    ep_rew_mean          | 9.04e+03    |
| time/                   |             |
|    fps                  | 688         |
|    iterations           | 82          |
|    time_elapsed         | 60          |
|    total_timesteps      | 41984       |
| train/                  |             |
|    approx_kl            | 0.018237773 |
|    clip_fraction        | 0.177       |
|    clip_range           | 0.2         |
|    entropy_loss         | -4.24       |
|    explained_variance   | 5.96e-08    |
|    learning_rate        | 0.0002      |
|    loss                 | 4.76e+03    |
|    n_updates            | 405         |
|    policy_gradient_loss | 0.00392     |
|    std                  | 0.998       |
|    value_loss           | 8.32e+03    |
-----------------------------------------
-----------------------------------------
| rollout/                |             |
|    ep_len_mean          | 2.47e+03    |
|    ep_rew_mean          | 8.94e+03    |
| time/                   |             |
|    fps                  | 691         |
|    iterations           | 83          |
|    time_elapsed         | 61          |
|    total_timesteps      | 42496       |
| train/                  |             |
|    approx_kl            | 0.007940218 |
|    clip_fraction        | 0.0672      |
|    clip_range           | 0.2         |
|    entropy_loss         | -4.25       |
|    explained_variance   | 0           |
|    learning_rate        | 0.0002      |
|    loss                 | 4.05e+03    |
|    n_updates            | 410         |
|    policy_gradient_loss | -0.00495    |
|    std                  | 0.997       |
|    value_loss           | 6.83e+03    |
-----------------------------------------
-----------------------------------------
| rollout/                |             |
|    ep_len_mean          | 2.47e+03    |
|    ep_rew_mean          | 8.94e+03    |
| time/                   |             |
|    fps                  | 694         |
|    iterations           | 84          |
|    time_elapsed         | 61          |
|    total_timesteps      | 43008       |
| train/                  |             |
|    approx_kl            | 0.016377162 |
|    clip_fraction        | 0.104       |
|    clip_range           | 0.2         |
|    entropy_loss         | -4.24       |
|    explained_variance   | 0           |
|    learning_rate        | 0.0002      |
|    loss                 | 4.75e+03    |
|    n_updates            | 415         |
|    policy_gradient_loss | 0.00209     |
|    std                  | 0.995       |
|    value_loss           | 1.08e+04    |
-----------------------------------------
------------------------------------------
| rollout/                |              |
|    ep_len_mean          | 2.47e+03     |
|    ep_rew_mean          | 8.94e+03     |
| time/                   |              |
|    fps                  | 696          |
|    iterations           | 85           |
|    time_elapsed         | 62           |
|    total_timesteps      | 43520        |
| train/                  |              |
|    approx_kl            | 0.0062270397 |
|    clip_fraction        | 0.0777       |
|    clip_range           | 0.2          |
|    entropy_loss         | -4.24        |
|    explained_variance   | -1.19e-07    |
|    learning_rate        | 0.0002       |
|    loss                 | 3.75e+03     |
|    n_updates            | 420          |
|    policy_gradient_loss | -0.00626     |
|    std                  | 0.996        |
|    value_loss           | 7.97e+03     |
------------------------------------------
---------------------------------------
| rollout/                |           |
|    ep_len_mean          | 2.47e+03  |
|    ep_rew_mean          | 8.94e+03  |
| time/                   |           |
|    fps                  | 699       |
|    iterations           | 86        |
|    time_elapsed         | 62        |
|    total_timesteps      | 44032     |
| train/                  |           |
|    approx_kl            | 0.0035026 |
|    clip_fraction        | 0.0082    |
|    clip_range           | 0.2       |
|    entropy_loss         | -4.24     |
|    explained_variance   | 1.19e-07  |
|    learning_rate        | 0.0002    |
|    loss                 | 3.02e+03  |
|    n_updates            | 425       |
|    policy_gradient_loss | -0.00093  |
|    std                  | 0.995     |
|    value_loss           | 4.6e+03   |
---------------------------------------
----------------------------------------
| rollout/                |            |
|    ep_len_mean          | 2.47e+03   |
|    ep_rew_mean          | 9.08e+03   |
| time/                   |            |
|    fps                  | 701        |
|    iterations           | 87         |
|    time_elapsed         | 63         |
|    total_timesteps      | 44544      |
| train/                  |            |
|    approx_kl            | 0.00436661 |
|    clip_fraction        | 0.027      |
|    clip_range           | 0.2        |
|    entropy_loss         | -4.24      |
|    explained_variance   | 0          |
|    learning_rate        | 0.0002     |
|    loss                 | 2.5e+03    |
|    n_updates            | 430        |
|    policy_gradient_loss | -0.00313   |
|    std                  | 0.995      |
|    value_loss           | 4.68e+03   |
----------------------------------------
----------------------------------------
| rollout/                |            |
|    ep_len_mean          | 2.47e+03   |
|    ep_rew_mean          | 9.08e+03   |
| time/                   |            |
|    fps                  | 703        |
|    iterations           | 88         |
|    time_elapsed         | 64         |
|    total_timesteps      | 45056      |
| train/                  |            |
|    approx_kl            | 0.00622229 |
|    clip_fraction        | 0.0219     |
|    clip_range           | 0.2        |
|    entropy_loss         | -4.23      |
|    explained_variance   | 0          |
|    learning_rate        | 0.0002     |
|    loss                 | 4.33e+03   |
|    n_updates            | 435        |
|    policy_gradient_loss | -0.00204   |
|    std                  | 0.992      |
|    value_loss           | 1.01e+04   |
----------------------------------------
-----------------------------------------
| rollout/                |             |
|    ep_len_mean          | 2.47e+03    |
|    ep_rew_mean          | 9.08e+03    |
| time/                   |             |
|    fps                  | 701         |
|    iterations           | 89          |
|    time_elapsed         | 64          |
|    total_timesteps      | 45568       |
| train/                  |             |
|    approx_kl            | 0.017099608 |
|    clip_fraction        | 0.225       |
|    clip_range           | 0.2         |
|    entropy_loss         | -4.22       |
|    explained_variance   | 0           |
|    learning_rate        | 0.0002      |
|    loss                 | 3.33e+03    |
|    n_updates            | 440         |
|    policy_gradient_loss | 0.00922     |
|    std                  | 0.988       |
|    value_loss           | 7.31e+03    |
-----------------------------------------
------------------------------------------
| rollout/                |              |
|    ep_len_mean          | 2.4e+03      |
|    ep_rew_mean          | 8.92e+03     |
| time/                   |              |
|    fps                  | 704          |
|    iterations           | 90           |
|    time_elapsed         | 65           |
|    total_timesteps      | 46080        |
| train/                  |              |
|    approx_kl            | 0.0033038007 |
|    clip_fraction        | 0.00664      |
|    clip_range           | 0.2          |
|    entropy_loss         | -4.22        |
|    explained_variance   | -1.19e-07    |
|    learning_rate        | 0.0002       |
|    loss                 | 3.19e+03     |
|    n_updates            | 445          |
|    policy_gradient_loss | -0.000541    |
|    std                  | 0.989        |
|    value_loss           | 5.79e+03     |
------------------------------------------
------------------------------------------
| rollout/                |              |
|    ep_len_mean          | 2.4e+03      |
|    ep_rew_mean          | 8.92e+03     |
| time/                   |              |
|    fps                  | 706          |
|    iterations           | 91           |
|    time_elapsed         | 65           |
|    total_timesteps      | 46592        |
| train/                  |              |
|    approx_kl            | 0.0054573854 |
|    clip_fraction        | 0.0109       |
|    clip_range           | 0.2          |
|    entropy_loss         | -4.22        |
|    explained_variance   | 0            |
|    learning_rate        | 0.0002       |
|    loss                 | 4.2e+03      |
|    n_updates            | 450          |
|    policy_gradient_loss | -0.000695    |
|    std                  | 0.989        |
|    value_loss           | 8.44e+03     |
------------------------------------------
-----------------------------------------
| rollout/                |             |
|    ep_len_mean          | 2.4e+03     |
|    ep_rew_mean          | 8.92e+03    |
| time/                   |             |
|    fps                  | 707         |
|    iterations           | 92          |
|    time_elapsed         | 66          |
|    total_timesteps      | 47104       |
| train/                  |             |
|    approx_kl            | 0.026255423 |
|    clip_fraction        | 0.364       |
|    clip_range           | 0.2         |
|    entropy_loss         | -4.22       |
|    explained_variance   | 0           |
|    learning_rate        | 0.0002      |
|    loss                 | 4.18e+03    |
|    n_updates            | 455         |
|    policy_gradient_loss | 0.0205      |
|    std                  | 0.99        |
|    value_loss           | 7.49e+03    |
-----------------------------------------
-----------------------------------------
| rollout/                |             |
|    ep_len_mean          | 2.4e+03     |
|    ep_rew_mean          | 8.92e+03    |
| time/                   |             |
|    fps                  | 704         |
|    iterations           | 93          |
|    time_elapsed         | 67          |
|    total_timesteps      | 47616       |
| train/                  |             |
|    approx_kl            | 0.019179039 |
|    clip_fraction        | 0.0762      |
|    clip_range           | 0.2         |
|    entropy_loss         | -4.22       |
|    explained_variance   | 0           |
|    learning_rate        | 0.0002      |
|    loss                 | 2.11e+03    |
|    n_updates            | 460         |
|    policy_gradient_loss | 0.00053     |
|    std                  | 0.989       |
|    value_loss           | 6e+03       |
-----------------------------------------
-------------------------------------------
| rollout/                |               |
|    ep_len_mean          | 2.4e+03       |
|    ep_rew_mean          | 8.92e+03      |
| time/                   |               |
|    fps                  | 707           |
|    iterations           | 94            |
|    time_elapsed         | 68            |
|    total_timesteps      | 48128         |
| train/                  |               |
|    approx_kl            | 0.00034513755 |
|    clip_fraction        | 0             |
|    clip_range           | 0.2           |
|    entropy_loss         | -4.22         |
|    explained_variance   | -1.19e-07     |
|    learning_rate        | 0.0002        |
|    loss                 | 2.47e+03      |
|    n_updates            | 465           |
|    policy_gradient_loss | -5.93e-05     |
|    std                  | 0.987         |
|    value_loss           | 5.34e+03      |
-------------------------------------------
-----------------------------------------
| rollout/                |             |
|    ep_len_mean          | 2.4e+03     |
|    ep_rew_mean          | 8.92e+03    |
| time/                   |             |
|    fps                  | 704         |
|    iterations           | 95          |
|    time_elapsed         | 68          |
|    total_timesteps      | 48640       |
| train/                  |             |
|    approx_kl            | 0.005005734 |
|    clip_fraction        | 0.0187      |
|    clip_range           | 0.2         |
|    entropy_loss         | -4.21       |
|    explained_variance   | 1.19e-07    |
|    learning_rate        | 0.0002      |
|    loss                 | 2.65e+03    |
|    n_updates            | 470         |
|    policy_gradient_loss | -0.00393    |
|    std                  | 0.985       |
|    value_loss           | 4.81e+03    |
-----------------------------------------
------------------------------------------
| rollout/                |              |
|    ep_len_mean          | 2.44e+03     |
|    ep_rew_mean          | 9.18e+03     |
| time/                   |              |
|    fps                  | 707          |
|    iterations           | 96           |
|    time_elapsed         | 69           |
|    total_timesteps      | 49152        |
| train/                  |              |
|    approx_kl            | 0.0052567907 |
|    clip_fraction        | 0.0281       |
|    clip_range           | 0.2          |
|    entropy_loss         | -4.21        |
|    explained_variance   | 0            |
|    learning_rate        | 0.0002       |
|    loss                 | 2.7e+03      |
|    n_updates            | 475          |
|    policy_gradient_loss | -0.00292     |
|    std                  | 0.985        |
|    value_loss           | 4.18e+03     |
------------------------------------------
-----------------------------------------
| rollout/                |             |
|    ep_len_mean          | 2.44e+03    |
|    ep_rew_mean          | 9.18e+03    |
| time/                   |             |
|    fps                  | 708         |
|    iterations           | 97          |
|    time_elapsed         | 70          |
|    total_timesteps      | 49664       |
| train/                  |             |
|    approx_kl            | 0.023729037 |
|    clip_fraction        | 0.0938      |
|    clip_range           | 0.2         |
|    entropy_loss         | -4.2        |
|    explained_variance   | 0           |
|    learning_rate        | 0.0002      |
|    loss                 | 4.86e+03    |
|    n_updates            | 480         |
|    policy_gradient_loss | 0.00336     |
|    std                  | 0.981       |
|    value_loss           | 9.48e+03    |
-----------------------------------------
Eval num_timesteps=50000, episode_reward=21167.53 +/- 0.00
Episode length: 4031.00 +/- 0.00
------------------------------------------
| eval/                   |              |
|    mean_ep_length       | 4.03e+03     |
|    mean_reward          | 2.12e+04     |
| time/                   |              |
|    total_timesteps      | 50000        |
| train/                  |              |
|    approx_kl            | 0.0055217007 |
|    clip_fraction        | 0.016        |
|    clip_range           | 0.2          |
|    entropy_loss         | -4.2         |
|    explained_variance   | 0            |
|    learning_rate        | 0.0002       |
|    loss                 | 4.18e+03     |
|    n_updates            | 485          |
|    policy_gradient_loss | 1.97e-05     |
|    std                  | 0.982        |
|    value_loss           | 8.98e+03     |
------------------------------------------
---------------------------------
| rollout/           |          |
|    ep_len_mean     | 2.38e+03 |
|    ep_rew_mean     | 9.01e+03 |
| time/              |          |
|    fps             | 694      |
|    iterations      | 98       |
|    time_elapsed    | 72       |
|    total_timesteps | 50176    |
---------------------------------
[TIMING] Training completed in 72.6s
✓ Model saved to models/final_model

======================================================================
PHASE 2: Validation on val set
======================================================================

Evaluating...

  [DEV] Trade Summary (1000 trades):
    Wins: 619 | Losses: 381 | Win Rate: 61.9%
    Total PnL: $0.04 | Avg PnL/Trade: $0.0000
    Top 5 Trades:
      1. BNBUSDT  | Entry: $903.030029 → Exit: $906.729980 | Return:   0.41% | PnL: $  0.0016 | Reason: sell
      2. BNBUSDT  | Entry: $903.030029 → Exit: $905.969971 | Return:   0.33% | PnL: $  0.0014 | Reason: sell
      3. BNBUSDT  | Entry: $903.030029 → Exit: $906.460022 | Return:   0.38% | PnL: $  0.0013 | Reason: sell
      4. BNBUSDT  | Entry: $903.030029 → Exit: $906.890015 | Return:   0.43% | PnL: $  0.0012 | Reason: sell
      5. BNBUSDT  | Entry: $903.030029 → Exit: $906.479980 | Return:   0.38% | PnL: $  0.0012 | Reason: sell

Evaluation Results:
  Total Return: -0.05%
  Final Portfolio Value: $99.95
  Max Portfolio Value: $100.00
  Total Reward: 21167.53
  Steps: 4031
  Trades: 2381 | Win Rate: 62.0%
  Realized PnL: $-0.00 | Unrealized: $-0.05

======================================================================
PHASE 3: Testing on test set
======================================================================

Evaluating...

  [TEST] Trade Summary (1000 trades):
    Wins: 229 | Losses: 771 | Win Rate: 22.9%
    Total PnL: $-0.07 | Avg PnL/Trade: $-0.0001
    Top 5 Trades:
      1. BNBUSDT  | Entry: $777.099976 → Exit: $782.119995 | Return:   0.65% | PnL: $  0.0024 | Reason: sell
      2. BNBUSDT  | Entry: $854.760010 → Exit: $858.479980 | Return:   0.44% | PnL: $  0.0013 | Reason: sell
      3. BNBUSDT  | Entry: $777.099976 → Exit: $779.520020 | Return:   0.31% | PnL: $  0.0012 | Reason: sell
      4. BNBUSDT  | Entry: $854.760010 → Exit: $858.630005 | Return:   0.45% | PnL: $  0.0012 | Reason: sell
      5. BNBUSDT  | Entry: $777.099976 → Exit: $779.210022 | Return:   0.27% | PnL: $  0.0011 | Reason: sell

Evaluation Results:
  Total Return: -0.17%
  Final Portfolio Value: $99.83
  Max Portfolio Value: $100.01
  Total Reward: 21158.45
  Steps: 4032
  Trades: 2381 | Win Rate: 31.2%
  Realized PnL: $-0.13 | Unrealized: $-0.05

======================================================================
BACKTEST SUMMARY
======================================================================
Val Trades:  2381 | WR:  62.0% | Return:  -0.05%
Test Trades: 2381 | WR:  31.2% | Return:  -0.17%
======================================================================


/home/konstantin/dev/crypto_rl/rl_trader.py:1010: FutureWarning: The default of observed=False is deprecated and will be changed to True in a future version of pandas. Pass observed=False to retain current behavior or observed=True to adopt the future default and silence this warning.
  for symbol, group in data.groupby('symbol', sort=False):
/home/konstantin/dev/crypto_rl/.conda/lib/python3.12/site-packages/stable_baselines3/common/evaluation.py:70: UserWarning: Evaluation environment is not wrapped with a ``Monitor`` wrapper. This may result in reporting modified episode lengths and rewards, if other wrappers happen to modify these. Consider wrapping environment first with ``Monitor`` wrapper.
  warnings.warn(
