Loading 14 days of data...
✓ Loaded 60483 rows from 3 symbols

Fee regime: mexc_spot_mx | buy_fee=0.005% | sell_fee=0.005%
Using device: cpu
/home/konstantin/dev/crypto_rl/rl_trader.py:1010: FutureWarning: The default of observed=False is deprecated and will be changed to True in a future version of pandas. Pass observed=False to retain current behavior or observed=True to adopt the future default and silence this warning.
  for symbol, group in data.groupby('symbol', sort=False):

======================================================================
                 3-WAY BACKTEST (Train / Val / Test)                  
======================================================================
Train:  36288 rows ( 3 symbols) 1768694340000000 → 1769420040000000
Val:    12096 rows ( 3 symbols) 1769420100000000 → 1769661960000000
Test:   12099 rows ( 3 symbols) 1769662020000000 → 1769903940000000
======================================================================

Train env: 36288 rows, 3 symbols
Eval env: 12096 rows, 3 symbols
PHASE 1: Training on train set with val monitoring...
Using cpu device
Wrapping the env with a `Monitor` wrapper
Wrapping the env in a DummyVecEnv.
Created new PPO model (device=cpu)
  Hyperparameters:
    learning_rate=0.0003, batch_size=16
    n_steps=512, n_epochs=5
    policy_arch=[256, 128, 64]

Training for 50000 timesteps...
-----------------------------
| time/              |      |
|    fps             | 2927 |
|    iterations      | 1    |
|    time_elapsed    | 0    |
|    total_timesteps | 512  |
-----------------------------
-----------------------------------------
| time/                   |             |
|    fps                  | 395         |
|    iterations           | 2           |
|    time_elapsed         | 2           |
|    total_timesteps      | 1024        |
| train/                  |             |
|    approx_kl            | 0.011905552 |
|    clip_fraction        | 0.156       |
|    clip_range           | 0.2         |
|    entropy_loss         | -4.27       |
|    explained_variance   | 0.0011      |
|    learning_rate        | 0.0003      |
|    loss                 | 1.43e+03    |
|    n_updates            | 5           |
|    policy_gradient_loss | -0.016      |
|    std                  | 1.01        |
|    value_loss           | 3.11e+03    |
-----------------------------------------
-----------------------------------------
| time/                   |             |
|    fps                  | 479         |
|    iterations           | 3           |
|    time_elapsed         | 3           |
|    total_timesteps      | 1536        |
| train/                  |             |
|    approx_kl            | 0.010336932 |
|    clip_fraction        | 0.128       |
|    clip_range           | 0.2         |
|    entropy_loss         | -4.28       |
|    explained_variance   | 3.58e-07    |
|    learning_rate        | 0.0003      |
|    loss                 | 1.28e+03    |
|    n_updates            | 10          |
|    policy_gradient_loss | -0.0148     |
|    std                  | 1.01        |
|    value_loss           | 2.55e+03    |
-----------------------------------------
-----------------------------------------
| time/                   |             |
|    fps                  | 475         |
|    iterations           | 4           |
|    time_elapsed         | 4           |
|    total_timesteps      | 2048        |
| train/                  |             |
|    approx_kl            | 0.011106348 |
|    clip_fraction        | 0.15        |
|    clip_range           | 0.2         |
|    entropy_loss         | -4.29       |
|    explained_variance   | 4.17e-07    |
|    learning_rate        | 0.0003      |
|    loss                 | 1.03e+03    |
|    n_updates            | 15          |
|    policy_gradient_loss | -0.0139     |
|    std                  | 1.01        |
|    value_loss           | 2.05e+03    |
-----------------------------------------
-----------------------------------------
| time/                   |             |
|    fps                  | 473         |
|    iterations           | 5           |
|    time_elapsed         | 5           |
|    total_timesteps      | 2560        |
| train/                  |             |
|    approx_kl            | 0.013792256 |
|    clip_fraction        | 0.201       |
|    clip_range           | 0.2         |
|    entropy_loss         | -4.31       |
|    explained_variance   | 0           |
|    learning_rate        | 0.0003      |
|    loss                 | 596         |
|    n_updates            | 20          |
|    policy_gradient_loss | -0.0185     |
|    std                  | 1.02        |
|    value_loss           | 1.28e+03    |
-----------------------------------------
-----------------------------------------
| time/                   |             |
|    fps                  | 480         |
|    iterations           | 6           |
|    time_elapsed         | 6           |
|    total_timesteps      | 3072        |
| train/                  |             |
|    approx_kl            | 0.023657627 |
|    clip_fraction        | 0.291       |
|    clip_range           | 0.2         |
|    entropy_loss         | -4.35       |
|    explained_variance   | 0           |
|    learning_rate        | 0.0003      |
|    loss                 | 144         |
|    n_updates            | 25          |
|    policy_gradient_loss | -0.0329     |
|    std                  | 1.04        |
|    value_loss           | 389         |
-----------------------------------------
-----------------------------------------
| time/                   |             |
|    fps                  | 493         |
|    iterations           | 7           |
|    time_elapsed         | 7           |
|    total_timesteps      | 3584        |
| train/                  |             |
|    approx_kl            | 0.021131085 |
|    clip_fraction        | 0.371       |
|    clip_range           | 0.2         |
|    entropy_loss         | -4.39       |
|    explained_variance   | 0           |
|    learning_rate        | 0.0003      |
|    loss                 | 109         |
|    n_updates            | 30          |
|    policy_gradient_loss | -0.0168     |
|    std                  | 1.05        |
|    value_loss           | 262         |
-----------------------------------------
-----------------------------------------
| time/                   |             |
|    fps                  | 526         |
|    iterations           | 8           |
|    time_elapsed         | 7           |
|    total_timesteps      | 4096        |
| train/                  |             |
|    approx_kl            | 0.010043706 |
|    clip_fraction        | 0.105       |
|    clip_range           | 0.2         |
|    entropy_loss         | -4.4        |
|    explained_variance   | 0           |
|    learning_rate        | 0.0003      |
|    loss                 | 471         |
|    n_updates            | 35          |
|    policy_gradient_loss | -0.01       |
|    std                  | 1.05        |
|    value_loss           | 905         |
-----------------------------------------
-----------------------------------------
| time/                   |             |
|    fps                  | 555         |
|    iterations           | 9           |
|    time_elapsed         | 8           |
|    total_timesteps      | 4608        |
| train/                  |             |
|    approx_kl            | 0.015289745 |
|    clip_fraction        | 0.151       |
|    clip_range           | 0.2         |
|    entropy_loss         | -4.4        |
|    explained_variance   | 0           |
|    learning_rate        | 0.0003      |
|    loss                 | 472         |
|    n_updates            | 40          |
|    policy_gradient_loss | -0.0196     |
|    std                  | 1.05        |
|    value_loss           | 1.4e+03     |
-----------------------------------------
-----------------------------------------
| time/                   |             |
|    fps                  | 581         |
|    iterations           | 10          |
|    time_elapsed         | 8           |
|    total_timesteps      | 5120        |
| train/                  |             |
|    approx_kl            | 0.015826605 |
|    clip_fraction        | 0.0656      |
|    clip_range           | 0.2         |
|    entropy_loss         | -4.4        |
|    explained_variance   | 1.19e-07    |
|    learning_rate        | 0.0003      |
|    loss                 | 275         |
|    n_updates            | 45          |
|    policy_gradient_loss | -0.00607    |
|    std                  | 1.05        |
|    value_loss           | 1.3e+03     |
-----------------------------------------
------------------------------------------
| time/                   |              |
|    fps                  | 602          |
|    iterations           | 11           |
|    time_elapsed         | 9            |
|    total_timesteps      | 5632         |
| train/                  |              |
|    approx_kl            | 0.0055098915 |
|    clip_fraction        | 0.0469       |
|    clip_range           | 0.2          |
|    entropy_loss         | -4.4         |
|    explained_variance   | -1.79e-06    |
|    learning_rate        | 0.0003       |
|    loss                 | 715          |
|    n_updates            | 50           |
|    policy_gradient_loss | 0.00223      |
|    std                  | 1.05         |
|    value_loss           | 1.28e+03     |
------------------------------------------
-----------------------------------------
| time/                   |             |
|    fps                  | 623         |
|    iterations           | 12          |
|    time_elapsed         | 9           |
|    total_timesteps      | 6144        |
| train/                  |             |
|    approx_kl            | 0.008665637 |
|    clip_fraction        | 0.066       |
|    clip_range           | 0.2         |
|    entropy_loss         | -4.4        |
|    explained_variance   | -1.19e-07   |
|    learning_rate        | 0.0003      |
|    loss                 | 1.03e+03    |
|    n_updates            | 55          |
|    policy_gradient_loss | -0.0117     |
|    std                  | 1.05        |
|    value_loss           | 1.62e+03    |
-----------------------------------------
------------------------------------------
| time/                   |              |
|    fps                  | 641          |
|    iterations           | 13           |
|    time_elapsed         | 10           |
|    total_timesteps      | 6656         |
| train/                  |              |
|    approx_kl            | 0.0062881596 |
|    clip_fraction        | 0.0449       |
|    clip_range           | 0.2          |
|    entropy_loss         | -4.4         |
|    explained_variance   | 0            |
|    learning_rate        | 0.0003       |
|    loss                 | 521          |
|    n_updates            | 60           |
|    policy_gradient_loss | -0.00606     |
|    std                  | 1.05         |
|    value_loss           | 1.87e+03     |
------------------------------------------
-----------------------------------------
| time/                   |             |
|    fps                  | 659         |
|    iterations           | 14          |
|    time_elapsed         | 10          |
|    total_timesteps      | 7168        |
| train/                  |             |
|    approx_kl            | 0.005035008 |
|    clip_fraction        | 0.0117      |
|    clip_range           | 0.2         |
|    entropy_loss         | -4.39       |
|    explained_variance   | 0           |
|    learning_rate        | 0.0003      |
|    loss                 | 796         |
|    n_updates            | 65          |
|    policy_gradient_loss | -0.00377    |
|    std                  | 1.05        |
|    value_loss           | 1.8e+03     |
-----------------------------------------
------------------------------------------
| time/                   |              |
|    fps                  | 650          |
|    iterations           | 15           |
|    time_elapsed         | 11           |
|    total_timesteps      | 7680         |
| train/                  |              |
|    approx_kl            | 0.0051864088 |
|    clip_fraction        | 0.032        |
|    clip_range           | 0.2          |
|    entropy_loss         | -4.39        |
|    explained_variance   | 0            |
|    learning_rate        | 0.0003       |
|    loss                 | 1.51e+03     |
|    n_updates            | 70           |
|    policy_gradient_loss | -0.00401     |
|    std                  | 1.05         |
|    value_loss           | 2.3e+03      |
------------------------------------------
------------------------------------------
| time/                   |              |
|    fps                  | 664          |
|    iterations           | 16           |
|    time_elapsed         | 12           |
|    total_timesteps      | 8192         |
| train/                  |              |
|    approx_kl            | 0.0021355995 |
|    clip_fraction        | 0.000781     |
|    clip_range           | 0.2          |
|    entropy_loss         | -4.39        |
|    explained_variance   | 0            |
|    learning_rate        | 0.0003       |
|    loss                 | 1.91e+03     |
|    n_updates            | 75           |
|    policy_gradient_loss | -0.0014      |
|    std                  | 1.05         |
|    value_loss           | 3.35e+03     |
------------------------------------------
------------------------------------------
| time/                   |              |
|    fps                  | 669          |
|    iterations           | 17           |
|    time_elapsed         | 13           |
|    total_timesteps      | 8704         |
| train/                  |              |
|    approx_kl            | 0.0071798014 |
|    clip_fraction        | 0.05         |
|    clip_range           | 0.2          |
|    entropy_loss         | -4.39        |
|    explained_variance   | 0            |
|    learning_rate        | 0.0003       |
|    loss                 | 1.02e+03     |
|    n_updates            | 80           |
|    policy_gradient_loss | -0.00822     |
|    std                  | 1.05         |
|    value_loss           | 3.15e+03     |
------------------------------------------
-----------------------------------------
| time/                   |             |
|    fps                  | 681         |
|    iterations           | 18          |
|    time_elapsed         | 13          |
|    total_timesteps      | 9216        |
| train/                  |             |
|    approx_kl            | 0.009958314 |
|    clip_fraction        | 0.0965      |
|    clip_range           | 0.2         |
|    entropy_loss         | -4.38       |
|    explained_variance   | -1.19e-07   |
|    learning_rate        | 0.0003      |
|    loss                 | 847         |
|    n_updates            | 85          |
|    policy_gradient_loss | -0.0108     |
|    std                  | 1.04        |
|    value_loss           | 3.06e+03    |
-----------------------------------------
-----------------------------------------
| time/                   |             |
|    fps                  | 664         |
|    iterations           | 19          |
|    time_elapsed         | 14          |
|    total_timesteps      | 9728        |
| train/                  |             |
|    approx_kl            | 0.008341171 |
|    clip_fraction        | 0.0688      |
|    clip_range           | 0.2         |
|    entropy_loss         | -4.38       |
|    explained_variance   | 0           |
|    learning_rate        | 0.0003      |
|    loss                 | 1.74e+03    |
|    n_updates            | 90          |
|    policy_gradient_loss | -0.00915    |
|    std                  | 1.04        |
|    value_loss           | 2.44e+03    |
-----------------------------------------
----------------------------------------
| time/                   |            |
|    fps                  | 655        |
|    iterations           | 20         |
|    time_elapsed         | 15         |
|    total_timesteps      | 10240      |
| train/                  |            |
|    approx_kl            | 0.00876873 |
|    clip_fraction        | 0.0539     |
|    clip_range           | 0.2        |
|    entropy_loss         | -4.37      |
|    explained_variance   | 0          |
|    learning_rate        | 0.0003     |
|    loss                 | 2.11e+03   |
|    n_updates            | 95         |
|    policy_gradient_loss | -0.00592   |
|    std                  | 1.04       |
|    value_loss           | 3.16e+03   |
----------------------------------------
-----------------------------------------
| time/                   |             |
|    fps                  | 667         |
|    iterations           | 21          |
|    time_elapsed         | 16          |
|    total_timesteps      | 10752       |
| train/                  |             |
|    approx_kl            | 0.005752365 |
|    clip_fraction        | 0.0363      |
|    clip_range           | 0.2         |
|    entropy_loss         | -4.37       |
|    explained_variance   | 5.96e-08    |
|    learning_rate        | 0.0003      |
|    loss                 | 1.81e+03    |
|    n_updates            | 100         |
|    policy_gradient_loss | -0.00452    |
|    std                  | 1.04        |
|    value_loss           | 4.55e+03    |
-----------------------------------------
------------------------------------------
| time/                   |              |
|    fps                  | 677          |
|    iterations           | 22           |
|    time_elapsed         | 16           |
|    total_timesteps      | 11264        |
| train/                  |              |
|    approx_kl            | 0.0058878046 |
|    clip_fraction        | 0.0371       |
|    clip_range           | 0.2          |
|    entropy_loss         | -4.36        |
|    explained_variance   | 5.96e-08     |
|    learning_rate        | 0.0003       |
|    loss                 | 3.47e+03     |
|    n_updates            | 105          |
|    policy_gradient_loss | -0.00623     |
|    std                  | 1.04         |
|    value_loss           | 5.29e+03     |
------------------------------------------
------------------------------------------
| time/                   |              |
|    fps                  | 687          |
|    iterations           | 23           |
|    time_elapsed         | 17           |
|    total_timesteps      | 11776        |
| train/                  |              |
|    approx_kl            | 0.0038859914 |
|    clip_fraction        | 0.00508      |
|    clip_range           | 0.2          |
|    entropy_loss         | -4.36        |
|    explained_variance   | 0            |
|    learning_rate        | 0.0003       |
|    loss                 | 2.22e+03     |
|    n_updates            | 110          |
|    policy_gradient_loss | -0.000975    |
|    std                  | 1.04         |
|    value_loss           | 5.75e+03     |
------------------------------------------
------------------------------------------
| rollout/                |              |
|    ep_len_mean          | 1.21e+04     |
|    ep_rew_mean          | 1.93e+04     |
| time/                   |              |
|    fps                  | 696          |
|    iterations           | 24           |
|    time_elapsed         | 17           |
|    total_timesteps      | 12288        |
| train/                  |              |
|    approx_kl            | 0.0069844555 |
|    clip_fraction        | 0.0488       |
|    clip_range           | 0.2          |
|    entropy_loss         | -4.36        |
|    explained_variance   | 0            |
|    learning_rate        | 0.0003       |
|    loss                 | 3.66e+03     |
|    n_updates            | 115          |
|    policy_gradient_loss | -0.00717     |
|    std                  | 1.04         |
|    value_loss           | 5.85e+03     |
------------------------------------------
----------------------------------------
| rollout/                |            |
|    ep_len_mean          | 1.21e+04   |
|    ep_rew_mean          | 1.93e+04   |
| time/                   |            |
|    fps                  | 705        |
|    iterations           | 25         |
|    time_elapsed         | 18         |
|    total_timesteps      | 12800      |
| train/                  |            |
|    approx_kl            | 0.00553907 |
|    clip_fraction        | 0.0133     |
|    clip_range           | 0.2        |
|    entropy_loss         | -4.36      |
|    explained_variance   | 1.19e-07   |
|    learning_rate        | 0.0003     |
|    loss                 | 4.1e+03    |
|    n_updates            | 120        |
|    policy_gradient_loss | -6.63e-05  |
|    std                  | 1.03       |
|    value_loss           | 7.36e+03   |
----------------------------------------
------------------------------------------
| rollout/                |              |
|    ep_len_mean          | 1.21e+04     |
|    ep_rew_mean          | 1.93e+04     |
| time/                   |              |
|    fps                  | 714          |
|    iterations           | 26           |
|    time_elapsed         | 18           |
|    total_timesteps      | 13312        |
| train/                  |              |
|    approx_kl            | 0.0052665095 |
|    clip_fraction        | 0.135        |
|    clip_range           | 0.2          |
|    entropy_loss         | -4.35        |
|    explained_variance   | 0            |
|    learning_rate        | 0.0003       |
|    loss                 | 5.65e+03     |
|    n_updates            | 125          |
|    policy_gradient_loss | 0.000535     |
|    std                  | 1.03         |
|    value_loss           | 9.86e+03     |
------------------------------------------
-----------------------------------------
| rollout/                |             |
|    ep_len_mean          | 1.21e+04    |
|    ep_rew_mean          | 1.93e+04    |
| time/                   |             |
|    fps                  | 722         |
|    iterations           | 27          |
|    time_elapsed         | 19          |
|    total_timesteps      | 13824       |
| train/                  |             |
|    approx_kl            | 0.008630622 |
|    clip_fraction        | 0.0742      |
|    clip_range           | 0.2         |
|    entropy_loss         | -4.35       |
|    explained_variance   | 1.19e-07    |
|    learning_rate        | 0.0003      |
|    loss                 | 2.05e+03    |
|    n_updates            | 130         |
|    policy_gradient_loss | -0.00782    |
|    std                  | 1.03        |
|    value_loss           | 4.45e+03    |
-----------------------------------------
-----------------------------------------
| rollout/                |             |
|    ep_len_mean          | 1.21e+04    |
|    ep_rew_mean          | 1.93e+04    |
| time/                   |             |
|    fps                  | 726         |
|    iterations           | 28          |
|    time_elapsed         | 19          |
|    total_timesteps      | 14336       |
| train/                  |             |
|    approx_kl            | 0.003839588 |
|    clip_fraction        | 0.0246      |
|    clip_range           | 0.2         |
|    entropy_loss         | -4.35       |
|    explained_variance   | 0           |
|    learning_rate        | 0.0003      |
|    loss                 | 2.28e+03    |
|    n_updates            | 135         |
|    policy_gradient_loss | -0.00239    |
|    std                  | 1.03        |
|    value_loss           | 5.64e+03    |
-----------------------------------------
------------------------------------------
| rollout/                |              |
|    ep_len_mean          | 1.21e+04     |
|    ep_rew_mean          | 1.93e+04     |
| time/                   |              |
|    fps                  | 718          |
|    iterations           | 29           |
|    time_elapsed         | 20           |
|    total_timesteps      | 14848        |
| train/                  |              |
|    approx_kl            | 0.0020263833 |
|    clip_fraction        | 0            |
|    clip_range           | 0.2          |
|    entropy_loss         | -4.35        |
|    explained_variance   | -1.19e-07    |
|    learning_rate        | 0.0003       |
|    loss                 | 3.48e+03     |
|    n_updates            | 140          |
|    policy_gradient_loss | 0.000438     |
|    std                  | 1.03         |
|    value_loss           | 6.64e+03     |
------------------------------------------
-----------------------------------------
| rollout/                |             |
|    ep_len_mean          | 1.21e+04    |
|    ep_rew_mean          | 1.93e+04    |
| time/                   |             |
|    fps                  | 724         |
|    iterations           | 30          |
|    time_elapsed         | 21          |
|    total_timesteps      | 15360       |
| train/                  |             |
|    approx_kl            | 0.005643771 |
|    clip_fraction        | 0.041       |
|    clip_range           | 0.2         |
|    entropy_loss         | -4.34       |
|    explained_variance   | -1.19e-07   |
|    learning_rate        | 0.0003      |
|    loss                 | 2.87e+03    |
|    n_updates            | 145         |
|    policy_gradient_loss | -0.0041     |
|    std                  | 1.03        |
|    value_loss           | 5.04e+03    |
-----------------------------------------
-----------------------------------------
| rollout/                |             |
|    ep_len_mean          | 1.21e+04    |
|    ep_rew_mean          | 1.93e+04    |
| time/                   |             |
|    fps                  | 730         |
|    iterations           | 31          |
|    time_elapsed         | 21          |
|    total_timesteps      | 15872       |
| train/                  |             |
|    approx_kl            | 0.004302918 |
|    clip_fraction        | 0.00781     |
|    clip_range           | 0.2         |
|    entropy_loss         | -4.34       |
|    explained_variance   | -1.19e-07   |
|    learning_rate        | 0.0003      |
|    loss                 | 3.72e+03    |
|    n_updates            | 150         |
|    policy_gradient_loss | -0.000499   |
|    std                  | 1.03        |
|    value_loss           | 5.65e+03    |
-----------------------------------------
------------------------------------------
| rollout/                |              |
|    ep_len_mean          | 1.21e+04     |
|    ep_rew_mean          | 1.93e+04     |
| time/                   |              |
|    fps                  | 737          |
|    iterations           | 32           |
|    time_elapsed         | 22           |
|    total_timesteps      | 16384        |
| train/                  |              |
|    approx_kl            | 0.0032224664 |
|    clip_fraction        | 0.0367       |
|    clip_range           | 0.2          |
|    entropy_loss         | -4.33        |
|    explained_variance   | 1.19e-07     |
|    learning_rate        | 0.0003       |
|    loss                 | 2.83e+03     |
|    n_updates            | 155          |
|    policy_gradient_loss | -0.00073     |
|    std                  | 1.03         |
|    value_loss           | 5.37e+03     |
------------------------------------------
-----------------------------------------
| rollout/                |             |
|    ep_len_mean          | 1.21e+04    |
|    ep_rew_mean          | 1.93e+04    |
| time/                   |             |
|    fps                  | 743         |
|    iterations           | 33          |
|    time_elapsed         | 22          |
|    total_timesteps      | 16896       |
| train/                  |             |
|    approx_kl            | 0.010615464 |
|    clip_fraction        | 0.0758      |
|    clip_range           | 0.2         |
|    entropy_loss         | -4.33       |
|    explained_variance   | 0           |
|    learning_rate        | 0.0003      |
|    loss                 | 2.43e+03    |
|    n_updates            | 160         |
|    policy_gradient_loss | -0.00558    |
|    std                  | 1.03        |
|    value_loss           | 5.39e+03    |
-----------------------------------------
-----------------------------------------
| rollout/                |             |
|    ep_len_mean          | 1.21e+04    |
|    ep_rew_mean          | 1.93e+04    |
| time/                   |             |
|    fps                  | 747         |
|    iterations           | 34          |
|    time_elapsed         | 23          |
|    total_timesteps      | 17408       |
| train/                  |             |
|    approx_kl            | 0.005783695 |
|    clip_fraction        | 0.0191      |
|    clip_range           | 0.2         |
|    entropy_loss         | -4.33       |
|    explained_variance   | 0           |
|    learning_rate        | 0.0003      |
|    loss                 | 3.11e+03    |
|    n_updates            | 165         |
|    policy_gradient_loss | -0.000195   |
|    std                  | 1.02        |
|    value_loss           | 4.49e+03    |
-----------------------------------------
------------------------------------------
| rollout/                |              |
|    ep_len_mean          | 1.21e+04     |
|    ep_rew_mean          | 1.93e+04     |
| time/                   |              |
|    fps                  | 734          |
|    iterations           | 35           |
|    time_elapsed         | 24           |
|    total_timesteps      | 17920        |
| train/                  |              |
|    approx_kl            | 0.0052165203 |
|    clip_fraction        | 0.0254       |
|    clip_range           | 0.2          |
|    entropy_loss         | -4.33        |
|    explained_variance   | 0            |
|    learning_rate        | 0.0003       |
|    loss                 | 1.92e+03     |
|    n_updates            | 170          |
|    policy_gradient_loss | -0.000353    |
|    std                  | 1.03         |
|    value_loss           | 4.41e+03     |
------------------------------------------
------------------------------------------
| rollout/                |              |
|    ep_len_mean          | 1.21e+04     |
|    ep_rew_mean          | 1.93e+04     |
| time/                   |              |
|    fps                  | 734          |
|    iterations           | 36           |
|    time_elapsed         | 25           |
|    total_timesteps      | 18432        |
| train/                  |              |
|    approx_kl            | 0.0059435917 |
|    clip_fraction        | 0.0637       |
|    clip_range           | 0.2          |
|    entropy_loss         | -4.33        |
|    explained_variance   | 0            |
|    learning_rate        | 0.0003       |
|    loss                 | 2.32e+03     |
|    n_updates            | 175          |
|    policy_gradient_loss | -0.00165     |
|    std                  | 1.03         |
|    value_loss           | 5.1e+03      |
------------------------------------------
-----------------------------------------
| rollout/                |             |
|    ep_len_mean          | 1.21e+04    |
|    ep_rew_mean          | 1.93e+04    |
| time/                   |             |
|    fps                  | 720         |
|    iterations           | 37          |
|    time_elapsed         | 26          |
|    total_timesteps      | 18944       |
| train/                  |             |
|    approx_kl            | 0.008316513 |
|    clip_fraction        | 0.1         |
|    clip_range           | 0.2         |
|    entropy_loss         | -4.33       |
|    explained_variance   | 0           |
|    learning_rate        | 0.0003      |
|    loss                 | 1.29e+03    |
|    n_updates            | 180         |
|    policy_gradient_loss | -0.00232    |
|    std                  | 1.03        |
|    value_loss           | 4.25e+03    |
-----------------------------------------
-----------------------------------------
| rollout/                |             |
|    ep_len_mean          | 1.21e+04    |
|    ep_rew_mean          | 1.93e+04    |
| time/                   |             |
|    fps                  | 708         |
|    iterations           | 38          |
|    time_elapsed         | 27          |
|    total_timesteps      | 19456       |
| train/                  |             |
|    approx_kl            | 0.006617056 |
|    clip_fraction        | 0.0828      |
|    clip_range           | 0.2         |
|    entropy_loss         | -4.32       |
|    explained_variance   | 0           |
|    learning_rate        | 0.0003      |
|    loss                 | 3.33e+03    |
|    n_updates            | 185         |
|    policy_gradient_loss | -8.79e-05   |
|    std                  | 1.02        |
|    value_loss           | 5.12e+03    |
-----------------------------------------
------------------------------------------
| rollout/                |              |
|    ep_len_mean          | 1.21e+04     |
|    ep_rew_mean          | 1.93e+04     |
| time/                   |              |
|    fps                  | 697          |
|    iterations           | 39           |
|    time_elapsed         | 28           |
|    total_timesteps      | 19968        |
| train/                  |              |
|    approx_kl            | 0.0071607353 |
|    clip_fraction        | 0.118        |
|    clip_range           | 0.2          |
|    entropy_loss         | -4.33        |
|    explained_variance   | 0            |
|    learning_rate        | 0.0003       |
|    loss                 | 2.37e+03     |
|    n_updates            | 190          |
|    policy_gradient_loss | -0.00333     |
|    std                  | 1.03         |
|    value_loss           | 4.8e+03      |
------------------------------------------
-----------------------------------------
| rollout/                |             |
|    ep_len_mean          | 1.21e+04    |
|    ep_rew_mean          | 1.93e+04    |
| time/                   |             |
|    fps                  | 690         |
|    iterations           | 40          |
|    time_elapsed         | 29          |
|    total_timesteps      | 20480       |
| train/                  |             |
|    approx_kl            | 0.021084994 |
|    clip_fraction        | 0.1         |
|    clip_range           | 0.2         |
|    entropy_loss         | -4.33       |
|    explained_variance   | 0           |
|    learning_rate        | 0.0003      |
|    loss                 | 2.33e+03    |
|    n_updates            | 195         |
|    policy_gradient_loss | 3.29e-05    |
|    std                  | 1.03        |
|    value_loss           | 4.45e+03    |
-----------------------------------------
-----------------------------------------
| rollout/                |             |
|    ep_len_mean          | 1.21e+04    |
|    ep_rew_mean          | 1.93e+04    |
| time/                   |             |
|    fps                  | 683         |
|    iterations           | 41          |
|    time_elapsed         | 30          |
|    total_timesteps      | 20992       |
| train/                  |             |
|    approx_kl            | 0.009775395 |
|    clip_fraction        | 0.125       |
|    clip_range           | 0.2         |
|    entropy_loss         | -4.32       |
|    explained_variance   | 0           |
|    learning_rate        | 0.0003      |
|    loss                 | 2.29e+03    |
|    n_updates            | 200         |
|    policy_gradient_loss | -0.0112     |
|    std                  | 1.02        |
|    value_loss           | 4.41e+03    |
-----------------------------------------
-----------------------------------------
| rollout/                |             |
|    ep_len_mean          | 1.21e+04    |
|    ep_rew_mean          | 1.93e+04    |
| time/                   |             |
|    fps                  | 688         |
|    iterations           | 42          |
|    time_elapsed         | 31          |
|    total_timesteps      | 21504       |
| train/                  |             |
|    approx_kl            | 0.006598332 |
|    clip_fraction        | 0.057       |
|    clip_range           | 0.2         |
|    entropy_loss         | -4.32       |
|    explained_variance   | 5.96e-08    |
|    learning_rate        | 0.0003      |
|    loss                 | 809         |
|    n_updates            | 205         |
|    policy_gradient_loss | -0.000126   |
|    std                  | 1.02        |
|    value_loss           | 3.63e+03    |
-----------------------------------------
------------------------------------------
| rollout/                |              |
|    ep_len_mean          | 1.21e+04     |
|    ep_rew_mean          | 1.93e+04     |
| time/                   |              |
|    fps                  | 693          |
|    iterations           | 43           |
|    time_elapsed         | 31           |
|    total_timesteps      | 22016        |
| train/                  |              |
|    approx_kl            | 0.0050493856 |
|    clip_fraction        | 0.0613       |
|    clip_range           | 0.2          |
|    entropy_loss         | -4.32        |
|    explained_variance   | 0            |
|    learning_rate        | 0.0003       |
|    loss                 | 1.44e+03     |
|    n_updates            | 210          |
|    policy_gradient_loss | 7.12e-05     |
|    std                  | 1.02         |
|    value_loss           | 3.36e+03     |
------------------------------------------
-----------------------------------------
| rollout/                |             |
|    ep_len_mean          | 1.21e+04    |
|    ep_rew_mean          | 1.93e+04    |
| time/                   |             |
|    fps                  | 697         |
|    iterations           | 44          |
|    time_elapsed         | 32          |
|    total_timesteps      | 22528       |
| train/                  |             |
|    approx_kl            | 0.006630022 |
|    clip_fraction        | 0.0762      |
|    clip_range           | 0.2         |
|    entropy_loss         | -4.3        |
|    explained_variance   | 0           |
|    learning_rate        | 0.0003      |
|    loss                 | 3.16e+03    |
|    n_updates            | 215         |
|    policy_gradient_loss | -7.6e-05    |
|    std                  | 1.02        |
|    value_loss           | 6.78e+03    |
-----------------------------------------
------------------------------------------
| rollout/                |              |
|    ep_len_mean          | 1.21e+04     |
|    ep_rew_mean          | 1.93e+04     |
| time/                   |              |
|    fps                  | 702          |
|    iterations           | 45           |
|    time_elapsed         | 32           |
|    total_timesteps      | 23040        |
| train/                  |              |
|    approx_kl            | 0.0047497526 |
|    clip_fraction        | 0.0309       |
|    clip_range           | 0.2          |
|    entropy_loss         | -4.29        |
|    explained_variance   | 5.96e-08     |
|    learning_rate        | 0.0003       |
|    loss                 | 2.19e+03     |
|    n_updates            | 220          |
|    policy_gradient_loss | 0.000886     |
|    std                  | 1.01         |
|    value_loss           | 5.55e+03     |
------------------------------------------
-----------------------------------------
| rollout/                |             |
|    ep_len_mean          | 1.21e+04    |
|    ep_rew_mean          | 1.93e+04    |
| time/                   |             |
|    fps                  | 706         |
|    iterations           | 46          |
|    time_elapsed         | 33          |
|    total_timesteps      | 23552       |
| train/                  |             |
|    approx_kl            | 0.009011299 |
|    clip_fraction        | 0.0926      |
|    clip_range           | 0.2         |
|    entropy_loss         | -4.29       |
|    explained_variance   | 0           |
|    learning_rate        | 0.0003      |
|    loss                 | 2.9e+03     |
|    n_updates            | 225         |
|    policy_gradient_loss | -0.0043     |
|    std                  | 1.01        |
|    value_loss           | 5.74e+03    |
-----------------------------------------
----------------------------------------
| rollout/                |            |
|    ep_len_mean          | 1.21e+04   |
|    ep_rew_mean          | 1.93e+04   |
| time/                   |            |
|    fps                  | 711        |
|    iterations           | 47         |
|    time_elapsed         | 33         |
|    total_timesteps      | 24064      |
| train/                  |            |
|    approx_kl            | 0.01238386 |
|    clip_fraction        | 0.0828     |
|    clip_range           | 0.2        |
|    entropy_loss         | -4.29      |
|    explained_variance   | 0          |
|    learning_rate        | 0.0003     |
|    loss                 | 2.27e+03   |
|    n_updates            | 230        |
|    policy_gradient_loss | -0.00256   |
|    std                  | 1.01       |
|    value_loss           | 6.21e+03   |
----------------------------------------
-----------------------------------------
| rollout/                |             |
|    ep_len_mean          | 1.21e+04    |
|    ep_rew_mean          | 3.44e+04    |
| time/                   |             |
|    fps                  | 715         |
|    iterations           | 48          |
|    time_elapsed         | 34          |
|    total_timesteps      | 24576       |
| train/                  |             |
|    approx_kl            | 0.008396907 |
|    clip_fraction        | 0.0926      |
|    clip_range           | 0.2         |
|    entropy_loss         | -4.29       |
|    explained_variance   | 0           |
|    learning_rate        | 0.0003      |
|    loss                 | 3.67e+03    |
|    n_updates            | 235         |
|    policy_gradient_loss | -0.00135    |
|    std                  | 1.01        |
|    value_loss           | 6.48e+03    |
-----------------------------------------
/home/konstantin/dev/crypto_rl/.conda/lib/python3.12/site-packages/stable_baselines3/common/evaluation.py:70: UserWarning: Evaluation environment is not wrapped with a ``Monitor`` wrapper. This may result in reporting modified episode lengths and rewards, if other wrappers happen to modify these. Consider wrapping environment first with ``Monitor`` wrapper.
  warnings.warn(
Eval num_timesteps=25000, episode_reward=20018.19 +/- 0.00
Episode length: 4031.00 +/- 0.00
-----------------------------------------
| eval/                   |             |
|    mean_ep_length       | 4.03e+03    |
|    mean_reward          | 2e+04       |
| time/                   |             |
|    total_timesteps      | 25000       |
| train/                  |             |
|    approx_kl            | 0.005256211 |
|    clip_fraction        | 0.329       |
|    clip_range           | 0.2         |
|    entropy_loss         | -4.27       |
|    explained_variance   | 1.19e-07    |
|    learning_rate        | 0.0003      |
|    loss                 | 4.27e+03    |
|    n_updates            | 240         |
|    policy_gradient_loss | 0.0299      |
|    std                  | 1           |
|    value_loss           | 1.16e+04    |
-----------------------------------------
New best mean reward!
---------------------------------
| rollout/           |          |
|    ep_len_mean     | 1.21e+04 |
|    ep_rew_mean     | 3.44e+04 |
| time/              |          |
|    fps             | 695      |
|    iterations      | 49       |
|    time_elapsed    | 36       |
|    total_timesteps | 25088    |
---------------------------------
------------------------------------------
| rollout/                |              |
|    ep_len_mean          | 1.21e+04     |
|    ep_rew_mean          | 3.44e+04     |
| time/                   |              |
|    fps                  | 689          |
|    iterations           | 50           |
|    time_elapsed         | 37           |
|    total_timesteps      | 25600        |
| train/                  |              |
|    approx_kl            | 0.0116293505 |
|    clip_fraction        | 0.131        |
|    clip_range           | 0.2          |
|    entropy_loss         | -4.25        |
|    explained_variance   | -1.19e-07    |
|    learning_rate        | 0.0003       |
|    loss                 | 5.48e+03     |
|    n_updates            | 245          |
|    policy_gradient_loss | -0.00182     |
|    std                  | 1            |
|    value_loss           | 9.83e+03     |
------------------------------------------
-----------------------------------------
| rollout/                |             |
|    ep_len_mean          | 1.21e+04    |
|    ep_rew_mean          | 3.44e+04    |
| time/                   |             |
|    fps                  | 693         |
|    iterations           | 51          |
|    time_elapsed         | 37          |
|    total_timesteps      | 26112       |
| train/                  |             |
|    approx_kl            | 0.012327464 |
|    clip_fraction        | 0.166       |
|    clip_range           | 0.2         |
|    entropy_loss         | -4.25       |
|    explained_variance   | 0           |
|    learning_rate        | 0.0003      |
|    loss                 | 3.09e+03    |
|    n_updates            | 250         |
|    policy_gradient_loss | 0.00254     |
|    std                  | 0.999       |
|    value_loss           | 6.63e+03    |
-----------------------------------------
----------------------------------------
| rollout/                |            |
|    ep_len_mean          | 1.21e+04   |
|    ep_rew_mean          | 3.44e+04   |
| time/                   |            |
|    fps                  | 689        |
|    iterations           | 52         |
|    time_elapsed         | 38         |
|    total_timesteps      | 26624      |
| train/                  |            |
|    approx_kl            | 0.11407721 |
|    clip_fraction        | 0.203      |
|    clip_range           | 0.2        |
|    entropy_loss         | -4.25      |
|    explained_variance   | 0          |
|    learning_rate        | 0.0003     |
|    loss                 | 1.98e+03   |
|    n_updates            | 255        |
|    policy_gradient_loss | 0.0202     |
|    std                  | 0.998      |
|    value_loss           | 6.74e+03   |
----------------------------------------
------------------------------------------
| rollout/                |              |
|    ep_len_mean          | 1.21e+04     |
|    ep_rew_mean          | 3.44e+04     |
| time/                   |              |
|    fps                  | 683          |
|    iterations           | 53           |
|    time_elapsed         | 39           |
|    total_timesteps      | 27136        |
| train/                  |              |
|    approx_kl            | 0.0054942304 |
|    clip_fraction        | 0.165        |
|    clip_range           | 0.2          |
|    entropy_loss         | -4.24        |
|    explained_variance   | 0            |
|    learning_rate        | 0.0003       |
|    loss                 | 1.88e+03     |
|    n_updates            | 260          |
|    policy_gradient_loss | 0.00834      |
|    std                  | 0.998        |
|    value_loss           | 5.99e+03     |
------------------------------------------
------------------------------------------
| rollout/                |              |
|    ep_len_mean          | 1.21e+04     |
|    ep_rew_mean          | 3.44e+04     |
| time/                   |              |
|    fps                  | 680          |
|    iterations           | 54           |
|    time_elapsed         | 40           |
|    total_timesteps      | 27648        |
| train/                  |              |
|    approx_kl            | 0.0038109291 |
|    clip_fraction        | 0.0301       |
|    clip_range           | 0.2          |
|    entropy_loss         | -4.24        |
|    explained_variance   | -1.19e-07    |
|    learning_rate        | 0.0003       |
|    loss                 | 1.96e+03     |
|    n_updates            | 265          |
|    policy_gradient_loss | 0.000134     |
|    std                  | 0.996        |
|    value_loss           | 5.88e+03     |
------------------------------------------
------------------------------------------
| rollout/                |              |
|    ep_len_mean          | 1.21e+04     |
|    ep_rew_mean          | 3.44e+04     |
| time/                   |              |
|    fps                  | 683          |
|    iterations           | 55           |
|    time_elapsed         | 41           |
|    total_timesteps      | 28160        |
| train/                  |              |
|    approx_kl            | 0.0056090103 |
|    clip_fraction        | 0.134        |
|    clip_range           | 0.2          |
|    entropy_loss         | -4.24        |
|    explained_variance   | -1.19e-07    |
|    learning_rate        | 0.0003       |
|    loss                 | 2.45e+03     |
|    n_updates            | 270          |
|    policy_gradient_loss | 0.000818     |
|    std                  | 0.995        |
|    value_loss           | 4.78e+03     |
------------------------------------------
-----------------------------------------
| rollout/                |             |
|    ep_len_mean          | 1.21e+04    |
|    ep_rew_mean          | 3.44e+04    |
| time/                   |             |
|    fps                  | 687         |
|    iterations           | 56          |
|    time_elapsed         | 41          |
|    total_timesteps      | 28672       |
| train/                  |             |
|    approx_kl            | 0.010229249 |
|    clip_fraction        | 0.138       |
|    clip_range           | 0.2         |
|    entropy_loss         | -4.24       |
|    explained_variance   | 5.96e-08    |
|    learning_rate        | 0.0003      |
|    loss                 | 2.54e+03    |
|    n_updates            | 275         |
|    policy_gradient_loss | 0.00372     |
|    std                  | 0.996       |
|    value_loss           | 4.2e+03     |
-----------------------------------------
-----------------------------------------
| rollout/                |             |
|    ep_len_mean          | 1.21e+04    |
|    ep_rew_mean          | 3.44e+04    |
| time/                   |             |
|    fps                  | 691         |
|    iterations           | 57          |
|    time_elapsed         | 42          |
|    total_timesteps      | 29184       |
| train/                  |             |
|    approx_kl            | 0.021993212 |
|    clip_fraction        | 0.241       |
|    clip_range           | 0.2         |
|    entropy_loss         | -4.24       |
|    explained_variance   | 0           |
|    learning_rate        | 0.0003      |
|    loss                 | 4.95e+03    |
|    n_updates            | 280         |
|    policy_gradient_loss | 0.0106      |
|    std                  | 1           |
|    value_loss           | 7.06e+03    |
-----------------------------------------
------------------------------------------
| rollout/                |              |
|    ep_len_mean          | 1.21e+04     |
|    ep_rew_mean          | 3.44e+04     |
| time/                   |              |
|    fps                  | 694          |
|    iterations           | 58           |
|    time_elapsed         | 42           |
|    total_timesteps      | 29696        |
| train/                  |              |
|    approx_kl            | 0.0025328184 |
|    clip_fraction        | 0.0156       |
|    clip_range           | 0.2          |
|    entropy_loss         | -4.25        |
|    explained_variance   | 0            |
|    learning_rate        | 0.0003       |
|    loss                 | 2.89e+03     |
|    n_updates            | 285          |
|    policy_gradient_loss | -4.66e-05    |
|    std                  | 1            |
|    value_loss           | 8.19e+03     |
------------------------------------------
------------------------------------------
| rollout/                |              |
|    ep_len_mean          | 1.21e+04     |
|    ep_rew_mean          | 3.44e+04     |
| time/                   |              |
|    fps                  | 698          |
|    iterations           | 59           |
|    time_elapsed         | 43           |
|    total_timesteps      | 30208        |
| train/                  |              |
|    approx_kl            | 0.0048907027 |
|    clip_fraction        | 0.0434       |
|    clip_range           | 0.2          |
|    entropy_loss         | -4.25        |
|    explained_variance   | 0            |
|    learning_rate        | 0.0003       |
|    loss                 | 3.3e+03      |
|    n_updates            | 290          |
|    policy_gradient_loss | -0.00451     |
|    std                  | 1            |
|    value_loss           | 6.43e+03     |
------------------------------------------
-----------------------------------------
| rollout/                |             |
|    ep_len_mean          | 1.21e+04    |
|    ep_rew_mean          | 3.44e+04    |
| time/                   |             |
|    fps                  | 700         |
|    iterations           | 60          |
|    time_elapsed         | 43          |
|    total_timesteps      | 30720       |
| train/                  |             |
|    approx_kl            | 0.010691934 |
|    clip_fraction        | 0.353       |
|    clip_range           | 0.2         |
|    entropy_loss         | -4.24       |
|    explained_variance   | 0           |
|    learning_rate        | 0.0003      |
|    loss                 | 2.35e+03    |
|    n_updates            | 295         |
|    policy_gradient_loss | 0.0264      |
|    std                  | 0.998       |
|    value_loss           | 5.46e+03    |
-----------------------------------------
------------------------------------------
| rollout/                |              |
|    ep_len_mean          | 1.21e+04     |
|    ep_rew_mean          | 3.44e+04     |
| time/                   |              |
|    fps                  | 702          |
|    iterations           | 61           |
|    time_elapsed         | 44           |
|    total_timesteps      | 31232        |
| train/                  |              |
|    approx_kl            | 0.0037336648 |
|    clip_fraction        | 0.00664      |
|    clip_range           | 0.2          |
|    entropy_loss         | -4.24        |
|    explained_variance   | -1.19e-07    |
|    learning_rate        | 0.0003       |
|    loss                 | 3.54e+03     |
|    n_updates            | 300          |
|    policy_gradient_loss | -0.000156    |
|    std                  | 0.999        |
|    value_loss           | 5.72e+03     |
------------------------------------------
-----------------------------------------
| rollout/                |             |
|    ep_len_mean          | 1.21e+04    |
|    ep_rew_mean          | 3.44e+04    |
| time/                   |             |
|    fps                  | 705         |
|    iterations           | 62          |
|    time_elapsed         | 45          |
|    total_timesteps      | 31744       |
| train/                  |             |
|    approx_kl            | 0.010360198 |
|    clip_fraction        | 0.126       |
|    clip_range           | 0.2         |
|    entropy_loss         | -4.24       |
|    explained_variance   | 0           |
|    learning_rate        | 0.0003      |
|    loss                 | 4.95e+03    |
|    n_updates            | 305         |
|    policy_gradient_loss | -0.0125     |
|    std                  | 0.998       |
|    value_loss           | 6.41e+03    |
-----------------------------------------
---------------------------------------
| rollout/                |           |
|    ep_len_mean          | 1.21e+04  |
|    ep_rew_mean          | 3.44e+04  |
| time/                   |           |
|    fps                  | 708       |
|    iterations           | 63        |
|    time_elapsed         | 45        |
|    total_timesteps      | 32256     |
| train/                  |           |
|    approx_kl            | 0.0775418 |
|    clip_fraction        | 0.2       |
|    clip_range           | 0.2       |
|    entropy_loss         | -4.24     |
|    explained_variance   | 0         |
|    learning_rate        | 0.0003    |
|    loss                 | 2.77e+03  |
|    n_updates            | 310       |
|    policy_gradient_loss | 0.015     |
|    std                  | 1         |
|    value_loss           | 5.37e+03  |
---------------------------------------
-----------------------------------------
| rollout/                |             |
|    ep_len_mean          | 1.21e+04    |
|    ep_rew_mean          | 3.44e+04    |
| time/                   |             |
|    fps                  | 710         |
|    iterations           | 64          |
|    time_elapsed         | 46          |
|    total_timesteps      | 32768       |
| train/                  |             |
|    approx_kl            | 0.011356938 |
|    clip_fraction        | 0.0957      |
|    clip_range           | 0.2         |
|    entropy_loss         | -4.25       |
|    explained_variance   | 0           |
|    learning_rate        | 0.0003      |
|    loss                 | 3.85e+03    |
|    n_updates            | 315         |
|    policy_gradient_loss | -0.00048    |
|    std                  | 1           |
|    value_loss           | 5.75e+03    |
-----------------------------------------
------------------------------------------
| rollout/                |              |
|    ep_len_mean          | 1.21e+04     |
|    ep_rew_mean          | 3.44e+04     |
| time/                   |              |
|    fps                  | 712          |
|    iterations           | 65           |
|    time_elapsed         | 46           |
|    total_timesteps      | 33280        |
| train/                  |              |
|    approx_kl            | 0.0053132847 |
|    clip_fraction        | 0.0484       |
|    clip_range           | 0.2          |
|    entropy_loss         | -4.24        |
|    explained_variance   | 5.96e-08     |
|    learning_rate        | 0.0003       |
|    loss                 | 3.32e+03     |
|    n_updates            | 320          |
|    policy_gradient_loss | -0.00228     |
|    std                  | 0.995        |
|    value_loss           | 5.5e+03      |
------------------------------------------
-----------------------------------------
| rollout/                |             |
|    ep_len_mean          | 1.21e+04    |
|    ep_rew_mean          | 3.44e+04    |
| time/                   |             |
|    fps                  | 715         |
|    iterations           | 66          |
|    time_elapsed         | 47          |
|    total_timesteps      | 33792       |
| train/                  |             |
|    approx_kl            | 0.011976822 |
|    clip_fraction        | 0.152       |
|    clip_range           | 0.2         |
|    entropy_loss         | -4.24       |
|    explained_variance   | 5.96e-08    |
|    learning_rate        | 0.0003      |
|    loss                 | 1.83e+03    |
|    n_updates            | 325         |
|    policy_gradient_loss | 0.00352     |
|    std                  | 0.996       |
|    value_loss           | 4.96e+03    |
-----------------------------------------
-----------------------------------------
| rollout/                |             |
|    ep_len_mean          | 1.21e+04    |
|    ep_rew_mean          | 3.44e+04    |
| time/                   |             |
|    fps                  | 712         |
|    iterations           | 67          |
|    time_elapsed         | 48          |
|    total_timesteps      | 34304       |
| train/                  |             |
|    approx_kl            | 0.023091797 |
|    clip_fraction        | 0.143       |
|    clip_range           | 0.2         |
|    entropy_loss         | -4.22       |
|    explained_variance   | 0           |
|    learning_rate        | 0.0003      |
|    loss                 | 4.37e+03    |
|    n_updates            | 330         |
|    policy_gradient_loss | 0.00889     |
|    std                  | 0.984       |
|    value_loss           | 9.98e+03    |
-----------------------------------------
-----------------------------------------
| rollout/                |             |
|    ep_len_mean          | 1.21e+04    |
|    ep_rew_mean          | 3.44e+04    |
| time/                   |             |
|    fps                  | 714         |
|    iterations           | 68          |
|    time_elapsed         | 48          |
|    total_timesteps      | 34816       |
| train/                  |             |
|    approx_kl            | 0.005228836 |
|    clip_fraction        | 0.173       |
|    clip_range           | 0.2         |
|    entropy_loss         | -4.19       |
|    explained_variance   | 0           |
|    learning_rate        | 0.0003      |
|    loss                 | 5.72e+03    |
|    n_updates            | 335         |
|    policy_gradient_loss | 0.00529     |
|    std                  | 0.981       |
|    value_loss           | 8.03e+03    |
-----------------------------------------
-----------------------------------------
| rollout/                |             |
|    ep_len_mean          | 1.21e+04    |
|    ep_rew_mean          | 3.44e+04    |
| time/                   |             |
|    fps                  | 716         |
|    iterations           | 69          |
|    time_elapsed         | 49          |
|    total_timesteps      | 35328       |
| train/                  |             |
|    approx_kl            | 0.023193108 |
|    clip_fraction        | 0.172       |
|    clip_range           | 0.2         |
|    entropy_loss         | -4.19       |
|    explained_variance   | 0           |
|    learning_rate        | 0.0003      |
|    loss                 | 3.79e+03    |
|    n_updates            | 340         |
|    policy_gradient_loss | 0.00352     |
|    std                  | 0.977       |
|    value_loss           | 6.74e+03    |
-----------------------------------------
-----------------------------------------
| rollout/                |             |
|    ep_len_mean          | 1.21e+04    |
|    ep_rew_mean          | 3.44e+04    |
| time/                   |             |
|    fps                  | 719         |
|    iterations           | 70          |
|    time_elapsed         | 49          |
|    total_timesteps      | 35840       |
| train/                  |             |
|    approx_kl            | 0.011874964 |
|    clip_fraction        | 0.217       |
|    clip_range           | 0.2         |
|    entropy_loss         | -4.18       |
|    explained_variance   | 0           |
|    learning_rate        | 0.0003      |
|    loss                 | 2.54e+03    |
|    n_updates            | 345         |
|    policy_gradient_loss | 0.00181     |
|    std                  | 0.976       |
|    value_loss           | 4.89e+03    |
-----------------------------------------
-----------------------------------------
| rollout/                |             |
|    ep_len_mean          | 1.21e+04    |
|    ep_rew_mean          | 3.98e+04    |
| time/                   |             |
|    fps                  | 720         |
|    iterations           | 71          |
|    time_elapsed         | 50          |
|    total_timesteps      | 36352       |
| train/                  |             |
|    approx_kl            | 0.038729846 |
|    clip_fraction        | 0.344       |
|    clip_range           | 0.2         |
|    entropy_loss         | -4.18       |
|    explained_variance   | 0           |
|    learning_rate        | 0.0003      |
|    loss                 | 2.49e+03    |
|    n_updates            | 350         |
|    policy_gradient_loss | 0.0231      |
|    std                  | 0.976       |
|    value_loss           | 5.65e+03    |
-----------------------------------------
-----------------------------------------
| rollout/                |             |
|    ep_len_mean          | 1.21e+04    |
|    ep_rew_mean          | 3.98e+04    |
| time/                   |             |
|    fps                  | 717         |
|    iterations           | 72          |
|    time_elapsed         | 51          |
|    total_timesteps      | 36864       |
| train/                  |             |
|    approx_kl            | 0.016906612 |
|    clip_fraction        | 0.189       |
|    clip_range           | 0.2         |
|    entropy_loss         | -4.18       |
|    explained_variance   | -1.19e-07   |
|    learning_rate        | 0.0003      |
|    loss                 | 3.11e+03    |
|    n_updates            | 355         |
|    policy_gradient_loss | 0.0073      |
|    std                  | 0.975       |
|    value_loss           | 6.55e+03    |
-----------------------------------------
-----------------------------------------
| rollout/                |             |
|    ep_len_mean          | 1.21e+04    |
|    ep_rew_mean          | 3.98e+04    |
| time/                   |             |
|    fps                  | 719         |
|    iterations           | 73          |
|    time_elapsed         | 51          |
|    total_timesteps      | 37376       |
| train/                  |             |
|    approx_kl            | 0.010503292 |
|    clip_fraction        | 0.141       |
|    clip_range           | 0.2         |
|    entropy_loss         | -4.17       |
|    explained_variance   | 0           |
|    learning_rate        | 0.0003      |
|    loss                 | 3.86e+03    |
|    n_updates            | 360         |
|    policy_gradient_loss | 0.00476     |
|    std                  | 0.972       |
|    value_loss           | 8.84e+03    |
-----------------------------------------
------------------------------------------
| rollout/                |              |
|    ep_len_mean          | 1.21e+04     |
|    ep_rew_mean          | 3.98e+04     |
| time/                   |              |
|    fps                  | 720          |
|    iterations           | 74           |
|    time_elapsed         | 52           |
|    total_timesteps      | 37888        |
| train/                  |              |
|    approx_kl            | 0.0025277296 |
|    clip_fraction        | 0.0156       |
|    clip_range           | 0.2          |
|    entropy_loss         | -4.17        |
|    explained_variance   | 0            |
|    learning_rate        | 0.0003       |
|    loss                 | 3.84e+03     |
|    n_updates            | 365          |
|    policy_gradient_loss | 9.14e-06     |
|    std                  | 0.971        |
|    value_loss           | 7.12e+03     |
------------------------------------------
-----------------------------------------
| rollout/                |             |
|    ep_len_mean          | 1.21e+04    |
|    ep_rew_mean          | 3.98e+04    |
| time/                   |             |
|    fps                  | 716         |
|    iterations           | 75          |
|    time_elapsed         | 53          |
|    total_timesteps      | 38400       |
| train/                  |             |
|    approx_kl            | 0.009901818 |
|    clip_fraction        | 0.101       |
|    clip_range           | 0.2         |
|    entropy_loss         | -4.15       |
|    explained_variance   | 0           |
|    learning_rate        | 0.0003      |
|    loss                 | 3.93e+03    |
|    n_updates            | 370         |
|    policy_gradient_loss | 0.00903     |
|    std                  | 0.967       |
|    value_loss           | 8.18e+03    |
-----------------------------------------
-----------------------------------------
| rollout/                |             |
|    ep_len_mean          | 1.21e+04    |
|    ep_rew_mean          | 3.98e+04    |
| time/                   |             |
|    fps                  | 713         |
|    iterations           | 76          |
|    time_elapsed         | 54          |
|    total_timesteps      | 38912       |
| train/                  |             |
|    approx_kl            | 0.005657576 |
|    clip_fraction        | 0.279       |
|    clip_range           | 0.2         |
|    entropy_loss         | -4.15       |
|    explained_variance   | 0           |
|    learning_rate        | 0.0003      |
|    loss                 | 4.86e+03    |
|    n_updates            | 375         |
|    policy_gradient_loss | 0.0175      |
|    std                  | 0.97        |
|    value_loss           | 7.49e+03    |
-----------------------------------------
------------------------------------------
| rollout/                |              |
|    ep_len_mean          | 1.21e+04     |
|    ep_rew_mean          | 3.98e+04     |
| time/                   |              |
|    fps                  | 716          |
|    iterations           | 77           |
|    time_elapsed         | 55           |
|    total_timesteps      | 39424        |
| train/                  |              |
|    approx_kl            | 0.0048976648 |
|    clip_fraction        | 0.198        |
|    clip_range           | 0.2          |
|    entropy_loss         | -4.16        |
|    explained_variance   | 0            |
|    learning_rate        | 0.0003       |
|    loss                 | 2.99e+03     |
|    n_updates            | 380          |
|    policy_gradient_loss | 0.0111       |
|    std                  | 0.97         |
|    value_loss           | 6.88e+03     |
------------------------------------------
-----------------------------------------
| rollout/                |             |
|    ep_len_mean          | 1.21e+04    |
|    ep_rew_mean          | 3.98e+04    |
| time/                   |             |
|    fps                  | 719         |
|    iterations           | 78          |
|    time_elapsed         | 55          |
|    total_timesteps      | 39936       |
| train/                  |             |
|    approx_kl            | 0.006652215 |
|    clip_fraction        | 0.0719      |
|    clip_range           | 0.2         |
|    entropy_loss         | -4.16       |
|    explained_variance   | 0           |
|    learning_rate        | 0.0003      |
|    loss                 | 3.12e+03    |
|    n_updates            | 385         |
|    policy_gradient_loss | -0.00124    |
|    std                  | 0.968       |
|    value_loss           | 6.14e+03    |
-----------------------------------------
-----------------------------------------
| rollout/                |             |
|    ep_len_mean          | 1.21e+04    |
|    ep_rew_mean          | 3.98e+04    |
| time/                   |             |
|    fps                  | 721         |
|    iterations           | 79          |
|    time_elapsed         | 56          |
|    total_timesteps      | 40448       |
| train/                  |             |
|    approx_kl            | 0.016000124 |
|    clip_fraction        | 0.206       |
|    clip_range           | 0.2         |
|    entropy_loss         | -4.15       |
|    explained_variance   | 0           |
|    learning_rate        | 0.0003      |
|    loss                 | 3.03e+03    |
|    n_updates            | 390         |
|    policy_gradient_loss | 0.00827     |
|    std                  | 0.967       |
|    value_loss           | 5.39e+03    |
-----------------------------------------
-----------------------------------------
| rollout/                |             |
|    ep_len_mean          | 1.21e+04    |
|    ep_rew_mean          | 3.98e+04    |
| time/                   |             |
|    fps                  | 724         |
|    iterations           | 80          |
|    time_elapsed         | 56          |
|    total_timesteps      | 40960       |
| train/                  |             |
|    approx_kl            | 0.016539603 |
|    clip_fraction        | 0.126       |
|    clip_range           | 0.2         |
|    entropy_loss         | -4.15       |
|    explained_variance   | -1.19e-07   |
|    learning_rate        | 0.0003      |
|    loss                 | 2.03e+03    |
|    n_updates            | 395         |
|    policy_gradient_loss | 0.00346     |
|    std                  | 0.968       |
|    value_loss           | 3.92e+03    |
-----------------------------------------
-----------------------------------------
| rollout/                |             |
|    ep_len_mean          | 1.21e+04    |
|    ep_rew_mean          | 3.98e+04    |
| time/                   |             |
|    fps                  | 726         |
|    iterations           | 81          |
|    time_elapsed         | 57          |
|    total_timesteps      | 41472       |
| train/                  |             |
|    approx_kl            | 0.029866958 |
|    clip_fraction        | 0.302       |
|    clip_range           | 0.2         |
|    entropy_loss         | -4.16       |
|    explained_variance   | 0           |
|    learning_rate        | 0.0003      |
|    loss                 | 1.85e+03    |
|    n_updates            | 400         |
|    policy_gradient_loss | 0.0112      |
|    std                  | 0.97        |
|    value_loss           | 3.13e+03    |
-----------------------------------------
-----------------------------------------
| rollout/                |             |
|    ep_len_mean          | 1.21e+04    |
|    ep_rew_mean          | 3.98e+04    |
| time/                   |             |
|    fps                  | 728         |
|    iterations           | 82          |
|    time_elapsed         | 57          |
|    total_timesteps      | 41984       |
| train/                  |             |
|    approx_kl            | 0.014718353 |
|    clip_fraction        | 0.0852      |
|    clip_range           | 0.2         |
|    entropy_loss         | -4.16       |
|    explained_variance   | 0           |
|    learning_rate        | 0.0003      |
|    loss                 | 1.68e+03    |
|    n_updates            | 405         |
|    policy_gradient_loss | -0.00205    |
|    std                  | 0.97        |
|    value_loss           | 3.11e+03    |
-----------------------------------------
------------------------------------------
| rollout/                |              |
|    ep_len_mean          | 1.21e+04     |
|    ep_rew_mean          | 3.98e+04     |
| time/                   |              |
|    fps                  | 722          |
|    iterations           | 83           |
|    time_elapsed         | 58           |
|    total_timesteps      | 42496        |
| train/                  |              |
|    approx_kl            | 0.0075965733 |
|    clip_fraction        | 0.1          |
|    clip_range           | 0.2          |
|    entropy_loss         | -4.16        |
|    explained_variance   | 0            |
|    learning_rate        | 0.0003       |
|    loss                 | 2.44e+03     |
|    n_updates            | 410          |
|    policy_gradient_loss | 0.000422     |
|    std                  | 0.968        |
|    value_loss           | 3.97e+03     |
------------------------------------------
-----------------------------------------
| rollout/                |             |
|    ep_len_mean          | 1.21e+04    |
|    ep_rew_mean          | 3.98e+04    |
| time/                   |             |
|    fps                  | 716         |
|    iterations           | 84          |
|    time_elapsed         | 59          |
|    total_timesteps      | 43008       |
| train/                  |             |
|    approx_kl            | 0.011279078 |
|    clip_fraction        | 0.177       |
|    clip_range           | 0.2         |
|    entropy_loss         | -4.15       |
|    explained_variance   | 0           |
|    learning_rate        | 0.0003      |
|    loss                 | 1.85e+03    |
|    n_updates            | 415         |
|    policy_gradient_loss | 0.00495     |
|    std                  | 0.966       |
|    value_loss           | 4.02e+03    |
-----------------------------------------
-----------------------------------------
| rollout/                |             |
|    ep_len_mean          | 1.21e+04    |
|    ep_rew_mean          | 3.98e+04    |
| time/                   |             |
|    fps                  | 711         |
|    iterations           | 85          |
|    time_elapsed         | 61          |
|    total_timesteps      | 43520       |
| train/                  |             |
|    approx_kl            | 0.006422584 |
|    clip_fraction        | 0.141       |
|    clip_range           | 0.2         |
|    entropy_loss         | -4.14       |
|    explained_variance   | 5.96e-08    |
|    learning_rate        | 0.0003      |
|    loss                 | 1.39e+03    |
|    n_updates            | 420         |
|    policy_gradient_loss | 0.00312     |
|    std                  | 0.962       |
|    value_loss           | 3.27e+03    |
-----------------------------------------
-----------------------------------------
| rollout/                |             |
|    ep_len_mean          | 1.21e+04    |
|    ep_rew_mean          | 3.98e+04    |
| time/                   |             |
|    fps                  | 706         |
|    iterations           | 86          |
|    time_elapsed         | 62          |
|    total_timesteps      | 44032       |
| train/                  |             |
|    approx_kl            | 0.009101564 |
|    clip_fraction        | 0.0617      |
|    clip_range           | 0.2         |
|    entropy_loss         | -4.14       |
|    explained_variance   | 5.96e-08    |
|    learning_rate        | 0.0003      |
|    loss                 | 1.95e+03    |
|    n_updates            | 425         |
|    policy_gradient_loss | 0.000164    |
|    std                  | 0.962       |
|    value_loss           | 3.51e+03    |
-----------------------------------------
---------------------------------------
| rollout/                |           |
|    ep_len_mean          | 1.21e+04  |
|    ep_rew_mean          | 3.98e+04  |
| time/                   |           |
|    fps                  | 702       |
|    iterations           | 87        |
|    time_elapsed         | 63        |
|    total_timesteps      | 44544     |
| train/                  |           |
|    approx_kl            | 0.0084188 |
|    clip_fraction        | 0.0656    |
|    clip_range           | 0.2       |
|    entropy_loss         | -4.14     |
|    explained_variance   | 0         |
|    learning_rate        | 0.0003    |
|    loss                 | 1.81e+03  |
|    n_updates            | 430       |
|    policy_gradient_loss | 4.75e-05  |
|    std                  | 0.963     |
|    value_loss           | 4.12e+03  |
---------------------------------------
------------------------------------------
| rollout/                |              |
|    ep_len_mean          | 1.21e+04     |
|    ep_rew_mean          | 3.98e+04     |
| time/                   |              |
|    fps                  | 704          |
|    iterations           | 88           |
|    time_elapsed         | 63           |
|    total_timesteps      | 45056        |
| train/                  |              |
|    approx_kl            | 0.0057142708 |
|    clip_fraction        | 0.068        |
|    clip_range           | 0.2          |
|    entropy_loss         | -4.14        |
|    explained_variance   | 0            |
|    learning_rate        | 0.0003       |
|    loss                 | 2.31e+03     |
|    n_updates            | 435          |
|    policy_gradient_loss | -0.000225    |
|    std                  | 0.961        |
|    value_loss           | 3.94e+03     |
------------------------------------------
-----------------------------------------
| rollout/                |             |
|    ep_len_mean          | 1.21e+04    |
|    ep_rew_mean          | 3.98e+04    |
| time/                   |             |
|    fps                  | 702         |
|    iterations           | 89          |
|    time_elapsed         | 64          |
|    total_timesteps      | 45568       |
| train/                  |             |
|    approx_kl            | 0.014800072 |
|    clip_fraction        | 0.0852      |
|    clip_range           | 0.2         |
|    entropy_loss         | -4.13       |
|    explained_variance   | 0           |
|    learning_rate        | 0.0003      |
|    loss                 | 2.95e+03    |
|    n_updates            | 440         |
|    policy_gradient_loss | 0.00177     |
|    std                  | 0.96        |
|    value_loss           | 4.14e+03    |
-----------------------------------------
-----------------------------------------
| rollout/                |             |
|    ep_len_mean          | 1.21e+04    |
|    ep_rew_mean          | 3.98e+04    |
| time/                   |             |
|    fps                  | 704         |
|    iterations           | 90          |
|    time_elapsed         | 65          |
|    total_timesteps      | 46080       |
| train/                  |             |
|    approx_kl            | 0.010930572 |
|    clip_fraction        | 0.21        |
|    clip_range           | 0.2         |
|    entropy_loss         | -4.14       |
|    explained_variance   | 0           |
|    learning_rate        | 0.0003      |
|    loss                 | 1.57e+03    |
|    n_updates            | 445         |
|    policy_gradient_loss | 0.00824     |
|    std                  | 0.963       |
|    value_loss           | 3.56e+03    |
-----------------------------------------
-----------------------------------------
| rollout/                |             |
|    ep_len_mean          | 1.21e+04    |
|    ep_rew_mean          | 3.98e+04    |
| time/                   |             |
|    fps                  | 706         |
|    iterations           | 91          |
|    time_elapsed         | 65          |
|    total_timesteps      | 46592       |
| train/                  |             |
|    approx_kl            | 0.007391018 |
|    clip_fraction        | 0.0527      |
|    clip_range           | 0.2         |
|    entropy_loss         | -4.14       |
|    explained_variance   | 5.96e-08    |
|    learning_rate        | 0.0003      |
|    loss                 | 1.9e+03     |
|    n_updates            | 450         |
|    policy_gradient_loss | 0.00154     |
|    std                  | 0.964       |
|    value_loss           | 4.41e+03    |
-----------------------------------------
------------------------------------------
| rollout/                |              |
|    ep_len_mean          | 1.21e+04     |
|    ep_rew_mean          | 3.98e+04     |
| time/                   |              |
|    fps                  | 702          |
|    iterations           | 92           |
|    time_elapsed         | 67           |
|    total_timesteps      | 47104        |
| train/                  |              |
|    approx_kl            | 0.0013384604 |
|    clip_fraction        | 0.0555       |
|    clip_range           | 0.2          |
|    entropy_loss         | -4.14        |
|    explained_variance   | 5.96e-08     |
|    learning_rate        | 0.0003       |
|    loss                 | 2.37e+03     |
|    n_updates            | 455          |
|    policy_gradient_loss | -0.00123     |
|    std                  | 0.961        |
|    value_loss           | 4.67e+03     |
------------------------------------------
-----------------------------------------
| rollout/                |             |
|    ep_len_mean          | 1.21e+04    |
|    ep_rew_mean          | 3.98e+04    |
| time/                   |             |
|    fps                  | 697         |
|    iterations           | 93          |
|    time_elapsed         | 68          |
|    total_timesteps      | 47616       |
| train/                  |             |
|    approx_kl            | 0.010693391 |
|    clip_fraction        | 0.279       |
|    clip_range           | 0.2         |
|    entropy_loss         | -4.13       |
|    explained_variance   | 5.96e-08    |
|    learning_rate        | 0.0003      |
|    loss                 | 1.09e+03    |
|    n_updates            | 460         |
|    policy_gradient_loss | 0.0122      |
|    std                  | 0.961       |
|    value_loss           | 3.32e+03    |
-----------------------------------------
---------------------------------------
| rollout/                |           |
|    ep_len_mean          | 1.21e+04  |
|    ep_rew_mean          | 3.98e+04  |
| time/                   |           |
|    fps                  | 694       |
|    iterations           | 94        |
|    time_elapsed         | 69        |
|    total_timesteps      | 48128     |
| train/                  |           |
|    approx_kl            | 0.0295294 |
|    clip_fraction        | 0.147     |
|    clip_range           | 0.2       |
|    entropy_loss         | -4.12     |
|    explained_variance   | 0         |
|    learning_rate        | 0.0003    |
|    loss                 | 3.38e+03  |
|    n_updates            | 465       |
|    policy_gradient_loss | 0.00689   |
|    std                  | 0.955     |
|    value_loss           | 5.82e+03  |
---------------------------------------
-----------------------------------------
| rollout/                |             |
|    ep_len_mean          | 1.21e+04    |
|    ep_rew_mean          | 4.1e+04     |
| time/                   |             |
|    fps                  | 691         |
|    iterations           | 95          |
|    time_elapsed         | 70          |
|    total_timesteps      | 48640       |
| train/                  |             |
|    approx_kl            | 0.008910483 |
|    clip_fraction        | 0.135       |
|    clip_range           | 0.2         |
|    entropy_loss         | -4.11       |
|    explained_variance   | 0           |
|    learning_rate        | 0.0003      |
|    loss                 | 2.77e+03    |
|    n_updates            | 470         |
|    policy_gradient_loss | 0.0014      |
|    std                  | 0.948       |
|    value_loss           | 5.84e+03    |
-----------------------------------------
------------------------------------------
| rollout/                |              |
|    ep_len_mean          | 1.21e+04     |
|    ep_rew_mean          | 4.1e+04      |
| time/                   |              |
|    fps                  | 688          |
|    iterations           | 96           |
|    time_elapsed         | 71           |
|    total_timesteps      | 49152        |
| train/                  |              |
|    approx_kl            | 0.0061112107 |
|    clip_fraction        | 0.116        |
|    clip_range           | 0.2          |
|    entropy_loss         | -4.1         |
|    explained_variance   | 0            |
|    learning_rate        | 0.0003       |
|    loss                 | 5.16e+03     |
|    n_updates            | 475          |
|    policy_gradient_loss | 0.00169      |
|    std                  | 0.953        |
|    value_loss           | 9.99e+03     |
------------------------------------------
-----------------------------------------
| rollout/                |             |
|    ep_len_mean          | 1.21e+04    |
|    ep_rew_mean          | 4.1e+04     |
| time/                   |             |
|    fps                  | 686         |
|    iterations           | 97          |
|    time_elapsed         | 72          |
|    total_timesteps      | 49664       |
| train/                  |             |
|    approx_kl            | 0.013326921 |
|    clip_fraction        | 0.22        |
|    clip_range           | 0.2         |
|    entropy_loss         | -4.11       |
|    explained_variance   | 0           |
|    learning_rate        | 0.0003      |
|    loss                 | 5.63e+03    |
|    n_updates            | 480         |
|    policy_gradient_loss | 0.00778     |
|    std                  | 0.954       |
|    value_loss           | 1.15e+04    |
-----------------------------------------
Eval num_timesteps=50000, episode_reward=20018.19 +/- 0.00
Episode length: 4031.00 +/- 0.00
------------------------------------------
| eval/                   |              |
|    mean_ep_length       | 4.03e+03     |
|    mean_reward          | 2e+04        |
| time/                   |              |
|    total_timesteps      | 50000        |
| train/                  |              |
|    approx_kl            | 0.0058268597 |
|    clip_fraction        | 0.0652       |
|    clip_range           | 0.2          |
|    entropy_loss         | -4.11        |
|    explained_variance   | 0            |
|    learning_rate        | 0.0003       |
|    loss                 | 7.48e+03     |
|    n_updates            | 485          |
|    policy_gradient_loss | 0.00373      |
|    std                  | 0.954        |
|    value_loss           | 1.21e+04     |
------------------------------------------
---------------------------------
| rollout/           |          |
|    ep_len_mean     | 1.21e+04 |
|    ep_rew_mean     | 4.1e+04  |
| time/              |          |
|    fps             | 676      |
|    iterations      | 98       |
|    time_elapsed    | 74       |
|    total_timesteps | 50176    |
---------------------------------
[TIMING] Training completed in 74.5s
✓ Model saved to models/final_model

======================================================================
PHASE 2: Validation on val set
======================================================================

Evaluating...

  [DEV] Trade Summary (1000 trades):
    Wins: 527 | Losses: 473 | Win Rate: 52.7%
    Total PnL: $0.01 | Avg PnL/Trade: $0.0000
    Top 5 Trades:
      1. BNBUSDT  | Entry: $903.609985 → Exit: $907.780029 | Return:   0.46% | PnL: $  0.0009 | Reason: sell
      2. BNBUSDT  | Entry: $903.609985 → Exit: $906.650024 | Return:   0.34% | PnL: $  0.0006 | Reason: sell
      3. BNBUSDT  | Entry: $903.359985 → Exit: $904.340027 | Return:   0.11% | PnL: $  0.0006 | Reason: sell
      4. BNBUSDT  | Entry: $903.609985 → Exit: $906.960022 | Return:   0.37% | PnL: $  0.0006 | Reason: sell
      5. BNBUSDT  | Entry: $903.359985 → Exit: $904.400024 | Return:   0.12% | PnL: $  0.0005 | Reason: sell

Evaluation Results:
  Total Return: -0.00%
  Final Portfolio Value: $100.00
  Max Portfolio Value: $100.00
  Total Reward: 20018.19
  Steps: 4031
  Trades: 2041 | Win Rate: 62.4%
  Realized PnL: $-0.00 | Unrealized: $-0.00

======================================================================
PHASE 3: Testing on test set
======================================================================

Evaluating...

  [TEST] Trade Summary (1000 trades):
    Wins: 408 | Losses: 592 | Win Rate: 40.8%
    Total PnL: $-0.02 | Avg PnL/Trade: $-0.0000
    Top 5 Trades:
      1. BNBUSDT  | Entry: $773.900024 → Exit: $781.380005 | Return:   0.97% | PnL: $  0.0341 | Reason: end_of_episode
      2. BNBUSDT  | Entry: $769.619995 → Exit: $773.479980 | Return:   0.50% | PnL: $  0.0027 | Reason: sell
      3. BNBUSDT  | Entry: $769.619995 → Exit: $775.390015 | Return:   0.75% | PnL: $  0.0021 | Reason: sell
      4. BNBUSDT  | Entry: $769.619995 → Exit: $772.190002 | Return:   0.33% | PnL: $  0.0020 | Reason: sell
      5. BNBUSDT  | Entry: $769.619995 → Exit: $773.049988 | Return:   0.45% | PnL: $  0.0019 | Reason: sell

Evaluation Results:
  Total Return: -0.11%
  Final Portfolio Value: $99.89
  Max Portfolio Value: $100.01
  Total Reward: 19717.30
  Steps: 4032
  Trades: 2043 | Win Rate: 37.8%
  Realized PnL: $-0.10 | Unrealized: $-0.01

======================================================================
BACKTEST SUMMARY
======================================================================
Val Trades:  2041 | WR:  62.4% | Return:  -0.00%
Test Trades: 2043 | WR:  37.8% | Return:  -0.11%
======================================================================

