Loading 14 days of data...
✓ Loaded 60483 rows from 3 symbols

Fee regime: mexc_spot_mx | buy_fee=0.003% | sell_fee=0.003%
Using device: cpu

======================================================================
                 3-WAY BACKTEST (Train / Val / Test)                  
======================================================================
Train:  36288 rows ( 3 symbols) 1768694340000000 → 1769420040000000
Val:    12096 rows ( 3 symbols) 1769420100000000 → 1769661960000000
Test:   12099 rows ( 3 symbols) 1769662020000000 → 1769903940000000
======================================================================

Train env: 36288 rows, 3 symbols
Eval env: 12096 rows, 3 symbols
PHASE 1: Training on train set with val monitoring...
Using cpu device
Wrapping the env with a `Monitor` wrapper
Wrapping the env in a DummyVecEnv.
Created new PPO model (device=cpu)
  Hyperparameters:
    learning_rate=0.0002, batch_size=16
    n_steps=512, n_epochs=5
    policy_arch=[256, 128, 64]

Training for 50000 timesteps...
-----------------------------
| time/              |      |
|    fps             | 2902 |
|    iterations      | 1    |
|    time_elapsed    | 0    |
|    total_timesteps | 512  |
-----------------------------
-----------------------------------------
| time/                   |             |
|    fps                  | 1290        |
|    iterations           | 2           |
|    time_elapsed         | 0           |
|    total_timesteps      | 1024        |
| train/                  |             |
|    approx_kl            | 0.011232657 |
|    clip_fraction        | 0.119       |
|    clip_range           | 0.2         |
|    entropy_loss         | -4.26       |
|    explained_variance   | -0.000134   |
|    learning_rate        | 0.0002      |
|    loss                 | 1.58e+03    |
|    n_updates            | 5           |
|    policy_gradient_loss | -0.0164     |
|    std                  | 1           |
|    value_loss           | 3.22e+03    |
-----------------------------------------
-----------------------------------------
| time/                   |             |
|    fps                  | 1185        |
|    iterations           | 3           |
|    time_elapsed         | 1           |
|    total_timesteps      | 1536        |
| train/                  |             |
|    approx_kl            | 0.011099542 |
|    clip_fraction        | 0.128       |
|    clip_range           | 0.2         |
|    entropy_loss         | -4.28       |
|    explained_variance   | -1.67e-06   |
|    learning_rate        | 0.0002      |
|    loss                 | 1.58e+03    |
|    n_updates            | 10          |
|    policy_gradient_loss | -0.015      |
|    std                  | 1.01        |
|    value_loss           | 2.97e+03    |
-----------------------------------------
-----------------------------------------
| time/                   |             |
|    fps                  | 1136        |
|    iterations           | 4           |
|    time_elapsed         | 1           |
|    total_timesteps      | 2048        |
| train/                  |             |
|    approx_kl            | 0.008508677 |
|    clip_fraction        | 0.139       |
|    clip_range           | 0.2         |
|    entropy_loss         | -4.29       |
|    explained_variance   | -2.38e-06   |
|    learning_rate        | 0.0002      |
|    loss                 | 1.01e+03    |
|    n_updates            | 15          |
|    policy_gradient_loss | -0.0161     |
|    std                  | 1.01        |
|    value_loss           | 1.65e+03    |
-----------------------------------------
----------------------------------------
| rollout/                |            |
|    ep_len_mean          | 2.23e+03   |
|    ep_rew_mean          | -6.62e+03  |
| time/                   |            |
|    fps                  | 1110       |
|    iterations           | 5          |
|    time_elapsed         | 2          |
|    total_timesteps      | 2560       |
| train/                  |            |
|    approx_kl            | 0.01698647 |
|    clip_fraction        | 0.257      |
|    clip_range           | 0.2        |
|    entropy_loss         | -4.3       |
|    explained_variance   | 2.38e-07   |
|    learning_rate        | 0.0002     |
|    loss                 | 969        |
|    n_updates            | 20         |
|    policy_gradient_loss | -0.0282    |
|    std                  | 1.02       |
|    value_loss           | 1.74e+03   |
----------------------------------------
-----------------------------------------
| rollout/                |             |
|    ep_len_mean          | 2.23e+03    |
|    ep_rew_mean          | -6.62e+03   |
| time/                   |             |
|    fps                  | 1088        |
|    iterations           | 6           |
|    time_elapsed         | 2           |
|    total_timesteps      | 3072        |
| train/                  |             |
|    approx_kl            | 0.012337942 |
|    clip_fraction        | 0.179       |
|    clip_range           | 0.2         |
|    entropy_loss         | -4.31       |
|    explained_variance   | 4.17e-07    |
|    learning_rate        | 0.0002      |
|    loss                 | 323         |
|    n_updates            | 25          |
|    policy_gradient_loss | -0.0187     |
|    std                  | 1.02        |
|    value_loss           | 816         |
-----------------------------------------
-----------------------------------------
| rollout/                |             |
|    ep_len_mean          | 2.23e+03    |
|    ep_rew_mean          | -6.62e+03   |
| time/                   |             |
|    fps                  | 1074        |
|    iterations           | 7           |
|    time_elapsed         | 3           |
|    total_timesteps      | 3584        |
| train/                  |             |
|    approx_kl            | 0.018283345 |
|    clip_fraction        | 0.208       |
|    clip_range           | 0.2         |
|    entropy_loss         | -4.32       |
|    explained_variance   | 2.98e-07    |
|    learning_rate        | 0.0002      |
|    loss                 | 275         |
|    n_updates            | 30          |
|    policy_gradient_loss | -0.0223     |
|    std                  | 1.02        |
|    value_loss           | 643         |
-----------------------------------------
----------------------------------------
| rollout/                |            |
|    ep_len_mean          | 2.23e+03   |
|    ep_rew_mean          | -6.62e+03  |
| time/                   |            |
|    fps                  | 1054       |
|    iterations           | 8          |
|    time_elapsed         | 3          |
|    total_timesteps      | 4096       |
| train/                  |            |
|    approx_kl            | 0.01332256 |
|    clip_fraction        | 0.286      |
|    clip_range           | 0.2        |
|    entropy_loss         | -4.35      |
|    explained_variance   | 2.38e-07   |
|    learning_rate        | 0.0002     |
|    loss                 | 336        |
|    n_updates            | 35         |
|    policy_gradient_loss | -0.0105    |
|    std                  | 1.04       |
|    value_loss           | 564        |
----------------------------------------
-----------------------------------------
| rollout/                |             |
|    ep_len_mean          | 2.15e+03    |
|    ep_rew_mean          | -3.93e+03   |
| time/                   |             |
|    fps                  | 1042        |
|    iterations           | 9           |
|    time_elapsed         | 4           |
|    total_timesteps      | 4608        |
| train/                  |             |
|    approx_kl            | 0.014749754 |
|    clip_fraction        | 0.239       |
|    clip_range           | 0.2         |
|    entropy_loss         | -4.36       |
|    explained_variance   | 0           |
|    learning_rate        | 0.0002      |
|    loss                 | 161         |
|    n_updates            | 40          |
|    policy_gradient_loss | -0.023      |
|    std                  | 1.03        |
|    value_loss           | 360         |
-----------------------------------------
-----------------------------------------
| rollout/                |             |
|    ep_len_mean          | 2.15e+03    |
|    ep_rew_mean          | -3.93e+03   |
| time/                   |             |
|    fps                  | 1005        |
|    iterations           | 10          |
|    time_elapsed         | 5           |
|    total_timesteps      | 5120        |
| train/                  |             |
|    approx_kl            | 0.008322021 |
|    clip_fraction        | 0.0859      |
|    clip_range           | 0.2         |
|    entropy_loss         | -4.35       |
|    explained_variance   | 1.79e-07    |
|    learning_rate        | 0.0002      |
|    loss                 | 534         |
|    n_updates            | 45          |
|    policy_gradient_loss | -0.01       |
|    std                  | 1.03        |
|    value_loss           | 1.58e+03    |
-----------------------------------------
-----------------------------------------
| rollout/                |             |
|    ep_len_mean          | 2.15e+03    |
|    ep_rew_mean          | -3.93e+03   |
| time/                   |             |
|    fps                  | 923         |
|    iterations           | 11          |
|    time_elapsed         | 6           |
|    total_timesteps      | 5632        |
| train/                  |             |
|    approx_kl            | 0.006450423 |
|    clip_fraction        | 0.0648      |
|    clip_range           | 0.2         |
|    entropy_loss         | -4.35       |
|    explained_variance   | 0           |
|    learning_rate        | 0.0002      |
|    loss                 | 322         |
|    n_updates            | 50          |
|    policy_gradient_loss | -0.00578    |
|    std                  | 1.03        |
|    value_loss           | 1e+03       |
-----------------------------------------
-----------------------------------------
| rollout/                |             |
|    ep_len_mean          | 1.94e+03    |
|    ep_rew_mean          | -1.94e+03   |
| time/                   |             |
|    fps                  | 909         |
|    iterations           | 12          |
|    time_elapsed         | 6           |
|    total_timesteps      | 6144        |
| train/                  |             |
|    approx_kl            | 0.009952202 |
|    clip_fraction        | 0.102       |
|    clip_range           | 0.2         |
|    entropy_loss         | -4.35       |
|    explained_variance   | 5.96e-07    |
|    learning_rate        | 0.0002      |
|    loss                 | 331         |
|    n_updates            | 55          |
|    policy_gradient_loss | -5.89e-05   |
|    std                  | 1.03        |
|    value_loss           | 727         |
-----------------------------------------
-----------------------------------------
| rollout/                |             |
|    ep_len_mean          | 1.94e+03    |
|    ep_rew_mean          | -1.94e+03   |
| time/                   |             |
|    fps                  | 876         |
|    iterations           | 13          |
|    time_elapsed         | 7           |
|    total_timesteps      | 6656        |
| train/                  |             |
|    approx_kl            | 0.014502814 |
|    clip_fraction        | 0.151       |
|    clip_range           | 0.2         |
|    entropy_loss         | -4.35       |
|    explained_variance   | 7.15e-07    |
|    learning_rate        | 0.0002      |
|    loss                 | 461         |
|    n_updates            | 60          |
|    policy_gradient_loss | -0.018      |
|    std                  | 1.03        |
|    value_loss           | 864         |
-----------------------------------------
------------------------------------------
| rollout/                |              |
|    ep_len_mean          | 1.94e+03     |
|    ep_rew_mean          | -1.94e+03    |
| time/                   |              |
|    fps                  | 845          |
|    iterations           | 14           |
|    time_elapsed         | 8            |
|    total_timesteps      | 7168         |
| train/                  |              |
|    approx_kl            | 0.0065300316 |
|    clip_fraction        | 0.0258       |
|    clip_range           | 0.2          |
|    entropy_loss         | -4.35        |
|    explained_variance   | 5.96e-08     |
|    learning_rate        | 0.0002       |
|    loss                 | 194          |
|    n_updates            | 65           |
|    policy_gradient_loss | -0.00373     |
|    std                  | 1.03         |
|    value_loss           | 1.05e+03     |
------------------------------------------
------------------------------------------
| rollout/                |              |
|    ep_len_mean          | 1.94e+03     |
|    ep_rew_mean          | -1.94e+03    |
| time/                   |              |
|    fps                  | 849          |
|    iterations           | 15           |
|    time_elapsed         | 9            |
|    total_timesteps      | 7680         |
| train/                  |              |
|    approx_kl            | 0.0019968248 |
|    clip_fraction        | 0.000391     |
|    clip_range           | 0.2          |
|    entropy_loss         | -4.36        |
|    explained_variance   | -1.19e-07    |
|    learning_rate        | 0.0002       |
|    loss                 | 1.39e+03     |
|    n_updates            | 70           |
|    policy_gradient_loss | -0.00106     |
|    std                  | 1.04         |
|    value_loss           | 1.69e+03     |
------------------------------------------
------------------------------------------
| rollout/                |              |
|    ep_len_mean          | 1.94e+03     |
|    ep_rew_mean          | -1.94e+03    |
| time/                   |              |
|    fps                  | 852          |
|    iterations           | 16           |
|    time_elapsed         | 9            |
|    total_timesteps      | 8192         |
| train/                  |              |
|    approx_kl            | 0.0068053417 |
|    clip_fraction        | 0.0227       |
|    clip_range           | 0.2          |
|    entropy_loss         | -4.36        |
|    explained_variance   | -1.19e-07    |
|    learning_rate        | 0.0002       |
|    loss                 | 793          |
|    n_updates            | 75           |
|    policy_gradient_loss | -0.0068      |
|    std                  | 1.04         |
|    value_loss           | 1.47e+03     |
------------------------------------------
------------------------------------------
| rollout/                |              |
|    ep_len_mean          | 1.94e+03     |
|    ep_rew_mean          | -1.94e+03    |
| time/                   |              |
|    fps                  | 852          |
|    iterations           | 17           |
|    time_elapsed         | 10           |
|    total_timesteps      | 8704         |
| train/                  |              |
|    approx_kl            | 0.0053945007 |
|    clip_fraction        | 0.0191       |
|    clip_range           | 0.2          |
|    entropy_loss         | -4.36        |
|    explained_variance   | 0            |
|    learning_rate        | 0.0002       |
|    loss                 | 1e+03        |
|    n_updates            | 80           |
|    policy_gradient_loss | -0.00398     |
|    std                  | 1.04         |
|    value_loss           | 1.25e+03     |
------------------------------------------
------------------------------------------
| rollout/                |              |
|    ep_len_mean          | 2.26e+03     |
|    ep_rew_mean          | -9.45        |
| time/                   |              |
|    fps                  | 837          |
|    iterations           | 18           |
|    time_elapsed         | 11           |
|    total_timesteps      | 9216         |
| train/                  |              |
|    approx_kl            | 0.0042053154 |
|    clip_fraction        | 0.00937      |
|    clip_range           | 0.2          |
|    entropy_loss         | -4.36        |
|    explained_variance   | 5.96e-08     |
|    learning_rate        | 0.0002       |
|    loss                 | 454          |
|    n_updates            | 85           |
|    policy_gradient_loss | -0.0025      |
|    std                  | 1.04         |
|    value_loss           | 1.66e+03     |
------------------------------------------
-----------------------------------------
| rollout/                |             |
|    ep_len_mean          | 2.26e+03    |
|    ep_rew_mean          | -9.45       |
| time/                   |             |
|    fps                  | 810         |
|    iterations           | 19          |
|    time_elapsed         | 11          |
|    total_timesteps      | 9728        |
| train/                  |             |
|    approx_kl            | 0.009965231 |
|    clip_fraction        | 0.0484      |
|    clip_range           | 0.2         |
|    entropy_loss         | -4.36       |
|    explained_variance   | 0           |
|    learning_rate        | 0.0002      |
|    loss                 | 1.59e+03    |
|    n_updates            | 90          |
|    policy_gradient_loss | -0.00987    |
|    std                  | 1.04        |
|    value_loss           | 2.39e+03    |
-----------------------------------------
-----------------------------------------
| rollout/                |             |
|    ep_len_mean          | 2.26e+03    |
|    ep_rew_mean          | -9.45       |
| time/                   |             |
|    fps                  | 811         |
|    iterations           | 20          |
|    time_elapsed         | 12          |
|    total_timesteps      | 10240       |
| train/                  |             |
|    approx_kl            | 0.008967842 |
|    clip_fraction        | 0.102       |
|    clip_range           | 0.2         |
|    entropy_loss         | -4.35       |
|    explained_variance   | 1.19e-07    |
|    learning_rate        | 0.0002      |
|    loss                 | 2.46e+03    |
|    n_updates            | 95          |
|    policy_gradient_loss | -0.00174    |
|    std                  | 1.03        |
|    value_loss           | 4.93e+03    |
-----------------------------------------
-----------------------------------------
| rollout/                |             |
|    ep_len_mean          | 2.11e+03    |
|    ep_rew_mean          | 640         |
| time/                   |             |
|    fps                  | 786         |
|    iterations           | 21          |
|    time_elapsed         | 13          |
|    total_timesteps      | 10752       |
| train/                  |             |
|    approx_kl            | 0.007031885 |
|    clip_fraction        | 0.135       |
|    clip_range           | 0.2         |
|    entropy_loss         | -4.35       |
|    explained_variance   | 5.96e-08    |
|    learning_rate        | 0.0002      |
|    loss                 | 2.07e+03    |
|    n_updates            | 100         |
|    policy_gradient_loss | 0.00711     |
|    std                  | 1.03        |
|    value_loss           | 3.32e+03    |
-----------------------------------------
------------------------------------------
| rollout/                |              |
|    ep_len_mean          | 2.11e+03     |
|    ep_rew_mean          | 640          |
| time/                   |              |
|    fps                  | 794          |
|    iterations           | 22           |
|    time_elapsed         | 14           |
|    total_timesteps      | 11264        |
| train/                  |              |
|    approx_kl            | 0.0031895097 |
|    clip_fraction        | 0.00195      |
|    clip_range           | 0.2          |
|    entropy_loss         | -4.35        |
|    explained_variance   | 0            |
|    learning_rate        | 0.0002       |
|    loss                 | 2.02e+03     |
|    n_updates            | 105          |
|    policy_gradient_loss | -0.00135     |
|    std                  | 1.03         |
|    value_loss           | 3.22e+03     |
------------------------------------------
------------------------------------------
| rollout/                |              |
|    ep_len_mean          | 2.11e+03     |
|    ep_rew_mean          | 640          |
| time/                   |              |
|    fps                  | 801          |
|    iterations           | 23           |
|    time_elapsed         | 14           |
|    total_timesteps      | 11776        |
| train/                  |              |
|    approx_kl            | 0.0026940736 |
|    clip_fraction        | 0.173        |
|    clip_range           | 0.2          |
|    entropy_loss         | -4.35        |
|    explained_variance   | -1.19e-07    |
|    learning_rate        | 0.0002       |
|    loss                 | 2.23e+03     |
|    n_updates            | 110          |
|    policy_gradient_loss | 0.00141      |
|    std                  | 1.04         |
|    value_loss           | 4.78e+03     |
------------------------------------------
-----------------------------------------
| rollout/                |             |
|    ep_len_mean          | 2.11e+03    |
|    ep_rew_mean          | 640         |
| time/                   |             |
|    fps                  | 807         |
|    iterations           | 24          |
|    time_elapsed         | 15          |
|    total_timesteps      | 12288       |
| train/                  |             |
|    approx_kl            | 0.027359098 |
|    clip_fraction        | 0.182       |
|    clip_range           | 0.2         |
|    entropy_loss         | -4.35       |
|    explained_variance   | 0           |
|    learning_rate        | 0.0002      |
|    loss                 | 1.49e+03    |
|    n_updates            | 115         |
|    policy_gradient_loss | -0.00247    |
|    std                  | 1.03        |
|    value_loss           | 3.97e+03    |
-----------------------------------------
-----------------------------------------
| rollout/                |             |
|    ep_len_mean          | 2.11e+03    |
|    ep_rew_mean          | 640         |
| time/                   |             |
|    fps                  | 784         |
|    iterations           | 25          |
|    time_elapsed         | 16          |
|    total_timesteps      | 12800       |
| train/                  |             |
|    approx_kl            | 0.007330567 |
|    clip_fraction        | 0.0344      |
|    clip_range           | 0.2         |
|    entropy_loss         | -4.35       |
|    explained_variance   | 0           |
|    learning_rate        | 0.0002      |
|    loss                 | 2.15e+03    |
|    n_updates            | 120         |
|    policy_gradient_loss | -0.00152    |
|    std                  | 1.03        |
|    value_loss           | 4.41e+03    |
-----------------------------------------
-----------------------------------------
| rollout/                |             |
|    ep_len_mean          | 2.14e+03    |
|    ep_rew_mean          | 1.46e+03    |
| time/                   |             |
|    fps                  | 771         |
|    iterations           | 26          |
|    time_elapsed         | 17          |
|    total_timesteps      | 13312       |
| train/                  |             |
|    approx_kl            | 0.006485829 |
|    clip_fraction        | 0.153       |
|    clip_range           | 0.2         |
|    entropy_loss         | -4.35       |
|    explained_variance   | 5.96e-08    |
|    learning_rate        | 0.0002      |
|    loss                 | 2.32e+03    |
|    n_updates            | 125         |
|    policy_gradient_loss | 7.89e-05    |
|    std                  | 1.03        |
|    value_loss           | 4.59e+03    |
-----------------------------------------
-----------------------------------------
| rollout/                |             |
|    ep_len_mean          | 2.14e+03    |
|    ep_rew_mean          | 1.46e+03    |
| time/                   |             |
|    fps                  | 759         |
|    iterations           | 27          |
|    time_elapsed         | 18          |
|    total_timesteps      | 13824       |
| train/                  |             |
|    approx_kl            | 0.021782482 |
|    clip_fraction        | 0.255       |
|    clip_range           | 0.2         |
|    entropy_loss         | -4.35       |
|    explained_variance   | 0           |
|    learning_rate        | 0.0002      |
|    loss                 | 2.58e+03    |
|    n_updates            | 130         |
|    policy_gradient_loss | 0.00589     |
|    std                  | 1.03        |
|    value_loss           | 6.29e+03    |
-----------------------------------------
----------------------------------------
| rollout/                |            |
|    ep_len_mean          | 2.14e+03   |
|    ep_rew_mean          | 1.46e+03   |
| time/                   |            |
|    fps                  | 748        |
|    iterations           | 28         |
|    time_elapsed         | 19         |
|    total_timesteps      | 14336      |
| train/                  |            |
|    approx_kl            | 0.00665212 |
|    clip_fraction        | 0.122      |
|    clip_range           | 0.2        |
|    entropy_loss         | -4.35      |
|    explained_variance   | 0          |
|    learning_rate        | 0.0002     |
|    loss                 | 2.33e+03   |
|    n_updates            | 135        |
|    policy_gradient_loss | -0.00133   |
|    std                  | 1.03       |
|    value_loss           | 6.42e+03   |
----------------------------------------
----------------------------------------
| rollout/                |            |
|    ep_len_mean          | 2.06e+03   |
|    ep_rew_mean          | 1.95e+03   |
| time/                   |            |
|    fps                  | 755        |
|    iterations           | 29         |
|    time_elapsed         | 19         |
|    total_timesteps      | 14848      |
| train/                  |            |
|    approx_kl            | 0.01021743 |
|    clip_fraction        | 0.0922     |
|    clip_range           | 0.2        |
|    entropy_loss         | -4.35      |
|    explained_variance   | 1.19e-07   |
|    learning_rate        | 0.0002     |
|    loss                 | 2.12e+03   |
|    n_updates            | 140        |
|    policy_gradient_loss | -0.00545   |
|    std                  | 1.03       |
|    value_loss           | 6.23e+03   |
----------------------------------------
------------------------------------------
| rollout/                |              |
|    ep_len_mean          | 2.06e+03     |
|    ep_rew_mean          | 1.95e+03     |
| time/                   |              |
|    fps                  | 761          |
|    iterations           | 30           |
|    time_elapsed         | 20           |
|    total_timesteps      | 15360        |
| train/                  |              |
|    approx_kl            | 0.0038022292 |
|    clip_fraction        | 0.0148       |
|    clip_range           | 0.2          |
|    entropy_loss         | -4.35        |
|    explained_variance   | 0            |
|    learning_rate        | 0.0002       |
|    loss                 | 4.79e+03     |
|    n_updates            | 145          |
|    policy_gradient_loss | 0.000187     |
|    std                  | 1.03         |
|    value_loss           | 1e+04        |
------------------------------------------
-----------------------------------------
| rollout/                |             |
|    ep_len_mean          | 2.06e+03    |
|    ep_rew_mean          | 1.95e+03    |
| time/                   |             |
|    fps                  | 767         |
|    iterations           | 31          |
|    time_elapsed         | 20          |
|    total_timesteps      | 15872       |
| train/                  |             |
|    approx_kl            | 0.005070829 |
|    clip_fraction        | 0.0289      |
|    clip_range           | 0.2         |
|    entropy_loss         | -4.35       |
|    explained_variance   | 0           |
|    learning_rate        | 0.0002      |
|    loss                 | 3e+03       |
|    n_updates            | 150         |
|    policy_gradient_loss | -0.00459    |
|    std                  | 1.03        |
|    value_loss           | 9.05e+03    |
-----------------------------------------
-----------------------------------------
| rollout/                |             |
|    ep_len_mean          | 2.06e+03    |
|    ep_rew_mean          | 1.95e+03    |
| time/                   |             |
|    fps                  | 768         |
|    iterations           | 32          |
|    time_elapsed         | 21          |
|    total_timesteps      | 16384       |
| train/                  |             |
|    approx_kl            | 0.006754523 |
|    clip_fraction        | 0.132       |
|    clip_range           | 0.2         |
|    entropy_loss         | -4.35       |
|    explained_variance   | -1.19e-07   |
|    learning_rate        | 0.0002      |
|    loss                 | 4.25e+03    |
|    n_updates            | 155         |
|    policy_gradient_loss | -1.76e-05   |
|    std                  | 1.03        |
|    value_loss           | 6.7e+03     |
-----------------------------------------
------------------------------------------
| rollout/                |              |
|    ep_len_mean          | 2.06e+03     |
|    ep_rew_mean          | 1.95e+03     |
| time/                   |              |
|    fps                  | 757          |
|    iterations           | 33           |
|    time_elapsed         | 22           |
|    total_timesteps      | 16896        |
| train/                  |              |
|    approx_kl            | 0.0014280227 |
|    clip_fraction        | 0            |
|    clip_range           | 0.2          |
|    entropy_loss         | -4.35        |
|    explained_variance   | 0            |
|    learning_rate        | 0.0002       |
|    loss                 | 3.26e+03     |
|    n_updates            | 160          |
|    policy_gradient_loss | 0.000742     |
|    std                  | 1.03         |
|    value_loss           | 6.17e+03     |
------------------------------------------
-----------------------------------------
| rollout/                |             |
|    ep_len_mean          | 2.06e+03    |
|    ep_rew_mean          | 1.95e+03    |
| time/                   |             |
|    fps                  | 746         |
|    iterations           | 34          |
|    time_elapsed         | 23          |
|    total_timesteps      | 17408       |
| train/                  |             |
|    approx_kl            | 0.008868483 |
|    clip_fraction        | 0.084       |
|    clip_range           | 0.2         |
|    entropy_loss         | -4.35       |
|    explained_variance   | -1.19e-07   |
|    learning_rate        | 0.0002      |
|    loss                 | 5.31e+03    |
|    n_updates            | 165         |
|    policy_gradient_loss | 0.00148     |
|    std                  | 1.03        |
|    value_loss           | 6.38e+03    |
-----------------------------------------
------------------------------------------
| rollout/                |              |
|    ep_len_mean          | 2.21e+03     |
|    ep_rew_mean          | 2.97e+03     |
| time/                   |              |
|    fps                  | 749          |
|    iterations           | 35           |
|    time_elapsed         | 23           |
|    total_timesteps      | 17920        |
| train/                  |              |
|    approx_kl            | 0.0089433715 |
|    clip_fraction        | 0.0371       |
|    clip_range           | 0.2          |
|    entropy_loss         | -4.35        |
|    explained_variance   | -1.19e-07    |
|    learning_rate        | 0.0002       |
|    loss                 | 2.24e+03     |
|    n_updates            | 170          |
|    policy_gradient_loss | -0.0027      |
|    std                  | 1.03         |
|    value_loss           | 5.82e+03     |
------------------------------------------
-----------------------------------------
| rollout/                |             |
|    ep_len_mean          | 2.21e+03    |
|    ep_rew_mean          | 2.97e+03    |
| time/                   |             |
|    fps                  | 752         |
|    iterations           | 36          |
|    time_elapsed         | 24          |
|    total_timesteps      | 18432       |
| train/                  |             |
|    approx_kl            | 0.009911504 |
|    clip_fraction        | 0.0617      |
|    clip_range           | 0.2         |
|    entropy_loss         | -4.35       |
|    explained_variance   | 5.96e-08    |
|    learning_rate        | 0.0002      |
|    loss                 | 3.78e+03    |
|    n_updates            | 175         |
|    policy_gradient_loss | -0.00542    |
|    std                  | 1.03        |
|    value_loss           | 7.95e+03    |
-----------------------------------------
-----------------------------------------
| rollout/                |             |
|    ep_len_mean          | 2.21e+03    |
|    ep_rew_mean          | 2.97e+03    |
| time/                   |             |
|    fps                  | 755         |
|    iterations           | 37          |
|    time_elapsed         | 25          |
|    total_timesteps      | 18944       |
| train/                  |             |
|    approx_kl            | 0.004447526 |
|    clip_fraction        | 0.0395      |
|    clip_range           | 0.2         |
|    entropy_loss         | -4.35       |
|    explained_variance   | -1.19e-07   |
|    learning_rate        | 0.0002      |
|    loss                 | 3.74e+03    |
|    n_updates            | 180         |
|    policy_gradient_loss | -0.00358    |
|    std                  | 1.03        |
|    value_loss           | 8.81e+03    |
-----------------------------------------
----------------------------------------
| rollout/                |            |
|    ep_len_mean          | 2.21e+03   |
|    ep_rew_mean          | 2.97e+03   |
| time/                   |            |
|    fps                  | 756        |
|    iterations           | 38         |
|    time_elapsed         | 25         |
|    total_timesteps      | 19456      |
| train/                  |            |
|    approx_kl            | 0.00959824 |
|    clip_fraction        | 0.0762     |
|    clip_range           | 0.2        |
|    entropy_loss         | -4.35      |
|    explained_variance   | 0          |
|    learning_rate        | 0.0002     |
|    loss                 | 3.86e+03   |
|    n_updates            | 185        |
|    policy_gradient_loss | -0.0114    |
|    std                  | 1.03       |
|    value_loss           | 7.06e+03   |
----------------------------------------
------------------------------------------
| rollout/                |              |
|    ep_len_mean          | 2.21e+03     |
|    ep_rew_mean          | 2.97e+03     |
| time/                   |              |
|    fps                  | 761          |
|    iterations           | 39           |
|    time_elapsed         | 26           |
|    total_timesteps      | 19968        |
| train/                  |              |
|    approx_kl            | 0.0049390676 |
|    clip_fraction        | 0.0148       |
|    clip_range           | 0.2          |
|    entropy_loss         | -4.35        |
|    explained_variance   | 0            |
|    learning_rate        | 0.0002       |
|    loss                 | 4.05e+03     |
|    n_updates            | 190          |
|    policy_gradient_loss | -0.0025      |
|    std                  | 1.03         |
|    value_loss           | 7.57e+03     |
------------------------------------------
-----------------------------------------
| rollout/                |             |
|    ep_len_mean          | 2.21e+03    |
|    ep_rew_mean          | 2.97e+03    |
| time/                   |             |
|    fps                  | 750         |
|    iterations           | 40          |
|    time_elapsed         | 27          |
|    total_timesteps      | 20480       |
| train/                  |             |
|    approx_kl            | 0.006287367 |
|    clip_fraction        | 0.102       |
|    clip_range           | 0.2         |
|    entropy_loss         | -4.35       |
|    explained_variance   | 0           |
|    learning_rate        | 0.0002      |
|    loss                 | 2.93e+03    |
|    n_updates            | 195         |
|    policy_gradient_loss | -0.000607   |
|    std                  | 1.03        |
|    value_loss           | 6.13e+03    |
-----------------------------------------
----------------------------------------
| rollout/                |            |
|    ep_len_mean          | 2.33e+03   |
|    ep_rew_mean          | 4e+03      |
| time/                   |            |
|    fps                  | 754        |
|    iterations           | 41         |
|    time_elapsed         | 27         |
|    total_timesteps      | 20992      |
| train/                  |            |
|    approx_kl            | 0.00568837 |
|    clip_fraction        | 0.0297     |
|    clip_range           | 0.2        |
|    entropy_loss         | -4.35      |
|    explained_variance   | 0          |
|    learning_rate        | 0.0002     |
|    loss                 | 3.59e+03   |
|    n_updates            | 200        |
|    policy_gradient_loss | -0.00401   |
|    std                  | 1.03       |
|    value_loss           | 6.21e+03   |
----------------------------------------
------------------------------------------
| rollout/                |              |
|    ep_len_mean          | 2.33e+03     |
|    ep_rew_mean          | 4e+03        |
| time/                   |              |
|    fps                  | 757          |
|    iterations           | 42           |
|    time_elapsed         | 28           |
|    total_timesteps      | 21504        |
| train/                  |              |
|    approx_kl            | 0.0062125092 |
|    clip_fraction        | 0.032        |
|    clip_range           | 0.2          |
|    entropy_loss         | -4.35        |
|    explained_variance   | 0            |
|    learning_rate        | 0.0002       |
|    loss                 | 4.09e+03     |
|    n_updates            | 205          |
|    policy_gradient_loss | -0.00284     |
|    std                  | 1.03         |
|    value_loss           | 5.15e+03     |
------------------------------------------
-----------------------------------------
| rollout/                |             |
|    ep_len_mean          | 2.33e+03    |
|    ep_rew_mean          | 4e+03       |
| time/                   |             |
|    fps                  | 747         |
|    iterations           | 43          |
|    time_elapsed         | 29          |
|    total_timesteps      | 22016       |
| train/                  |             |
|    approx_kl            | 0.008352221 |
|    clip_fraction        | 0.0922      |
|    clip_range           | 0.2         |
|    entropy_loss         | -4.35       |
|    explained_variance   | -2.38e-07   |
|    learning_rate        | 0.0002      |
|    loss                 | 6.3e+03     |
|    n_updates            | 210         |
|    policy_gradient_loss | -0.00853    |
|    std                  | 1.03        |
|    value_loss           | 1.2e+04     |
-----------------------------------------
-----------------------------------------
| rollout/                |             |
|    ep_len_mean          | 2.33e+03    |
|    ep_rew_mean          | 4e+03       |
| time/                   |             |
|    fps                  | 735         |
|    iterations           | 44          |
|    time_elapsed         | 30          |
|    total_timesteps      | 22528       |
| train/                  |             |
|    approx_kl            | 0.009141589 |
|    clip_fraction        | 0.0488      |
|    clip_range           | 0.2         |
|    entropy_loss         | -4.35       |
|    explained_variance   | 0           |
|    learning_rate        | 0.0002      |
|    loss                 | 5.07e+03    |
|    n_updates            | 215         |
|    policy_gradient_loss | 0.000462    |
|    std                  | 1.03        |
|    value_loss           | 9.04e+03    |
-----------------------------------------
----------------------------------------
| rollout/                |            |
|    ep_len_mean          | 2.33e+03   |
|    ep_rew_mean          | 4e+03      |
| time/                   |            |
|    fps                  | 724        |
|    iterations           | 45         |
|    time_elapsed         | 31         |
|    total_timesteps      | 23040      |
| train/                  |            |
|    approx_kl            | 0.00526057 |
|    clip_fraction        | 0.0184     |
|    clip_range           | 0.2        |
|    entropy_loss         | -4.35      |
|    explained_variance   | 0          |
|    learning_rate        | 0.0002     |
|    loss                 | 3.7e+03    |
|    n_updates            | 220        |
|    policy_gradient_loss | 0.00125    |
|    std                  | 1.03       |
|    value_loss           | 7.52e+03   |
----------------------------------------
-----------------------------------------
| rollout/                |             |
|    ep_len_mean          | 2.33e+03    |
|    ep_rew_mean          | 4e+03       |
| time/                   |             |
|    fps                  | 714         |
|    iterations           | 46          |
|    time_elapsed         | 32          |
|    total_timesteps      | 23552       |
| train/                  |             |
|    approx_kl            | 0.006397918 |
|    clip_fraction        | 0.0578      |
|    clip_range           | 0.2         |
|    entropy_loss         | -4.35       |
|    explained_variance   | 0           |
|    learning_rate        | 0.0002      |
|    loss                 | 4.37e+03    |
|    n_updates            | 225         |
|    policy_gradient_loss | -0.00465    |
|    std                  | 1.03        |
|    value_loss           | 8.46e+03    |
-----------------------------------------
-----------------------------------------
| rollout/                |             |
|    ep_len_mean          | 2.36e+03    |
|    ep_rew_mean          | 4.63e+03    |
| time/                   |             |
|    fps                  | 702         |
|    iterations           | 47          |
|    time_elapsed         | 34          |
|    total_timesteps      | 24064       |
| train/                  |             |
|    approx_kl            | 0.008055644 |
|    clip_fraction        | 0.0559      |
|    clip_range           | 0.2         |
|    entropy_loss         | -4.35       |
|    explained_variance   | 1.79e-07    |
|    learning_rate        | 0.0002      |
|    loss                 | 4.63e+03    |
|    n_updates            | 230         |
|    policy_gradient_loss | -0.00764    |
|    std                  | 1.03        |
|    value_loss           | 8.8e+03     |
-----------------------------------------
-----------------------------------------
| rollout/                |             |
|    ep_len_mean          | 2.36e+03    |
|    ep_rew_mean          | 4.63e+03    |
| time/                   |             |
|    fps                  | 691         |
|    iterations           | 48          |
|    time_elapsed         | 35          |
|    total_timesteps      | 24576       |
| train/                  |             |
|    approx_kl            | 0.054180272 |
|    clip_fraction        | 0.186       |
|    clip_range           | 0.2         |
|    entropy_loss         | -4.33       |
|    explained_variance   | 0           |
|    learning_rate        | 0.0002      |
|    loss                 | 6.91e+03    |
|    n_updates            | 235         |
|    policy_gradient_loss | 0.0121      |
|    std                  | 1.02        |
|    value_loss           | 1.51e+04    |
-----------------------------------------
Eval num_timesteps=25000, episode_reward=19897.96 +/- 0.00
Episode length: 4031.00 +/- 0.00
----------------------------------------
| eval/                   |            |
|    mean_ep_length       | 4.03e+03   |
|    mean_reward          | 1.99e+04   |
| time/                   |            |
|    total_timesteps      | 25000      |
| train/                  |            |
|    approx_kl            | 0.00781949 |
|    clip_fraction        | 0.075      |
|    clip_range           | 0.2        |
|    entropy_loss         | -4.32      |
|    explained_variance   | 1.79e-07   |
|    learning_rate        | 0.0002     |
|    loss                 | 7.43e+03   |
|    n_updates            | 240        |
|    policy_gradient_loss | -0.00322   |
|    std                  | 1.02       |
|    value_loss           | 1.43e+04   |
----------------------------------------
New best mean reward!
---------------------------------
| rollout/           |          |
|    ep_len_mean     | 2.36e+03 |
|    ep_rew_mean     | 4.63e+03 |
| time/              |          |
|    fps             | 657      |
|    iterations      | 49       |
|    time_elapsed    | 38       |
|    total_timesteps | 25088    |
---------------------------------
----------------------------------------
| rollout/                |            |
|    ep_len_mean          | 2.31e+03   |
|    ep_rew_mean          | 4.89e+03   |
| time/                   |            |
|    fps                  | 650        |
|    iterations           | 50         |
|    time_elapsed         | 39         |
|    total_timesteps      | 25600      |
| train/                  |            |
|    approx_kl            | 0.01153473 |
|    clip_fraction        | 0.059      |
|    clip_range           | 0.2        |
|    entropy_loss         | -4.31      |
|    explained_variance   | 0          |
|    learning_rate        | 0.0002     |
|    loss                 | 4.79e+03   |
|    n_updates            | 245        |
|    policy_gradient_loss | -0.00265   |
|    std                  | 1.02       |
|    value_loss           | 9.49e+03   |
----------------------------------------
-----------------------------------------
| rollout/                |             |
|    ep_len_mean          | 2.31e+03    |
|    ep_rew_mean          | 4.89e+03    |
| time/                   |             |
|    fps                  | 647         |
|    iterations           | 51          |
|    time_elapsed         | 40          |
|    total_timesteps      | 26112       |
| train/                  |             |
|    approx_kl            | 0.006429786 |
|    clip_fraction        | 0.0234      |
|    clip_range           | 0.2         |
|    entropy_loss         | -4.3        |
|    explained_variance   | 0           |
|    learning_rate        | 0.0002      |
|    loss                 | 5.74e+03    |
|    n_updates            | 250         |
|    policy_gradient_loss | -0.00217    |
|    std                  | 1.02        |
|    value_loss           | 1.15e+04    |
-----------------------------------------
-----------------------------------------
| rollout/                |             |
|    ep_len_mean          | 2.31e+03    |
|    ep_rew_mean          | 4.89e+03    |
| time/                   |             |
|    fps                  | 644         |
|    iterations           | 52          |
|    time_elapsed         | 41          |
|    total_timesteps      | 26624       |
| train/                  |             |
|    approx_kl            | 0.005013548 |
|    clip_fraction        | 0.0488      |
|    clip_range           | 0.2         |
|    entropy_loss         | -4.3        |
|    explained_variance   | -1.19e-07   |
|    learning_rate        | 0.0002      |
|    loss                 | 6.33e+03    |
|    n_updates            | 255         |
|    policy_gradient_loss | 0.00241     |
|    std                  | 1.02        |
|    value_loss           | 1.54e+04    |
-----------------------------------------
------------------------------------------
| rollout/                |              |
|    ep_len_mean          | 2.22e+03     |
|    ep_rew_mean          | 4.93e+03     |
| time/                   |              |
|    fps                  | 639          |
|    iterations           | 53           |
|    time_elapsed         | 42           |
|    total_timesteps      | 27136        |
| train/                  |              |
|    approx_kl            | 0.0043847654 |
|    clip_fraction        | 0.158        |
|    clip_range           | 0.2          |
|    entropy_loss         | -4.31        |
|    explained_variance   | -1.19e-07    |
|    learning_rate        | 0.0002       |
|    loss                 | 1.07e+04     |
|    n_updates            | 260          |
|    policy_gradient_loss | 0.00291      |
|    std                  | 1.02         |
|    value_loss           | 1.43e+04     |
------------------------------------------
-----------------------------------------
| rollout/                |             |
|    ep_len_mean          | 2.22e+03    |
|    ep_rew_mean          | 4.93e+03    |
| time/                   |             |
|    fps                  | 632         |
|    iterations           | 54          |
|    time_elapsed         | 43          |
|    total_timesteps      | 27648       |
| train/                  |             |
|    approx_kl            | 0.008703163 |
|    clip_fraction        | 0.0641      |
|    clip_range           | 0.2         |
|    entropy_loss         | -4.31       |
|    explained_variance   | 0           |
|    learning_rate        | 0.0002      |
|    loss                 | 5.26e+03    |
|    n_updates            | 265         |
|    policy_gradient_loss | -0.00159    |
|    std                  | 1.02        |
|    value_loss           | 1.02e+04    |
-----------------------------------------
-----------------------------------------
| rollout/                |             |
|    ep_len_mean          | 2.22e+03    |
|    ep_rew_mean          | 4.93e+03    |
| time/                   |             |
|    fps                  | 629         |
|    iterations           | 55          |
|    time_elapsed         | 44          |
|    total_timesteps      | 28160       |
| train/                  |             |
|    approx_kl            | 0.008867919 |
|    clip_fraction        | 0.0754      |
|    clip_range           | 0.2         |
|    entropy_loss         | -4.31       |
|    explained_variance   | 0           |
|    learning_rate        | 0.0002      |
|    loss                 | 5.11e+03    |
|    n_updates            | 270         |
|    policy_gradient_loss | -0.00734    |
|    std                  | 1.02        |
|    value_loss           | 9.21e+03    |
-----------------------------------------
------------------------------------------
| rollout/                |              |
|    ep_len_mean          | 2.22e+03     |
|    ep_rew_mean          | 4.93e+03     |
| time/                   |              |
|    fps                  | 633          |
|    iterations           | 56           |
|    time_elapsed         | 45           |
|    total_timesteps      | 28672        |
| train/                  |              |
|    approx_kl            | 0.0035283193 |
|    clip_fraction        | 0.0109       |
|    clip_range           | 0.2          |
|    entropy_loss         | -4.31        |
|    explained_variance   | 5.96e-08     |
|    learning_rate        | 0.0002       |
|    loss                 | 3.26e+03     |
|    n_updates            | 275          |
|    policy_gradient_loss | -0.000921    |
|    std                  | 1.02         |
|    value_loss           | 8.84e+03     |
------------------------------------------
-----------------------------------------
| rollout/                |             |
|    ep_len_mean          | 2.24e+03    |
|    ep_rew_mean          | 5.37e+03    |
| time/                   |             |
|    fps                  | 636         |
|    iterations           | 57          |
|    time_elapsed         | 45          |
|    total_timesteps      | 29184       |
| train/                  |             |
|    approx_kl            | 0.005417899 |
|    clip_fraction        | 0.0383      |
|    clip_range           | 0.2         |
|    entropy_loss         | -4.3        |
|    explained_variance   | 0           |
|    learning_rate        | 0.0002      |
|    loss                 | 4.62e+03    |
|    n_updates            | 280         |
|    policy_gradient_loss | -0.00455    |
|    std                  | 1.02        |
|    value_loss           | 7.48e+03    |
-----------------------------------------
------------------------------------------
| rollout/                |              |
|    ep_len_mean          | 2.24e+03     |
|    ep_rew_mean          | 5.37e+03     |
| time/                   |              |
|    fps                  | 639          |
|    iterations           | 58           |
|    time_elapsed         | 46           |
|    total_timesteps      | 29696        |
| train/                  |              |
|    approx_kl            | 0.0062565156 |
|    clip_fraction        | 0.0387       |
|    clip_range           | 0.2          |
|    entropy_loss         | -4.3         |
|    explained_variance   | 0            |
|    learning_rate        | 0.0002       |
|    loss                 | 2.35e+03     |
|    n_updates            | 285          |
|    policy_gradient_loss | -0.00548     |
|    std                  | 1.02         |
|    value_loss           | 8.2e+03      |
------------------------------------------
-----------------------------------------
| rollout/                |             |
|    ep_len_mean          | 2.24e+03    |
|    ep_rew_mean          | 5.37e+03    |
| time/                   |             |
|    fps                  | 642         |
|    iterations           | 59          |
|    time_elapsed         | 47          |
|    total_timesteps      | 30208       |
| train/                  |             |
|    approx_kl            | 0.011923148 |
|    clip_fraction        | 0.077       |
|    clip_range           | 0.2         |
|    entropy_loss         | -4.3        |
|    explained_variance   | -1.19e-07   |
|    learning_rate        | 0.0002      |
|    loss                 | 7.26e+03    |
|    n_updates            | 290         |
|    policy_gradient_loss | 0.000375    |
|    std                  | 1.02        |
|    value_loss           | 1.16e+04    |
-----------------------------------------
-----------------------------------------
| rollout/                |             |
|    ep_len_mean          | 2.24e+03    |
|    ep_rew_mean          | 5.37e+03    |
| time/                   |             |
|    fps                  | 645         |
|    iterations           | 60          |
|    time_elapsed         | 47          |
|    total_timesteps      | 30720       |
| train/                  |             |
|    approx_kl            | 0.024319604 |
|    clip_fraction        | 0.098       |
|    clip_range           | 0.2         |
|    entropy_loss         | -4.3        |
|    explained_variance   | 5.96e-08    |
|    learning_rate        | 0.0002      |
|    loss                 | 5.16e+03    |
|    n_updates            | 295         |
|    policy_gradient_loss | 0.00529     |
|    std                  | 1.02        |
|    value_loss           | 1.01e+04    |
-----------------------------------------
-----------------------------------------
| rollout/                |             |
|    ep_len_mean          | 2.21e+03    |
|    ep_rew_mean          | 5.55e+03    |
| time/                   |             |
|    fps                  | 648         |
|    iterations           | 61          |
|    time_elapsed         | 48          |
|    total_timesteps      | 31232       |
| train/                  |             |
|    approx_kl            | 0.009708596 |
|    clip_fraction        | 0.0363      |
|    clip_range           | 0.2         |
|    entropy_loss         | -4.3        |
|    explained_variance   | 5.96e-08    |
|    learning_rate        | 0.0002      |
|    loss                 | 5.64e+03    |
|    n_updates            | 300         |
|    policy_gradient_loss | -0.00229    |
|    std                  | 1.01        |
|    value_loss           | 8.29e+03    |
-----------------------------------------
-----------------------------------------
| rollout/                |             |
|    ep_len_mean          | 2.21e+03    |
|    ep_rew_mean          | 5.55e+03    |
| time/                   |             |
|    fps                  | 646         |
|    iterations           | 62          |
|    time_elapsed         | 49          |
|    total_timesteps      | 31744       |
| train/                  |             |
|    approx_kl            | 0.003670114 |
|    clip_fraction        | 0.0336      |
|    clip_range           | 0.2         |
|    entropy_loss         | -4.29       |
|    explained_variance   | 0           |
|    learning_rate        | 0.0002      |
|    loss                 | 6.33e+03    |
|    n_updates            | 305         |
|    policy_gradient_loss | -0.00283    |
|    std                  | 1.01        |
|    value_loss           | 1.29e+04    |
-----------------------------------------
------------------------------------------
| rollout/                |              |
|    ep_len_mean          | 2.21e+03     |
|    ep_rew_mean          | 5.55e+03     |
| time/                   |              |
|    fps                  | 648          |
|    iterations           | 63           |
|    time_elapsed         | 49           |
|    total_timesteps      | 32256        |
| train/                  |              |
|    approx_kl            | 0.0065236986 |
|    clip_fraction        | 0.178        |
|    clip_range           | 0.2          |
|    entropy_loss         | -4.3         |
|    explained_variance   | 0            |
|    learning_rate        | 0.0002       |
|    loss                 | 4.67e+03     |
|    n_updates            | 310          |
|    policy_gradient_loss | -0.00173     |
|    std                  | 1.02         |
|    value_loss           | 1.08e+04     |
------------------------------------------
------------------------------------------
| rollout/                |              |
|    ep_len_mean          | 2.16e+03     |
|    ep_rew_mean          | 5.64e+03     |
| time/                   |              |
|    fps                  | 644          |
|    iterations           | 64           |
|    time_elapsed         | 50           |
|    total_timesteps      | 32768        |
| train/                  |              |
|    approx_kl            | 0.0009858969 |
|    clip_fraction        | 0            |
|    clip_range           | 0.2          |
|    entropy_loss         | -4.31        |
|    explained_variance   | 5.96e-08     |
|    learning_rate        | 0.0002       |
|    loss                 | 2.52e+03     |
|    n_updates            | 315          |
|    policy_gradient_loss | -0.000598    |
|    std                  | 1.02         |
|    value_loss           | 6.37e+03     |
------------------------------------------
------------------------------------------
| rollout/                |              |
|    ep_len_mean          | 2.16e+03     |
|    ep_rew_mean          | 5.64e+03     |
| time/                   |              |
|    fps                  | 647          |
|    iterations           | 65           |
|    time_elapsed         | 51           |
|    total_timesteps      | 33280        |
| train/                  |              |
|    approx_kl            | 0.0076250513 |
|    clip_fraction        | 0.0477       |
|    clip_range           | 0.2          |
|    entropy_loss         | -4.31        |
|    explained_variance   | 0            |
|    learning_rate        | 0.0002       |
|    loss                 | 9.26e+03     |
|    n_updates            | 320          |
|    policy_gradient_loss | -0.00359     |
|    std                  | 1.02         |
|    value_loss           | 1.69e+04     |
------------------------------------------
------------------------------------------
| rollout/                |              |
|    ep_len_mean          | 2.16e+03     |
|    ep_rew_mean          | 5.64e+03     |
| time/                   |              |
|    fps                  | 651          |
|    iterations           | 66           |
|    time_elapsed         | 51           |
|    total_timesteps      | 33792        |
| train/                  |              |
|    approx_kl            | 0.0023163408 |
|    clip_fraction        | 0.0043       |
|    clip_range           | 0.2          |
|    entropy_loss         | -4.31        |
|    explained_variance   | 0            |
|    learning_rate        | 0.0002       |
|    loss                 | 6.1e+03      |
|    n_updates            | 325          |
|    policy_gradient_loss | 0.000251     |
|    std                  | 1.02         |
|    value_loss           | 1.58e+04     |
------------------------------------------
------------------------------------------
| rollout/                |              |
|    ep_len_mean          | 2.16e+03     |
|    ep_rew_mean          | 5.64e+03     |
| time/                   |              |
|    fps                  | 654          |
|    iterations           | 67           |
|    time_elapsed         | 52           |
|    total_timesteps      | 34304        |
| train/                  |              |
|    approx_kl            | 0.0046608234 |
|    clip_fraction        | 0.091        |
|    clip_range           | 0.2          |
|    entropy_loss         | -4.3         |
|    explained_variance   | 0            |
|    learning_rate        | 0.0002       |
|    loss                 | 8.44e+03     |
|    n_updates            | 330          |
|    policy_gradient_loss | 0.00154      |
|    std                  | 1.02         |
|    value_loss           | 1.44e+04     |
------------------------------------------
------------------------------------------
| rollout/                |              |
|    ep_len_mean          | 2.17e+03     |
|    ep_rew_mean          | 5.96e+03     |
| time/                   |              |
|    fps                  | 650          |
|    iterations           | 68           |
|    time_elapsed         | 53           |
|    total_timesteps      | 34816        |
| train/                  |              |
|    approx_kl            | 0.0049408562 |
|    clip_fraction        | 0.0184       |
|    clip_range           | 0.2          |
|    entropy_loss         | -4.3         |
|    explained_variance   | 0            |
|    learning_rate        | 0.0002       |
|    loss                 | 5.85e+03     |
|    n_updates            | 335          |
|    policy_gradient_loss | -0.00373     |
|    std                  | 1.01         |
|    value_loss           | 1.27e+04     |
------------------------------------------
------------------------------------------
| rollout/                |              |
|    ep_len_mean          | 2.17e+03     |
|    ep_rew_mean          | 5.96e+03     |
| time/                   |              |
|    fps                  | 647          |
|    iterations           | 69           |
|    time_elapsed         | 54           |
|    total_timesteps      | 35328        |
| train/                  |              |
|    approx_kl            | 0.0069318004 |
|    clip_fraction        | 0.0469       |
|    clip_range           | 0.2          |
|    entropy_loss         | -4.29        |
|    explained_variance   | 0            |
|    learning_rate        | 0.0002       |
|    loss                 | 6.47e+03     |
|    n_updates            | 340          |
|    policy_gradient_loss | -0.00607     |
|    std                  | 1.01         |
|    value_loss           | 1.32e+04     |
------------------------------------------
------------------------------------------
| rollout/                |              |
|    ep_len_mean          | 2.17e+03     |
|    ep_rew_mean          | 5.96e+03     |
| time/                   |              |
|    fps                  | 643          |
|    iterations           | 70           |
|    time_elapsed         | 55           |
|    total_timesteps      | 35840        |
| train/                  |              |
|    approx_kl            | 0.0044221003 |
|    clip_fraction        | 0.0586       |
|    clip_range           | 0.2          |
|    entropy_loss         | -4.29        |
|    explained_variance   | 0            |
|    learning_rate        | 0.0002       |
|    loss                 | 5.58e+03     |
|    n_updates            | 345          |
|    policy_gradient_loss | -0.00399     |
|    std                  | 1.01         |
|    value_loss           | 1.23e+04     |
------------------------------------------
-----------------------------------------
| rollout/                |             |
|    ep_len_mean          | 2.17e+03    |
|    ep_rew_mean          | 5.96e+03    |
| time/                   |             |
|    fps                  | 639         |
|    iterations           | 71          |
|    time_elapsed         | 56          |
|    total_timesteps      | 36352       |
| train/                  |             |
|    approx_kl            | 0.009259077 |
|    clip_fraction        | 0.0371      |
|    clip_range           | 0.2         |
|    entropy_loss         | -4.29       |
|    explained_variance   | 0           |
|    learning_rate        | 0.0002      |
|    loss                 | 5.48e+03    |
|    n_updates            | 350         |
|    policy_gradient_loss | -0.00199    |
|    std                  | 1.01        |
|    value_loss           | 1.08e+04    |
-----------------------------------------
-----------------------------------------
| rollout/                |             |
|    ep_len_mean          | 2.17e+03    |
|    ep_rew_mean          | 5.96e+03    |
| time/                   |             |
|    fps                  | 642         |
|    iterations           | 72          |
|    time_elapsed         | 57          |
|    total_timesteps      | 36864       |
| train/                  |             |
|    approx_kl            | 0.007236089 |
|    clip_fraction        | 0.0363      |
|    clip_range           | 0.2         |
|    entropy_loss         | -4.29       |
|    explained_variance   | 0           |
|    learning_rate        | 0.0002      |
|    loss                 | 4.45e+03    |
|    n_updates            | 355         |
|    policy_gradient_loss | -0.00152    |
|    std                  | 1.01        |
|    value_loss           | 8.89e+03    |
-----------------------------------------
------------------------------------------
| rollout/                |              |
|    ep_len_mean          | 2.17e+03     |
|    ep_rew_mean          | 5.96e+03     |
| time/                   |              |
|    fps                  | 644          |
|    iterations           | 73           |
|    time_elapsed         | 57           |
|    total_timesteps      | 37376        |
| train/                  |              |
|    approx_kl            | 0.0025792208 |
|    clip_fraction        | 0.0605       |
|    clip_range           | 0.2          |
|    entropy_loss         | -4.29        |
|    explained_variance   | 0            |
|    learning_rate        | 0.0002       |
|    loss                 | 5.17e+03     |
|    n_updates            | 360          |
|    policy_gradient_loss | -0.00244     |
|    std                  | 1.01         |
|    value_loss           | 7.86e+03     |
------------------------------------------
-----------------------------------------
| rollout/                |             |
|    ep_len_mean          | 2.2e+03     |
|    ep_rew_mean          | 6.31e+03    |
| time/                   |             |
|    fps                  | 645         |
|    iterations           | 74          |
|    time_elapsed         | 58          |
|    total_timesteps      | 37888       |
| train/                  |             |
|    approx_kl            | 0.010082819 |
|    clip_fraction        | 0.082       |
|    clip_range           | 0.2         |
|    entropy_loss         | -4.29       |
|    explained_variance   | 5.96e-08    |
|    learning_rate        | 0.0002      |
|    loss                 | 4.28e+03    |
|    n_updates            | 365         |
|    policy_gradient_loss | 0.00203     |
|    std                  | 1.01        |
|    value_loss           | 7.98e+03    |
-----------------------------------------
-----------------------------------------
| rollout/                |             |
|    ep_len_mean          | 2.2e+03     |
|    ep_rew_mean          | 6.31e+03    |
| time/                   |             |
|    fps                  | 643         |
|    iterations           | 75          |
|    time_elapsed         | 59          |
|    total_timesteps      | 38400       |
| train/                  |             |
|    approx_kl            | 0.010555176 |
|    clip_fraction        | 0.103       |
|    clip_range           | 0.2         |
|    entropy_loss         | -4.29       |
|    explained_variance   | 0           |
|    learning_rate        | 0.0002      |
|    loss                 | 6.23e+03    |
|    n_updates            | 370         |
|    policy_gradient_loss | -0.00372    |
|    std                  | 1.01        |
|    value_loss           | 1.38e+04    |
-----------------------------------------
-----------------------------------------
| rollout/                |             |
|    ep_len_mean          | 2.2e+03     |
|    ep_rew_mean          | 6.31e+03    |
| time/                   |             |
|    fps                  | 646         |
|    iterations           | 76          |
|    time_elapsed         | 60          |
|    total_timesteps      | 38912       |
| train/                  |             |
|    approx_kl            | 0.025611557 |
|    clip_fraction        | 0.259       |
|    clip_range           | 0.2         |
|    entropy_loss         | -4.29       |
|    explained_variance   | 0           |
|    learning_rate        | 0.0002      |
|    loss                 | 5.83e+03    |
|    n_updates            | 375         |
|    policy_gradient_loss | 0.0125      |
|    std                  | 1.01        |
|    value_loss           | 1.29e+04    |
-----------------------------------------
-----------------------------------------
| rollout/                |             |
|    ep_len_mean          | 2.16e+03    |
|    ep_rew_mean          | 6.34e+03    |
| time/                   |             |
|    fps                  | 649         |
|    iterations           | 77          |
|    time_elapsed         | 60          |
|    total_timesteps      | 39424       |
| train/                  |             |
|    approx_kl            | 0.007860696 |
|    clip_fraction        | 0.0539      |
|    clip_range           | 0.2         |
|    entropy_loss         | -4.29       |
|    explained_variance   | -1.19e-07   |
|    learning_rate        | 0.0002      |
|    loss                 | 3.52e+03    |
|    n_updates            | 380         |
|    policy_gradient_loss | -0.00417    |
|    std                  | 1.01        |
|    value_loss           | 8.5e+03     |
-----------------------------------------
-----------------------------------------
| rollout/                |             |
|    ep_len_mean          | 2.16e+03    |
|    ep_rew_mean          | 6.34e+03    |
| time/                   |             |
|    fps                  | 652         |
|    iterations           | 78          |
|    time_elapsed         | 61          |
|    total_timesteps      | 39936       |
| train/                  |             |
|    approx_kl            | 0.009960171 |
|    clip_fraction        | 0.0879      |
|    clip_range           | 0.2         |
|    entropy_loss         | -4.29       |
|    explained_variance   | 0           |
|    learning_rate        | 0.0002      |
|    loss                 | 9.28e+03    |
|    n_updates            | 385         |
|    policy_gradient_loss | 0.000261    |
|    std                  | 1.01        |
|    value_loss           | 1.77e+04    |
-----------------------------------------
-----------------------------------------
| rollout/                |             |
|    ep_len_mean          | 2.16e+03    |
|    ep_rew_mean          | 6.34e+03    |
| time/                   |             |
|    fps                  | 651         |
|    iterations           | 79          |
|    time_elapsed         | 62          |
|    total_timesteps      | 40448       |
| train/                  |             |
|    approx_kl            | 0.007613079 |
|    clip_fraction        | 0.0437      |
|    clip_range           | 0.2         |
|    entropy_loss         | -4.28       |
|    explained_variance   | 0           |
|    learning_rate        | 0.0002      |
|    loss                 | 5.77e+03    |
|    n_updates            | 390         |
|    policy_gradient_loss | 0.00262     |
|    std                  | 1.01        |
|    value_loss           | 1.35e+04    |
-----------------------------------------
-----------------------------------------
| rollout/                |             |
|    ep_len_mean          | 2.14e+03    |
|    ep_rew_mean          | 6.4e+03     |
| time/                   |             |
|    fps                  | 649         |
|    iterations           | 80          |
|    time_elapsed         | 63          |
|    total_timesteps      | 40960       |
| train/                  |             |
|    approx_kl            | 0.033176795 |
|    clip_fraction        | 0.185       |
|    clip_range           | 0.2         |
|    entropy_loss         | -4.28       |
|    explained_variance   | 0           |
|    learning_rate        | 0.0002      |
|    loss                 | 7.61e+03    |
|    n_updates            | 395         |
|    policy_gradient_loss | -0.00703    |
|    std                  | 1.01        |
|    value_loss           | 1.23e+04    |
-----------------------------------------
-----------------------------------------
| rollout/                |             |
|    ep_len_mean          | 2.14e+03    |
|    ep_rew_mean          | 6.4e+03     |
| time/                   |             |
|    fps                  | 652         |
|    iterations           | 81          |
|    time_elapsed         | 63          |
|    total_timesteps      | 41472       |
| train/                  |             |
|    approx_kl            | 0.016479425 |
|    clip_fraction        | 0.182       |
|    clip_range           | 0.2         |
|    entropy_loss         | -4.29       |
|    explained_variance   | 0           |
|    learning_rate        | 0.0002      |
|    loss                 | 6.52e+03    |
|    n_updates            | 400         |
|    policy_gradient_loss | -0.00232    |
|    std                  | 1.01        |
|    value_loss           | 1.14e+04    |
-----------------------------------------
------------------------------------------
| rollout/                |              |
|    ep_len_mean          | 2.14e+03     |
|    ep_rew_mean          | 6.4e+03      |
| time/                   |              |
|    fps                  | 649          |
|    iterations           | 82           |
|    time_elapsed         | 64           |
|    total_timesteps      | 41984        |
| train/                  |              |
|    approx_kl            | 0.0051451875 |
|    clip_fraction        | 0.0168       |
|    clip_range           | 0.2          |
|    entropy_loss         | -4.29        |
|    explained_variance   | 0            |
|    learning_rate        | 0.0002       |
|    loss                 | 7.03e+03     |
|    n_updates            | 405          |
|    policy_gradient_loss | -0.00195     |
|    std                  | 1.01         |
|    value_loss           | 1.23e+04     |
------------------------------------------
------------------------------------------
| rollout/                |              |
|    ep_len_mean          | 2.1e+03      |
|    ep_rew_mean          | 6.36e+03     |
| time/                   |              |
|    fps                  | 645          |
|    iterations           | 83           |
|    time_elapsed         | 65           |
|    total_timesteps      | 42496        |
| train/                  |              |
|    approx_kl            | 0.0013939225 |
|    clip_fraction        | 0            |
|    clip_range           | 0.2          |
|    entropy_loss         | -4.28        |
|    explained_variance   | 0            |
|    learning_rate        | 0.0002       |
|    loss                 | 2.39e+03     |
|    n_updates            | 410          |
|    policy_gradient_loss | -0.000132    |
|    std                  | 1.01         |
|    value_loss           | 7.87e+03     |
------------------------------------------
-----------------------------------------
| rollout/                |             |
|    ep_len_mean          | 2.1e+03     |
|    ep_rew_mean          | 6.36e+03    |
| time/                   |             |
|    fps                  | 642         |
|    iterations           | 84          |
|    time_elapsed         | 66          |
|    total_timesteps      | 43008       |
| train/                  |             |
|    approx_kl            | 0.009299272 |
|    clip_fraction        | 0.116       |
|    clip_range           | 0.2         |
|    entropy_loss         | -4.28       |
|    explained_variance   | 5.96e-08    |
|    learning_rate        | 0.0002      |
|    loss                 | 7.14e+03    |
|    n_updates            | 415         |
|    policy_gradient_loss | 0.0028      |
|    std                  | 1.01        |
|    value_loss           | 1.73e+04    |
-----------------------------------------
------------------------------------------
| rollout/                |              |
|    ep_len_mean          | 2.1e+03      |
|    ep_rew_mean          | 6.36e+03     |
| time/                   |              |
|    fps                  | 638          |
|    iterations           | 85           |
|    time_elapsed         | 68           |
|    total_timesteps      | 43520        |
| train/                  |              |
|    approx_kl            | 0.0018172982 |
|    clip_fraction        | 0.00234      |
|    clip_range           | 0.2          |
|    entropy_loss         | -4.28        |
|    explained_variance   | 0            |
|    learning_rate        | 0.0002       |
|    loss                 | 6.14e+03     |
|    n_updates            | 420          |
|    policy_gradient_loss | 0.00114      |
|    std                  | 1.01         |
|    value_loss           | 1.26e+04     |
------------------------------------------
-----------------------------------------
| rollout/                |             |
|    ep_len_mean          | 2.1e+03     |
|    ep_rew_mean          | 6.36e+03    |
| time/                   |             |
|    fps                  | 635         |
|    iterations           | 86          |
|    time_elapsed         | 69          |
|    total_timesteps      | 44032       |
| train/                  |             |
|    approx_kl            | 0.005422263 |
|    clip_fraction        | 0.0187      |
|    clip_range           | 0.2         |
|    entropy_loss         | -4.28       |
|    explained_variance   | 0           |
|    learning_rate        | 0.0002      |
|    loss                 | 4.13e+03    |
|    n_updates            | 425         |
|    policy_gradient_loss | -0.00259    |
|    std                  | 1.01        |
|    value_loss           | 8.66e+03    |
-----------------------------------------
-----------------------------------------
| rollout/                |             |
|    ep_len_mean          | 2.12e+03    |
|    ep_rew_mean          | 6.63e+03    |
| time/                   |             |
|    fps                  | 634         |
|    iterations           | 87          |
|    time_elapsed         | 70          |
|    total_timesteps      | 44544       |
| train/                  |             |
|    approx_kl            | 0.002816205 |
|    clip_fraction        | 0.00508     |
|    clip_range           | 0.2         |
|    entropy_loss         | -4.28       |
|    explained_variance   | -1.19e-07   |
|    learning_rate        | 0.0002      |
|    loss                 | 1.91e+03    |
|    n_updates            | 430         |
|    policy_gradient_loss | -0.00189    |
|    std                  | 1.01        |
|    value_loss           | 5.31e+03    |
-----------------------------------------
-----------------------------------------
| rollout/                |             |
|    ep_len_mean          | 2.12e+03    |
|    ep_rew_mean          | 6.63e+03    |
| time/                   |             |
|    fps                  | 636         |
|    iterations           | 88          |
|    time_elapsed         | 70          |
|    total_timesteps      | 45056       |
| train/                  |             |
|    approx_kl            | 0.004362528 |
|    clip_fraction        | 0.0109      |
|    clip_range           | 0.2         |
|    entropy_loss         | -4.28       |
|    explained_variance   | 1.19e-07    |
|    learning_rate        | 0.0002      |
|    loss                 | 6.43e+03    |
|    n_updates            | 435         |
|    policy_gradient_loss | -0.00229    |
|    std                  | 1.01        |
|    value_loss           | 7.27e+03    |
-----------------------------------------
-----------------------------------------
| rollout/                |             |
|    ep_len_mean          | 2.12e+03    |
|    ep_rew_mean          | 6.63e+03    |
| time/                   |             |
|    fps                  | 635         |
|    iterations           | 89          |
|    time_elapsed         | 71          |
|    total_timesteps      | 45568       |
| train/                  |             |
|    approx_kl            | 0.007186729 |
|    clip_fraction        | 0.0547      |
|    clip_range           | 0.2         |
|    entropy_loss         | -4.28       |
|    explained_variance   | 0           |
|    learning_rate        | 0.0002      |
|    loss                 | 5.49e+03    |
|    n_updates            | 440         |
|    policy_gradient_loss | -0.00467    |
|    std                  | 1.01        |
|    value_loss           | 1.17e+04    |
-----------------------------------------
------------------------------------------
| rollout/                |              |
|    ep_len_mean          | 2.12e+03     |
|    ep_rew_mean          | 6.63e+03     |
| time/                   |              |
|    fps                  | 637          |
|    iterations           | 90           |
|    time_elapsed         | 72           |
|    total_timesteps      | 46080        |
| train/                  |              |
|    approx_kl            | 0.0030361828 |
|    clip_fraction        | 0.00977      |
|    clip_range           | 0.2          |
|    entropy_loss         | -4.28        |
|    explained_variance   | 0            |
|    learning_rate        | 0.0002       |
|    loss                 | 5.47e+03     |
|    n_updates            | 445          |
|    policy_gradient_loss | 0.00123      |
|    std                  | 1.01         |
|    value_loss           | 1.04e+04     |
------------------------------------------
------------------------------------------
| rollout/                |              |
|    ep_len_mean          | 2.12e+03     |
|    ep_rew_mean          | 6.63e+03     |
| time/                   |              |
|    fps                  | 636          |
|    iterations           | 91           |
|    time_elapsed         | 73           |
|    total_timesteps      | 46592        |
| train/                  |              |
|    approx_kl            | 0.0060245506 |
|    clip_fraction        | 0.0387       |
|    clip_range           | 0.2          |
|    entropy_loss         | -4.28        |
|    explained_variance   | 0            |
|    learning_rate        | 0.0002       |
|    loss                 | 2.14e+03     |
|    n_updates            | 450          |
|    policy_gradient_loss | -0.00233     |
|    std                  | 1.01         |
|    value_loss           | 6.09e+03     |
------------------------------------------
------------------------------------------
| rollout/                |              |
|    ep_len_mean          | 2.12e+03     |
|    ep_rew_mean          | 6.63e+03     |
| time/                   |              |
|    fps                  | 638          |
|    iterations           | 92           |
|    time_elapsed         | 73           |
|    total_timesteps      | 47104        |
| train/                  |              |
|    approx_kl            | 0.0043166443 |
|    clip_fraction        | 0.00898      |
|    clip_range           | 0.2          |
|    entropy_loss         | -4.28        |
|    explained_variance   | 0            |
|    learning_rate        | 0.0002       |
|    loss                 | 3.46e+03     |
|    n_updates            | 455          |
|    policy_gradient_loss | -0.00177     |
|    std                  | 1.01         |
|    value_loss           | 5.22e+03     |
------------------------------------------
-----------------------------------------
| rollout/                |             |
|    ep_len_mean          | 2.12e+03    |
|    ep_rew_mean          | 6.63e+03    |
| time/                   |             |
|    fps                  | 640         |
|    iterations           | 93          |
|    time_elapsed         | 74          |
|    total_timesteps      | 47616       |
| train/                  |             |
|    approx_kl            | 0.009061036 |
|    clip_fraction        | 0.059       |
|    clip_range           | 0.2         |
|    entropy_loss         | -4.28       |
|    explained_variance   | 0           |
|    learning_rate        | 0.0002      |
|    loss                 | 960         |
|    n_updates            | 460         |
|    policy_gradient_loss | -0.00648    |
|    std                  | 1.01        |
|    value_loss           | 4.56e+03    |
-----------------------------------------
-----------------------------------------
| rollout/                |             |
|    ep_len_mean          | 2.18e+03    |
|    ep_rew_mean          | 7.09e+03    |
| time/                   |             |
|    fps                  | 642         |
|    iterations           | 94          |
|    time_elapsed         | 74          |
|    total_timesteps      | 48128       |
| train/                  |             |
|    approx_kl            | 0.005161656 |
|    clip_fraction        | 0.0277      |
|    clip_range           | 0.2         |
|    entropy_loss         | -4.28       |
|    explained_variance   | 0           |
|    learning_rate        | 0.0002      |
|    loss                 | 2.29e+03    |
|    n_updates            | 465         |
|    policy_gradient_loss | -0.00367    |
|    std                  | 1.01        |
|    value_loss           | 4.02e+03    |
-----------------------------------------
-----------------------------------------
| rollout/                |             |
|    ep_len_mean          | 2.18e+03    |
|    ep_rew_mean          | 7.09e+03    |
| time/                   |             |
|    fps                  | 645         |
|    iterations           | 95          |
|    time_elapsed         | 75          |
|    total_timesteps      | 48640       |
| train/                  |             |
|    approx_kl            | 0.022976758 |
|    clip_fraction        | 0.158       |
|    clip_range           | 0.2         |
|    entropy_loss         | -4.28       |
|    explained_variance   | -1.19e-07   |
|    learning_rate        | 0.0002      |
|    loss                 | 5.64e+03    |
|    n_updates            | 470         |
|    policy_gradient_loss | 0.00671     |
|    std                  | 1.01        |
|    value_loss           | 1.12e+04    |
-----------------------------------------
-----------------------------------------
| rollout/                |             |
|    ep_len_mean          | 2.18e+03    |
|    ep_rew_mean          | 7.09e+03    |
| time/                   |             |
|    fps                  | 647         |
|    iterations           | 96          |
|    time_elapsed         | 75          |
|    total_timesteps      | 49152       |
| train/                  |             |
|    approx_kl            | 0.008279348 |
|    clip_fraction        | 0.149       |
|    clip_range           | 0.2         |
|    entropy_loss         | -4.29       |
|    explained_variance   | 0           |
|    learning_rate        | 0.0002      |
|    loss                 | 8.29e+03    |
|    n_updates            | 475         |
|    policy_gradient_loss | 0.00784     |
|    std                  | 1.01        |
|    value_loss           | 1.6e+04     |
-----------------------------------------
-----------------------------------------
| rollout/                |             |
|    ep_len_mean          | 2.18e+03    |
|    ep_rew_mean          | 7.09e+03    |
| time/                   |             |
|    fps                  | 645         |
|    iterations           | 97          |
|    time_elapsed         | 76          |
|    total_timesteps      | 49664       |
| train/                  |             |
|    approx_kl            | 0.008672988 |
|    clip_fraction        | 0.205       |
|    clip_range           | 0.2         |
|    entropy_loss         | -4.3        |
|    explained_variance   | 0           |
|    learning_rate        | 0.0002      |
|    loss                 | 6.38e+03    |
|    n_updates            | 480         |
|    policy_gradient_loss | 0.0125      |
|    std                  | 1.02        |
|    value_loss           | 1.37e+04    |
-----------------------------------------
Eval num_timesteps=50000, episode_reward=19897.96 +/- 0.00
Episode length: 4031.00 +/- 0.00
-----------------------------------------
| eval/                   |             |
|    mean_ep_length       | 4.03e+03    |
|    mean_reward          | 1.99e+04    |
| time/                   |             |
|    total_timesteps      | 50000       |
| train/                  |             |
|    approx_kl            | 0.007608913 |
|    clip_fraction        | 0.0297      |
|    clip_range           | 0.2         |
|    entropy_loss         | -4.3        |
|    explained_variance   | 0           |
|    learning_rate        | 0.0002      |
|    loss                 | 2.73e+03    |
|    n_updates            | 485         |
|    policy_gradient_loss | -0.00407    |
|    std                  | 1.02        |
|    value_loss           | 6.92e+03    |
-----------------------------------------
---------------------------------
| rollout/           |          |
|    ep_len_mean     | 2.18e+03 |
|    ep_rew_mean     | 7.09e+03 |
| time/              |          |
|    fps             | 632      |
|    iterations      | 98       |
|    time_elapsed    | 79       |
|    total_timesteps | 50176    |
---------------------------------
[TIMING] Training completed in 80.1s
✓ Model saved to models/final_model

======================================================================
PHASE 2: Validation on val set
======================================================================

Evaluating...

  [DEV] Trade Summary (1000 trades):
    Wins: 440 | Losses: 560 | Win Rate: 44.0%
    Total PnL: $0.01 | Avg PnL/Trade: $0.0000
    Top 5 Trades:
      1. BNBUSDT  | Entry: $903.059998 → Exit: $906.729980 | Return:   0.41% | PnL: $  0.0014 | Reason: sell
      2. BNBUSDT  | Entry: $903.059998 → Exit: $905.969971 | Return:   0.32% | PnL: $  0.0012 | Reason: sell
      3. BNBUSDT  | Entry: $903.059998 → Exit: $906.460022 | Return:   0.38% | PnL: $  0.0011 | Reason: sell
      4. BNBUSDT  | Entry: $903.059998 → Exit: $906.890015 | Return:   0.42% | PnL: $  0.0010 | Reason: sell
      5. BNBUSDT  | Entry: $903.059998 → Exit: $906.479980 | Return:   0.38% | PnL: $  0.0010 | Reason: sell

Evaluation Results:
  Total Return: 0.02%
  Final Portfolio Value: $100.02
  Max Portfolio Value: $100.05
  Total Reward: 19897.96
  Steps: 4031
  Trades: 2041 | Win Rate: 62.4%
  Realized PnL: $0.03 | Unrealized: $-0.00

======================================================================
PHASE 3: Testing on test set
======================================================================

Evaluating...

  [TEST] Trade Summary (1000 trades):
    Wins: 469 | Losses: 531 | Win Rate: 46.9%
    Total PnL: $0.10 | Avg PnL/Trade: $0.0001
    Top 5 Trades:
      1. BNBUSDT  | Entry: $774.500000 → Exit: $781.380005 | Return:   0.89% | PnL: $  0.0558 | Reason: end_of_episode
      2. BNBUSDT  | Entry: $769.619995 → Exit: $773.479980 | Return:   0.50% | PnL: $  0.0031 | Reason: sell
      3. BNBUSDT  | Entry: $836.559998 → Exit: $849.229980 | Return:   1.51% | PnL: $  0.0030 | Reason: sell
      4. BNBUSDT  | Entry: $836.559998 → Exit: $844.890015 | Return:   1.00% | PnL: $  0.0027 | Reason: sell
      5. BNBUSDT  | Entry: $792.460022 → Exit: $795.409973 | Return:   0.37% | PnL: $  0.0026 | Reason: sell

Evaluation Results:
  Total Return: 0.10%
  Final Portfolio Value: $100.10
  Max Portfolio Value: $100.14
  Total Reward: 19689.54
  Steps: 4032
  Trades: 2043 | Win Rate: 44.6%
  Realized PnL: $0.11 | Unrealized: $-0.00

======================================================================
BACKTEST SUMMARY
======================================================================
Val Trades:  2041 | WR:  62.4% | Return:   0.02%
Test Trades: 2043 | WR:  44.6% | Return:   0.10%
======================================================================


/home/konstantin/dev/crypto_rl/rl_trader.py:1010: FutureWarning: The default of observed=False is deprecated and will be changed to True in a future version of pandas. Pass observed=False to retain current behavior or observed=True to adopt the future default and silence this warning.
  for symbol, group in data.groupby('symbol', sort=False):
/home/konstantin/dev/crypto_rl/.conda/lib/python3.12/site-packages/stable_baselines3/common/evaluation.py:70: UserWarning: Evaluation environment is not wrapped with a ``Monitor`` wrapper. This may result in reporting modified episode lengths and rewards, if other wrappers happen to modify these. Consider wrapping environment first with ``Monitor`` wrapper.
  warnings.warn(
