Loading 14 days of data...
✓ Loaded 60483 rows from 3 symbols

Fee regime: mexc_spot_mx | buy_fee=0.003% | sell_fee=0.003%
Using device: cpu
/home/konstantin/dev/crypto_rl/rl_trader.py:1010: FutureWarning: The default of observed=False is deprecated and will be changed to True in a future version of pandas. Pass observed=False to retain current behavior or observed=True to adopt the future default and silence this warning.
  for symbol, group in data.groupby('symbol', sort=False):

======================================================================
                 3-WAY BACKTEST (Train / Val / Test)                  
======================================================================
Train:  36288 rows ( 3 symbols) 1768694340000000 → 1769420040000000
Val:    12096 rows ( 3 symbols) 1769420100000000 → 1769661960000000
Test:   12099 rows ( 3 symbols) 1769662020000000 → 1769903940000000
======================================================================

Train env: 36288 rows, 3 symbols
Eval env: 12096 rows, 3 symbols
PHASE 1: Training on train set with val monitoring...
Using cpu device
Wrapping the env with a `Monitor` wrapper
Wrapping the env in a DummyVecEnv.
Created new PPO model (device=cpu)
  Hyperparameters:
    learning_rate=0.0003, batch_size=16
    n_steps=512, n_epochs=5
    policy_arch=[256, 128, 64]

Training for 50000 timesteps...
-----------------------------
| time/              |      |
|    fps             | 2758 |
|    iterations      | 1    |
|    time_elapsed    | 0    |
|    total_timesteps | 512  |
-----------------------------
-----------------------------------------
| time/                   |             |
|    fps                  | 314         |
|    iterations           | 2           |
|    time_elapsed         | 3           |
|    total_timesteps      | 1024        |
| train/                  |             |
|    approx_kl            | 0.011929449 |
|    clip_fraction        | 0.156       |
|    clip_range           | 0.2         |
|    entropy_loss         | -4.27       |
|    explained_variance   | 0.0011      |
|    learning_rate        | 0.0003      |
|    loss                 | 1.43e+03    |
|    n_updates            | 5           |
|    policy_gradient_loss | -0.016      |
|    std                  | 1.01        |
|    value_loss           | 3.1e+03     |
-----------------------------------------
----------------------------------------
| time/                   |            |
|    fps                  | 347        |
|    iterations           | 3          |
|    time_elapsed         | 4          |
|    total_timesteps      | 1536       |
| train/                  |            |
|    approx_kl            | 0.01074096 |
|    clip_fraction        | 0.128      |
|    clip_range           | 0.2        |
|    entropy_loss         | -4.28      |
|    explained_variance   | 3.58e-07   |
|    learning_rate        | 0.0003     |
|    loss                 | 1.28e+03   |
|    n_updates            | 10         |
|    policy_gradient_loss | -0.0148    |
|    std                  | 1.01       |
|    value_loss           | 2.54e+03   |
----------------------------------------
-----------------------------------------
| time/                   |             |
|    fps                  | 366         |
|    iterations           | 4           |
|    time_elapsed         | 5           |
|    total_timesteps      | 2048        |
| train/                  |             |
|    approx_kl            | 0.009672882 |
|    clip_fraction        | 0.14        |
|    clip_range           | 0.2         |
|    entropy_loss         | -4.29       |
|    explained_variance   | 5.36e-07    |
|    learning_rate        | 0.0003      |
|    loss                 | 1.03e+03    |
|    n_updates            | 15          |
|    policy_gradient_loss | -0.0136     |
|    std                  | 1.01        |
|    value_loss           | 2.06e+03    |
-----------------------------------------
----------------------------------------
| time/                   |            |
|    fps                  | 380        |
|    iterations           | 5          |
|    time_elapsed         | 6          |
|    total_timesteps      | 2560       |
| train/                  |            |
|    approx_kl            | 0.01427927 |
|    clip_fraction        | 0.206      |
|    clip_range           | 0.2        |
|    entropy_loss         | -4.31      |
|    explained_variance   | 0          |
|    learning_rate        | 0.0003     |
|    loss                 | 596        |
|    n_updates            | 20         |
|    policy_gradient_loss | -0.0187    |
|    std                  | 1.02       |
|    value_loss           | 1.29e+03   |
----------------------------------------
-----------------------------------------
| time/                   |             |
|    fps                  | 388         |
|    iterations           | 6           |
|    time_elapsed         | 7           |
|    total_timesteps      | 3072        |
| train/                  |             |
|    approx_kl            | 0.025171537 |
|    clip_fraction        | 0.3         |
|    clip_range           | 0.2         |
|    entropy_loss         | -4.35       |
|    explained_variance   | 1.19e-07    |
|    learning_rate        | 0.0003      |
|    loss                 | 143         |
|    n_updates            | 25          |
|    policy_gradient_loss | -0.0337     |
|    std                  | 1.04        |
|    value_loss           | 377         |
-----------------------------------------
-----------------------------------------
| time/                   |             |
|    fps                  | 395         |
|    iterations           | 7           |
|    time_elapsed         | 9           |
|    total_timesteps      | 3584        |
| train/                  |             |
|    approx_kl            | 0.027536359 |
|    clip_fraction        | 0.362       |
|    clip_range           | 0.2         |
|    entropy_loss         | -4.39       |
|    explained_variance   | -1.19e-07   |
|    learning_rate        | 0.0003      |
|    loss                 | 107         |
|    n_updates            | 30          |
|    policy_gradient_loss | -0.017      |
|    std                  | 1.05        |
|    value_loss           | 267         |
-----------------------------------------
-----------------------------------------
| time/                   |             |
|    fps                  | 399         |
|    iterations           | 8           |
|    time_elapsed         | 10          |
|    total_timesteps      | 4096        |
| train/                  |             |
|    approx_kl            | 0.009501716 |
|    clip_fraction        | 0.0961      |
|    clip_range           | 0.2         |
|    entropy_loss         | -4.4        |
|    explained_variance   | -1.19e-07   |
|    learning_rate        | 0.0003      |
|    loss                 | 373         |
|    n_updates            | 35          |
|    policy_gradient_loss | -0.00895    |
|    std                  | 1.05        |
|    value_loss           | 754         |
-----------------------------------------
----------------------------------------
| time/                   |            |
|    fps                  | 413        |
|    iterations           | 9          |
|    time_elapsed         | 11         |
|    total_timesteps      | 4608       |
| train/                  |            |
|    approx_kl            | 0.01371102 |
|    clip_fraction        | 0.15       |
|    clip_range           | 0.2        |
|    entropy_loss         | -4.4       |
|    explained_variance   | 0          |
|    learning_rate        | 0.0003     |
|    loss                 | 366        |
|    n_updates            | 40         |
|    policy_gradient_loss | -0.0188    |
|    std                  | 1.05       |
|    value_loss           | 1.27e+03   |
----------------------------------------
-----------------------------------------
| time/                   |             |
|    fps                  | 439         |
|    iterations           | 10          |
|    time_elapsed         | 11          |
|    total_timesteps      | 5120        |
| train/                  |             |
|    approx_kl            | 0.018270094 |
|    clip_fraction        | 0.122       |
|    clip_range           | 0.2         |
|    entropy_loss         | -4.4        |
|    explained_variance   | 7.75e-06    |
|    learning_rate        | 0.0003      |
|    loss                 | 279         |
|    n_updates            | 45          |
|    policy_gradient_loss | -0.00287    |
|    std                  | 1.05        |
|    value_loss           | 989         |
-----------------------------------------
-----------------------------------------
| time/                   |             |
|    fps                  | 464         |
|    iterations           | 11          |
|    time_elapsed         | 12          |
|    total_timesteps      | 5632        |
| train/                  |             |
|    approx_kl            | 0.009750476 |
|    clip_fraction        | 0.0473      |
|    clip_range           | 0.2         |
|    entropy_loss         | -4.4        |
|    explained_variance   | -0.00039    |
|    learning_rate        | 0.0003      |
|    loss                 | 766         |
|    n_updates            | 50          |
|    policy_gradient_loss | -0.00117    |
|    std                  | 1.05        |
|    value_loss           | 1.12e+03    |
-----------------------------------------
-----------------------------------------
| time/                   |             |
|    fps                  | 487         |
|    iterations           | 12          |
|    time_elapsed         | 12          |
|    total_timesteps      | 6144        |
| train/                  |             |
|    approx_kl            | 0.011138869 |
|    clip_fraction        | 0.0832      |
|    clip_range           | 0.2         |
|    entropy_loss         | -4.4        |
|    explained_variance   | 0           |
|    learning_rate        | 0.0003      |
|    loss                 | 952         |
|    n_updates            | 55          |
|    policy_gradient_loss | -0.0157     |
|    std                  | 1.05        |
|    value_loss           | 1.45e+03    |
-----------------------------------------
-----------------------------------------
| time/                   |             |
|    fps                  | 508         |
|    iterations           | 13          |
|    time_elapsed         | 13          |
|    total_timesteps      | 6656        |
| train/                  |             |
|    approx_kl            | 0.007333777 |
|    clip_fraction        | 0.0461      |
|    clip_range           | 0.2         |
|    entropy_loss         | -4.4        |
|    explained_variance   | 5.96e-08    |
|    learning_rate        | 0.0003      |
|    loss                 | 414         |
|    n_updates            | 60          |
|    policy_gradient_loss | -0.00655    |
|    std                  | 1.05        |
|    value_loss           | 1.53e+03    |
-----------------------------------------
------------------------------------------
| time/                   |              |
|    fps                  | 528          |
|    iterations           | 14           |
|    time_elapsed         | 13           |
|    total_timesteps      | 7168         |
| train/                  |              |
|    approx_kl            | 0.0071693333 |
|    clip_fraction        | 0.0258       |
|    clip_range           | 0.2          |
|    entropy_loss         | -4.4         |
|    explained_variance   | 1.19e-07     |
|    learning_rate        | 0.0003       |
|    loss                 | 1.46e+03     |
|    n_updates            | 65           |
|    policy_gradient_loss | -0.00762     |
|    std                  | 1.05         |
|    value_loss           | 2.54e+03     |
------------------------------------------
------------------------------------------
| time/                   |              |
|    fps                  | 546          |
|    iterations           | 15           |
|    time_elapsed         | 14           |
|    total_timesteps      | 7680         |
| train/                  |              |
|    approx_kl            | 0.0035590925 |
|    clip_fraction        | 0.00391      |
|    clip_range           | 0.2          |
|    entropy_loss         | -4.39        |
|    explained_variance   | 2.98e-07     |
|    learning_rate        | 0.0003       |
|    loss                 | 616          |
|    n_updates            | 70           |
|    policy_gradient_loss | -0.00243     |
|    std                  | 1.05         |
|    value_loss           | 1.77e+03     |
------------------------------------------
-----------------------------------------
| time/                   |             |
|    fps                  | 563         |
|    iterations           | 16          |
|    time_elapsed         | 14          |
|    total_timesteps      | 8192        |
| train/                  |             |
|    approx_kl            | 0.004191433 |
|    clip_fraction        | 0.00781     |
|    clip_range           | 0.2         |
|    entropy_loss         | -4.39       |
|    explained_variance   | -5.96e-07   |
|    learning_rate        | 0.0003      |
|    loss                 | 1.24e+03    |
|    n_updates            | 75          |
|    policy_gradient_loss | -0.00263    |
|    std                  | 1.05        |
|    value_loss           | 2.83e+03    |
-----------------------------------------
------------------------------------------
| time/                   |              |
|    fps                  | 580          |
|    iterations           | 17           |
|    time_elapsed         | 15           |
|    total_timesteps      | 8704         |
| train/                  |              |
|    approx_kl            | 0.0068156025 |
|    clip_fraction        | 0.0344       |
|    clip_range           | 0.2          |
|    entropy_loss         | -4.39        |
|    explained_variance   | -3.58e-07    |
|    learning_rate        | 0.0003       |
|    loss                 | 1.46e+03     |
|    n_updates            | 80           |
|    policy_gradient_loss | -0.00643     |
|    std                  | 1.05         |
|    value_loss           | 2.96e+03     |
------------------------------------------
-----------------------------------------
| time/                   |             |
|    fps                  | 594         |
|    iterations           | 18          |
|    time_elapsed         | 15          |
|    total_timesteps      | 9216        |
| train/                  |             |
|    approx_kl            | 0.007787169 |
|    clip_fraction        | 0.0508      |
|    clip_range           | 0.2         |
|    entropy_loss         | -4.39       |
|    explained_variance   | -1.19e-07   |
|    learning_rate        | 0.0003      |
|    loss                 | 1.46e+03    |
|    n_updates            | 85          |
|    policy_gradient_loss | -0.00655    |
|    std                  | 1.05        |
|    value_loss           | 3.16e+03    |
-----------------------------------------
-----------------------------------------
| time/                   |             |
|    fps                  | 609         |
|    iterations           | 19          |
|    time_elapsed         | 15          |
|    total_timesteps      | 9728        |
| train/                  |             |
|    approx_kl            | 0.010350055 |
|    clip_fraction        | 0.0883      |
|    clip_range           | 0.2         |
|    entropy_loss         | -4.38       |
|    explained_variance   | -2.38e-07   |
|    learning_rate        | 0.0003      |
|    loss                 | 2.26e+03    |
|    n_updates            | 90          |
|    policy_gradient_loss | -0.011      |
|    std                  | 1.04        |
|    value_loss           | 2.75e+03    |
-----------------------------------------
-----------------------------------------
| time/                   |             |
|    fps                  | 622         |
|    iterations           | 20          |
|    time_elapsed         | 16          |
|    total_timesteps      | 10240       |
| train/                  |             |
|    approx_kl            | 0.007743432 |
|    clip_fraction        | 0.032       |
|    clip_range           | 0.2         |
|    entropy_loss         | -4.38       |
|    explained_variance   | 1.19e-07    |
|    learning_rate        | 0.0003      |
|    loss                 | 1.96e+03    |
|    n_updates            | 95          |
|    policy_gradient_loss | -0.00344    |
|    std                  | 1.04        |
|    value_loss           | 3.87e+03    |
-----------------------------------------
------------------------------------------
| time/                   |              |
|    fps                  | 635          |
|    iterations           | 21           |
|    time_elapsed         | 16           |
|    total_timesteps      | 10752        |
| train/                  |              |
|    approx_kl            | 0.0055326903 |
|    clip_fraction        | 0.0301       |
|    clip_range           | 0.2          |
|    entropy_loss         | -4.38        |
|    explained_variance   | -1.19e-07    |
|    learning_rate        | 0.0003       |
|    loss                 | 1.55e+03     |
|    n_updates            | 100          |
|    policy_gradient_loss | -0.00481     |
|    std                  | 1.04         |
|    value_loss           | 4.96e+03     |
------------------------------------------
-----------------------------------------
| time/                   |             |
|    fps                  | 646         |
|    iterations           | 22          |
|    time_elapsed         | 17          |
|    total_timesteps      | 11264       |
| train/                  |             |
|    approx_kl            | 0.007039476 |
|    clip_fraction        | 0.0492      |
|    clip_range           | 0.2         |
|    entropy_loss         | -4.38       |
|    explained_variance   | 0           |
|    learning_rate        | 0.0003      |
|    loss                 | 3.26e+03    |
|    n_updates            | 105         |
|    policy_gradient_loss | -0.00813    |
|    std                  | 1.04        |
|    value_loss           | 4.6e+03     |
-----------------------------------------
-------------------------------------------
| time/                   |               |
|    fps                  | 658           |
|    iterations           | 23            |
|    time_elapsed         | 17            |
|    total_timesteps      | 11776         |
| train/                  |               |
|    approx_kl            | 0.00051542046 |
|    clip_fraction        | 0             |
|    clip_range           | 0.2           |
|    entropy_loss         | -4.37         |
|    explained_variance   | 0             |
|    learning_rate        | 0.0003        |
|    loss                 | 1.51e+03      |
|    n_updates            | 110           |
|    policy_gradient_loss | 0.000557      |
|    std                  | 1.04          |
|    value_loss           | 4.77e+03      |
-------------------------------------------
------------------------------------------
| rollout/                |              |
|    ep_len_mean          | 1.21e+04     |
|    ep_rew_mean          | 1.91e+04     |
| time/                   |              |
|    fps                  | 668          |
|    iterations           | 24           |
|    time_elapsed         | 18           |
|    total_timesteps      | 12288        |
| train/                  |              |
|    approx_kl            | 0.0040777335 |
|    clip_fraction        | 0.0102       |
|    clip_range           | 0.2          |
|    entropy_loss         | -4.37        |
|    explained_variance   | 0            |
|    learning_rate        | 0.0003       |
|    loss                 | 3.52e+03     |
|    n_updates            | 115          |
|    policy_gradient_loss | -0.00188     |
|    std                  | 1.04         |
|    value_loss           | 6.04e+03     |
------------------------------------------
------------------------------------------
| rollout/                |              |
|    ep_len_mean          | 1.21e+04     |
|    ep_rew_mean          | 1.91e+04     |
| time/                   |              |
|    fps                  | 679          |
|    iterations           | 25           |
|    time_elapsed         | 18           |
|    total_timesteps      | 12800        |
| train/                  |              |
|    approx_kl            | 0.0031542904 |
|    clip_fraction        | 0.00273      |
|    clip_range           | 0.2          |
|    entropy_loss         | -4.37        |
|    explained_variance   | 0            |
|    learning_rate        | 0.0003       |
|    loss                 | 4.68e+03     |
|    n_updates            | 120          |
|    policy_gradient_loss | -7.32e-05    |
|    std                  | 1.04         |
|    value_loss           | 6.83e+03     |
------------------------------------------
-----------------------------------------
| rollout/                |             |
|    ep_len_mean          | 1.21e+04    |
|    ep_rew_mean          | 1.91e+04    |
| time/                   |             |
|    fps                  | 688         |
|    iterations           | 26          |
|    time_elapsed         | 19          |
|    total_timesteps      | 13312       |
| train/                  |             |
|    approx_kl            | 0.008486576 |
|    clip_fraction        | 0.0605      |
|    clip_range           | 0.2         |
|    entropy_loss         | -4.37       |
|    explained_variance   | 0           |
|    learning_rate        | 0.0003      |
|    loss                 | 5.38e+03    |
|    n_updates            | 125         |
|    policy_gradient_loss | -0.00761    |
|    std                  | 1.04        |
|    value_loss           | 8.43e+03    |
-----------------------------------------
-----------------------------------------
| rollout/                |             |
|    ep_len_mean          | 1.21e+04    |
|    ep_rew_mean          | 1.91e+04    |
| time/                   |             |
|    fps                  | 693         |
|    iterations           | 27          |
|    time_elapsed         | 19          |
|    total_timesteps      | 13824       |
| train/                  |             |
|    approx_kl            | 0.008003059 |
|    clip_fraction        | 0.0422      |
|    clip_range           | 0.2         |
|    entropy_loss         | -4.37       |
|    explained_variance   | 0           |
|    learning_rate        | 0.0003      |
|    loss                 | 2.33e+03    |
|    n_updates            | 130         |
|    policy_gradient_loss | -0.00478    |
|    std                  | 1.04        |
|    value_loss           | 4.27e+03    |
-----------------------------------------
-----------------------------------------
| rollout/                |             |
|    ep_len_mean          | 1.21e+04    |
|    ep_rew_mean          | 1.91e+04    |
| time/                   |             |
|    fps                  | 701         |
|    iterations           | 28          |
|    time_elapsed         | 20          |
|    total_timesteps      | 14336       |
| train/                  |             |
|    approx_kl            | 0.006047705 |
|    clip_fraction        | 0.0367      |
|    clip_range           | 0.2         |
|    entropy_loss         | -4.36       |
|    explained_variance   | 0           |
|    learning_rate        | 0.0003      |
|    loss                 | 1.71e+03    |
|    n_updates            | 135         |
|    policy_gradient_loss | -0.00391    |
|    std                  | 1.04        |
|    value_loss           | 4.79e+03    |
-----------------------------------------
------------------------------------------
| rollout/                |              |
|    ep_len_mean          | 1.21e+04     |
|    ep_rew_mean          | 1.91e+04     |
| time/                   |              |
|    fps                  | 706          |
|    iterations           | 29           |
|    time_elapsed         | 21           |
|    total_timesteps      | 14848        |
| train/                  |              |
|    approx_kl            | 0.0030837564 |
|    clip_fraction        | 0.00156      |
|    clip_range           | 0.2          |
|    entropy_loss         | -4.36        |
|    explained_variance   | 0            |
|    learning_rate        | 0.0003       |
|    loss                 | 2.04e+03     |
|    n_updates            | 140          |
|    policy_gradient_loss | -0.000264    |
|    std                  | 1.04         |
|    value_loss           | 4.88e+03     |
------------------------------------------
------------------------------------------
| rollout/                |              |
|    ep_len_mean          | 1.21e+04     |
|    ep_rew_mean          | 1.91e+04     |
| time/                   |              |
|    fps                  | 713          |
|    iterations           | 30           |
|    time_elapsed         | 21           |
|    total_timesteps      | 15360        |
| train/                  |              |
|    approx_kl            | 0.0054409336 |
|    clip_fraction        | 0.0379       |
|    clip_range           | 0.2          |
|    entropy_loss         | -4.36        |
|    explained_variance   | 0            |
|    learning_rate        | 0.0003       |
|    loss                 | 1.99e+03     |
|    n_updates            | 145          |
|    policy_gradient_loss | -0.00369     |
|    std                  | 1.04         |
|    value_loss           | 3.95e+03     |
------------------------------------------
------------------------------------------
| rollout/                |              |
|    ep_len_mean          | 1.21e+04     |
|    ep_rew_mean          | 1.91e+04     |
| time/                   |              |
|    fps                  | 701          |
|    iterations           | 31           |
|    time_elapsed         | 22           |
|    total_timesteps      | 15872        |
| train/                  |              |
|    approx_kl            | 0.0051804846 |
|    clip_fraction        | 0.0121       |
|    clip_range           | 0.2          |
|    entropy_loss         | -4.36        |
|    explained_variance   | 0            |
|    learning_rate        | 0.0003       |
|    loss                 | 3.88e+03     |
|    n_updates            | 150          |
|    policy_gradient_loss | -0.000783    |
|    std                  | 1.04         |
|    value_loss           | 5.92e+03     |
------------------------------------------
----------------------------------------
| rollout/                |            |
|    ep_len_mean          | 1.21e+04   |
|    ep_rew_mean          | 1.91e+04   |
| time/                   |            |
|    fps                  | 704        |
|    iterations           | 32         |
|    time_elapsed         | 23         |
|    total_timesteps      | 16384      |
| train/                  |            |
|    approx_kl            | 0.00850329 |
|    clip_fraction        | 0.0734     |
|    clip_range           | 0.2        |
|    entropy_loss         | -4.35      |
|    explained_variance   | -1.19e-07  |
|    learning_rate        | 0.0003     |
|    loss                 | 2.71e+03   |
|    n_updates            | 155        |
|    policy_gradient_loss | -0.00401   |
|    std                  | 1.03       |
|    value_loss           | 4.62e+03   |
----------------------------------------
-----------------------------------------
| rollout/                |             |
|    ep_len_mean          | 1.21e+04    |
|    ep_rew_mean          | 1.91e+04    |
| time/                   |             |
|    fps                  | 711         |
|    iterations           | 33          |
|    time_elapsed         | 23          |
|    total_timesteps      | 16896       |
| train/                  |             |
|    approx_kl            | 0.005605008 |
|    clip_fraction        | 0.0684      |
|    clip_range           | 0.2         |
|    entropy_loss         | -4.35       |
|    explained_variance   | -1.19e-07   |
|    learning_rate        | 0.0003      |
|    loss                 | 3.2e+03     |
|    n_updates            | 160         |
|    policy_gradient_loss | -0.00622    |
|    std                  | 1.03        |
|    value_loss           | 5.2e+03     |
-----------------------------------------
------------------------------------------
| rollout/                |              |
|    ep_len_mean          | 1.21e+04     |
|    ep_rew_mean          | 1.91e+04     |
| time/                   |              |
|    fps                  | 717          |
|    iterations           | 34           |
|    time_elapsed         | 24           |
|    total_timesteps      | 17408        |
| train/                  |              |
|    approx_kl            | 0.0061159735 |
|    clip_fraction        | 0.0477       |
|    clip_range           | 0.2          |
|    entropy_loss         | -4.35        |
|    explained_variance   | 0            |
|    learning_rate        | 0.0003       |
|    loss                 | 2.28e+03     |
|    n_updates            | 165          |
|    policy_gradient_loss | -0.00291     |
|    std                  | 1.03         |
|    value_loss           | 5.4e+03      |
------------------------------------------
------------------------------------------
| rollout/                |              |
|    ep_len_mean          | 1.21e+04     |
|    ep_rew_mean          | 1.91e+04     |
| time/                   |              |
|    fps                  | 723          |
|    iterations           | 35           |
|    time_elapsed         | 24           |
|    total_timesteps      | 17920        |
| train/                  |              |
|    approx_kl            | 0.0018752215 |
|    clip_fraction        | 0.0164       |
|    clip_range           | 0.2          |
|    entropy_loss         | -4.35        |
|    explained_variance   | 0            |
|    learning_rate        | 0.0003       |
|    loss                 | 2.73e+03     |
|    n_updates            | 170          |
|    policy_gradient_loss | 0.000766     |
|    std                  | 1.03         |
|    value_loss           | 4.61e+03     |
------------------------------------------
------------------------------------------
| rollout/                |              |
|    ep_len_mean          | 1.21e+04     |
|    ep_rew_mean          | 1.91e+04     |
| time/                   |              |
|    fps                  | 725          |
|    iterations           | 36           |
|    time_elapsed         | 25           |
|    total_timesteps      | 18432        |
| train/                  |              |
|    approx_kl            | 0.0024506552 |
|    clip_fraction        | 0.0141       |
|    clip_range           | 0.2          |
|    entropy_loss         | -4.35        |
|    explained_variance   | 0            |
|    learning_rate        | 0.0003       |
|    loss                 | 2.08e+03     |
|    n_updates            | 175          |
|    policy_gradient_loss | -0.000645    |
|    std                  | 1.03         |
|    value_loss           | 4.35e+03     |
------------------------------------------
----------------------------------------
| rollout/                |            |
|    ep_len_mean          | 1.21e+04   |
|    ep_rew_mean          | 1.91e+04   |
| time/                   |            |
|    fps                  | 718        |
|    iterations           | 37         |
|    time_elapsed         | 26         |
|    total_timesteps      | 18944      |
| train/                  |            |
|    approx_kl            | 0.00720485 |
|    clip_fraction        | 0.0477     |
|    clip_range           | 0.2        |
|    entropy_loss         | -4.35      |
|    explained_variance   | 1.19e-07   |
|    learning_rate        | 0.0003     |
|    loss                 | 1.75e+03   |
|    n_updates            | 180        |
|    policy_gradient_loss | -0.0022    |
|    std                  | 1.03       |
|    value_loss           | 4.27e+03   |
----------------------------------------
-----------------------------------------
| rollout/                |             |
|    ep_len_mean          | 1.21e+04    |
|    ep_rew_mean          | 1.91e+04    |
| time/                   |             |
|    fps                  | 712         |
|    iterations           | 38          |
|    time_elapsed         | 27          |
|    total_timesteps      | 19456       |
| train/                  |             |
|    approx_kl            | 0.008020723 |
|    clip_fraction        | 0.0738      |
|    clip_range           | 0.2         |
|    entropy_loss         | -4.34       |
|    explained_variance   | 0           |
|    learning_rate        | 0.0003      |
|    loss                 | 1.52e+03    |
|    n_updates            | 185         |
|    policy_gradient_loss | -0.00366    |
|    std                  | 1.03        |
|    value_loss           | 4.31e+03    |
-----------------------------------------
-----------------------------------------
| rollout/                |             |
|    ep_len_mean          | 1.21e+04    |
|    ep_rew_mean          | 1.91e+04    |
| time/                   |             |
|    fps                  | 718         |
|    iterations           | 39          |
|    time_elapsed         | 27          |
|    total_timesteps      | 19968       |
| train/                  |             |
|    approx_kl            | 0.004292273 |
|    clip_fraction        | 0.0641      |
|    clip_range           | 0.2         |
|    entropy_loss         | -4.34       |
|    explained_variance   | 0           |
|    learning_rate        | 0.0003      |
|    loss                 | 2.6e+03     |
|    n_updates            | 190         |
|    policy_gradient_loss | -0.00274    |
|    std                  | 1.03        |
|    value_loss           | 4.22e+03    |
-----------------------------------------
-----------------------------------------
| rollout/                |             |
|    ep_len_mean          | 1.21e+04    |
|    ep_rew_mean          | 1.91e+04    |
| time/                   |             |
|    fps                  | 723         |
|    iterations           | 40          |
|    time_elapsed         | 28          |
|    total_timesteps      | 20480       |
| train/                  |             |
|    approx_kl            | 0.017591294 |
|    clip_fraction        | 0.207       |
|    clip_range           | 0.2         |
|    entropy_loss         | -4.33       |
|    explained_variance   | 0           |
|    learning_rate        | 0.0003      |
|    loss                 | 2.67e+03    |
|    n_updates            | 195         |
|    policy_gradient_loss | 0.0063      |
|    std                  | 1.02        |
|    value_loss           | 4.1e+03     |
-----------------------------------------
-----------------------------------------
| rollout/                |             |
|    ep_len_mean          | 1.21e+04    |
|    ep_rew_mean          | 1.91e+04    |
| time/                   |             |
|    fps                  | 718         |
|    iterations           | 41          |
|    time_elapsed         | 29          |
|    total_timesteps      | 20992       |
| train/                  |             |
|    approx_kl            | 0.007594167 |
|    clip_fraction        | 0.108       |
|    clip_range           | 0.2         |
|    entropy_loss         | -4.31       |
|    explained_variance   | -1.19e-07   |
|    learning_rate        | 0.0003      |
|    loss                 | 2.23e+03    |
|    n_updates            | 200         |
|    policy_gradient_loss | -0.00725    |
|    std                  | 1.02        |
|    value_loss           | 4.01e+03    |
-----------------------------------------
------------------------------------------
| rollout/                |              |
|    ep_len_mean          | 1.21e+04     |
|    ep_rew_mean          | 1.91e+04     |
| time/                   |              |
|    fps                  | 713          |
|    iterations           | 42           |
|    time_elapsed         | 30           |
|    total_timesteps      | 21504        |
| train/                  |              |
|    approx_kl            | 0.0037777293 |
|    clip_fraction        | 0.0539       |
|    clip_range           | 0.2          |
|    entropy_loss         | -4.31        |
|    explained_variance   | 0            |
|    learning_rate        | 0.0003       |
|    loss                 | 665          |
|    n_updates            | 205          |
|    policy_gradient_loss | -0.00128     |
|    std                  | 1.02         |
|    value_loss           | 2.97e+03     |
------------------------------------------
------------------------------------------
| rollout/                |              |
|    ep_len_mean          | 1.21e+04     |
|    ep_rew_mean          | 1.91e+04     |
| time/                   |              |
|    fps                  | 717          |
|    iterations           | 43           |
|    time_elapsed         | 30           |
|    total_timesteps      | 22016        |
| train/                  |              |
|    approx_kl            | 0.0025673544 |
|    clip_fraction        | 0.00391      |
|    clip_range           | 0.2          |
|    entropy_loss         | -4.3         |
|    explained_variance   | -1.19e-07    |
|    learning_rate        | 0.0003       |
|    loss                 | 1.35e+03     |
|    n_updates            | 210          |
|    policy_gradient_loss | 0.00273      |
|    std                  | 1.02         |
|    value_loss           | 3.27e+03     |
------------------------------------------
------------------------------------------
| rollout/                |              |
|    ep_len_mean          | 1.21e+04     |
|    ep_rew_mean          | 1.91e+04     |
| time/                   |              |
|    fps                  | 721          |
|    iterations           | 44           |
|    time_elapsed         | 31           |
|    total_timesteps      | 22528        |
| train/                  |              |
|    approx_kl            | 0.0032903566 |
|    clip_fraction        | 0.0367       |
|    clip_range           | 0.2          |
|    entropy_loss         | -4.3         |
|    explained_variance   | 0            |
|    learning_rate        | 0.0003       |
|    loss                 | 1.71e+03     |
|    n_updates            | 215          |
|    policy_gradient_loss | 0.000403     |
|    std                  | 1.01         |
|    value_loss           | 3.91e+03     |
------------------------------------------
-----------------------------------------
| rollout/                |             |
|    ep_len_mean          | 1.21e+04    |
|    ep_rew_mean          | 1.91e+04    |
| time/                   |             |
|    fps                  | 714         |
|    iterations           | 45          |
|    time_elapsed         | 32          |
|    total_timesteps      | 23040       |
| train/                  |             |
|    approx_kl            | 0.005434095 |
|    clip_fraction        | 0.0391      |
|    clip_range           | 0.2         |
|    entropy_loss         | -4.3        |
|    explained_variance   | 0           |
|    learning_rate        | 0.0003      |
|    loss                 | 1.84e+03    |
|    n_updates            | 220         |
|    policy_gradient_loss | -0.000649   |
|    std                  | 1.02        |
|    value_loss           | 3.69e+03    |
-----------------------------------------
------------------------------------------
| rollout/                |              |
|    ep_len_mean          | 1.21e+04     |
|    ep_rew_mean          | 1.91e+04     |
| time/                   |              |
|    fps                  | 717          |
|    iterations           | 46           |
|    time_elapsed         | 32           |
|    total_timesteps      | 23552        |
| train/                  |              |
|    approx_kl            | 0.0068066847 |
|    clip_fraction        | 0.1          |
|    clip_range           | 0.2          |
|    entropy_loss         | -4.3         |
|    explained_variance   | 0            |
|    learning_rate        | 0.0003       |
|    loss                 | 2.3e+03      |
|    n_updates            | 225          |
|    policy_gradient_loss | -0.00732     |
|    std                  | 1.01         |
|    value_loss           | 3.4e+03      |
------------------------------------------
------------------------------------------
| rollout/                |              |
|    ep_len_mean          | 1.21e+04     |
|    ep_rew_mean          | 1.91e+04     |
| time/                   |              |
|    fps                  | 713          |
|    iterations           | 47           |
|    time_elapsed         | 33           |
|    total_timesteps      | 24064        |
| train/                  |              |
|    approx_kl            | 0.0065706624 |
|    clip_fraction        | 0.0902       |
|    clip_range           | 0.2          |
|    entropy_loss         | -4.28        |
|    explained_variance   | 0            |
|    learning_rate        | 0.0003       |
|    loss                 | 954          |
|    n_updates            | 230          |
|    policy_gradient_loss | -0.00642     |
|    std                  | 1.01         |
|    value_loss           | 3.25e+03     |
------------------------------------------
-----------------------------------------
| rollout/                |             |
|    ep_len_mean          | 1.21e+04    |
|    ep_rew_mean          | 3.48e+04    |
| time/                   |             |
|    fps                  | 717         |
|    iterations           | 48          |
|    time_elapsed         | 34          |
|    total_timesteps      | 24576       |
| train/                  |             |
|    approx_kl            | 0.007296837 |
|    clip_fraction        | 0.103       |
|    clip_range           | 0.2         |
|    entropy_loss         | -4.26       |
|    explained_variance   | 0           |
|    learning_rate        | 0.0003      |
|    loss                 | 716         |
|    n_updates            | 235         |
|    policy_gradient_loss | -0.00247    |
|    std                  | 1           |
|    value_loss           | 2.88e+03    |
-----------------------------------------
/home/konstantin/dev/crypto_rl/.conda/lib/python3.12/site-packages/stable_baselines3/common/evaluation.py:70: UserWarning: Evaluation environment is not wrapped with a ``Monitor`` wrapper. This may result in reporting modified episode lengths and rewards, if other wrappers happen to modify these. Consider wrapping environment first with ``Monitor`` wrapper.
  warnings.warn(
Eval num_timesteps=25000, episode_reward=20102.81 +/- 0.00
Episode length: 4031.00 +/- 0.00
------------------------------------------
| eval/                   |              |
|    mean_ep_length       | 4.03e+03     |
|    mean_reward          | 2.01e+04     |
| time/                   |              |
|    total_timesteps      | 25000        |
| train/                  |              |
|    approx_kl            | 0.0079343235 |
|    clip_fraction        | 0.205        |
|    clip_range           | 0.2          |
|    entropy_loss         | -4.24        |
|    explained_variance   | 0            |
|    learning_rate        | 0.0003       |
|    loss                 | 5.19e+03     |
|    n_updates            | 240          |
|    policy_gradient_loss | 0.00773      |
|    std                  | 0.996        |
|    value_loss           | 1.33e+04     |
------------------------------------------
New best mean reward!
---------------------------------
| rollout/           |          |
|    ep_len_mean     | 1.21e+04 |
|    ep_rew_mean     | 3.48e+04 |
| time/              |          |
|    fps             | 691      |
|    iterations      | 49       |
|    time_elapsed    | 36       |
|    total_timesteps | 25088    |
---------------------------------
-----------------------------------------
| rollout/                |             |
|    ep_len_mean          | 1.21e+04    |
|    ep_rew_mean          | 3.48e+04    |
| time/                   |             |
|    fps                  | 685         |
|    iterations           | 50          |
|    time_elapsed         | 37          |
|    total_timesteps      | 25600       |
| train/                  |             |
|    approx_kl            | 0.014594978 |
|    clip_fraction        | 0.246       |
|    clip_range           | 0.2         |
|    entropy_loss         | -4.23       |
|    explained_variance   | 0           |
|    learning_rate        | 0.0003      |
|    loss                 | 5.42e+03    |
|    n_updates            | 245         |
|    policy_gradient_loss | -0.00173    |
|    std                  | 0.992       |
|    value_loss           | 1.2e+04     |
-----------------------------------------
-----------------------------------------
| rollout/                |             |
|    ep_len_mean          | 1.21e+04    |
|    ep_rew_mean          | 3.48e+04    |
| time/                   |             |
|    fps                  | 690         |
|    iterations           | 51          |
|    time_elapsed         | 37          |
|    total_timesteps      | 26112       |
| train/                  |             |
|    approx_kl            | 0.013905905 |
|    clip_fraction        | 0.413       |
|    clip_range           | 0.2         |
|    entropy_loss         | -4.23       |
|    explained_variance   | 0           |
|    learning_rate        | 0.0003      |
|    loss                 | 5.72e+03    |
|    n_updates            | 250         |
|    policy_gradient_loss | 0.0317      |
|    std                  | 0.996       |
|    value_loss           | 1.04e+04    |
-----------------------------------------
------------------------------------------
| rollout/                |              |
|    ep_len_mean          | 1.21e+04     |
|    ep_rew_mean          | 3.48e+04     |
| time/                   |              |
|    fps                  | 694          |
|    iterations           | 52           |
|    time_elapsed         | 38           |
|    total_timesteps      | 26624        |
| train/                  |              |
|    approx_kl            | 0.0042086085 |
|    clip_fraction        | 0.052        |
|    clip_range           | 0.2          |
|    entropy_loss         | -4.24        |
|    explained_variance   | 0            |
|    learning_rate        | 0.0003       |
|    loss                 | 2.37e+03     |
|    n_updates            | 255          |
|    policy_gradient_loss | -0.00519     |
|    std                  | 1            |
|    value_loss           | 6.32e+03     |
------------------------------------------
-----------------------------------------
| rollout/                |             |
|    ep_len_mean          | 1.21e+04    |
|    ep_rew_mean          | 3.48e+04    |
| time/                   |             |
|    fps                  | 698         |
|    iterations           | 53          |
|    time_elapsed         | 38          |
|    total_timesteps      | 27136       |
| train/                  |             |
|    approx_kl            | 0.004979613 |
|    clip_fraction        | 0.0328      |
|    clip_range           | 0.2         |
|    entropy_loss         | -4.25       |
|    explained_variance   | 0           |
|    learning_rate        | 0.0003      |
|    loss                 | 1.32e+03    |
|    n_updates            | 260         |
|    policy_gradient_loss | -0.00109    |
|    std                  | 1           |
|    value_loss           | 4.81e+03    |
-----------------------------------------
-----------------------------------------
| rollout/                |             |
|    ep_len_mean          | 1.21e+04    |
|    ep_rew_mean          | 3.48e+04    |
| time/                   |             |
|    fps                  | 695         |
|    iterations           | 54          |
|    time_elapsed         | 39          |
|    total_timesteps      | 27648       |
| train/                  |             |
|    approx_kl            | 0.003836608 |
|    clip_fraction        | 0.0191      |
|    clip_range           | 0.2         |
|    entropy_loss         | -4.25       |
|    explained_variance   | -1.19e-07   |
|    learning_rate        | 0.0003      |
|    loss                 | 1.17e+03    |
|    n_updates            | 265         |
|    policy_gradient_loss | -0.000891   |
|    std                  | 0.999       |
|    value_loss           | 4.53e+03    |
-----------------------------------------
------------------------------------------
| rollout/                |              |
|    ep_len_mean          | 1.21e+04     |
|    ep_rew_mean          | 3.48e+04     |
| time/                   |              |
|    fps                  | 699          |
|    iterations           | 55           |
|    time_elapsed         | 40           |
|    total_timesteps      | 28160        |
| train/                  |              |
|    approx_kl            | 0.0058040367 |
|    clip_fraction        | 0.0465       |
|    clip_range           | 0.2          |
|    entropy_loss         | -4.24        |
|    explained_variance   | -1.19e-07    |
|    learning_rate        | 0.0003       |
|    loss                 | 2.28e+03     |
|    n_updates            | 270          |
|    policy_gradient_loss | -0.00262     |
|    std                  | 0.996        |
|    value_loss           | 3.76e+03     |
------------------------------------------
-----------------------------------------
| rollout/                |             |
|    ep_len_mean          | 1.21e+04    |
|    ep_rew_mean          | 3.48e+04    |
| time/                   |             |
|    fps                  | 703         |
|    iterations           | 56          |
|    time_elapsed         | 40          |
|    total_timesteps      | 28672       |
| train/                  |             |
|    approx_kl            | 0.010846867 |
|    clip_fraction        | 0.117       |
|    clip_range           | 0.2         |
|    entropy_loss         | -4.24       |
|    explained_variance   | 0           |
|    learning_rate        | 0.0003      |
|    loss                 | 1.04e+03    |
|    n_updates            | 275         |
|    policy_gradient_loss | -0.00984    |
|    std                  | 0.996       |
|    value_loss           | 3.31e+03    |
-----------------------------------------
-----------------------------------------
| rollout/                |             |
|    ep_len_mean          | 1.21e+04    |
|    ep_rew_mean          | 3.48e+04    |
| time/                   |             |
|    fps                  | 707         |
|    iterations           | 57          |
|    time_elapsed         | 41          |
|    total_timesteps      | 29184       |
| train/                  |             |
|    approx_kl            | 0.004655226 |
|    clip_fraction        | 0.0277      |
|    clip_range           | 0.2         |
|    entropy_loss         | -4.24       |
|    explained_variance   | 5.96e-08    |
|    learning_rate        | 0.0003      |
|    loss                 | 1.68e+03    |
|    n_updates            | 280         |
|    policy_gradient_loss | -0.000404   |
|    std                  | 0.995       |
|    value_loss           | 3.65e+03    |
-----------------------------------------
-----------------------------------------
| rollout/                |             |
|    ep_len_mean          | 1.21e+04    |
|    ep_rew_mean          | 3.48e+04    |
| time/                   |             |
|    fps                  | 711         |
|    iterations           | 58          |
|    time_elapsed         | 41          |
|    total_timesteps      | 29696       |
| train/                  |             |
|    approx_kl            | 0.006140955 |
|    clip_fraction        | 0.0855      |
|    clip_range           | 0.2         |
|    entropy_loss         | -4.24       |
|    explained_variance   | 0           |
|    learning_rate        | 0.0003      |
|    loss                 | 1.87e+03    |
|    n_updates            | 285         |
|    policy_gradient_loss | -0.00595    |
|    std                  | 0.995       |
|    value_loss           | 3.24e+03    |
-----------------------------------------
------------------------------------------
| rollout/                |              |
|    ep_len_mean          | 1.21e+04     |
|    ep_rew_mean          | 3.48e+04     |
| time/                   |              |
|    fps                  | 713          |
|    iterations           | 59           |
|    time_elapsed         | 42           |
|    total_timesteps      | 30208        |
| train/                  |              |
|    approx_kl            | 0.0045416555 |
|    clip_fraction        | 0.0477       |
|    clip_range           | 0.2          |
|    entropy_loss         | -4.23        |
|    explained_variance   | 0            |
|    learning_rate        | 0.0003       |
|    loss                 | 874          |
|    n_updates            | 290          |
|    policy_gradient_loss | -0.00508     |
|    std                  | 0.992        |
|    value_loss           | 3.58e+03     |
------------------------------------------
------------------------------------------
| rollout/                |              |
|    ep_len_mean          | 1.21e+04     |
|    ep_rew_mean          | 3.48e+04     |
| time/                   |              |
|    fps                  | 707          |
|    iterations           | 60           |
|    time_elapsed         | 43           |
|    total_timesteps      | 30720        |
| train/                  |              |
|    approx_kl            | 0.0065198867 |
|    clip_fraction        | 0.057        |
|    clip_range           | 0.2          |
|    entropy_loss         | -4.23        |
|    explained_variance   | 0            |
|    learning_rate        | 0.0003       |
|    loss                 | 2.31e+03     |
|    n_updates            | 295          |
|    policy_gradient_loss | -0.00401     |
|    std                  | 0.992        |
|    value_loss           | 3.58e+03     |
------------------------------------------
-----------------------------------------
| rollout/                |             |
|    ep_len_mean          | 1.21e+04    |
|    ep_rew_mean          | 3.48e+04    |
| time/                   |             |
|    fps                  | 700         |
|    iterations           | 61          |
|    time_elapsed         | 44          |
|    total_timesteps      | 31232       |
| train/                  |             |
|    approx_kl            | 0.006225816 |
|    clip_fraction        | 0.0336      |
|    clip_range           | 0.2         |
|    entropy_loss         | -4.22       |
|    explained_variance   | 0           |
|    learning_rate        | 0.0003      |
|    loss                 | 1.4e+03     |
|    n_updates            | 300         |
|    policy_gradient_loss | 0.000423    |
|    std                  | 0.991       |
|    value_loss           | 4.22e+03    |
-----------------------------------------
------------------------------------------
| rollout/                |              |
|    ep_len_mean          | 1.21e+04     |
|    ep_rew_mean          | 3.48e+04     |
| time/                   |              |
|    fps                  | 694          |
|    iterations           | 62           |
|    time_elapsed         | 45           |
|    total_timesteps      | 31744        |
| train/                  |              |
|    approx_kl            | 0.0064313947 |
|    clip_fraction        | 0.0602       |
|    clip_range           | 0.2          |
|    entropy_loss         | -4.22        |
|    explained_variance   | 0            |
|    learning_rate        | 0.0003       |
|    loss                 | 3.39e+03     |
|    n_updates            | 305          |
|    policy_gradient_loss | -0.00256     |
|    std                  | 0.986        |
|    value_loss           | 5.37e+03     |
------------------------------------------
-----------------------------------------
| rollout/                |             |
|    ep_len_mean          | 1.21e+04    |
|    ep_rew_mean          | 3.48e+04    |
| time/                   |             |
|    fps                  | 688         |
|    iterations           | 63          |
|    time_elapsed         | 46          |
|    total_timesteps      | 32256       |
| train/                  |             |
|    approx_kl            | 0.007921038 |
|    clip_fraction        | 0.0934      |
|    clip_range           | 0.2         |
|    entropy_loss         | -4.21       |
|    explained_variance   | 5.96e-08    |
|    learning_rate        | 0.0003      |
|    loss                 | 2.88e+03    |
|    n_updates            | 310         |
|    policy_gradient_loss | 0.00101     |
|    std                  | 0.985       |
|    value_loss           | 4.78e+03    |
-----------------------------------------
------------------------------------------
| rollout/                |              |
|    ep_len_mean          | 1.21e+04     |
|    ep_rew_mean          | 3.48e+04     |
| time/                   |              |
|    fps                  | 683          |
|    iterations           | 64           |
|    time_elapsed         | 47           |
|    total_timesteps      | 32768        |
| train/                  |              |
|    approx_kl            | 0.0017979244 |
|    clip_fraction        | 0.00469      |
|    clip_range           | 0.2          |
|    entropy_loss         | -4.2         |
|    explained_variance   | 0            |
|    learning_rate        | 0.0003       |
|    loss                 | 3.14e+03     |
|    n_updates            | 315          |
|    policy_gradient_loss | 0.00278      |
|    std                  | 0.979        |
|    value_loss           | 4.78e+03     |
------------------------------------------
-----------------------------------------
| rollout/                |             |
|    ep_len_mean          | 1.21e+04    |
|    ep_rew_mean          | 3.48e+04    |
| time/                   |             |
|    fps                  | 686         |
|    iterations           | 65          |
|    time_elapsed         | 48          |
|    total_timesteps      | 33280       |
| train/                  |             |
|    approx_kl            | 0.005708417 |
|    clip_fraction        | 0.0344      |
|    clip_range           | 0.2         |
|    entropy_loss         | -4.19       |
|    explained_variance   | 5.96e-08    |
|    learning_rate        | 0.0003      |
|    loss                 | 2.25e+03    |
|    n_updates            | 320         |
|    policy_gradient_loss | -0.001      |
|    std                  | 0.978       |
|    value_loss           | 5.38e+03    |
-----------------------------------------
-----------------------------------------
| rollout/                |             |
|    ep_len_mean          | 1.21e+04    |
|    ep_rew_mean          | 3.48e+04    |
| time/                   |             |
|    fps                  | 689         |
|    iterations           | 66          |
|    time_elapsed         | 49          |
|    total_timesteps      | 33792       |
| train/                  |             |
|    approx_kl            | 0.004391998 |
|    clip_fraction        | 0.0191      |
|    clip_range           | 0.2         |
|    entropy_loss         | -4.18       |
|    explained_variance   | 0           |
|    learning_rate        | 0.0003      |
|    loss                 | 1.92e+03    |
|    n_updates            | 325         |
|    policy_gradient_loss | 0.000111    |
|    std                  | 0.977       |
|    value_loss           | 4.61e+03    |
-----------------------------------------
------------------------------------------
| rollout/                |              |
|    ep_len_mean          | 1.21e+04     |
|    ep_rew_mean          | 3.48e+04     |
| time/                   |              |
|    fps                  | 691          |
|    iterations           | 67           |
|    time_elapsed         | 49           |
|    total_timesteps      | 34304        |
| train/                  |              |
|    approx_kl            | 0.0067455033 |
|    clip_fraction        | 0.0566       |
|    clip_range           | 0.2          |
|    entropy_loss         | -4.18        |
|    explained_variance   | 0            |
|    learning_rate        | 0.0003       |
|    loss                 | 3.36e+03     |
|    n_updates            | 330          |
|    policy_gradient_loss | 0.0006       |
|    std                  | 0.975        |
|    value_loss           | 4.19e+03     |
------------------------------------------
-----------------------------------------
| rollout/                |             |
|    ep_len_mean          | 1.21e+04    |
|    ep_rew_mean          | 3.48e+04    |
| time/                   |             |
|    fps                  | 694         |
|    iterations           | 68          |
|    time_elapsed         | 50          |
|    total_timesteps      | 34816       |
| train/                  |             |
|    approx_kl            | 0.011441091 |
|    clip_fraction        | 0.0996      |
|    clip_range           | 0.2         |
|    entropy_loss         | -4.16       |
|    explained_variance   | 0           |
|    learning_rate        | 0.0003      |
|    loss                 | 953         |
|    n_updates            | 335         |
|    policy_gradient_loss | -0.00679    |
|    std                  | 0.969       |
|    value_loss           | 4.85e+03    |
-----------------------------------------
----------------------------------------
| rollout/                |            |
|    ep_len_mean          | 1.21e+04   |
|    ep_rew_mean          | 3.48e+04   |
| time/                   |            |
|    fps                  | 697        |
|    iterations           | 69         |
|    time_elapsed         | 50         |
|    total_timesteps      | 35328      |
| train/                  |            |
|    approx_kl            | 0.04184567 |
|    clip_fraction        | 0.401      |
|    clip_range           | 0.2        |
|    entropy_loss         | -4.17      |
|    explained_variance   | 0          |
|    learning_rate        | 0.0003     |
|    loss                 | 2.19e+03   |
|    n_updates            | 340        |
|    policy_gradient_loss | 0.0512     |
|    std                  | 0.974      |
|    value_loss           | 5.22e+03   |
----------------------------------------
-----------------------------------------
| rollout/                |             |
|    ep_len_mean          | 1.21e+04    |
|    ep_rew_mean          | 3.48e+04    |
| time/                   |             |
|    fps                  | 699         |
|    iterations           | 70          |
|    time_elapsed         | 51          |
|    total_timesteps      | 35840       |
| train/                  |             |
|    approx_kl            | 0.007781719 |
|    clip_fraction        | 0.0805      |
|    clip_range           | 0.2         |
|    entropy_loss         | -4.17       |
|    explained_variance   | 0           |
|    learning_rate        | 0.0003      |
|    loss                 | 2.44e+03    |
|    n_updates            | 345         |
|    policy_gradient_loss | -0.00556    |
|    std                  | 0.975       |
|    value_loss           | 4.94e+03    |
-----------------------------------------
------------------------------------------
| rollout/                |              |
|    ep_len_mean          | 1.21e+04     |
|    ep_rew_mean          | 4.17e+04     |
| time/                   |              |
|    fps                  | 702          |
|    iterations           | 71           |
|    time_elapsed         | 51           |
|    total_timesteps      | 36352        |
| train/                  |              |
|    approx_kl            | 0.0110505065 |
|    clip_fraction        | 0.0473       |
|    clip_range           | 0.2          |
|    entropy_loss         | -4.18        |
|    explained_variance   | -1.19e-07    |
|    learning_rate        | 0.0003       |
|    loss                 | 2.03e+03     |
|    n_updates            | 350          |
|    policy_gradient_loss | 0.000656     |
|    std                  | 0.979        |
|    value_loss           | 5.29e+03     |
------------------------------------------
-----------------------------------------
| rollout/                |             |
|    ep_len_mean          | 1.21e+04    |
|    ep_rew_mean          | 4.17e+04    |
| time/                   |             |
|    fps                  | 697         |
|    iterations           | 72          |
|    time_elapsed         | 52          |
|    total_timesteps      | 36864       |
| train/                  |             |
|    approx_kl            | 0.009753406 |
|    clip_fraction        | 0.116       |
|    clip_range           | 0.2         |
|    entropy_loss         | -4.18       |
|    explained_variance   | 0           |
|    learning_rate        | 0.0003      |
|    loss                 | 4.9e+03     |
|    n_updates            | 355         |
|    policy_gradient_loss | 0.00342     |
|    std                  | 0.976       |
|    value_loss           | 5.65e+03    |
-----------------------------------------
-----------------------------------------
| rollout/                |             |
|    ep_len_mean          | 1.21e+04    |
|    ep_rew_mean          | 4.17e+04    |
| time/                   |             |
|    fps                  | 695         |
|    iterations           | 73          |
|    time_elapsed         | 53          |
|    total_timesteps      | 37376       |
| train/                  |             |
|    approx_kl            | 0.022722492 |
|    clip_fraction        | 0.307       |
|    clip_range           | 0.2         |
|    entropy_loss         | -4.18       |
|    explained_variance   | 0           |
|    learning_rate        | 0.0003      |
|    loss                 | 2.01e+03    |
|    n_updates            | 360         |
|    policy_gradient_loss | 0.0181      |
|    std                  | 0.978       |
|    value_loss           | 3.79e+03    |
-----------------------------------------
------------------------------------------
| rollout/                |              |
|    ep_len_mean          | 1.21e+04     |
|    ep_rew_mean          | 4.17e+04     |
| time/                   |              |
|    fps                  | 698          |
|    iterations           | 74           |
|    time_elapsed         | 54           |
|    total_timesteps      | 37888        |
| train/                  |              |
|    approx_kl            | 0.0050943443 |
|    clip_fraction        | 0.018        |
|    clip_range           | 0.2          |
|    entropy_loss         | -4.19        |
|    explained_variance   | 0            |
|    learning_rate        | 0.0003       |
|    loss                 | 2.83e+03     |
|    n_updates            | 365          |
|    policy_gradient_loss | -0.00198     |
|    std                  | 0.98         |
|    value_loss           | 4.95e+03     |
------------------------------------------
------------------------------------------
| rollout/                |              |
|    ep_len_mean          | 1.21e+04     |
|    ep_rew_mean          | 4.17e+04     |
| time/                   |              |
|    fps                  | 701          |
|    iterations           | 75           |
|    time_elapsed         | 54           |
|    total_timesteps      | 38400        |
| train/                  |              |
|    approx_kl            | 0.0067926794 |
|    clip_fraction        | 0.0766       |
|    clip_range           | 0.2          |
|    entropy_loss         | -4.19        |
|    explained_variance   | 0            |
|    learning_rate        | 0.0003       |
|    loss                 | 987          |
|    n_updates            | 370          |
|    policy_gradient_loss | -0.00673     |
|    std                  | 0.978        |
|    value_loss           | 2.85e+03     |
------------------------------------------
------------------------------------------
| rollout/                |              |
|    ep_len_mean          | 1.21e+04     |
|    ep_rew_mean          | 4.17e+04     |
| time/                   |              |
|    fps                  | 704          |
|    iterations           | 76           |
|    time_elapsed         | 55           |
|    total_timesteps      | 38912        |
| train/                  |              |
|    approx_kl            | 0.0072781984 |
|    clip_fraction        | 0.048        |
|    clip_range           | 0.2          |
|    entropy_loss         | -4.18        |
|    explained_variance   | 0            |
|    learning_rate        | 0.0003       |
|    loss                 | 1.41e+03     |
|    n_updates            | 375          |
|    policy_gradient_loss | -0.00603     |
|    std                  | 0.975        |
|    value_loss           | 3.05e+03     |
------------------------------------------
----------------------------------------
| rollout/                |            |
|    ep_len_mean          | 1.21e+04   |
|    ep_rew_mean          | 4.17e+04   |
| time/                   |            |
|    fps                  | 707        |
|    iterations           | 77         |
|    time_elapsed         | 55         |
|    total_timesteps      | 39424      |
| train/                  |            |
|    approx_kl            | 0.03542771 |
|    clip_fraction        | 0.308      |
|    clip_range           | 0.2        |
|    entropy_loss         | -4.17      |
|    explained_variance   | 0          |
|    learning_rate        | 0.0003     |
|    loss                 | 3.92e+03   |
|    n_updates            | 380        |
|    policy_gradient_loss | 0.0189     |
|    std                  | 0.974      |
|    value_loss           | 6.12e+03   |
----------------------------------------
------------------------------------------
| rollout/                |              |
|    ep_len_mean          | 1.21e+04     |
|    ep_rew_mean          | 4.17e+04     |
| time/                   |              |
|    fps                  | 710          |
|    iterations           | 78           |
|    time_elapsed         | 56           |
|    total_timesteps      | 39936        |
| train/                  |              |
|    approx_kl            | 0.0042230496 |
|    clip_fraction        | 0.0102       |
|    clip_range           | 0.2          |
|    entropy_loss         | -4.17        |
|    explained_variance   | 0            |
|    learning_rate        | 0.0003       |
|    loss                 | 2.87e+03     |
|    n_updates            | 385          |
|    policy_gradient_loss | -0.000116    |
|    std                  | 0.975        |
|    value_loss           | 4.01e+03     |
------------------------------------------
------------------------------------------
| rollout/                |              |
|    ep_len_mean          | 1.21e+04     |
|    ep_rew_mean          | 4.17e+04     |
| time/                   |              |
|    fps                  | 712          |
|    iterations           | 79           |
|    time_elapsed         | 56           |
|    total_timesteps      | 40448        |
| train/                  |              |
|    approx_kl            | 0.0055985125 |
|    clip_fraction        | 0.0289       |
|    clip_range           | 0.2          |
|    entropy_loss         | -4.17        |
|    explained_variance   | 1.19e-07     |
|    learning_rate        | 0.0003       |
|    loss                 | 2.43e+03     |
|    n_updates            | 390          |
|    policy_gradient_loss | -0.00293     |
|    std                  | 0.973        |
|    value_loss           | 4.2e+03      |
------------------------------------------
------------------------------------------
| rollout/                |              |
|    ep_len_mean          | 1.21e+04     |
|    ep_rew_mean          | 4.17e+04     |
| time/                   |              |
|    fps                  | 715          |
|    iterations           | 80           |
|    time_elapsed         | 57           |
|    total_timesteps      | 40960        |
| train/                  |              |
|    approx_kl            | 0.0040153004 |
|    clip_fraction        | 0.0312       |
|    clip_range           | 0.2          |
|    entropy_loss         | -4.17        |
|    explained_variance   | 0            |
|    learning_rate        | 0.0003       |
|    loss                 | 2.71e+03     |
|    n_updates            | 395          |
|    policy_gradient_loss | 2.69e-05     |
|    std                  | 0.974        |
|    value_loss           | 4.94e+03     |
------------------------------------------
-----------------------------------------
| rollout/                |             |
|    ep_len_mean          | 1.21e+04    |
|    ep_rew_mean          | 4.17e+04    |
| time/                   |             |
|    fps                  | 718         |
|    iterations           | 81          |
|    time_elapsed         | 57          |
|    total_timesteps      | 41472       |
| train/                  |             |
|    approx_kl            | 0.006052004 |
|    clip_fraction        | 0.18        |
|    clip_range           | 0.2         |
|    entropy_loss         | -4.17       |
|    explained_variance   | 0           |
|    learning_rate        | 0.0003      |
|    loss                 | 5.08e+03    |
|    n_updates            | 400         |
|    policy_gradient_loss | 0.00565     |
|    std                  | 0.978       |
|    value_loss           | 6.1e+03     |
-----------------------------------------
------------------------------------------
| rollout/                |              |
|    ep_len_mean          | 1.21e+04     |
|    ep_rew_mean          | 4.17e+04     |
| time/                   |              |
|    fps                  | 718          |
|    iterations           | 82           |
|    time_elapsed         | 58           |
|    total_timesteps      | 41984        |
| train/                  |              |
|    approx_kl            | 0.0038299256 |
|    clip_fraction        | 0.00742      |
|    clip_range           | 0.2          |
|    entropy_loss         | -4.18        |
|    explained_variance   | 0            |
|    learning_rate        | 0.0003       |
|    loss                 | 1.12e+03     |
|    n_updates            | 405          |
|    policy_gradient_loss | -0.000546    |
|    std                  | 0.978        |
|    value_loss           | 4.92e+03     |
------------------------------------------
-----------------------------------------
| rollout/                |             |
|    ep_len_mean          | 1.21e+04    |
|    ep_rew_mean          | 4.17e+04    |
| time/                   |             |
|    fps                  | 713         |
|    iterations           | 83          |
|    time_elapsed         | 59          |
|    total_timesteps      | 42496       |
| train/                  |             |
|    approx_kl            | 0.008423442 |
|    clip_fraction        | 0.0566      |
|    clip_range           | 0.2         |
|    entropy_loss         | -4.17       |
|    explained_variance   | -1.19e-07   |
|    learning_rate        | 0.0003      |
|    loss                 | 2.33e+03    |
|    n_updates            | 410         |
|    policy_gradient_loss | -0.00389    |
|    std                  | 0.974       |
|    value_loss           | 3.29e+03    |
-----------------------------------------
----------------------------------------
| rollout/                |            |
|    ep_len_mean          | 1.21e+04   |
|    ep_rew_mean          | 4.17e+04   |
| time/                   |            |
|    fps                  | 716        |
|    iterations           | 84         |
|    time_elapsed         | 60         |
|    total_timesteps      | 43008      |
| train/                  |            |
|    approx_kl            | 0.03949055 |
|    clip_fraction        | 0.389      |
|    clip_range           | 0.2        |
|    entropy_loss         | -4.18      |
|    explained_variance   | 0          |
|    learning_rate        | 0.0003     |
|    loss                 | 1.59e+03   |
|    n_updates            | 415        |
|    policy_gradient_loss | 0.0128     |
|    std                  | 0.979      |
|    value_loss           | 2.77e+03   |
----------------------------------------
-----------------------------------------
| rollout/                |             |
|    ep_len_mean          | 1.21e+04    |
|    ep_rew_mean          | 4.17e+04    |
| time/                   |             |
|    fps                  | 717         |
|    iterations           | 85          |
|    time_elapsed         | 60          |
|    total_timesteps      | 43520       |
| train/                  |             |
|    approx_kl            | 0.003506125 |
|    clip_fraction        | 0.052       |
|    clip_range           | 0.2         |
|    entropy_loss         | -4.19       |
|    explained_variance   | 0           |
|    learning_rate        | 0.0003      |
|    loss                 | 3.45e+03    |
|    n_updates            | 420         |
|    policy_gradient_loss | -0.00112    |
|    std                  | 0.98        |
|    value_loss           | 6.15e+03    |
-----------------------------------------
------------------------------------------
| rollout/                |              |
|    ep_len_mean          | 1.21e+04     |
|    ep_rew_mean          | 4.17e+04     |
| time/                   |              |
|    fps                  | 713          |
|    iterations           | 86           |
|    time_elapsed         | 61           |
|    total_timesteps      | 44032        |
| train/                  |              |
|    approx_kl            | 0.0044935243 |
|    clip_fraction        | 0.00937      |
|    clip_range           | 0.2          |
|    entropy_loss         | -4.19        |
|    explained_variance   | -1.19e-07    |
|    learning_rate        | 0.0003       |
|    loss                 | 1.23e+03     |
|    n_updates            | 425          |
|    policy_gradient_loss | -0.00183     |
|    std                  | 0.98         |
|    value_loss           | 3.72e+03     |
------------------------------------------
-----------------------------------------
| rollout/                |             |
|    ep_len_mean          | 1.21e+04    |
|    ep_rew_mean          | 4.17e+04    |
| time/                   |             |
|    fps                  | 708         |
|    iterations           | 87          |
|    time_elapsed         | 62          |
|    total_timesteps      | 44544       |
| train/                  |             |
|    approx_kl            | 0.013712769 |
|    clip_fraction        | 0.0891      |
|    clip_range           | 0.2         |
|    entropy_loss         | -4.19       |
|    explained_variance   | 0           |
|    learning_rate        | 0.0003      |
|    loss                 | 1.48e+03    |
|    n_updates            | 430         |
|    policy_gradient_loss | -0.00361    |
|    std                  | 0.981       |
|    value_loss           | 3.06e+03    |
-----------------------------------------
-----------------------------------------
| rollout/                |             |
|    ep_len_mean          | 1.21e+04    |
|    ep_rew_mean          | 4.17e+04    |
| time/                   |             |
|    fps                  | 706         |
|    iterations           | 88          |
|    time_elapsed         | 63          |
|    total_timesteps      | 45056       |
| train/                  |             |
|    approx_kl            | 0.030685142 |
|    clip_fraction        | 0.105       |
|    clip_range           | 0.2         |
|    entropy_loss         | -4.19       |
|    explained_variance   | 0           |
|    learning_rate        | 0.0003      |
|    loss                 | 5.71e+03    |
|    n_updates            | 435         |
|    policy_gradient_loss | 0.00293     |
|    std                  | 0.986       |
|    value_loss           | 1.2e+04     |
-----------------------------------------
-----------------------------------------
| rollout/                |             |
|    ep_len_mean          | 1.21e+04    |
|    ep_rew_mean          | 4.17e+04    |
| time/                   |             |
|    fps                  | 704         |
|    iterations           | 89          |
|    time_elapsed         | 64          |
|    total_timesteps      | 45568       |
| train/                  |             |
|    approx_kl            | 0.005368576 |
|    clip_fraction        | 0.0652      |
|    clip_range           | 0.2         |
|    entropy_loss         | -4.21       |
|    explained_variance   | 0           |
|    learning_rate        | 0.0003      |
|    loss                 | 2.38e+03    |
|    n_updates            | 440         |
|    policy_gradient_loss | -0.00144    |
|    std                  | 0.984       |
|    value_loss           | 4.41e+03    |
-----------------------------------------
-----------------------------------------
| rollout/                |             |
|    ep_len_mean          | 1.21e+04    |
|    ep_rew_mean          | 4.17e+04    |
| time/                   |             |
|    fps                  | 702         |
|    iterations           | 90          |
|    time_elapsed         | 65          |
|    total_timesteps      | 46080       |
| train/                  |             |
|    approx_kl            | 0.005653654 |
|    clip_fraction        | 0.0492      |
|    clip_range           | 0.2         |
|    entropy_loss         | -4.2        |
|    explained_variance   | 5.96e-08    |
|    learning_rate        | 0.0003      |
|    loss                 | 1.78e+03    |
|    n_updates            | 445         |
|    policy_gradient_loss | -0.00216    |
|    std                  | 0.983       |
|    value_loss           | 3.36e+03    |
-----------------------------------------
-----------------------------------------
| rollout/                |             |
|    ep_len_mean          | 1.21e+04    |
|    ep_rew_mean          | 4.17e+04    |
| time/                   |             |
|    fps                  | 705         |
|    iterations           | 91          |
|    time_elapsed         | 66          |
|    total_timesteps      | 46592       |
| train/                  |             |
|    approx_kl            | 0.006970075 |
|    clip_fraction        | 0.0414      |
|    clip_range           | 0.2         |
|    entropy_loss         | -4.19       |
|    explained_variance   | 0           |
|    learning_rate        | 0.0003      |
|    loss                 | 618         |
|    n_updates            | 450         |
|    policy_gradient_loss | -0.00507    |
|    std                  | 0.981       |
|    value_loss           | 2.15e+03    |
-----------------------------------------
------------------------------------------
| rollout/                |              |
|    ep_len_mean          | 1.21e+04     |
|    ep_rew_mean          | 4.17e+04     |
| time/                   |              |
|    fps                  | 703          |
|    iterations           | 92           |
|    time_elapsed         | 66           |
|    total_timesteps      | 47104        |
| train/                  |              |
|    approx_kl            | 0.0067830095 |
|    clip_fraction        | 0.102        |
|    clip_range           | 0.2          |
|    entropy_loss         | -4.19        |
|    explained_variance   | 5.96e-08     |
|    learning_rate        | 0.0003       |
|    loss                 | 1.53e+03     |
|    n_updates            | 455          |
|    policy_gradient_loss | -0.00302     |
|    std                  | 0.981        |
|    value_loss           | 3.83e+03     |
------------------------------------------
-----------------------------------------
| rollout/                |             |
|    ep_len_mean          | 1.21e+04    |
|    ep_rew_mean          | 4.17e+04    |
| time/                   |             |
|    fps                  | 705         |
|    iterations           | 93          |
|    time_elapsed         | 67          |
|    total_timesteps      | 47616       |
| train/                  |             |
|    approx_kl            | 0.004351574 |
|    clip_fraction        | 0.166       |
|    clip_range           | 0.2         |
|    entropy_loss         | -4.2        |
|    explained_variance   | 5.96e-08    |
|    learning_rate        | 0.0003      |
|    loss                 | 6.8e+03     |
|    n_updates            | 460         |
|    policy_gradient_loss | 0.00587     |
|    std                  | 0.985       |
|    value_loss           | 8.35e+03    |
-----------------------------------------
------------------------------------------
| rollout/                |              |
|    ep_len_mean          | 1.21e+04     |
|    ep_rew_mean          | 4.17e+04     |
| time/                   |              |
|    fps                  | 708          |
|    iterations           | 94           |
|    time_elapsed         | 67           |
|    total_timesteps      | 48128        |
| train/                  |              |
|    approx_kl            | 0.0039419425 |
|    clip_fraction        | 0.00937      |
|    clip_range           | 0.2          |
|    entropy_loss         | -4.2         |
|    explained_variance   | -1.19e-07    |
|    learning_rate        | 0.0003       |
|    loss                 | 4.71e+03     |
|    n_updates            | 465          |
|    policy_gradient_loss | -0.000598    |
|    std                  | 0.985        |
|    value_loss           | 4.91e+03     |
------------------------------------------
------------------------------------------
| rollout/                |              |
|    ep_len_mean          | 1.21e+04     |
|    ep_rew_mean          | 4.57e+04     |
| time/                   |              |
|    fps                  | 710          |
|    iterations           | 95           |
|    time_elapsed         | 68           |
|    total_timesteps      | 48640        |
| train/                  |              |
|    approx_kl            | 0.0051474576 |
|    clip_fraction        | 0.0656       |
|    clip_range           | 0.2          |
|    entropy_loss         | -4.21        |
|    explained_variance   | 0            |
|    learning_rate        | 0.0003       |
|    loss                 | 1.13e+03     |
|    n_updates            | 470          |
|    policy_gradient_loss | -0.00626     |
|    std                  | 0.988        |
|    value_loss           | 2.38e+03     |
------------------------------------------
----------------------------------------
| rollout/                |            |
|    ep_len_mean          | 1.21e+04   |
|    ep_rew_mean          | 4.57e+04   |
| time/                   |            |
|    fps                  | 710        |
|    iterations           | 96         |
|    time_elapsed         | 69         |
|    total_timesteps      | 49152      |
| train/                  |            |
|    approx_kl            | 0.04437624 |
|    clip_fraction        | 0.277      |
|    clip_range           | 0.2        |
|    entropy_loss         | -4.22      |
|    explained_variance   | 0          |
|    learning_rate        | 0.0003     |
|    loss                 | 6.1e+03    |
|    n_updates            | 475        |
|    policy_gradient_loss | 0.00746    |
|    std                  | 0.993      |
|    value_loss           | 1.17e+04   |
----------------------------------------
------------------------------------------
| rollout/                |              |
|    ep_len_mean          | 1.21e+04     |
|    ep_rew_mean          | 4.57e+04     |
| time/                   |              |
|    fps                  | 706          |
|    iterations           | 97           |
|    time_elapsed         | 70           |
|    total_timesteps      | 49664        |
| train/                  |              |
|    approx_kl            | 0.0066121602 |
|    clip_fraction        | 0.196        |
|    clip_range           | 0.2          |
|    entropy_loss         | -4.23        |
|    explained_variance   | 0            |
|    learning_rate        | 0.0003       |
|    loss                 | 2.84e+03     |
|    n_updates            | 480          |
|    policy_gradient_loss | 0.0103       |
|    std                  | 0.998        |
|    value_loss           | 5.64e+03     |
------------------------------------------
Eval num_timesteps=50000, episode_reward=20102.81 +/- 0.00
Episode length: 4031.00 +/- 0.00
-----------------------------------------
| eval/                   |             |
|    mean_ep_length       | 4.03e+03    |
|    mean_reward          | 2.01e+04    |
| time/                   |             |
|    total_timesteps      | 50000       |
| train/                  |             |
|    approx_kl            | 0.005571068 |
|    clip_fraction        | 0.0355      |
|    clip_range           | 0.2         |
|    entropy_loss         | -4.24       |
|    explained_variance   | 0           |
|    learning_rate        | 0.0003      |
|    loss                 | 2.05e+03    |
|    n_updates            | 485         |
|    policy_gradient_loss | -0.00286    |
|    std                  | 0.998       |
|    value_loss           | 3.75e+03    |
-----------------------------------------
---------------------------------
| rollout/           |          |
|    ep_len_mean     | 1.21e+04 |
|    ep_rew_mean     | 4.57e+04 |
| time/              |          |
|    fps             | 683      |
|    iterations      | 98       |
|    time_elapsed    | 73       |
|    total_timesteps | 50176    |
---------------------------------
[TIMING] Training completed in 74.2s
✓ Model saved to models/final_model

======================================================================
PHASE 2: Validation on val set
======================================================================

Evaluating...

  [DEV] Trade Summary (1000 trades):
    Wins: 440 | Losses: 560 | Win Rate: 44.0%
    Total PnL: $0.01 | Avg PnL/Trade: $0.0000
    Top 5 Trades:
      1. BNBUSDT  | Entry: $903.059998 → Exit: $906.729980 | Return:   0.41% | PnL: $  0.0014 | Reason: sell
      2. BNBUSDT  | Entry: $903.059998 → Exit: $905.969971 | Return:   0.32% | PnL: $  0.0012 | Reason: sell
      3. BNBUSDT  | Entry: $903.059998 → Exit: $906.460022 | Return:   0.38% | PnL: $  0.0011 | Reason: sell
      4. BNBUSDT  | Entry: $903.059998 → Exit: $906.890015 | Return:   0.42% | PnL: $  0.0010 | Reason: sell
      5. BNBUSDT  | Entry: $903.059998 → Exit: $906.479980 | Return:   0.38% | PnL: $  0.0010 | Reason: sell

Evaluation Results:
  Total Return: 0.02%
  Final Portfolio Value: $100.02
  Max Portfolio Value: $100.05
  Total Reward: 20102.81
  Steps: 4031
  Trades: 2041 | Win Rate: 62.4%
  Realized PnL: $0.03 | Unrealized: $-0.00

======================================================================
PHASE 3: Testing on test set
======================================================================

Evaluating...

  [TEST] Trade Summary (1000 trades):
    Wins: 469 | Losses: 531 | Win Rate: 46.9%
    Total PnL: $0.10 | Avg PnL/Trade: $0.0001
    Top 5 Trades:
      1. BNBUSDT  | Entry: $774.500000 → Exit: $781.380005 | Return:   0.89% | PnL: $  0.0558 | Reason: end_of_episode
      2. BNBUSDT  | Entry: $769.619995 → Exit: $773.479980 | Return:   0.50% | PnL: $  0.0031 | Reason: sell
      3. BNBUSDT  | Entry: $836.559998 → Exit: $849.229980 | Return:   1.51% | PnL: $  0.0030 | Reason: sell
      4. BNBUSDT  | Entry: $836.559998 → Exit: $844.890015 | Return:   1.00% | PnL: $  0.0027 | Reason: sell
      5. BNBUSDT  | Entry: $792.460022 → Exit: $795.409973 | Return:   0.37% | PnL: $  0.0026 | Reason: sell

Evaluation Results:
  Total Return: 0.10%
  Final Portfolio Value: $100.10
  Max Portfolio Value: $100.14
  Total Reward: 19895.68
  Steps: 4032
  Trades: 2043 | Win Rate: 44.6%
  Realized PnL: $0.11 | Unrealized: $-0.00

======================================================================
BACKTEST SUMMARY
======================================================================
Val Trades:  2041 | WR:  62.4% | Return:   0.02%
Test Trades: 2043 | WR:  44.6% | Return:   0.10%
======================================================================

