Loading 14 days of data...
✓ Loaded 60483 rows from 3 symbols

Fee regime: mexc_spot_mx | buy_fee=0.003% | sell_fee=0.003%
Using device: cpu
/home/konstantin/dev/crypto_rl/rl_trader.py:1010: FutureWarning: The default of observed=False is deprecated and will be changed to True in a future version of pandas. Pass observed=False to retain current behavior or observed=True to adopt the future default and silence this warning.
  for symbol, group in data.groupby('symbol', sort=False):

======================================================================
                 3-WAY BACKTEST (Train / Val / Test)                  
======================================================================
Train:  36288 rows ( 3 symbols) 1768694340000000 → 1769420040000000
Val:    12096 rows ( 3 symbols) 1769420100000000 → 1769661960000000
Test:   12099 rows ( 3 symbols) 1769662020000000 → 1769903940000000
======================================================================

Train env: 36288 rows, 3 symbols
Eval env: 12096 rows, 3 symbols
PHASE 1: Training on train set with val monitoring...
Using cpu device
Wrapping the env with a `Monitor` wrapper
Wrapping the env in a DummyVecEnv.
Created new PPO model (device=cpu)
  Hyperparameters:
    learning_rate=0.0003, batch_size=16
    n_steps=512, n_epochs=5
    policy_arch=[256, 128, 64]

Training for 50000 timesteps...
-----------------------------
| time/              |      |
|    fps             | 3148 |
|    iterations      | 1    |
|    time_elapsed    | 0    |
|    total_timesteps | 512  |
-----------------------------
----------------------------------------
| time/                   |            |
|    fps                  | 399        |
|    iterations           | 2          |
|    time_elapsed         | 2          |
|    total_timesteps      | 1024       |
| train/                  |            |
|    approx_kl            | 0.01221722 |
|    clip_fraction        | 0.159      |
|    clip_range           | 0.2        |
|    entropy_loss         | -4.26      |
|    explained_variance   | -3.46e-05  |
|    learning_rate        | 0.0003     |
|    loss                 | 1.17e+03   |
|    n_updates            | 5          |
|    policy_gradient_loss | -0.0217    |
|    std                  | 1          |
|    value_loss           | 2.6e+03    |
----------------------------------------
------------------------------------------
| time/                   |              |
|    fps                  | 498          |
|    iterations           | 3            |
|    time_elapsed         | 3            |
|    total_timesteps      | 1536         |
| train/                  |              |
|    approx_kl            | 0.0076172953 |
|    clip_fraction        | 0.139        |
|    clip_range           | 0.2          |
|    entropy_loss         | -4.28        |
|    explained_variance   | 0            |
|    learning_rate        | 0.0003       |
|    loss                 | 1.44e+03     |
|    n_updates            | 10           |
|    policy_gradient_loss | -0.0188      |
|    std                  | 1.01         |
|    value_loss           | 2.54e+03     |
------------------------------------------
-----------------------------------------
| time/                   |             |
|    fps                  | 569         |
|    iterations           | 4           |
|    time_elapsed         | 3           |
|    total_timesteps      | 2048        |
| train/                  |             |
|    approx_kl            | 0.013793929 |
|    clip_fraction        | 0.173       |
|    clip_range           | 0.2         |
|    entropy_loss         | -4.32       |
|    explained_variance   | 8.94e-07    |
|    learning_rate        | 0.0003      |
|    loss                 | 555         |
|    n_updates            | 15          |
|    policy_gradient_loss | -0.0189     |
|    std                  | 1.02        |
|    value_loss           | 1.54e+03    |
-----------------------------------------
-----------------------------------------
| time/                   |             |
|    fps                  | 622         |
|    iterations           | 5           |
|    time_elapsed         | 4           |
|    total_timesteps      | 2560        |
| train/                  |             |
|    approx_kl            | 0.016916996 |
|    clip_fraction        | 0.196       |
|    clip_range           | 0.2         |
|    entropy_loss         | -4.34       |
|    explained_variance   | 0           |
|    learning_rate        | 0.0003      |
|    loss                 | 265         |
|    n_updates            | 20          |
|    policy_gradient_loss | -0.022      |
|    std                  | 1.03        |
|    value_loss           | 820         |
-----------------------------------------
-----------------------------------------
| time/                   |             |
|    fps                  | 664         |
|    iterations           | 6           |
|    time_elapsed         | 4           |
|    total_timesteps      | 3072        |
| train/                  |             |
|    approx_kl            | 0.021093834 |
|    clip_fraction        | 0.272       |
|    clip_range           | 0.2         |
|    entropy_loss         | -4.37       |
|    explained_variance   | 0           |
|    learning_rate        | 0.0003      |
|    loss                 | 329         |
|    n_updates            | 25          |
|    policy_gradient_loss | -0.0268     |
|    std                  | 1.05        |
|    value_loss           | 651         |
-----------------------------------------
-----------------------------------------
| time/                   |             |
|    fps                  | 692         |
|    iterations           | 7           |
|    time_elapsed         | 5           |
|    total_timesteps      | 3584        |
| train/                  |             |
|    approx_kl            | 0.044704314 |
|    clip_fraction        | 0.387       |
|    clip_range           | 0.2         |
|    entropy_loss         | -4.42       |
|    explained_variance   | 0           |
|    learning_rate        | 0.0003      |
|    loss                 | 176         |
|    n_updates            | 30          |
|    policy_gradient_loss | -0.0144     |
|    std                  | 1.07        |
|    value_loss           | 266         |
-----------------------------------------
-----------------------------------------
| time/                   |             |
|    fps                  | 673         |
|    iterations           | 8           |
|    time_elapsed         | 6           |
|    total_timesteps      | 4096        |
| train/                  |             |
|    approx_kl            | 0.008720875 |
|    clip_fraction        | 0.066       |
|    clip_range           | 0.2         |
|    entropy_loss         | -4.45       |
|    explained_variance   | -1.19e-07   |
|    learning_rate        | 0.0003      |
|    loss                 | 257         |
|    n_updates            | 35          |
|    policy_gradient_loss | -0.00839    |
|    std                  | 1.07        |
|    value_loss           | 883         |
-----------------------------------------
----------------------------------------
| time/                   |            |
|    fps                  | 660        |
|    iterations           | 9          |
|    time_elapsed         | 6          |
|    total_timesteps      | 4608       |
| train/                  |            |
|    approx_kl            | 0.03692737 |
|    clip_fraction        | 0.16       |
|    clip_range           | 0.2        |
|    entropy_loss         | -4.46      |
|    explained_variance   | 1.79e-07   |
|    learning_rate        | 0.0003     |
|    loss                 | 256        |
|    n_updates            | 40         |
|    policy_gradient_loss | -0.00541   |
|    std                  | 1.08       |
|    value_loss           | 961        |
----------------------------------------
-----------------------------------------
| time/                   |             |
|    fps                  | 636         |
|    iterations           | 10          |
|    time_elapsed         | 8           |
|    total_timesteps      | 5120        |
| train/                  |             |
|    approx_kl            | 0.025336053 |
|    clip_fraction        | 0.127       |
|    clip_range           | 0.2         |
|    entropy_loss         | -4.47       |
|    explained_variance   | 0.000244    |
|    learning_rate        | 0.0003      |
|    loss                 | 361         |
|    n_updates            | 45          |
|    policy_gradient_loss | -0.00635    |
|    std                  | 1.08        |
|    value_loss           | 1.01e+03    |
-----------------------------------------
----------------------------------------
| time/                   |            |
|    fps                  | 621        |
|    iterations           | 11         |
|    time_elapsed         | 9          |
|    total_timesteps      | 5632       |
| train/                  |            |
|    approx_kl            | 0.00469957 |
|    clip_fraction        | 0.0082     |
|    clip_range           | 0.2        |
|    entropy_loss         | -4.48      |
|    explained_variance   | 0          |
|    learning_rate        | 0.0003     |
|    loss                 | 663        |
|    n_updates            | 50         |
|    policy_gradient_loss | -0.00205   |
|    std                  | 1.08       |
|    value_loss           | 1.03e+03   |
----------------------------------------
------------------------------------------
| time/                   |              |
|    fps                  | 616          |
|    iterations           | 12           |
|    time_elapsed         | 9            |
|    total_timesteps      | 6144         |
| train/                  |              |
|    approx_kl            | 0.0026734124 |
|    clip_fraction        | 0.00234      |
|    clip_range           | 0.2          |
|    entropy_loss         | -4.48        |
|    explained_variance   | 5.96e-08     |
|    learning_rate        | 0.0003       |
|    loss                 | 583          |
|    n_updates            | 55           |
|    policy_gradient_loss | -0.00117     |
|    std                  | 1.08         |
|    value_loss           | 1.48e+03     |
------------------------------------------
-----------------------------------------
| time/                   |             |
|    fps                  | 611         |
|    iterations           | 13          |
|    time_elapsed         | 10          |
|    total_timesteps      | 6656        |
| train/                  |             |
|    approx_kl            | 0.005209377 |
|    clip_fraction        | 0.0129      |
|    clip_range           | 0.2         |
|    entropy_loss         | -4.48       |
|    explained_variance   | 0           |
|    learning_rate        | 0.0003      |
|    loss                 | 1.61e+03    |
|    n_updates            | 60          |
|    policy_gradient_loss | -0.00448    |
|    std                  | 1.08        |
|    value_loss           | 2.14e+03    |
-----------------------------------------
-----------------------------------------
| time/                   |             |
|    fps                  | 601         |
|    iterations           | 14          |
|    time_elapsed         | 11          |
|    total_timesteps      | 7168        |
| train/                  |             |
|    approx_kl            | 0.009286601 |
|    clip_fraction        | 0.05        |
|    clip_range           | 0.2         |
|    entropy_loss         | -4.48       |
|    explained_variance   | 0           |
|    learning_rate        | 0.0003      |
|    loss                 | 1.46e+03    |
|    n_updates            | 65          |
|    policy_gradient_loss | -0.00998    |
|    std                  | 1.08        |
|    value_loss           | 2.03e+03    |
-----------------------------------------
-----------------------------------------
| time/                   |             |
|    fps                  | 598         |
|    iterations           | 15          |
|    time_elapsed         | 12          |
|    total_timesteps      | 7680        |
| train/                  |             |
|    approx_kl            | 0.008068594 |
|    clip_fraction        | 0.0418      |
|    clip_range           | 0.2         |
|    entropy_loss         | -4.48       |
|    explained_variance   | 0           |
|    learning_rate        | 0.0003      |
|    loss                 | 813         |
|    n_updates            | 70          |
|    policy_gradient_loss | -0.00905    |
|    std                  | 1.08        |
|    value_loss           | 1.98e+03    |
-----------------------------------------
------------------------------------------
| time/                   |              |
|    fps                  | 614          |
|    iterations           | 16           |
|    time_elapsed         | 13           |
|    total_timesteps      | 8192         |
| train/                  |              |
|    approx_kl            | 0.0053328252 |
|    clip_fraction        | 0.0137       |
|    clip_range           | 0.2          |
|    entropy_loss         | -4.48        |
|    explained_variance   | 0            |
|    learning_rate        | 0.0003       |
|    loss                 | 975          |
|    n_updates            | 75           |
|    policy_gradient_loss | -0.00393     |
|    std                  | 1.08         |
|    value_loss           | 2.69e+03     |
------------------------------------------
-----------------------------------------
| time/                   |             |
|    fps                  | 629         |
|    iterations           | 17          |
|    time_elapsed         | 13          |
|    total_timesteps      | 8704        |
| train/                  |             |
|    approx_kl            | 0.007306005 |
|    clip_fraction        | 0.0418      |
|    clip_range           | 0.2         |
|    entropy_loss         | -4.48       |
|    explained_variance   | 0           |
|    learning_rate        | 0.0003      |
|    loss                 | 1.55e+03    |
|    n_updates            | 80          |
|    policy_gradient_loss | -0.00631    |
|    std                  | 1.08        |
|    value_loss           | 2.59e+03    |
-----------------------------------------
------------------------------------------
| time/                   |              |
|    fps                  | 643          |
|    iterations           | 18           |
|    time_elapsed         | 14           |
|    total_timesteps      | 9216         |
| train/                  |              |
|    approx_kl            | 0.0058401637 |
|    clip_fraction        | 0.0375       |
|    clip_range           | 0.2          |
|    entropy_loss         | -4.48        |
|    explained_variance   | 5.96e-08     |
|    learning_rate        | 0.0003       |
|    loss                 | 1.23e+03     |
|    n_updates            | 85           |
|    policy_gradient_loss | -0.00646     |
|    std                  | 1.08         |
|    value_loss           | 3.57e+03     |
------------------------------------------
-----------------------------------------
| time/                   |             |
|    fps                  | 656         |
|    iterations           | 19          |
|    time_elapsed         | 14          |
|    total_timesteps      | 9728        |
| train/                  |             |
|    approx_kl            | 0.013137597 |
|    clip_fraction        | 0.093       |
|    clip_range           | 0.2         |
|    entropy_loss         | -4.48       |
|    explained_variance   | 5.96e-08    |
|    learning_rate        | 0.0003      |
|    loss                 | 2.84e+03    |
|    n_updates            | 90          |
|    policy_gradient_loss | -0.0152     |
|    std                  | 1.08        |
|    value_loss           | 3.98e+03    |
-----------------------------------------
-------------------------------------------
| time/                   |               |
|    fps                  | 668           |
|    iterations           | 20            |
|    time_elapsed         | 15            |
|    total_timesteps      | 10240         |
| train/                  |               |
|    approx_kl            | 0.00050763646 |
|    clip_fraction        | 0             |
|    clip_range           | 0.2           |
|    entropy_loss         | -4.48         |
|    explained_variance   | 5.96e-08      |
|    learning_rate        | 0.0003        |
|    loss                 | 2.71e+03      |
|    n_updates            | 95            |
|    policy_gradient_loss | 0.000161      |
|    std                  | 1.08          |
|    value_loss           | 4.09e+03      |
-------------------------------------------
-----------------------------------------
| time/                   |             |
|    fps                  | 679         |
|    iterations           | 21          |
|    time_elapsed         | 15          |
|    total_timesteps      | 10752       |
| train/                  |             |
|    approx_kl            | 0.010447826 |
|    clip_fraction        | 0.0918      |
|    clip_range           | 0.2         |
|    entropy_loss         | -4.48       |
|    explained_variance   | -1.19e-07   |
|    learning_rate        | 0.0003      |
|    loss                 | 2.89e+03    |
|    n_updates            | 100         |
|    policy_gradient_loss | -0.0117     |
|    std                  | 1.08        |
|    value_loss           | 5.33e+03    |
-----------------------------------------
-----------------------------------------
| time/                   |             |
|    fps                  | 674         |
|    iterations           | 22          |
|    time_elapsed         | 16          |
|    total_timesteps      | 11264       |
| train/                  |             |
|    approx_kl            | 0.004099909 |
|    clip_fraction        | 0.0133      |
|    clip_range           | 0.2         |
|    entropy_loss         | -4.48       |
|    explained_variance   | 5.96e-08    |
|    learning_rate        | 0.0003      |
|    loss                 | 2.87e+03    |
|    n_updates            | 105         |
|    policy_gradient_loss | -0.00312    |
|    std                  | 1.08        |
|    value_loss           | 4.05e+03    |
-----------------------------------------
-----------------------------------------
| time/                   |             |
|    fps                  | 684         |
|    iterations           | 23          |
|    time_elapsed         | 17          |
|    total_timesteps      | 11776       |
| train/                  |             |
|    approx_kl            | 0.008762674 |
|    clip_fraction        | 0.0781      |
|    clip_range           | 0.2         |
|    entropy_loss         | -4.47       |
|    explained_variance   | 1.79e-07    |
|    learning_rate        | 0.0003      |
|    loss                 | 1.57e+03    |
|    n_updates            | 110         |
|    policy_gradient_loss | -0.00919    |
|    std                  | 1.08        |
|    value_loss           | 3.7e+03     |
-----------------------------------------
----------------------------------------
| rollout/                |            |
|    ep_len_mean          | 1.21e+04   |
|    ep_rew_mean          | 1.89e+04   |
| time/                   |            |
|    fps                  | 694        |
|    iterations           | 24         |
|    time_elapsed         | 17         |
|    total_timesteps      | 12288      |
| train/                  |            |
|    approx_kl            | 0.00601199 |
|    clip_fraction        | 0.0203     |
|    clip_range           | 0.2        |
|    entropy_loss         | -4.47      |
|    explained_variance   | 0          |
|    learning_rate        | 0.0003     |
|    loss                 | 1.46e+03   |
|    n_updates            | 115        |
|    policy_gradient_loss | -0.00212   |
|    std                  | 1.08       |
|    value_loss           | 3.2e+03    |
----------------------------------------
------------------------------------------
| rollout/                |              |
|    ep_len_mean          | 1.21e+04     |
|    ep_rew_mean          | 1.89e+04     |
| time/                   |              |
|    fps                  | 703          |
|    iterations           | 25           |
|    time_elapsed         | 18           |
|    total_timesteps      | 12800        |
| train/                  |              |
|    approx_kl            | 0.0054649776 |
|    clip_fraction        | 0.0258       |
|    clip_range           | 0.2          |
|    entropy_loss         | -4.47        |
|    explained_variance   | 0            |
|    learning_rate        | 0.0003       |
|    loss                 | 3.24e+03     |
|    n_updates            | 120          |
|    policy_gradient_loss | -0.00392     |
|    std                  | 1.08         |
|    value_loss           | 5.18e+03     |
------------------------------------------
-----------------------------------------
| rollout/                |             |
|    ep_len_mean          | 1.21e+04    |
|    ep_rew_mean          | 1.89e+04    |
| time/                   |             |
|    fps                  | 693         |
|    iterations           | 26          |
|    time_elapsed         | 19          |
|    total_timesteps      | 13312       |
| train/                  |             |
|    approx_kl            | 0.005804639 |
|    clip_fraction        | 0.0355      |
|    clip_range           | 0.2         |
|    entropy_loss         | -4.47       |
|    explained_variance   | 0           |
|    learning_rate        | 0.0003      |
|    loss                 | 3.18e+03    |
|    n_updates            | 125         |
|    policy_gradient_loss | -0.00215    |
|    std                  | 1.08        |
|    value_loss           | 6.88e+03    |
-----------------------------------------
------------------------------------------
| rollout/                |              |
|    ep_len_mean          | 1.21e+04     |
|    ep_rew_mean          | 1.89e+04     |
| time/                   |              |
|    fps                  | 702          |
|    iterations           | 27           |
|    time_elapsed         | 19           |
|    total_timesteps      | 13824        |
| train/                  |              |
|    approx_kl            | 0.0033068466 |
|    clip_fraction        | 0.00625      |
|    clip_range           | 0.2          |
|    entropy_loss         | -4.48        |
|    explained_variance   | -1.19e-07    |
|    learning_rate        | 0.0003       |
|    loss                 | 3.17e+03     |
|    n_updates            | 130          |
|    policy_gradient_loss | -9.59e-05    |
|    std                  | 1.08         |
|    value_loss           | 7.33e+03     |
------------------------------------------
-----------------------------------------
| rollout/                |             |
|    ep_len_mean          | 1.21e+04    |
|    ep_rew_mean          | 1.89e+04    |
| time/                   |             |
|    fps                  | 705         |
|    iterations           | 28          |
|    time_elapsed         | 20          |
|    total_timesteps      | 14336       |
| train/                  |             |
|    approx_kl            | 0.005463407 |
|    clip_fraction        | 0.0297      |
|    clip_range           | 0.2         |
|    entropy_loss         | -4.48       |
|    explained_variance   | 0           |
|    learning_rate        | 0.0003      |
|    loss                 | 3.11e+03    |
|    n_updates            | 135         |
|    policy_gradient_loss | 0.000587    |
|    std                  | 1.08        |
|    value_loss           | 5.72e+03    |
-----------------------------------------
-----------------------------------------
| rollout/                |             |
|    ep_len_mean          | 1.21e+04    |
|    ep_rew_mean          | 1.89e+04    |
| time/                   |             |
|    fps                  | 692         |
|    iterations           | 29          |
|    time_elapsed         | 21          |
|    total_timesteps      | 14848       |
| train/                  |             |
|    approx_kl            | 0.004350108 |
|    clip_fraction        | 0.0125      |
|    clip_range           | 0.2         |
|    entropy_loss         | -4.48       |
|    explained_variance   | 0           |
|    learning_rate        | 0.0003      |
|    loss                 | 1.64e+03    |
|    n_updates            | 140         |
|    policy_gradient_loss | -0.000105   |
|    std                  | 1.08        |
|    value_loss           | 4.82e+03    |
-----------------------------------------
-----------------------------------------
| rollout/                |             |
|    ep_len_mean          | 1.21e+04    |
|    ep_rew_mean          | 1.89e+04    |
| time/                   |             |
|    fps                  | 680         |
|    iterations           | 30          |
|    time_elapsed         | 22          |
|    total_timesteps      | 15360       |
| train/                  |             |
|    approx_kl            | 0.004758679 |
|    clip_fraction        | 0.0121      |
|    clip_range           | 0.2         |
|    entropy_loss         | -4.47       |
|    explained_variance   | 5.96e-08    |
|    learning_rate        | 0.0003      |
|    loss                 | 2.36e+03    |
|    n_updates            | 145         |
|    policy_gradient_loss | 0.000143    |
|    std                  | 1.08        |
|    value_loss           | 4.01e+03    |
-----------------------------------------
------------------------------------------
| rollout/                |              |
|    ep_len_mean          | 1.21e+04     |
|    ep_rew_mean          | 1.89e+04     |
| time/                   |              |
|    fps                  | 670          |
|    iterations           | 31           |
|    time_elapsed         | 23           |
|    total_timesteps      | 15872        |
| train/                  |              |
|    approx_kl            | 0.0058537237 |
|    clip_fraction        | 0.0305       |
|    clip_range           | 0.2          |
|    entropy_loss         | -4.48        |
|    explained_variance   | -1.19e-07    |
|    learning_rate        | 0.0003       |
|    loss                 | 2.34e+03     |
|    n_updates            | 150          |
|    policy_gradient_loss | -0.00377     |
|    std                  | 1.08         |
|    value_loss           | 5.2e+03      |
------------------------------------------
------------------------------------------
| rollout/                |              |
|    ep_len_mean          | 1.21e+04     |
|    ep_rew_mean          | 1.89e+04     |
| time/                   |              |
|    fps                  | 661          |
|    iterations           | 32           |
|    time_elapsed         | 24           |
|    total_timesteps      | 16384        |
| train/                  |              |
|    approx_kl            | 0.0011893137 |
|    clip_fraction        | 0            |
|    clip_range           | 0.2          |
|    entropy_loss         | -4.48        |
|    explained_variance   | 0            |
|    learning_rate        | 0.0003       |
|    loss                 | 2.57e+03     |
|    n_updates            | 155          |
|    policy_gradient_loss | 0.00103      |
|    std                  | 1.08         |
|    value_loss           | 4.83e+03     |
------------------------------------------
-----------------------------------------
| rollout/                |             |
|    ep_len_mean          | 1.21e+04    |
|    ep_rew_mean          | 1.89e+04    |
| time/                   |             |
|    fps                  | 652         |
|    iterations           | 33          |
|    time_elapsed         | 25          |
|    total_timesteps      | 16896       |
| train/                  |             |
|    approx_kl            | 0.007976128 |
|    clip_fraction        | 0.0723      |
|    clip_range           | 0.2         |
|    entropy_loss         | -4.48       |
|    explained_variance   | 0           |
|    learning_rate        | 0.0003      |
|    loss                 | 1.43e+03    |
|    n_updates            | 160         |
|    policy_gradient_loss | -0.00499    |
|    std                  | 1.08        |
|    value_loss           | 3.82e+03    |
-----------------------------------------
------------------------------------------
| rollout/                |              |
|    ep_len_mean          | 1.21e+04     |
|    ep_rew_mean          | 1.89e+04     |
| time/                   |              |
|    fps                  | 644          |
|    iterations           | 34           |
|    time_elapsed         | 27           |
|    total_timesteps      | 17408        |
| train/                  |              |
|    approx_kl            | 0.0054584066 |
|    clip_fraction        | 0.041        |
|    clip_range           | 0.2          |
|    entropy_loss         | -4.47        |
|    explained_variance   | 5.96e-08     |
|    learning_rate        | 0.0003       |
|    loss                 | 2.42e+03     |
|    n_updates            | 165          |
|    policy_gradient_loss | -0.00269     |
|    std                  | 1.07         |
|    value_loss           | 4.19e+03     |
------------------------------------------
-----------------------------------------
| rollout/                |             |
|    ep_len_mean          | 1.21e+04    |
|    ep_rew_mean          | 1.89e+04    |
| time/                   |             |
|    fps                  | 636         |
|    iterations           | 35          |
|    time_elapsed         | 28          |
|    total_timesteps      | 17920       |
| train/                  |             |
|    approx_kl            | 0.005005018 |
|    clip_fraction        | 0.0457      |
|    clip_range           | 0.2         |
|    entropy_loss         | -4.47       |
|    explained_variance   | 0           |
|    learning_rate        | 0.0003      |
|    loss                 | 2.27e+03    |
|    n_updates            | 170         |
|    policy_gradient_loss | -0.00277    |
|    std                  | 1.08        |
|    value_loss           | 4.41e+03    |
-----------------------------------------
------------------------------------------
| rollout/                |              |
|    ep_len_mean          | 1.21e+04     |
|    ep_rew_mean          | 1.89e+04     |
| time/                   |              |
|    fps                  | 630          |
|    iterations           | 36           |
|    time_elapsed         | 29           |
|    total_timesteps      | 18432        |
| train/                  |              |
|    approx_kl            | 0.0068428526 |
|    clip_fraction        | 0.0367       |
|    clip_range           | 0.2          |
|    entropy_loss         | -4.47        |
|    explained_variance   | -1.19e-07    |
|    learning_rate        | 0.0003       |
|    loss                 | 2.49e+03     |
|    n_updates            | 175          |
|    policy_gradient_loss | -0.00129     |
|    std                  | 1.08         |
|    value_loss           | 4.9e+03      |
------------------------------------------
-----------------------------------------
| rollout/                |             |
|    ep_len_mean          | 1.21e+04    |
|    ep_rew_mean          | 1.89e+04    |
| time/                   |             |
|    fps                  | 623         |
|    iterations           | 37          |
|    time_elapsed         | 30          |
|    total_timesteps      | 18944       |
| train/                  |             |
|    approx_kl            | 0.006229211 |
|    clip_fraction        | 0.0582      |
|    clip_range           | 0.2         |
|    entropy_loss         | -4.47       |
|    explained_variance   | 5.96e-08    |
|    learning_rate        | 0.0003      |
|    loss                 | 1.62e+03    |
|    n_updates            | 180         |
|    policy_gradient_loss | -0.00182    |
|    std                  | 1.07        |
|    value_loss           | 3.12e+03    |
-----------------------------------------
-----------------------------------------
| rollout/                |             |
|    ep_len_mean          | 1.21e+04    |
|    ep_rew_mean          | 1.89e+04    |
| time/                   |             |
|    fps                  | 618         |
|    iterations           | 38          |
|    time_elapsed         | 31          |
|    total_timesteps      | 19456       |
| train/                  |             |
|    approx_kl            | 0.005429958 |
|    clip_fraction        | 0.0781      |
|    clip_range           | 0.2         |
|    entropy_loss         | -4.46       |
|    explained_variance   | 0           |
|    learning_rate        | 0.0003      |
|    loss                 | 1.46e+03    |
|    n_updates            | 185         |
|    policy_gradient_loss | -0.00707    |
|    std                  | 1.07        |
|    value_loss           | 3.86e+03    |
-----------------------------------------
------------------------------------------
| rollout/                |              |
|    ep_len_mean          | 1.21e+04     |
|    ep_rew_mean          | 1.89e+04     |
| time/                   |              |
|    fps                  | 612          |
|    iterations           | 39           |
|    time_elapsed         | 32           |
|    total_timesteps      | 19968        |
| train/                  |              |
|    approx_kl            | 0.0034245746 |
|    clip_fraction        | 0.0496       |
|    clip_range           | 0.2          |
|    entropy_loss         | -4.46        |
|    explained_variance   | 1.79e-07     |
|    learning_rate        | 0.0003       |
|    loss                 | 4.04e+03     |
|    n_updates            | 190          |
|    policy_gradient_loss | 0.00122      |
|    std                  | 1.07         |
|    value_loss           | 4.67e+03     |
------------------------------------------
-----------------------------------------
| rollout/                |             |
|    ep_len_mean          | 1.21e+04    |
|    ep_rew_mean          | 1.89e+04    |
| time/                   |             |
|    fps                  | 607         |
|    iterations           | 40          |
|    time_elapsed         | 33          |
|    total_timesteps      | 20480       |
| train/                  |             |
|    approx_kl            | 0.008406468 |
|    clip_fraction        | 0.12        |
|    clip_range           | 0.2         |
|    entropy_loss         | -4.46       |
|    explained_variance   | -1.19e-07   |
|    learning_rate        | 0.0003      |
|    loss                 | 2.23e+03    |
|    n_updates            | 195         |
|    policy_gradient_loss | -0.00952    |
|    std                  | 1.08        |
|    value_loss           | 4.4e+03     |
-----------------------------------------
-----------------------------------------
| rollout/                |             |
|    ep_len_mean          | 1.21e+04    |
|    ep_rew_mean          | 1.89e+04    |
| time/                   |             |
|    fps                  | 602         |
|    iterations           | 41          |
|    time_elapsed         | 34          |
|    total_timesteps      | 20992       |
| train/                  |             |
|    approx_kl            | 0.008875193 |
|    clip_fraction        | 0.0984      |
|    clip_range           | 0.2         |
|    entropy_loss         | -4.46       |
|    explained_variance   | 0           |
|    learning_rate        | 0.0003      |
|    loss                 | 1.92e+03    |
|    n_updates            | 200         |
|    policy_gradient_loss | -0.00891    |
|    std                  | 1.07        |
|    value_loss           | 4.87e+03    |
-----------------------------------------
-----------------------------------------
| rollout/                |             |
|    ep_len_mean          | 1.21e+04    |
|    ep_rew_mean          | 1.89e+04    |
| time/                   |             |
|    fps                  | 598         |
|    iterations           | 42          |
|    time_elapsed         | 35          |
|    total_timesteps      | 21504       |
| train/                  |             |
|    approx_kl            | 0.006346109 |
|    clip_fraction        | 0.0859      |
|    clip_range           | 0.2         |
|    entropy_loss         | -4.45       |
|    explained_variance   | 5.96e-08    |
|    learning_rate        | 0.0003      |
|    loss                 | 2.29e+03    |
|    n_updates            | 205         |
|    policy_gradient_loss | -0.00324    |
|    std                  | 1.07        |
|    value_loss           | 5.02e+03    |
-----------------------------------------
-----------------------------------------
| rollout/                |             |
|    ep_len_mean          | 1.21e+04    |
|    ep_rew_mean          | 1.89e+04    |
| time/                   |             |
|    fps                  | 593         |
|    iterations           | 43          |
|    time_elapsed         | 37          |
|    total_timesteps      | 22016       |
| train/                  |             |
|    approx_kl            | 0.007999368 |
|    clip_fraction        | 0.043       |
|    clip_range           | 0.2         |
|    entropy_loss         | -4.44       |
|    explained_variance   | 1.19e-07    |
|    learning_rate        | 0.0003      |
|    loss                 | 2.27e+03    |
|    n_updates            | 210         |
|    policy_gradient_loss | 0.000402    |
|    std                  | 1.07        |
|    value_loss           | 4.33e+03    |
-----------------------------------------
-----------------------------------------
| rollout/                |             |
|    ep_len_mean          | 1.21e+04    |
|    ep_rew_mean          | 1.89e+04    |
| time/                   |             |
|    fps                  | 589         |
|    iterations           | 44          |
|    time_elapsed         | 38          |
|    total_timesteps      | 22528       |
| train/                  |             |
|    approx_kl            | 0.006029822 |
|    clip_fraction        | 0.0945      |
|    clip_range           | 0.2         |
|    entropy_loss         | -4.44       |
|    explained_variance   | 0           |
|    learning_rate        | 0.0003      |
|    loss                 | 2.06e+03    |
|    n_updates            | 215         |
|    policy_gradient_loss | -0.00808    |
|    std                  | 1.07        |
|    value_loss           | 4.77e+03    |
-----------------------------------------
------------------------------------------
| rollout/                |              |
|    ep_len_mean          | 1.21e+04     |
|    ep_rew_mean          | 1.89e+04     |
| time/                   |              |
|    fps                  | 586          |
|    iterations           | 45           |
|    time_elapsed         | 39           |
|    total_timesteps      | 23040        |
| train/                  |              |
|    approx_kl            | 0.0082084825 |
|    clip_fraction        | 0.0949       |
|    clip_range           | 0.2          |
|    entropy_loss         | -4.45        |
|    explained_variance   | 0            |
|    learning_rate        | 0.0003       |
|    loss                 | 1.66e+03     |
|    n_updates            | 220          |
|    policy_gradient_loss | -0.00611     |
|    std                  | 1.07         |
|    value_loss           | 4.11e+03     |
------------------------------------------
------------------------------------------
| rollout/                |              |
|    ep_len_mean          | 1.21e+04     |
|    ep_rew_mean          | 1.89e+04     |
| time/                   |              |
|    fps                  | 582          |
|    iterations           | 46           |
|    time_elapsed         | 40           |
|    total_timesteps      | 23552        |
| train/                  |              |
|    approx_kl            | 0.0060134474 |
|    clip_fraction        | 0.0789       |
|    clip_range           | 0.2          |
|    entropy_loss         | -4.45        |
|    explained_variance   | 0            |
|    learning_rate        | 0.0003       |
|    loss                 | 1.68e+03     |
|    n_updates            | 225          |
|    policy_gradient_loss | -0.00501     |
|    std                  | 1.07         |
|    value_loss           | 3.89e+03     |
------------------------------------------
------------------------------------------
| rollout/                |              |
|    ep_len_mean          | 1.21e+04     |
|    ep_rew_mean          | 1.89e+04     |
| time/                   |              |
|    fps                  | 579          |
|    iterations           | 47           |
|    time_elapsed         | 41           |
|    total_timesteps      | 24064        |
| train/                  |              |
|    approx_kl            | 0.0024002318 |
|    clip_fraction        | 0.0273       |
|    clip_range           | 0.2          |
|    entropy_loss         | -4.46        |
|    explained_variance   | 5.96e-08     |
|    learning_rate        | 0.0003       |
|    loss                 | 2.75e+03     |
|    n_updates            | 230          |
|    policy_gradient_loss | 0.002        |
|    std                  | 1.07         |
|    value_loss           | 4.01e+03     |
------------------------------------------
-----------------------------------------
| rollout/                |             |
|    ep_len_mean          | 1.21e+04    |
|    ep_rew_mean          | 3.43e+04    |
| time/                   |             |
|    fps                  | 576         |
|    iterations           | 48          |
|    time_elapsed         | 42          |
|    total_timesteps      | 24576       |
| train/                  |             |
|    approx_kl            | 0.007971266 |
|    clip_fraction        | 0.101       |
|    clip_range           | 0.2         |
|    entropy_loss         | -4.46       |
|    explained_variance   | 0           |
|    learning_rate        | 0.0003      |
|    loss                 | 1.37e+03    |
|    n_updates            | 235         |
|    policy_gradient_loss | -0.00473    |
|    std                  | 1.07        |
|    value_loss           | 3.88e+03    |
-----------------------------------------
/home/konstantin/dev/crypto_rl/.conda/lib/python3.12/site-packages/stable_baselines3/common/evaluation.py:70: UserWarning: Evaluation environment is not wrapped with a ``Monitor`` wrapper. This may result in reporting modified episode lengths and rewards, if other wrappers happen to modify these. Consider wrapping environment first with ``Monitor`` wrapper.
  warnings.warn(
Eval num_timesteps=25000, episode_reward=20102.81 +/- 0.00
Episode length: 4031.00 +/- 0.00
----------------------------------------
| eval/                   |            |
|    mean_ep_length       | 4.03e+03   |
|    mean_reward          | 2.01e+04   |
| time/                   |            |
|    total_timesteps      | 25000      |
| train/                  |            |
|    approx_kl            | 0.02105751 |
|    clip_fraction        | 0.0609     |
|    clip_range           | 0.2        |
|    entropy_loss         | -4.47      |
|    explained_variance   | 5.96e-08   |
|    learning_rate        | 0.0003     |
|    loss                 | 1.14e+03   |
|    n_updates            | 240        |
|    policy_gradient_loss | 0.00516    |
|    std                  | 1.08       |
|    value_loss           | 4.97e+03   |
----------------------------------------
New best mean reward!
---------------------------------
| rollout/           |          |
|    ep_len_mean     | 1.21e+04 |
|    ep_rew_mean     | 3.43e+04 |
| time/              |          |
|    fps             | 547      |
|    iterations      | 49       |
|    time_elapsed    | 45       |
|    total_timesteps | 25088    |
---------------------------------
-----------------------------------------
| rollout/                |             |
|    ep_len_mean          | 1.21e+04    |
|    ep_rew_mean          | 3.43e+04    |
| time/                   |             |
|    fps                  | 545         |
|    iterations           | 50          |
|    time_elapsed         | 46          |
|    total_timesteps      | 25600       |
| train/                  |             |
|    approx_kl            | 0.008666388 |
|    clip_fraction        | 0.0801      |
|    clip_range           | 0.2         |
|    entropy_loss         | -4.47       |
|    explained_variance   | 0           |
|    learning_rate        | 0.0003      |
|    loss                 | 1.11e+03    |
|    n_updates            | 245         |
|    policy_gradient_loss | -0.00516    |
|    std                  | 1.08        |
|    value_loss           | 3.73e+03    |
-----------------------------------------
------------------------------------------
| rollout/                |              |
|    ep_len_mean          | 1.21e+04     |
|    ep_rew_mean          | 3.43e+04     |
| time/                   |              |
|    fps                  | 543          |
|    iterations           | 51           |
|    time_elapsed         | 48           |
|    total_timesteps      | 26112        |
| train/                  |              |
|    approx_kl            | 0.0040305173 |
|    clip_fraction        | 0.0367       |
|    clip_range           | 0.2          |
|    entropy_loss         | -4.47        |
|    explained_variance   | 0            |
|    learning_rate        | 0.0003       |
|    loss                 | 2.13e+03     |
|    n_updates            | 250          |
|    policy_gradient_loss | -0.000375    |
|    std                  | 1.08         |
|    value_loss           | 3.81e+03     |
------------------------------------------
------------------------------------------
| rollout/                |              |
|    ep_len_mean          | 1.21e+04     |
|    ep_rew_mean          | 3.43e+04     |
| time/                   |              |
|    fps                  | 541          |
|    iterations           | 52           |
|    time_elapsed         | 49           |
|    total_timesteps      | 26624        |
| train/                  |              |
|    approx_kl            | 0.0033343348 |
|    clip_fraction        | 0.0309       |
|    clip_range           | 0.2          |
|    entropy_loss         | -4.46        |
|    explained_variance   | 0            |
|    learning_rate        | 0.0003       |
|    loss                 | 2.67e+03     |
|    n_updates            | 255          |
|    policy_gradient_loss | -0.00153     |
|    std                  | 1.07         |
|    value_loss           | 3.98e+03     |
------------------------------------------
-----------------------------------------
| rollout/                |             |
|    ep_len_mean          | 1.21e+04    |
|    ep_rew_mean          | 3.43e+04    |
| time/                   |             |
|    fps                  | 539         |
|    iterations           | 53          |
|    time_elapsed         | 50          |
|    total_timesteps      | 27136       |
| train/                  |             |
|    approx_kl            | 0.004512595 |
|    clip_fraction        | 0.0535      |
|    clip_range           | 0.2         |
|    entropy_loss         | -4.45       |
|    explained_variance   | 1.19e-07    |
|    learning_rate        | 0.0003      |
|    loss                 | 2.25e+03    |
|    n_updates            | 260         |
|    policy_gradient_loss | -0.00326    |
|    std                  | 1.07        |
|    value_loss           | 5.19e+03    |
-----------------------------------------
-----------------------------------------
| rollout/                |             |
|    ep_len_mean          | 1.21e+04    |
|    ep_rew_mean          | 3.43e+04    |
| time/                   |             |
|    fps                  | 537         |
|    iterations           | 54          |
|    time_elapsed         | 51          |
|    total_timesteps      | 27648       |
| train/                  |             |
|    approx_kl            | 0.012175396 |
|    clip_fraction        | 0.0594      |
|    clip_range           | 0.2         |
|    entropy_loss         | -4.44       |
|    explained_variance   | 5.96e-08    |
|    learning_rate        | 0.0003      |
|    loss                 | 3.88e+03    |
|    n_updates            | 265         |
|    policy_gradient_loss | -0.000369   |
|    std                  | 1.06        |
|    value_loss           | 5.55e+03    |
-----------------------------------------
------------------------------------------
| rollout/                |              |
|    ep_len_mean          | 1.21e+04     |
|    ep_rew_mean          | 3.43e+04     |
| time/                   |              |
|    fps                  | 535          |
|    iterations           | 55           |
|    time_elapsed         | 52           |
|    total_timesteps      | 28160        |
| train/                  |              |
|    approx_kl            | 0.0043210494 |
|    clip_fraction        | 0.05         |
|    clip_range           | 0.2          |
|    entropy_loss         | -4.42        |
|    explained_variance   | 0            |
|    learning_rate        | 0.0003       |
|    loss                 | 1.8e+03      |
|    n_updates            | 270          |
|    policy_gradient_loss | -0.000856    |
|    std                  | 1.06         |
|    value_loss           | 4.99e+03     |
------------------------------------------
------------------------------------------
| rollout/                |              |
|    ep_len_mean          | 1.21e+04     |
|    ep_rew_mean          | 3.43e+04     |
| time/                   |              |
|    fps                  | 534          |
|    iterations           | 56           |
|    time_elapsed         | 53           |
|    total_timesteps      | 28672        |
| train/                  |              |
|    approx_kl            | 0.0055491836 |
|    clip_fraction        | 0.0715       |
|    clip_range           | 0.2          |
|    entropy_loss         | -4.4         |
|    explained_variance   | 0            |
|    learning_rate        | 0.0003       |
|    loss                 | 4.15e+03     |
|    n_updates            | 275          |
|    policy_gradient_loss | -0.00196     |
|    std                  | 1.05         |
|    value_loss           | 6.42e+03     |
------------------------------------------
-----------------------------------------
| rollout/                |             |
|    ep_len_mean          | 1.21e+04    |
|    ep_rew_mean          | 3.43e+04    |
| time/                   |             |
|    fps                  | 532         |
|    iterations           | 57          |
|    time_elapsed         | 54          |
|    total_timesteps      | 29184       |
| train/                  |             |
|    approx_kl            | 0.006592654 |
|    clip_fraction        | 0.0828      |
|    clip_range           | 0.2         |
|    entropy_loss         | -4.4        |
|    explained_variance   | 0           |
|    learning_rate        | 0.0003      |
|    loss                 | 2.11e+03    |
|    n_updates            | 280         |
|    policy_gradient_loss | -0.0048     |
|    std                  | 1.06        |
|    value_loss           | 4.48e+03    |
-----------------------------------------
----------------------------------------
| rollout/                |            |
|    ep_len_mean          | 1.21e+04   |
|    ep_rew_mean          | 3.43e+04   |
| time/                   |            |
|    fps                  | 531        |
|    iterations           | 58         |
|    time_elapsed         | 55         |
|    total_timesteps      | 29696      |
| train/                  |            |
|    approx_kl            | 0.00849314 |
|    clip_fraction        | 0.0508     |
|    clip_range           | 0.2        |
|    entropy_loss         | -4.4       |
|    explained_variance   | 5.96e-08   |
|    learning_rate        | 0.0003     |
|    loss                 | 1.29e+03   |
|    n_updates            | 285        |
|    policy_gradient_loss | -0.00259   |
|    std                  | 1.05       |
|    value_loss           | 4.55e+03   |
----------------------------------------
------------------------------------------
| rollout/                |              |
|    ep_len_mean          | 1.21e+04     |
|    ep_rew_mean          | 3.43e+04     |
| time/                   |              |
|    fps                  | 529          |
|    iterations           | 59           |
|    time_elapsed         | 57           |
|    total_timesteps      | 30208        |
| train/                  |              |
|    approx_kl            | 0.0069198096 |
|    clip_fraction        | 0.202        |
|    clip_range           | 0.2          |
|    entropy_loss         | -4.37        |
|    explained_variance   | 0            |
|    learning_rate        | 0.0003       |
|    loss                 | 1.63e+03     |
|    n_updates            | 290          |
|    policy_gradient_loss | 0.00832      |
|    std                  | 1.04         |
|    value_loss           | 5.99e+03     |
------------------------------------------
-----------------------------------------
| rollout/                |             |
|    ep_len_mean          | 1.21e+04    |
|    ep_rew_mean          | 3.43e+04    |
| time/                   |             |
|    fps                  | 528         |
|    iterations           | 60          |
|    time_elapsed         | 58          |
|    total_timesteps      | 30720       |
| train/                  |             |
|    approx_kl            | 0.010423168 |
|    clip_fraction        | 0.133       |
|    clip_range           | 0.2         |
|    entropy_loss         | -4.36       |
|    explained_variance   | 0           |
|    learning_rate        | 0.0003      |
|    loss                 | 3.94e+03    |
|    n_updates            | 295         |
|    policy_gradient_loss | 0.00552     |
|    std                  | 1.04        |
|    value_loss           | 7.01e+03    |
-----------------------------------------
------------------------------------------
| rollout/                |              |
|    ep_len_mean          | 1.21e+04     |
|    ep_rew_mean          | 3.43e+04     |
| time/                   |              |
|    fps                  | 526          |
|    iterations           | 61           |
|    time_elapsed         | 59           |
|    total_timesteps      | 31232        |
| train/                  |              |
|    approx_kl            | 0.0021580698 |
|    clip_fraction        | 0.0117       |
|    clip_range           | 0.2          |
|    entropy_loss         | -4.37        |
|    explained_variance   | 0            |
|    learning_rate        | 0.0003       |
|    loss                 | 2.43e+03     |
|    n_updates            | 300          |
|    policy_gradient_loss | 0.00267      |
|    std                  | 1.04         |
|    value_loss           | 5.93e+03     |
------------------------------------------
-----------------------------------------
| rollout/                |             |
|    ep_len_mean          | 1.21e+04    |
|    ep_rew_mean          | 3.43e+04    |
| time/                   |             |
|    fps                  | 525         |
|    iterations           | 62          |
|    time_elapsed         | 60          |
|    total_timesteps      | 31744       |
| train/                  |             |
|    approx_kl            | 0.004204417 |
|    clip_fraction        | 0.0199      |
|    clip_range           | 0.2         |
|    entropy_loss         | -4.37       |
|    explained_variance   | -1.19e-07   |
|    learning_rate        | 0.0003      |
|    loss                 | 2.49e+03    |
|    n_updates            | 305         |
|    policy_gradient_loss | -0.00152    |
|    std                  | 1.04        |
|    value_loss           | 5.31e+03    |
-----------------------------------------
------------------------------------------
| rollout/                |              |
|    ep_len_mean          | 1.21e+04     |
|    ep_rew_mean          | 3.43e+04     |
| time/                   |              |
|    fps                  | 524          |
|    iterations           | 63           |
|    time_elapsed         | 61           |
|    total_timesteps      | 32256        |
| train/                  |              |
|    approx_kl            | 0.0065684943 |
|    clip_fraction        | 0.0645       |
|    clip_range           | 0.2          |
|    entropy_loss         | -4.37        |
|    explained_variance   | 0            |
|    learning_rate        | 0.0003       |
|    loss                 | 2.27e+03     |
|    n_updates            | 310          |
|    policy_gradient_loss | -0.00553     |
|    std                  | 1.04         |
|    value_loss           | 4.46e+03     |
------------------------------------------
-----------------------------------------
| rollout/                |             |
|    ep_len_mean          | 1.21e+04    |
|    ep_rew_mean          | 3.43e+04    |
| time/                   |             |
|    fps                  | 523         |
|    iterations           | 64          |
|    time_elapsed         | 62          |
|    total_timesteps      | 32768       |
| train/                  |             |
|    approx_kl            | 0.005068217 |
|    clip_fraction        | 0.0305      |
|    clip_range           | 0.2         |
|    entropy_loss         | -4.36       |
|    explained_variance   | 5.96e-08    |
|    learning_rate        | 0.0003      |
|    loss                 | 2.27e+03    |
|    n_updates            | 315         |
|    policy_gradient_loss | -0.00308    |
|    std                  | 1.04        |
|    value_loss           | 4.5e+03     |
-----------------------------------------
-----------------------------------------
| rollout/                |             |
|    ep_len_mean          | 1.21e+04    |
|    ep_rew_mean          | 3.43e+04    |
| time/                   |             |
|    fps                  | 521         |
|    iterations           | 65          |
|    time_elapsed         | 63          |
|    total_timesteps      | 33280       |
| train/                  |             |
|    approx_kl            | 0.005696675 |
|    clip_fraction        | 0.234       |
|    clip_range           | 0.2         |
|    entropy_loss         | -4.35       |
|    explained_variance   | -1.19e-07   |
|    learning_rate        | 0.0003      |
|    loss                 | 1.73e+03    |
|    n_updates            | 320         |
|    policy_gradient_loss | 0.0149      |
|    std                  | 1.03        |
|    value_loss           | 4.6e+03     |
-----------------------------------------
-----------------------------------------
| rollout/                |             |
|    ep_len_mean          | 1.21e+04    |
|    ep_rew_mean          | 3.43e+04    |
| time/                   |             |
|    fps                  | 520         |
|    iterations           | 66          |
|    time_elapsed         | 64          |
|    total_timesteps      | 33792       |
| train/                  |             |
|    approx_kl            | 0.007125539 |
|    clip_fraction        | 0.0395      |
|    clip_range           | 0.2         |
|    entropy_loss         | -4.34       |
|    explained_variance   | 0           |
|    learning_rate        | 0.0003      |
|    loss                 | 1.88e+03    |
|    n_updates            | 325         |
|    policy_gradient_loss | -0.002      |
|    std                  | 1.03        |
|    value_loss           | 4.84e+03    |
-----------------------------------------
------------------------------------------
| rollout/                |              |
|    ep_len_mean          | 1.21e+04     |
|    ep_rew_mean          | 3.43e+04     |
| time/                   |              |
|    fps                  | 519          |
|    iterations           | 67           |
|    time_elapsed         | 66           |
|    total_timesteps      | 34304        |
| train/                  |              |
|    approx_kl            | 0.0047565475 |
|    clip_fraction        | 0.0598       |
|    clip_range           | 0.2          |
|    entropy_loss         | -4.34        |
|    explained_variance   | 0            |
|    learning_rate        | 0.0003       |
|    loss                 | 1.44e+03     |
|    n_updates            | 330          |
|    policy_gradient_loss | -0.00157     |
|    std                  | 1.03         |
|    value_loss           | 4.63e+03     |
------------------------------------------
-----------------------------------------
| rollout/                |             |
|    ep_len_mean          | 1.21e+04    |
|    ep_rew_mean          | 3.43e+04    |
| time/                   |             |
|    fps                  | 518         |
|    iterations           | 68          |
|    time_elapsed         | 67          |
|    total_timesteps      | 34816       |
| train/                  |             |
|    approx_kl            | 0.008404851 |
|    clip_fraction        | 0.0477      |
|    clip_range           | 0.2         |
|    entropy_loss         | -4.35       |
|    explained_variance   | 0           |
|    learning_rate        | 0.0003      |
|    loss                 | 799         |
|    n_updates            | 335         |
|    policy_gradient_loss | -0.000637   |
|    std                  | 1.04        |
|    value_loss           | 5.2e+03     |
-----------------------------------------
----------------------------------------
| rollout/                |            |
|    ep_len_mean          | 1.21e+04   |
|    ep_rew_mean          | 3.43e+04   |
| time/                   |            |
|    fps                  | 517        |
|    iterations           | 69         |
|    time_elapsed         | 68         |
|    total_timesteps      | 35328      |
| train/                  |            |
|    approx_kl            | 0.01365054 |
|    clip_fraction        | 0.0629     |
|    clip_range           | 0.2        |
|    entropy_loss         | -4.35      |
|    explained_variance   | 0          |
|    learning_rate        | 0.0003     |
|    loss                 | 2.89e+03   |
|    n_updates            | 340        |
|    policy_gradient_loss | 4.02e-05   |
|    std                  | 1.04       |
|    value_loss           | 5.51e+03   |
----------------------------------------
----------------------------------------
| rollout/                |            |
|    ep_len_mean          | 1.21e+04   |
|    ep_rew_mean          | 3.43e+04   |
| time/                   |            |
|    fps                  | 516        |
|    iterations           | 70         |
|    time_elapsed         | 69         |
|    total_timesteps      | 35840      |
| train/                  |            |
|    approx_kl            | 0.04014399 |
|    clip_fraction        | 0.212      |
|    clip_range           | 0.2        |
|    entropy_loss         | -4.35      |
|    explained_variance   | 0          |
|    learning_rate        | 0.0003     |
|    loss                 | 3.19e+03   |
|    n_updates            | 345        |
|    policy_gradient_loss | 0.0194     |
|    std                  | 1.03       |
|    value_loss           | 6.87e+03   |
----------------------------------------
-----------------------------------------
| rollout/                |             |
|    ep_len_mean          | 1.21e+04    |
|    ep_rew_mean          | 4.14e+04    |
| time/                   |             |
|    fps                  | 515         |
|    iterations           | 71          |
|    time_elapsed         | 70          |
|    total_timesteps      | 36352       |
| train/                  |             |
|    approx_kl            | 0.003953176 |
|    clip_fraction        | 0.0715      |
|    clip_range           | 0.2         |
|    entropy_loss         | -4.33       |
|    explained_variance   | 0           |
|    learning_rate        | 0.0003      |
|    loss                 | 4.06e+03    |
|    n_updates            | 350         |
|    policy_gradient_loss | -0.00164    |
|    std                  | 1.03        |
|    value_loss           | 7.83e+03    |
-----------------------------------------
-----------------------------------------
| rollout/                |             |
|    ep_len_mean          | 1.21e+04    |
|    ep_rew_mean          | 4.14e+04    |
| time/                   |             |
|    fps                  | 514         |
|    iterations           | 72          |
|    time_elapsed         | 71          |
|    total_timesteps      | 36864       |
| train/                  |             |
|    approx_kl            | 0.004673225 |
|    clip_fraction        | 0.286       |
|    clip_range           | 0.2         |
|    entropy_loss         | -4.31       |
|    explained_variance   | 0           |
|    learning_rate        | 0.0003      |
|    loss                 | 4.48e+03    |
|    n_updates            | 355         |
|    policy_gradient_loss | 0.015       |
|    std                  | 1.02        |
|    value_loss           | 1.12e+04    |
-----------------------------------------
-----------------------------------------
| rollout/                |             |
|    ep_len_mean          | 1.21e+04    |
|    ep_rew_mean          | 4.14e+04    |
| time/                   |             |
|    fps                  | 513         |
|    iterations           | 73          |
|    time_elapsed         | 72          |
|    total_timesteps      | 37376       |
| train/                  |             |
|    approx_kl            | 0.015181204 |
|    clip_fraction        | 0.0586      |
|    clip_range           | 0.2         |
|    entropy_loss         | -4.31       |
|    explained_variance   | 0           |
|    learning_rate        | 0.0003      |
|    loss                 | 5.44e+03    |
|    n_updates            | 360         |
|    policy_gradient_loss | 0.00332     |
|    std                  | 1.02        |
|    value_loss           | 1.4e+04     |
-----------------------------------------
----------------------------------------
| rollout/                |            |
|    ep_len_mean          | 1.21e+04   |
|    ep_rew_mean          | 4.14e+04   |
| time/                   |            |
|    fps                  | 512        |
|    iterations           | 74         |
|    time_elapsed         | 73         |
|    total_timesteps      | 37888      |
| train/                  |            |
|    approx_kl            | 0.04531271 |
|    clip_fraction        | 0.334      |
|    clip_range           | 0.2        |
|    entropy_loss         | -4.29      |
|    explained_variance   | 0          |
|    learning_rate        | 0.0003     |
|    loss                 | 4.75e+03   |
|    n_updates            | 365        |
|    policy_gradient_loss | 0.0173     |
|    std                  | 1.02       |
|    value_loss           | 9.53e+03   |
----------------------------------------
-----------------------------------------
| rollout/                |             |
|    ep_len_mean          | 1.21e+04    |
|    ep_rew_mean          | 4.14e+04    |
| time/                   |             |
|    fps                  | 511         |
|    iterations           | 75          |
|    time_elapsed         | 75          |
|    total_timesteps      | 38400       |
| train/                  |             |
|    approx_kl            | 0.009924564 |
|    clip_fraction        | 0.0746      |
|    clip_range           | 0.2         |
|    entropy_loss         | -4.3        |
|    explained_variance   | 0           |
|    learning_rate        | 0.0003      |
|    loss                 | 5.02e+03    |
|    n_updates            | 370         |
|    policy_gradient_loss | 0.00157     |
|    std                  | 1.02        |
|    value_loss           | 8.54e+03    |
-----------------------------------------
-----------------------------------------
| rollout/                |             |
|    ep_len_mean          | 1.21e+04    |
|    ep_rew_mean          | 4.14e+04    |
| time/                   |             |
|    fps                  | 511         |
|    iterations           | 76          |
|    time_elapsed         | 76          |
|    total_timesteps      | 38912       |
| train/                  |             |
|    approx_kl            | 0.008795983 |
|    clip_fraction        | 0.132       |
|    clip_range           | 0.2         |
|    entropy_loss         | -4.3        |
|    explained_variance   | 1.19e-07    |
|    learning_rate        | 0.0003      |
|    loss                 | 2.38e+03    |
|    n_updates            | 375         |
|    policy_gradient_loss | 0.00191     |
|    std                  | 1.02        |
|    value_loss           | 6.56e+03    |
-----------------------------------------
-----------------------------------------
| rollout/                |             |
|    ep_len_mean          | 1.21e+04    |
|    ep_rew_mean          | 4.14e+04    |
| time/                   |             |
|    fps                  | 510         |
|    iterations           | 77          |
|    time_elapsed         | 77          |
|    total_timesteps      | 39424       |
| train/                  |             |
|    approx_kl            | 0.010499926 |
|    clip_fraction        | 0.266       |
|    clip_range           | 0.2         |
|    entropy_loss         | -4.3        |
|    explained_variance   | 0           |
|    learning_rate        | 0.0003      |
|    loss                 | 1.98e+03    |
|    n_updates            | 380         |
|    policy_gradient_loss | 0.0103      |
|    std                  | 1.02        |
|    value_loss           | 5.2e+03     |
-----------------------------------------
-----------------------------------------
| rollout/                |             |
|    ep_len_mean          | 1.21e+04    |
|    ep_rew_mean          | 4.14e+04    |
| time/                   |             |
|    fps                  | 509         |
|    iterations           | 78          |
|    time_elapsed         | 78          |
|    total_timesteps      | 39936       |
| train/                  |             |
|    approx_kl            | 0.034923032 |
|    clip_fraction        | 0.227       |
|    clip_range           | 0.2         |
|    entropy_loss         | -4.3        |
|    explained_variance   | 0           |
|    learning_rate        | 0.0003      |
|    loss                 | 2.91e+03    |
|    n_updates            | 385         |
|    policy_gradient_loss | 0.00981     |
|    std                  | 1.01        |
|    value_loss           | 6.33e+03    |
-----------------------------------------
-----------------------------------------
| rollout/                |             |
|    ep_len_mean          | 1.21e+04    |
|    ep_rew_mean          | 4.14e+04    |
| time/                   |             |
|    fps                  | 508         |
|    iterations           | 79          |
|    time_elapsed         | 79          |
|    total_timesteps      | 40448       |
| train/                  |             |
|    approx_kl            | 0.027796946 |
|    clip_fraction        | 0.173       |
|    clip_range           | 0.2         |
|    entropy_loss         | -4.3        |
|    explained_variance   | 0           |
|    learning_rate        | 0.0003      |
|    loss                 | 3.23e+03    |
|    n_updates            | 390         |
|    policy_gradient_loss | 0.0105      |
|    std                  | 1.02        |
|    value_loss           | 6.91e+03    |
-----------------------------------------
------------------------------------------
| rollout/                |              |
|    ep_len_mean          | 1.21e+04     |
|    ep_rew_mean          | 4.14e+04     |
| time/                   |              |
|    fps                  | 508          |
|    iterations           | 80           |
|    time_elapsed         | 80           |
|    total_timesteps      | 40960        |
| train/                  |              |
|    approx_kl            | 0.0022419738 |
|    clip_fraction        | 0.048        |
|    clip_range           | 0.2          |
|    entropy_loss         | -4.31        |
|    explained_variance   | -1.19e-07    |
|    learning_rate        | 0.0003       |
|    loss                 | 2.7e+03      |
|    n_updates            | 395          |
|    policy_gradient_loss | -0.000399    |
|    std                  | 1.02         |
|    value_loss           | 7.11e+03     |
------------------------------------------
-----------------------------------------
| rollout/                |             |
|    ep_len_mean          | 1.21e+04    |
|    ep_rew_mean          | 4.14e+04    |
| time/                   |             |
|    fps                  | 507         |
|    iterations           | 81          |
|    time_elapsed         | 81          |
|    total_timesteps      | 41472       |
| train/                  |             |
|    approx_kl            | 0.010492256 |
|    clip_fraction        | 0.128       |
|    clip_range           | 0.2         |
|    entropy_loss         | -4.31       |
|    explained_variance   | -1.19e-07   |
|    learning_rate        | 0.0003      |
|    loss                 | 2.07e+03    |
|    n_updates            | 400         |
|    policy_gradient_loss | 4.96e-05    |
|    std                  | 1.02        |
|    value_loss           | 6.59e+03    |
-----------------------------------------
------------------------------------------
| rollout/                |              |
|    ep_len_mean          | 1.21e+04     |
|    ep_rew_mean          | 4.14e+04     |
| time/                   |              |
|    fps                  | 506          |
|    iterations           | 82           |
|    time_elapsed         | 82           |
|    total_timesteps      | 41984        |
| train/                  |              |
|    approx_kl            | 0.0043668384 |
|    clip_fraction        | 0.023        |
|    clip_range           | 0.2          |
|    entropy_loss         | -4.31        |
|    explained_variance   | -1.19e-07    |
|    learning_rate        | 0.0003       |
|    loss                 | 2.69e+03     |
|    n_updates            | 405          |
|    policy_gradient_loss | -0.00168     |
|    std                  | 1.02         |
|    value_loss           | 5.11e+03     |
------------------------------------------
------------------------------------------
| rollout/                |              |
|    ep_len_mean          | 1.21e+04     |
|    ep_rew_mean          | 4.14e+04     |
| time/                   |              |
|    fps                  | 505          |
|    iterations           | 83           |
|    time_elapsed         | 84           |
|    total_timesteps      | 42496        |
| train/                  |              |
|    approx_kl            | 0.0064225476 |
|    clip_fraction        | 0.0328       |
|    clip_range           | 0.2          |
|    entropy_loss         | -4.31        |
|    explained_variance   | 5.96e-08     |
|    learning_rate        | 0.0003       |
|    loss                 | 4.32e+03     |
|    n_updates            | 410          |
|    policy_gradient_loss | -0.00507     |
|    std                  | 1.02         |
|    value_loss           | 5.48e+03     |
------------------------------------------
------------------------------------------
| rollout/                |              |
|    ep_len_mean          | 1.21e+04     |
|    ep_rew_mean          | 4.14e+04     |
| time/                   |              |
|    fps                  | 505          |
|    iterations           | 84           |
|    time_elapsed         | 85           |
|    total_timesteps      | 43008        |
| train/                  |              |
|    approx_kl            | 0.0071860976 |
|    clip_fraction        | 0.0402       |
|    clip_range           | 0.2          |
|    entropy_loss         | -4.31        |
|    explained_variance   | 1.19e-07     |
|    learning_rate        | 0.0003       |
|    loss                 | 3.1e+03      |
|    n_updates            | 415          |
|    policy_gradient_loss | -0.00431     |
|    std                  | 1.02         |
|    value_loss           | 6.45e+03     |
------------------------------------------
-----------------------------------------
| rollout/                |             |
|    ep_len_mean          | 1.21e+04    |
|    ep_rew_mean          | 4.14e+04    |
| time/                   |             |
|    fps                  | 504         |
|    iterations           | 85          |
|    time_elapsed         | 86          |
|    total_timesteps      | 43520       |
| train/                  |             |
|    approx_kl            | 0.019935273 |
|    clip_fraction        | 0.134       |
|    clip_range           | 0.2         |
|    entropy_loss         | -4.3        |
|    explained_variance   | 5.96e-08    |
|    learning_rate        | 0.0003      |
|    loss                 | 3.55e+03    |
|    n_updates            | 420         |
|    policy_gradient_loss | 0.00263     |
|    std                  | 1.02        |
|    value_loss           | 7.04e+03    |
-----------------------------------------
-----------------------------------------
| rollout/                |             |
|    ep_len_mean          | 1.21e+04    |
|    ep_rew_mean          | 4.14e+04    |
| time/                   |             |
|    fps                  | 503         |
|    iterations           | 86          |
|    time_elapsed         | 87          |
|    total_timesteps      | 44032       |
| train/                  |             |
|    approx_kl            | 0.009767905 |
|    clip_fraction        | 0.14        |
|    clip_range           | 0.2         |
|    entropy_loss         | -4.31       |
|    explained_variance   | 0           |
|    learning_rate        | 0.0003      |
|    loss                 | 3.35e+03    |
|    n_updates            | 425         |
|    policy_gradient_loss | 0.000147    |
|    std                  | 1.02        |
|    value_loss           | 4.89e+03    |
-----------------------------------------
----------------------------------------
| rollout/                |            |
|    ep_len_mean          | 1.21e+04   |
|    ep_rew_mean          | 4.14e+04   |
| time/                   |            |
|    fps                  | 503        |
|    iterations           | 87         |
|    time_elapsed         | 88         |
|    total_timesteps      | 44544      |
| train/                  |            |
|    approx_kl            | 0.04907681 |
|    clip_fraction        | 0.351      |
|    clip_range           | 0.2        |
|    entropy_loss         | -4.32      |
|    explained_variance   | 0          |
|    learning_rate        | 0.0003     |
|    loss                 | 2.23e+03   |
|    n_updates            | 430        |
|    policy_gradient_loss | 0.0276     |
|    std                  | 1.02       |
|    value_loss           | 5.2e+03    |
----------------------------------------
-----------------------------------------
| rollout/                |             |
|    ep_len_mean          | 1.21e+04    |
|    ep_rew_mean          | 4.14e+04    |
| time/                   |             |
|    fps                  | 502         |
|    iterations           | 88          |
|    time_elapsed         | 89          |
|    total_timesteps      | 45056       |
| train/                  |             |
|    approx_kl            | 0.024404263 |
|    clip_fraction        | 0.231       |
|    clip_range           | 0.2         |
|    entropy_loss         | -4.31       |
|    explained_variance   | 0           |
|    learning_rate        | 0.0003      |
|    loss                 | 1.45e+03    |
|    n_updates            | 435         |
|    policy_gradient_loss | 0.00915     |
|    std                  | 1.02        |
|    value_loss           | 3.23e+03    |
-----------------------------------------
-----------------------------------------
| rollout/                |             |
|    ep_len_mean          | 1.21e+04    |
|    ep_rew_mean          | 4.14e+04    |
| time/                   |             |
|    fps                  | 502         |
|    iterations           | 89          |
|    time_elapsed         | 90          |
|    total_timesteps      | 45568       |
| train/                  |             |
|    approx_kl            | 0.006979958 |
|    clip_fraction        | 0.0219      |
|    clip_range           | 0.2         |
|    entropy_loss         | -4.32       |
|    explained_variance   | 0           |
|    learning_rate        | 0.0003      |
|    loss                 | 1.7e+03     |
|    n_updates            | 440         |
|    policy_gradient_loss | -0.000407   |
|    std                  | 1.02        |
|    value_loss           | 4.33e+03    |
-----------------------------------------
----------------------------------------
| rollout/                |            |
|    ep_len_mean          | 1.21e+04   |
|    ep_rew_mean          | 4.14e+04   |
| time/                   |            |
|    fps                  | 501        |
|    iterations           | 90         |
|    time_elapsed         | 91         |
|    total_timesteps      | 46080      |
| train/                  |            |
|    approx_kl            | 0.00382586 |
|    clip_fraction        | 0.00586    |
|    clip_range           | 0.2        |
|    entropy_loss         | -4.31      |
|    explained_variance   | 5.96e-08   |
|    learning_rate        | 0.0003     |
|    loss                 | 1.51e+03   |
|    n_updates            | 445        |
|    policy_gradient_loss | 0.000845   |
|    std                  | 1.02       |
|    value_loss           | 3.96e+03   |
----------------------------------------
------------------------------------------
| rollout/                |              |
|    ep_len_mean          | 1.21e+04     |
|    ep_rew_mean          | 4.14e+04     |
| time/                   |              |
|    fps                  | 500          |
|    iterations           | 91           |
|    time_elapsed         | 93           |
|    total_timesteps      | 46592        |
| train/                  |              |
|    approx_kl            | 0.0054672137 |
|    clip_fraction        | 0.134        |
|    clip_range           | 0.2          |
|    entropy_loss         | -4.31        |
|    explained_variance   | 0            |
|    learning_rate        | 0.0003       |
|    loss                 | 1.19e+03     |
|    n_updates            | 450          |
|    policy_gradient_loss | 0.00161      |
|    std                  | 1.02         |
|    value_loss           | 4.32e+03     |
------------------------------------------
-----------------------------------------
| rollout/                |             |
|    ep_len_mean          | 1.21e+04    |
|    ep_rew_mean          | 4.14e+04    |
| time/                   |             |
|    fps                  | 500         |
|    iterations           | 92          |
|    time_elapsed         | 94          |
|    total_timesteps      | 47104       |
| train/                  |             |
|    approx_kl            | 0.017805276 |
|    clip_fraction        | 0.103       |
|    clip_range           | 0.2         |
|    entropy_loss         | -4.31       |
|    explained_variance   | 0           |
|    learning_rate        | 0.0003      |
|    loss                 | 1.62e+03    |
|    n_updates            | 455         |
|    policy_gradient_loss | 0.00352     |
|    std                  | 1.02        |
|    value_loss           | 3.97e+03    |
-----------------------------------------
-----------------------------------------
| rollout/                |             |
|    ep_len_mean          | 1.21e+04    |
|    ep_rew_mean          | 4.14e+04    |
| time/                   |             |
|    fps                  | 499         |
|    iterations           | 93          |
|    time_elapsed         | 95          |
|    total_timesteps      | 47616       |
| train/                  |             |
|    approx_kl            | 0.038767394 |
|    clip_fraction        | 0.207       |
|    clip_range           | 0.2         |
|    entropy_loss         | -4.3        |
|    explained_variance   | 0           |
|    learning_rate        | 0.0003      |
|    loss                 | 1.94e+03    |
|    n_updates            | 460         |
|    policy_gradient_loss | 0.00716     |
|    std                  | 1.02        |
|    value_loss           | 4.54e+03    |
-----------------------------------------
------------------------------------------
| rollout/                |              |
|    ep_len_mean          | 1.21e+04     |
|    ep_rew_mean          | 4.14e+04     |
| time/                   |              |
|    fps                  | 499          |
|    iterations           | 94           |
|    time_elapsed         | 96           |
|    total_timesteps      | 48128        |
| train/                  |              |
|    approx_kl            | 0.0037927758 |
|    clip_fraction        | 0.0789       |
|    clip_range           | 0.2          |
|    entropy_loss         | -4.3         |
|    explained_variance   | 0            |
|    learning_rate        | 0.0003       |
|    loss                 | 1.3e+03      |
|    n_updates            | 465          |
|    policy_gradient_loss | 0.00338      |
|    std                  | 1.02         |
|    value_loss           | 4e+03        |
------------------------------------------
-----------------------------------------
| rollout/                |             |
|    ep_len_mean          | 1.21e+04    |
|    ep_rew_mean          | 4.47e+04    |
| time/                   |             |
|    fps                  | 499         |
|    iterations           | 95          |
|    time_elapsed         | 97          |
|    total_timesteps      | 48640       |
| train/                  |             |
|    approx_kl            | 0.008126987 |
|    clip_fraction        | 0.0359      |
|    clip_range           | 0.2         |
|    entropy_loss         | -4.29       |
|    explained_variance   | 0           |
|    learning_rate        | 0.0003      |
|    loss                 | 1.63e+03    |
|    n_updates            | 470         |
|    policy_gradient_loss | -0.00257    |
|    std                  | 1.01        |
|    value_loss           | 4.55e+03    |
-----------------------------------------
-----------------------------------------
| rollout/                |             |
|    ep_len_mean          | 1.21e+04    |
|    ep_rew_mean          | 4.47e+04    |
| time/                   |             |
|    fps                  | 498         |
|    iterations           | 96          |
|    time_elapsed         | 98          |
|    total_timesteps      | 49152       |
| train/                  |             |
|    approx_kl            | 0.013445768 |
|    clip_fraction        | 0.219       |
|    clip_range           | 0.2         |
|    entropy_loss         | -4.28       |
|    explained_variance   | 0           |
|    learning_rate        | 0.0003      |
|    loss                 | 6.65e+03    |
|    n_updates            | 475         |
|    policy_gradient_loss | -0.000738   |
|    std                  | 1.01        |
|    value_loss           | 1.09e+04    |
-----------------------------------------
-----------------------------------------
| rollout/                |             |
|    ep_len_mean          | 1.21e+04    |
|    ep_rew_mean          | 4.47e+04    |
| time/                   |             |
|    fps                  | 498         |
|    iterations           | 97          |
|    time_elapsed         | 99          |
|    total_timesteps      | 49664       |
| train/                  |             |
|    approx_kl            | 0.004465599 |
|    clip_fraction        | 0.178       |
|    clip_range           | 0.2         |
|    entropy_loss         | -4.27       |
|    explained_variance   | 0           |
|    learning_rate        | 0.0003      |
|    loss                 | 6e+03       |
|    n_updates            | 480         |
|    policy_gradient_loss | 0.00986     |
|    std                  | 1.01        |
|    value_loss           | 1.36e+04    |
-----------------------------------------
Eval num_timesteps=50000, episode_reward=20102.81 +/- 0.00
Episode length: 4031.00 +/- 0.00
-----------------------------------------
| eval/                   |             |
|    mean_ep_length       | 4.03e+03    |
|    mean_reward          | 2.01e+04    |
| time/                   |             |
|    total_timesteps      | 50000       |
| train/                  |             |
|    approx_kl            | 0.014930996 |
|    clip_fraction        | 0.0633      |
|    clip_range           | 0.2         |
|    entropy_loss         | -4.26       |
|    explained_variance   | 0           |
|    learning_rate        | 0.0003      |
|    loss                 | 5.68e+03    |
|    n_updates            | 485         |
|    policy_gradient_loss | 0.000776    |
|    std                  | 1           |
|    value_loss           | 1.21e+04    |
-----------------------------------------
---------------------------------
| rollout/           |          |
|    ep_len_mean     | 1.21e+04 |
|    ep_rew_mean     | 4.47e+04 |
| time/              |          |
|    fps             | 488      |
|    iterations      | 98       |
|    time_elapsed    | 102      |
|    total_timesteps | 50176    |
---------------------------------
[TIMING] Training completed in 103.6s
✓ Model saved to models/final_model

======================================================================
PHASE 2: Validation on val set
======================================================================

Evaluating...

  [DEV] Trade Summary (1000 trades):
    Wins: 440 | Losses: 560 | Win Rate: 44.0%
    Total PnL: $0.01 | Avg PnL/Trade: $0.0000
    Top 5 Trades:
      1. BNBUSDT  | Entry: $903.059998 → Exit: $906.729980 | Return:   0.41% | PnL: $  0.0014 | Reason: sell
      2. BNBUSDT  | Entry: $903.059998 → Exit: $905.969971 | Return:   0.32% | PnL: $  0.0012 | Reason: sell
      3. BNBUSDT  | Entry: $903.059998 → Exit: $906.460022 | Return:   0.38% | PnL: $  0.0011 | Reason: sell
      4. BNBUSDT  | Entry: $903.059998 → Exit: $906.890015 | Return:   0.42% | PnL: $  0.0010 | Reason: sell
      5. BNBUSDT  | Entry: $903.059998 → Exit: $906.479980 | Return:   0.38% | PnL: $  0.0010 | Reason: sell

Evaluation Results:
  Total Return: 0.02%
  Final Portfolio Value: $100.02
  Max Portfolio Value: $100.05
  Total Reward: 20102.81
  Steps: 4031
  Trades: 2041 | Win Rate: 62.4%
  Realized PnL: $0.03 | Unrealized: $-0.00

======================================================================
PHASE 3: Testing on test set
======================================================================

Evaluating...

  [TEST] Trade Summary (1000 trades):
    Wins: 469 | Losses: 531 | Win Rate: 46.9%
    Total PnL: $0.10 | Avg PnL/Trade: $0.0001
    Top 5 Trades:
      1. BNBUSDT  | Entry: $774.500000 → Exit: $781.380005 | Return:   0.89% | PnL: $  0.0558 | Reason: end_of_episode
      2. BNBUSDT  | Entry: $769.619995 → Exit: $773.479980 | Return:   0.50% | PnL: $  0.0031 | Reason: sell
      3. BNBUSDT  | Entry: $836.559998 → Exit: $849.229980 | Return:   1.51% | PnL: $  0.0030 | Reason: sell
      4. BNBUSDT  | Entry: $836.559998 → Exit: $844.890015 | Return:   1.00% | PnL: $  0.0027 | Reason: sell
      5. BNBUSDT  | Entry: $792.460022 → Exit: $795.409973 | Return:   0.37% | PnL: $  0.0026 | Reason: sell

Evaluation Results:
  Total Return: 0.10%
  Final Portfolio Value: $100.10
  Max Portfolio Value: $100.14
  Total Reward: 19895.68
  Steps: 4032
  Trades: 2043 | Win Rate: 44.6%
  Realized PnL: $0.11 | Unrealized: $-0.00

======================================================================
BACKTEST SUMMARY
======================================================================
Val Trades:  2041 | WR:  62.4% | Return:   0.02%
Test Trades: 2043 | WR:  44.6% | Return:   0.10%
======================================================================

