Loading 14 days of data...
✓ Loaded 60483 rows from 3 symbols

Fee regime: mexc_spot_mx | buy_fee=0.040% | sell_fee=0.040%
Using device: cpu

======================================================================
                 3-WAY BACKTEST (Train / Val / Test)                  
======================================================================
Train:  36288 rows ( 3 symbols) 1768694340000000 → 1769420040000000
Val:    12096 rows ( 3 symbols) 1769420100000000 → 1769661960000000
Test:   12099 rows ( 3 symbols) 1769662020000000 → 1769903940000000
======================================================================

Train env: 36288 rows, 3 symbols
Eval env: 12096 rows, 3 symbols
PHASE 1: Training on train set with val monitoring...
Using cpu device
Wrapping the env with a `Monitor` wrapper
Wrapping the env in a DummyVecEnv.
Created new PPO model (device=cpu)
  Hyperparameters:
    learning_rate=0.0002, batch_size=16
    n_steps=512, n_epochs=5
    policy_arch=[256, 128, 64]

Training for 50000 timesteps...
-----------------------------
| time/              |      |
|    fps             | 1487 |
|    iterations      | 1    |
|    time_elapsed    | 0    |
|    total_timesteps | 512  |
-----------------------------
-----------------------------------------
| time/                   |             |
|    fps                  | 731         |
|    iterations           | 2           |
|    time_elapsed         | 1           |
|    total_timesteps      | 1024        |
| train/                  |             |
|    approx_kl            | 0.008801673 |
|    clip_fraction        | 0.111       |
|    clip_range           | 0.2         |
|    entropy_loss         | -4.26       |
|    explained_variance   | -1.79e-06   |
|    learning_rate        | 0.0002      |
|    loss                 | 1.21e+03    |
|    n_updates            | 5           |
|    policy_gradient_loss | -0.00894    |
|    std                  | 1           |
|    value_loss           | 2.78e+03    |
-----------------------------------------
-----------------------------------------
| time/                   |             |
|    fps                  | 669         |
|    iterations           | 3           |
|    time_elapsed         | 2           |
|    total_timesteps      | 1536        |
| train/                  |             |
|    approx_kl            | 0.010899081 |
|    clip_fraction        | 0.116       |
|    clip_range           | 0.2         |
|    entropy_loss         | -4.26       |
|    explained_variance   | 2.5e-06     |
|    learning_rate        | 0.0002      |
|    loss                 | 1.28e+03    |
|    n_updates            | 10          |
|    policy_gradient_loss | -0.0096     |
|    std                  | 1           |
|    value_loss           | 2.76e+03    |
-----------------------------------------
-----------------------------------------
| time/                   |             |
|    fps                  | 727         |
|    iterations           | 4           |
|    time_elapsed         | 2           |
|    total_timesteps      | 2048        |
| train/                  |             |
|    approx_kl            | 0.010929087 |
|    clip_fraction        | 0.122       |
|    clip_range           | 0.2         |
|    entropy_loss         | -4.26       |
|    explained_variance   | -1.19e-07   |
|    learning_rate        | 0.0002      |
|    loss                 | 1.23e+03    |
|    n_updates            | 15          |
|    policy_gradient_loss | -0.0115     |
|    std                  | 1           |
|    value_loss           | 2.55e+03    |
-----------------------------------------
-----------------------------------------
| time/                   |             |
|    fps                  | 771         |
|    iterations           | 5           |
|    time_elapsed         | 3           |
|    total_timesteps      | 2560        |
| train/                  |             |
|    approx_kl            | 0.013744883 |
|    clip_fraction        | 0.164       |
|    clip_range           | 0.2         |
|    entropy_loss         | -4.27       |
|    explained_variance   | 1.19e-07    |
|    learning_rate        | 0.0002      |
|    loss                 | 1.07e+03    |
|    n_updates            | 20          |
|    policy_gradient_loss | -0.011      |
|    std                  | 1.01        |
|    value_loss           | 2.3e+03     |
-----------------------------------------
-----------------------------------------
| rollout/                |             |
|    ep_len_mean          | 2.62e+03    |
|    ep_rew_mean          | -8.47e+03   |
| time/                   |             |
|    fps                  | 800         |
|    iterations           | 6           |
|    time_elapsed         | 3           |
|    total_timesteps      | 3072        |
| train/                  |             |
|    approx_kl            | 0.011947718 |
|    clip_fraction        | 0.167       |
|    clip_range           | 0.2         |
|    entropy_loss         | -4.27       |
|    explained_variance   | -3.58e-07   |
|    learning_rate        | 0.0002      |
|    loss                 | 1.05e+03    |
|    n_updates            | 25          |
|    policy_gradient_loss | -0.0124     |
|    std                  | 1           |
|    value_loss           | 2.05e+03    |
-----------------------------------------
-----------------------------------------
| rollout/                |             |
|    ep_len_mean          | 2.62e+03    |
|    ep_rew_mean          | -8.47e+03   |
| time/                   |             |
|    fps                  | 819         |
|    iterations           | 7           |
|    time_elapsed         | 4           |
|    total_timesteps      | 3584        |
| train/                  |             |
|    approx_kl            | 0.008366929 |
|    clip_fraction        | 0.139       |
|    clip_range           | 0.2         |
|    entropy_loss         | -4.26       |
|    explained_variance   | -2.38e-07   |
|    learning_rate        | 0.0002      |
|    loss                 | 1.04e+03    |
|    n_updates            | 30          |
|    policy_gradient_loss | -0.0101     |
|    std                  | 1           |
|    value_loss           | 1.96e+03    |
-----------------------------------------
-----------------------------------------
| rollout/                |             |
|    ep_len_mean          | 2.62e+03    |
|    ep_rew_mean          | -8.47e+03   |
| time/                   |             |
|    fps                  | 776         |
|    iterations           | 8           |
|    time_elapsed         | 5           |
|    total_timesteps      | 4096        |
| train/                  |             |
|    approx_kl            | 0.008740613 |
|    clip_fraction        | 0.153       |
|    clip_range           | 0.2         |
|    entropy_loss         | -4.26       |
|    explained_variance   | 0           |
|    learning_rate        | 0.0002      |
|    loss                 | 687         |
|    n_updates            | 35          |
|    policy_gradient_loss | -0.0103     |
|    std                  | 0.997       |
|    value_loss           | 1.51e+03    |
-----------------------------------------
------------------------------------------
| rollout/                |              |
|    ep_len_mean          | 2.62e+03     |
|    ep_rew_mean          | -8.47e+03    |
| time/                   |              |
|    fps                  | 788          |
|    iterations           | 9            |
|    time_elapsed         | 5            |
|    total_timesteps      | 4608         |
| train/                  |              |
|    approx_kl            | 0.0077019394 |
|    clip_fraction        | 0.0809       |
|    clip_range           | 0.2          |
|    entropy_loss         | -4.25        |
|    explained_variance   | 1.79e-07     |
|    learning_rate        | 0.0002       |
|    loss                 | 909          |
|    n_updates            | 40           |
|    policy_gradient_loss | -0.00444     |
|    std                  | 0.996        |
|    value_loss           | 1.65e+03     |
------------------------------------------
-----------------------------------------
| rollout/                |             |
|    ep_len_mean          | 2.39e+03    |
|    ep_rew_mean          | -7.13e+03   |
| time/                   |             |
|    fps                  | 741         |
|    iterations           | 10          |
|    time_elapsed         | 6           |
|    total_timesteps      | 5120        |
| train/                  |             |
|    approx_kl            | 0.004522612 |
|    clip_fraction        | 0.111       |
|    clip_range           | 0.2         |
|    entropy_loss         | -4.24       |
|    explained_variance   | 1.19e-07    |
|    learning_rate        | 0.0002      |
|    loss                 | 663         |
|    n_updates            | 45          |
|    policy_gradient_loss | -0.00425    |
|    std                  | 0.994       |
|    value_loss           | 1.27e+03    |
-----------------------------------------
-----------------------------------------
| rollout/                |             |
|    ep_len_mean          | 2.39e+03    |
|    ep_rew_mean          | -7.13e+03   |
| time/                   |             |
|    fps                  | 758         |
|    iterations           | 11          |
|    time_elapsed         | 7           |
|    total_timesteps      | 5632        |
| train/                  |             |
|    approx_kl            | 0.007959385 |
|    clip_fraction        | 0.0879      |
|    clip_range           | 0.2         |
|    entropy_loss         | -4.23       |
|    explained_variance   | 0           |
|    learning_rate        | 0.0002      |
|    loss                 | 605         |
|    n_updates            | 50          |
|    policy_gradient_loss | -0.00531    |
|    std                  | 0.986       |
|    value_loss           | 1.27e+03    |
-----------------------------------------
------------------------------------------
| rollout/                |              |
|    ep_len_mean          | 2.39e+03     |
|    ep_rew_mean          | -7.13e+03    |
| time/                   |              |
|    fps                  | 775          |
|    iterations           | 12           |
|    time_elapsed         | 7            |
|    total_timesteps      | 6144         |
| train/                  |              |
|    approx_kl            | 0.0069556045 |
|    clip_fraction        | 0.0789       |
|    clip_range           | 0.2          |
|    entropy_loss         | -4.21        |
|    explained_variance   | 0            |
|    learning_rate        | 0.0002       |
|    loss                 | 607          |
|    n_updates            | 55           |
|    policy_gradient_loss | -0.003       |
|    std                  | 0.984        |
|    value_loss           | 1.25e+03     |
------------------------------------------
------------------------------------------
| rollout/                |              |
|    ep_len_mean          | 2.39e+03     |
|    ep_rew_mean          | -7.13e+03    |
| time/                   |              |
|    fps                  | 790          |
|    iterations           | 13           |
|    time_elapsed         | 8            |
|    total_timesteps      | 6656         |
| train/                  |              |
|    approx_kl            | 0.0077872598 |
|    clip_fraction        | 0.103        |
|    clip_range           | 0.2          |
|    entropy_loss         | -4.2         |
|    explained_variance   | 0            |
|    learning_rate        | 0.0002       |
|    loss                 | 593          |
|    n_updates            | 60           |
|    policy_gradient_loss | -0.00704     |
|    std                  | 0.978        |
|    value_loss           | 1.36e+03     |
------------------------------------------
-----------------------------------------
| rollout/                |             |
|    ep_len_mean          | 2.39e+03    |
|    ep_rew_mean          | -7.13e+03   |
| time/                   |             |
|    fps                  | 802         |
|    iterations           | 14          |
|    time_elapsed         | 8           |
|    total_timesteps      | 7168        |
| train/                  |             |
|    approx_kl            | 0.007522094 |
|    clip_fraction        | 0.0578      |
|    clip_range           | 0.2         |
|    entropy_loss         | -4.18       |
|    explained_variance   | 1.19e-07    |
|    learning_rate        | 0.0002      |
|    loss                 | 649         |
|    n_updates            | 65          |
|    policy_gradient_loss | -0.00372    |
|    std                  | 0.973       |
|    value_loss           | 1.29e+03    |
-----------------------------------------
-----------------------------------------
| rollout/                |             |
|    ep_len_mean          | 2.39e+03    |
|    ep_rew_mean          | -7.13e+03   |
| time/                   |             |
|    fps                  | 814         |
|    iterations           | 15          |
|    time_elapsed         | 9           |
|    total_timesteps      | 7680        |
| train/                  |             |
|    approx_kl            | 0.006013261 |
|    clip_fraction        | 0.073       |
|    clip_range           | 0.2         |
|    entropy_loss         | -4.18       |
|    explained_variance   | 0           |
|    learning_rate        | 0.0002      |
|    loss                 | 623         |
|    n_updates            | 70          |
|    policy_gradient_loss | -0.00204    |
|    std                  | 0.975       |
|    value_loss           | 1.34e+03    |
-----------------------------------------
------------------------------------------
| rollout/                |              |
|    ep_len_mean          | 2.6e+03      |
|    ep_rew_mean          | -7.3e+03     |
| time/                   |              |
|    fps                  | 792          |
|    iterations           | 16           |
|    time_elapsed         | 10           |
|    total_timesteps      | 8192         |
| train/                  |              |
|    approx_kl            | 0.0067115887 |
|    clip_fraction        | 0.0539       |
|    clip_range           | 0.2          |
|    entropy_loss         | -4.17        |
|    explained_variance   | 0            |
|    learning_rate        | 0.0002       |
|    loss                 | 614          |
|    n_updates            | 75           |
|    policy_gradient_loss | -0.00259     |
|    std                  | 0.972        |
|    value_loss           | 1.3e+03      |
------------------------------------------
-----------------------------------------
| rollout/                |             |
|    ep_len_mean          | 2.6e+03     |
|    ep_rew_mean          | -7.3e+03    |
| time/                   |             |
|    fps                  | 802         |
|    iterations           | 17          |
|    time_elapsed         | 10          |
|    total_timesteps      | 8704        |
| train/                  |             |
|    approx_kl            | 0.007995123 |
|    clip_fraction        | 0.102       |
|    clip_range           | 0.2         |
|    entropy_loss         | -4.16       |
|    explained_variance   | 5.96e-08    |
|    learning_rate        | 0.0002      |
|    loss                 | 534         |
|    n_updates            | 80          |
|    policy_gradient_loss | -0.00759    |
|    std                  | 0.968       |
|    value_loss           | 1.16e+03    |
-----------------------------------------
-----------------------------------------
| rollout/                |             |
|    ep_len_mean          | 2.6e+03     |
|    ep_rew_mean          | -7.3e+03    |
| time/                   |             |
|    fps                  | 810         |
|    iterations           | 18          |
|    time_elapsed         | 11          |
|    total_timesteps      | 9216        |
| train/                  |             |
|    approx_kl            | 0.009369433 |
|    clip_fraction        | 0.0914      |
|    clip_range           | 0.2         |
|    entropy_loss         | -4.16       |
|    explained_variance   | 0           |
|    learning_rate        | 0.0002      |
|    loss                 | 582         |
|    n_updates            | 85          |
|    policy_gradient_loss | -0.00735    |
|    std                  | 0.969       |
|    value_loss           | 1.35e+03    |
-----------------------------------------
------------------------------------------
| rollout/                |              |
|    ep_len_mean          | 2.33e+03     |
|    ep_rew_mean          | -6.48e+03    |
| time/                   |              |
|    fps                  | 818          |
|    iterations           | 19           |
|    time_elapsed         | 11           |
|    total_timesteps      | 9728         |
| train/                  |              |
|    approx_kl            | 0.0046649505 |
|    clip_fraction        | 0.0641       |
|    clip_range           | 0.2          |
|    entropy_loss         | -4.15        |
|    explained_variance   | 0            |
|    learning_rate        | 0.0002       |
|    loss                 | 551          |
|    n_updates            | 90           |
|    policy_gradient_loss | -0.00407     |
|    std                  | 0.965        |
|    value_loss           | 1.2e+03      |
------------------------------------------
-----------------------------------------
| rollout/                |             |
|    ep_len_mean          | 2.33e+03    |
|    ep_rew_mean          | -6.48e+03   |
| time/                   |             |
|    fps                  | 817         |
|    iterations           | 20          |
|    time_elapsed         | 12          |
|    total_timesteps      | 10240       |
| train/                  |             |
|    approx_kl            | 0.007195702 |
|    clip_fraction        | 0.159       |
|    clip_range           | 0.2         |
|    entropy_loss         | -4.14       |
|    explained_variance   | 0           |
|    learning_rate        | 0.0002      |
|    loss                 | 434         |
|    n_updates            | 95          |
|    policy_gradient_loss | -0.0118     |
|    std                  | 0.96        |
|    value_loss           | 1.11e+03    |
-----------------------------------------
-----------------------------------------
| rollout/                |             |
|    ep_len_mean          | 2.33e+03    |
|    ep_rew_mean          | -6.48e+03   |
| time/                   |             |
|    fps                  | 800         |
|    iterations           | 21          |
|    time_elapsed         | 13          |
|    total_timesteps      | 10752       |
| train/                  |             |
|    approx_kl            | 0.006481423 |
|    clip_fraction        | 0.098       |
|    clip_range           | 0.2         |
|    entropy_loss         | -4.13       |
|    explained_variance   | 0           |
|    learning_rate        | 0.0002      |
|    loss                 | 757         |
|    n_updates            | 100         |
|    policy_gradient_loss | -0.00246    |
|    std                  | 0.959       |
|    value_loss           | 1.48e+03    |
-----------------------------------------
-----------------------------------------
| rollout/                |             |
|    ep_len_mean          | 2.33e+03    |
|    ep_rew_mean          | -6.48e+03   |
| time/                   |             |
|    fps                  | 808         |
|    iterations           | 22          |
|    time_elapsed         | 13          |
|    total_timesteps      | 11264       |
| train/                  |             |
|    approx_kl            | 0.004897418 |
|    clip_fraction        | 0.048       |
|    clip_range           | 0.2         |
|    entropy_loss         | -4.13       |
|    explained_variance   | 1.19e-07    |
|    learning_rate        | 0.0002      |
|    loss                 | 590         |
|    n_updates            | 105         |
|    policy_gradient_loss | 0.000427    |
|    std                  | 0.96        |
|    value_loss           | 1.56e+03    |
-----------------------------------------
------------------------------------------
| rollout/                |              |
|    ep_len_mean          | 2.33e+03     |
|    ep_rew_mean          | -6.48e+03    |
| time/                   |              |
|    fps                  | 816          |
|    iterations           | 23           |
|    time_elapsed         | 14           |
|    total_timesteps      | 11776        |
| train/                  |              |
|    approx_kl            | 0.0059671747 |
|    clip_fraction        | 0.0734       |
|    clip_range           | 0.2          |
|    entropy_loss         | -4.12        |
|    explained_variance   | -1.19e-07    |
|    learning_rate        | 0.0002       |
|    loss                 | 820          |
|    n_updates            | 110          |
|    policy_gradient_loss | -0.00507     |
|    std                  | 0.954        |
|    value_loss           | 1.37e+03     |
------------------------------------------
------------------------------------------
| rollout/                |              |
|    ep_len_mean          | 2.33e+03     |
|    ep_rew_mean          | -6.48e+03    |
| time/                   |              |
|    fps                  | 823          |
|    iterations           | 24           |
|    time_elapsed         | 14           |
|    total_timesteps      | 12288        |
| train/                  |              |
|    approx_kl            | 0.0023163678 |
|    clip_fraction        | 0.0426       |
|    clip_range           | 0.2          |
|    entropy_loss         | -4.11        |
|    explained_variance   | 0            |
|    learning_rate        | 0.0002       |
|    loss                 | 517          |
|    n_updates            | 115          |
|    policy_gradient_loss | -0.00176     |
|    std                  | 0.955        |
|    value_loss           | 1.27e+03     |
------------------------------------------
------------------------------------------
| rollout/                |              |
|    ep_len_mean          | 2.52e+03     |
|    ep_rew_mean          | -6.95e+03    |
| time/                   |              |
|    fps                  | 826          |
|    iterations           | 25           |
|    time_elapsed         | 15           |
|    total_timesteps      | 12800        |
| train/                  |              |
|    approx_kl            | 0.0035532569 |
|    clip_fraction        | 0.0266       |
|    clip_range           | 0.2          |
|    entropy_loss         | -4.11        |
|    explained_variance   | 0            |
|    learning_rate        | 0.0002       |
|    loss                 | 579          |
|    n_updates            | 120          |
|    policy_gradient_loss | -0.00206     |
|    std                  | 0.953        |
|    value_loss           | 1.15e+03     |
------------------------------------------
------------------------------------------
| rollout/                |              |
|    ep_len_mean          | 2.52e+03     |
|    ep_rew_mean          | -6.95e+03    |
| time/                   |              |
|    fps                  | 807          |
|    iterations           | 26           |
|    time_elapsed         | 16           |
|    total_timesteps      | 13312        |
| train/                  |              |
|    approx_kl            | 0.0060494766 |
|    clip_fraction        | 0.052        |
|    clip_range           | 0.2          |
|    entropy_loss         | -4.1         |
|    explained_variance   | 1.19e-07     |
|    learning_rate        | 0.0002       |
|    loss                 | 384          |
|    n_updates            | 125          |
|    policy_gradient_loss | -0.000346    |
|    std                  | 0.95         |
|    value_loss           | 966          |
------------------------------------------
------------------------------------------
| rollout/                |              |
|    ep_len_mean          | 2.52e+03     |
|    ep_rew_mean          | -6.95e+03    |
| time/                   |              |
|    fps                  | 813          |
|    iterations           | 27           |
|    time_elapsed         | 17           |
|    total_timesteps      | 13824        |
| train/                  |              |
|    approx_kl            | 0.0061709983 |
|    clip_fraction        | 0.0688       |
|    clip_range           | 0.2          |
|    entropy_loss         | -4.08        |
|    explained_variance   | -1.19e-07    |
|    learning_rate        | 0.0002       |
|    loss                 | 380          |
|    n_updates            | 130          |
|    policy_gradient_loss | -0.0046      |
|    std                  | 0.945        |
|    value_loss           | 1.16e+03     |
------------------------------------------
----------------------------------------
| rollout/                |            |
|    ep_len_mean          | 2.52e+03   |
|    ep_rew_mean          | -6.95e+03  |
| time/                   |            |
|    fps                  | 818        |
|    iterations           | 28         |
|    time_elapsed         | 17         |
|    total_timesteps      | 14336      |
| train/                  |            |
|    approx_kl            | 0.01173409 |
|    clip_fraction        | 0.0949     |
|    clip_range           | 0.2        |
|    entropy_loss         | -4.08      |
|    explained_variance   | -1.19e-07  |
|    learning_rate        | 0.0002     |
|    loss                 | 591        |
|    n_updates            | 135        |
|    policy_gradient_loss | -0.0045    |
|    std                  | 0.947      |
|    value_loss           | 1.13e+03   |
----------------------------------------
------------------------------------------
| rollout/                |              |
|    ep_len_mean          | 2.52e+03     |
|    ep_rew_mean          | -6.95e+03    |
| time/                   |              |
|    fps                  | 820          |
|    iterations           | 29           |
|    time_elapsed         | 18           |
|    total_timesteps      | 14848        |
| train/                  |              |
|    approx_kl            | 0.0071682595 |
|    clip_fraction        | 0.0988       |
|    clip_range           | 0.2          |
|    entropy_loss         | -4.08        |
|    explained_variance   | 0            |
|    learning_rate        | 0.0002       |
|    loss                 | 426          |
|    n_updates            | 140          |
|    policy_gradient_loss | -0.00889     |
|    std                  | 0.945        |
|    value_loss           | 910          |
------------------------------------------
-----------------------------------------
| rollout/                |             |
|    ep_len_mean          | 2.48e+03    |
|    ep_rew_mean          | -6.77e+03   |
| time/                   |             |
|    fps                  | 800         |
|    iterations           | 30          |
|    time_elapsed         | 19          |
|    total_timesteps      | 15360       |
| train/                  |             |
|    approx_kl            | 0.008423251 |
|    clip_fraction        | 0.108       |
|    clip_range           | 0.2         |
|    entropy_loss         | -4.07       |
|    explained_variance   | 0           |
|    learning_rate        | 0.0002      |
|    loss                 | 329         |
|    n_updates            | 145         |
|    policy_gradient_loss | -0.00818    |
|    std                  | 0.94        |
|    value_loss           | 779         |
-----------------------------------------
------------------------------------------
| rollout/                |              |
|    ep_len_mean          | 2.48e+03     |
|    ep_rew_mean          | -6.77e+03    |
| time/                   |              |
|    fps                  | 785          |
|    iterations           | 31           |
|    time_elapsed         | 20           |
|    total_timesteps      | 15872        |
| train/                  |              |
|    approx_kl            | 0.0067097736 |
|    clip_fraction        | 0.0895       |
|    clip_range           | 0.2          |
|    entropy_loss         | -4.06        |
|    explained_variance   | 5.96e-08     |
|    learning_rate        | 0.0002       |
|    loss                 | 438          |
|    n_updates            | 150          |
|    policy_gradient_loss | -0.00118     |
|    std                  | 0.944        |
|    value_loss           | 857          |
------------------------------------------
------------------------------------------
| rollout/                |              |
|    ep_len_mean          | 2.48e+03     |
|    ep_rew_mean          | -6.77e+03    |
| time/                   |              |
|    fps                  | 790          |
|    iterations           | 32           |
|    time_elapsed         | 20           |
|    total_timesteps      | 16384        |
| train/                  |              |
|    approx_kl            | 0.0075140093 |
|    clip_fraction        | 0.136        |
|    clip_range           | 0.2          |
|    entropy_loss         | -4.06        |
|    explained_variance   | 0            |
|    learning_rate        | 0.0002       |
|    loss                 | 404          |
|    n_updates            | 155          |
|    policy_gradient_loss | -0.0113      |
|    std                  | 0.942        |
|    value_loss           | 802          |
------------------------------------------
------------------------------------------
| rollout/                |              |
|    ep_len_mean          | 2.48e+03     |
|    ep_rew_mean          | -6.77e+03    |
| time/                   |              |
|    fps                  | 795          |
|    iterations           | 33           |
|    time_elapsed         | 21           |
|    total_timesteps      | 16896        |
| train/                  |              |
|    approx_kl            | 0.0019504807 |
|    clip_fraction        | 0.0145       |
|    clip_range           | 0.2          |
|    entropy_loss         | -4.06        |
|    explained_variance   | -1.19e-07    |
|    learning_rate        | 0.0002       |
|    loss                 | 309          |
|    n_updates            | 160          |
|    policy_gradient_loss | 0.000607     |
|    std                  | 0.941        |
|    value_loss           | 786          |
------------------------------------------
------------------------------------------
| rollout/                |              |
|    ep_len_mean          | 2.48e+03     |
|    ep_rew_mean          | -6.77e+03    |
| time/                   |              |
|    fps                  | 800          |
|    iterations           | 34           |
|    time_elapsed         | 21           |
|    total_timesteps      | 17408        |
| train/                  |              |
|    approx_kl            | 0.0071539916 |
|    clip_fraction        | 0.0957       |
|    clip_range           | 0.2          |
|    entropy_loss         | -4.04        |
|    explained_variance   | 1.19e-07     |
|    learning_rate        | 0.0002       |
|    loss                 | 354          |
|    n_updates            | 165          |
|    policy_gradient_loss | -0.00856     |
|    std                  | 0.936        |
|    value_loss           | 718          |
------------------------------------------
-----------------------------------------
| rollout/                |             |
|    ep_len_mean          | 2.48e+03    |
|    ep_rew_mean          | -6.77e+03   |
| time/                   |             |
|    fps                  | 803         |
|    iterations           | 35          |
|    time_elapsed         | 22          |
|    total_timesteps      | 17920       |
| train/                  |             |
|    approx_kl            | 0.009393748 |
|    clip_fraction        | 0.11        |
|    clip_range           | 0.2         |
|    entropy_loss         | -4.02       |
|    explained_variance   | -1.19e-07   |
|    learning_rate        | 0.0002      |
|    loss                 | 370         |
|    n_updates            | 170         |
|    policy_gradient_loss | -0.012      |
|    std                  | 0.927       |
|    value_loss           | 781         |
-----------------------------------------
------------------------------------------
| rollout/                |              |
|    ep_len_mean          | 2.48e+03     |
|    ep_rew_mean          | -6.77e+03    |
| time/                   |              |
|    fps                  | 808          |
|    iterations           | 36           |
|    time_elapsed         | 22           |
|    total_timesteps      | 18432        |
| train/                  |              |
|    approx_kl            | 0.0037574633 |
|    clip_fraction        | 0.0281       |
|    clip_range           | 0.2          |
|    entropy_loss         | -3.98        |
|    explained_variance   | 0            |
|    learning_rate        | 0.0002       |
|    loss                 | 311          |
|    n_updates            | 175          |
|    policy_gradient_loss | -0.00285     |
|    std                  | 0.916        |
|    value_loss           | 616          |
------------------------------------------
-----------------------------------------
| rollout/                |             |
|    ep_len_mean          | 2.64e+03    |
|    ep_rew_mean          | -7.02e+03   |
| time/                   |             |
|    fps                  | 812         |
|    iterations           | 37          |
|    time_elapsed         | 23          |
|    total_timesteps      | 18944       |
| train/                  |             |
|    approx_kl            | 0.004843368 |
|    clip_fraction        | 0.0527      |
|    clip_range           | 0.2         |
|    entropy_loss         | -3.96       |
|    explained_variance   | 0           |
|    learning_rate        | 0.0002      |
|    loss                 | 251         |
|    n_updates            | 180         |
|    policy_gradient_loss | -0.0013     |
|    std                  | 0.914       |
|    value_loss           | 620         |
-----------------------------------------
----------------------------------------
| rollout/                |            |
|    ep_len_mean          | 2.64e+03   |
|    ep_rew_mean          | -7.02e+03  |
| time/                   |            |
|    fps                  | 799        |
|    iterations           | 38         |
|    time_elapsed         | 24         |
|    total_timesteps      | 19456      |
| train/                  |            |
|    approx_kl            | 0.00875132 |
|    clip_fraction        | 0.113      |
|    clip_range           | 0.2        |
|    entropy_loss         | -3.96      |
|    explained_variance   | 0          |
|    learning_rate        | 0.0002     |
|    loss                 | 537        |
|    n_updates            | 185        |
|    policy_gradient_loss | -0.00502   |
|    std                  | 0.914      |
|    value_loss           | 861        |
----------------------------------------
-----------------------------------------
| rollout/                |             |
|    ep_len_mean          | 2.64e+03    |
|    ep_rew_mean          | -7.02e+03   |
| time/                   |             |
|    fps                  | 791         |
|    iterations           | 39          |
|    time_elapsed         | 25          |
|    total_timesteps      | 19968       |
| train/                  |             |
|    approx_kl            | 0.003937056 |
|    clip_fraction        | 0.0648      |
|    clip_range           | 0.2         |
|    entropy_loss         | -3.95       |
|    explained_variance   | 0           |
|    learning_rate        | 0.0002      |
|    loss                 | 321         |
|    n_updates            | 190         |
|    policy_gradient_loss | -0.00289    |
|    std                  | 0.911       |
|    value_loss           | 684         |
-----------------------------------------
------------------------------------------
| rollout/                |              |
|    ep_len_mean          | 2.64e+03     |
|    ep_rew_mean          | -7.02e+03    |
| time/                   |              |
|    fps                  | 784          |
|    iterations           | 40           |
|    time_elapsed         | 26           |
|    total_timesteps      | 20480        |
| train/                  |              |
|    approx_kl            | 0.0068937936 |
|    clip_fraction        | 0.0723       |
|    clip_range           | 0.2          |
|    entropy_loss         | -3.94        |
|    explained_variance   | 0            |
|    learning_rate        | 0.0002       |
|    loss                 | 287          |
|    n_updates            | 195          |
|    policy_gradient_loss | -0.00354     |
|    std                  | 0.909        |
|    value_loss           | 600          |
------------------------------------------
-----------------------------------------
| rollout/                |             |
|    ep_len_mean          | 2.64e+03    |
|    ep_rew_mean          | -7.02e+03   |
| time/                   |             |
|    fps                  | 770         |
|    iterations           | 41          |
|    time_elapsed         | 27          |
|    total_timesteps      | 20992       |
| train/                  |             |
|    approx_kl            | 0.008352893 |
|    clip_fraction        | 0.0754      |
|    clip_range           | 0.2         |
|    entropy_loss         | -3.93       |
|    explained_variance   | 0           |
|    learning_rate        | 0.0002      |
|    loss                 | 263         |
|    n_updates            | 200         |
|    policy_gradient_loss | -0.00561    |
|    std                  | 0.906       |
|    value_loss           | 619         |
-----------------------------------------
------------------------------------------
| rollout/                |              |
|    ep_len_mean          | 2.64e+03     |
|    ep_rew_mean          | -7.02e+03    |
| time/                   |              |
|    fps                  | 761          |
|    iterations           | 42           |
|    time_elapsed         | 28           |
|    total_timesteps      | 21504        |
| train/                  |              |
|    approx_kl            | 0.0037831755 |
|    clip_fraction        | 0.0309       |
|    clip_range           | 0.2          |
|    entropy_loss         | -3.91        |
|    explained_variance   | 1.19e-07     |
|    learning_rate        | 0.0002       |
|    loss                 | 273          |
|    n_updates            | 205          |
|    policy_gradient_loss | -6.83e-05    |
|    std                  | 0.899        |
|    value_loss           | 538          |
------------------------------------------
------------------------------------------
| rollout/                |              |
|    ep_len_mean          | 2.7e+03      |
|    ep_rew_mean          | -7.09e+03    |
| time/                   |              |
|    fps                  | 762          |
|    iterations           | 43           |
|    time_elapsed         | 28           |
|    total_timesteps      | 22016        |
| train/                  |              |
|    approx_kl            | 0.0073206364 |
|    clip_fraction        | 0.041        |
|    clip_range           | 0.2          |
|    entropy_loss         | -3.89        |
|    explained_variance   | -1.19e-07    |
|    learning_rate        | 0.0002       |
|    loss                 | 259          |
|    n_updates            | 210          |
|    policy_gradient_loss | -0.00283     |
|    std                  | 0.898        |
|    value_loss           | 512          |
------------------------------------------
-----------------------------------------
| rollout/                |             |
|    ep_len_mean          | 2.7e+03     |
|    ep_rew_mean          | -7.09e+03   |
| time/                   |             |
|    fps                  | 754         |
|    iterations           | 44          |
|    time_elapsed         | 29          |
|    total_timesteps      | 22528       |
| train/                  |             |
|    approx_kl            | 0.010124135 |
|    clip_fraction        | 0.0902      |
|    clip_range           | 0.2         |
|    entropy_loss         | -3.87       |
|    explained_variance   | 0           |
|    learning_rate        | 0.0002      |
|    loss                 | 152         |
|    n_updates            | 215         |
|    policy_gradient_loss | -0.00169    |
|    std                  | 0.886       |
|    value_loss           | 577         |
-----------------------------------------
-----------------------------------------
| rollout/                |             |
|    ep_len_mean          | 2.7e+03     |
|    ep_rew_mean          | -7.09e+03   |
| time/                   |             |
|    fps                  | 746         |
|    iterations           | 45          |
|    time_elapsed         | 30          |
|    total_timesteps      | 23040       |
| train/                  |             |
|    approx_kl            | 0.012162253 |
|    clip_fraction        | 0.151       |
|    clip_range           | 0.2         |
|    entropy_loss         | -3.84       |
|    explained_variance   | 0           |
|    learning_rate        | 0.0002      |
|    loss                 | 254         |
|    n_updates            | 220         |
|    policy_gradient_loss | -0.0107     |
|    std                  | 0.885       |
|    value_loss           | 446         |
-----------------------------------------
-----------------------------------------
| rollout/                |             |
|    ep_len_mean          | 2.7e+03     |
|    ep_rew_mean          | -7.09e+03   |
| time/                   |             |
|    fps                  | 749         |
|    iterations           | 46          |
|    time_elapsed         | 31          |
|    total_timesteps      | 23552       |
| train/                  |             |
|    approx_kl            | 0.008415619 |
|    clip_fraction        | 0.0637      |
|    clip_range           | 0.2         |
|    entropy_loss         | -3.83       |
|    explained_variance   | 0           |
|    learning_rate        | 0.0002      |
|    loss                 | 186         |
|    n_updates            | 225         |
|    policy_gradient_loss | -0.00235    |
|    std                  | 0.881       |
|    value_loss           | 510         |
-----------------------------------------
----------------------------------------
| rollout/                |            |
|    ep_len_mean          | 2.7e+03    |
|    ep_rew_mean          | -7.09e+03  |
| time/                   |            |
|    fps                  | 751        |
|    iterations           | 47         |
|    time_elapsed         | 32         |
|    total_timesteps      | 24064      |
| train/                  |            |
|    approx_kl            | 0.00725043 |
|    clip_fraction        | 0.0406     |
|    clip_range           | 0.2        |
|    entropy_loss         | -3.82      |
|    explained_variance   | 0          |
|    learning_rate        | 0.0002     |
|    loss                 | 192        |
|    n_updates            | 230        |
|    policy_gradient_loss | -0.00197   |
|    std                  | 0.881      |
|    value_loss           | 420        |
----------------------------------------
-----------------------------------------
| rollout/                |             |
|    ep_len_mean          | 2.73e+03    |
|    ep_rew_mean          | -7.03e+03   |
| time/                   |             |
|    fps                  | 743         |
|    iterations           | 48          |
|    time_elapsed         | 33          |
|    total_timesteps      | 24576       |
| train/                  |             |
|    approx_kl            | 0.004488885 |
|    clip_fraction        | 0.0512      |
|    clip_range           | 0.2         |
|    entropy_loss         | -3.82       |
|    explained_variance   | 0           |
|    learning_rate        | 0.0002      |
|    loss                 | 164         |
|    n_updates            | 235         |
|    policy_gradient_loss | -0.00236    |
|    std                  | 0.882       |
|    value_loss           | 356         |
-----------------------------------------
Eval num_timesteps=25000, episode_reward=-7330.51 +/- 0.00
Episode length: 4031.00 +/- 0.00
-----------------------------------------
| eval/                   |             |
|    mean_ep_length       | 4.03e+03    |
|    mean_reward          | -7.33e+03   |
| time/                   |             |
|    total_timesteps      | 25000       |
| train/                  |             |
|    approx_kl            | 0.019137759 |
|    clip_fraction        | 0.136       |
|    clip_range           | 0.2         |
|    entropy_loss         | -3.8        |
|    explained_variance   | 0           |
|    learning_rate        | 0.0002      |
|    loss                 | 225         |
|    n_updates            | 240         |
|    policy_gradient_loss | -0.00785    |
|    std                  | 0.87        |
|    value_loss           | 465         |
-----------------------------------------
New best mean reward!
----------------------------------
| rollout/           |           |
|    ep_len_mean     | 2.73e+03  |
|    ep_rew_mean     | -7.03e+03 |
| time/              |           |
|    fps             | 720       |
|    iterations      | 49        |
|    time_elapsed    | 34        |
|    total_timesteps | 25088     |
----------------------------------
------------------------------------------
| rollout/                |              |
|    ep_len_mean          | 2.73e+03     |
|    ep_rew_mean          | -7.03e+03    |
| time/                   |              |
|    fps                  | 724          |
|    iterations           | 50           |
|    time_elapsed         | 35           |
|    total_timesteps      | 25600        |
| train/                  |              |
|    approx_kl            | 0.0044285525 |
|    clip_fraction        | 0.132        |
|    clip_range           | 0.2          |
|    entropy_loss         | -3.78        |
|    explained_variance   | 5.96e-08     |
|    learning_rate        | 0.0002       |
|    loss                 | 140          |
|    n_updates            | 245          |
|    policy_gradient_loss | -0.00741     |
|    std                  | 0.869        |
|    value_loss           | 404          |
------------------------------------------
------------------------------------------
| rollout/                |              |
|    ep_len_mean          | 2.73e+03     |
|    ep_rew_mean          | -7.03e+03    |
| time/                   |              |
|    fps                  | 728          |
|    iterations           | 51           |
|    time_elapsed         | 35           |
|    total_timesteps      | 26112        |
| train/                  |              |
|    approx_kl            | 0.0100885015 |
|    clip_fraction        | 0.125        |
|    clip_range           | 0.2          |
|    entropy_loss         | -3.76        |
|    explained_variance   | 0            |
|    learning_rate        | 0.0002       |
|    loss                 | 124          |
|    n_updates            | 250          |
|    policy_gradient_loss | -0.00909     |
|    std                  | 0.862        |
|    value_loss           | 346          |
------------------------------------------
-----------------------------------------
| rollout/                |             |
|    ep_len_mean          | 2.73e+03    |
|    ep_rew_mean          | -7.03e+03   |
| time/                   |             |
|    fps                  | 732         |
|    iterations           | 52          |
|    time_elapsed         | 36          |
|    total_timesteps      | 26624       |
| train/                  |             |
|    approx_kl            | 0.004466884 |
|    clip_fraction        | 0.0676      |
|    clip_range           | 0.2         |
|    entropy_loss         | -3.74       |
|    explained_variance   | 0           |
|    learning_rate        | 0.0002      |
|    loss                 | 190         |
|    n_updates            | 255         |
|    policy_gradient_loss | -0.00333    |
|    std                  | 0.859       |
|    value_loss           | 381         |
-----------------------------------------
----------------------------------------
| rollout/                |            |
|    ep_len_mean          | 2.73e+03   |
|    ep_rew_mean          | -7.03e+03  |
| time/                   |            |
|    fps                  | 734        |
|    iterations           | 53         |
|    time_elapsed         | 36         |
|    total_timesteps      | 27136      |
| train/                  |            |
|    approx_kl            | 0.00871845 |
|    clip_fraction        | 0.103      |
|    clip_range           | 0.2        |
|    entropy_loss         | -3.73      |
|    explained_variance   | 0          |
|    learning_rate        | 0.0002     |
|    loss                 | 105        |
|    n_updates            | 260        |
|    policy_gradient_loss | -0.0046    |
|    std                  | 0.859      |
|    value_loss           | 344        |
----------------------------------------
-----------------------------------------
| rollout/                |             |
|    ep_len_mean          | 2.73e+03    |
|    ep_rew_mean          | -7.03e+03   |
| time/                   |             |
|    fps                  | 728         |
|    iterations           | 54          |
|    time_elapsed         | 37          |
|    total_timesteps      | 27648       |
| train/                  |             |
|    approx_kl            | 0.005178206 |
|    clip_fraction        | 0.034       |
|    clip_range           | 0.2         |
|    entropy_loss         | -3.72       |
|    explained_variance   | 1.19e-07    |
|    learning_rate        | 0.0002      |
|    loss                 | 164         |
|    n_updates            | 265         |
|    policy_gradient_loss | 0.00127     |
|    std                  | 0.854       |
|    value_loss           | 342         |
-----------------------------------------
-----------------------------------------
| rollout/                |             |
|    ep_len_mean          | 2.81e+03    |
|    ep_rew_mean          | -7.12e+03   |
| time/                   |             |
|    fps                  | 721         |
|    iterations           | 55          |
|    time_elapsed         | 39          |
|    total_timesteps      | 28160       |
| train/                  |             |
|    approx_kl            | 0.005787187 |
|    clip_fraction        | 0.0875      |
|    clip_range           | 0.2         |
|    entropy_loss         | -3.7        |
|    explained_variance   | 0           |
|    learning_rate        | 0.0002      |
|    loss                 | 164         |
|    n_updates            | 270         |
|    policy_gradient_loss | -0.00651    |
|    std                  | 0.85        |
|    value_loss           | 374         |
-----------------------------------------
------------------------------------------
| rollout/                |              |
|    ep_len_mean          | 2.81e+03     |
|    ep_rew_mean          | -7.12e+03    |
| time/                   |              |
|    fps                  | 715          |
|    iterations           | 56           |
|    time_elapsed         | 40           |
|    total_timesteps      | 28672        |
| train/                  |              |
|    approx_kl            | 0.0069897864 |
|    clip_fraction        | 0.217        |
|    clip_range           | 0.2          |
|    entropy_loss         | -3.69        |
|    explained_variance   | 0            |
|    learning_rate        | 0.0002       |
|    loss                 | 79.6         |
|    n_updates            | 275          |
|    policy_gradient_loss | 0.0119       |
|    std                  | 0.847        |
|    value_loss           | 384          |
------------------------------------------
-----------------------------------------
| rollout/                |             |
|    ep_len_mean          | 2.81e+03    |
|    ep_rew_mean          | -7.12e+03   |
| time/                   |             |
|    fps                  | 706         |
|    iterations           | 57          |
|    time_elapsed         | 41          |
|    total_timesteps      | 29184       |
| train/                  |             |
|    approx_kl            | 0.005047795 |
|    clip_fraction        | 0.0246      |
|    clip_range           | 0.2         |
|    entropy_loss         | -3.68       |
|    explained_variance   | 0           |
|    learning_rate        | 0.0002      |
|    loss                 | 124         |
|    n_updates            | 280         |
|    policy_gradient_loss | -0.000611   |
|    std                  | 0.844       |
|    value_loss           | 329         |
-----------------------------------------
------------------------------------------
| rollout/                |              |
|    ep_len_mean          | 2.66e+03     |
|    ep_rew_mean          | -6.72e+03    |
| time/                   |              |
|    fps                  | 687          |
|    iterations           | 58           |
|    time_elapsed         | 43           |
|    total_timesteps      | 29696        |
| train/                  |              |
|    approx_kl            | 0.0031147255 |
|    clip_fraction        | 0.0426       |
|    clip_range           | 0.2          |
|    entropy_loss         | -3.67        |
|    explained_variance   | 0            |
|    learning_rate        | 0.0002       |
|    loss                 | 143          |
|    n_updates            | 285          |
|    policy_gradient_loss | -0.00465     |
|    std                  | 0.841        |
|    value_loss           | 266          |
------------------------------------------
-----------------------------------------
| rollout/                |             |
|    ep_len_mean          | 2.66e+03    |
|    ep_rew_mean          | -6.72e+03   |
| time/                   |             |
|    fps                  | 680         |
|    iterations           | 59          |
|    time_elapsed         | 44          |
|    total_timesteps      | 30208       |
| train/                  |             |
|    approx_kl            | 0.005407622 |
|    clip_fraction        | 0.139       |
|    clip_range           | 0.2         |
|    entropy_loss         | -3.67       |
|    explained_variance   | 0           |
|    learning_rate        | 0.0002      |
|    loss                 | 646         |
|    n_updates            | 290         |
|    policy_gradient_loss | -0.000544   |
|    std                  | 0.843       |
|    value_loss           | 441         |
-----------------------------------------
------------------------------------------
| rollout/                |              |
|    ep_len_mean          | 2.66e+03     |
|    ep_rew_mean          | -6.72e+03    |
| time/                   |              |
|    fps                  | 665          |
|    iterations           | 60           |
|    time_elapsed         | 46           |
|    total_timesteps      | 30720        |
| train/                  |              |
|    approx_kl            | 0.0057714144 |
|    clip_fraction        | 0.0836       |
|    clip_range           | 0.2          |
|    entropy_loss         | -3.67        |
|    explained_variance   | 0            |
|    learning_rate        | 0.0002       |
|    loss                 | 258          |
|    n_updates            | 295          |
|    policy_gradient_loss | -0.00137     |
|    std                  | 0.842        |
|    value_loss           | 438          |
------------------------------------------
------------------------------------------
| rollout/                |              |
|    ep_len_mean          | 2.59e+03     |
|    ep_rew_mean          | -6.49e+03    |
| time/                   |              |
|    fps                  | 661          |
|    iterations           | 61           |
|    time_elapsed         | 47           |
|    total_timesteps      | 31232        |
| train/                  |              |
|    approx_kl            | 0.0044240844 |
|    clip_fraction        | 0.0344       |
|    clip_range           | 0.2          |
|    entropy_loss         | -3.67        |
|    explained_variance   | 0            |
|    learning_rate        | 0.0002       |
|    loss                 | 214          |
|    n_updates            | 300          |
|    policy_gradient_loss | -0.00442     |
|    std                  | 0.842        |
|    value_loss           | 294          |
------------------------------------------
-----------------------------------------
| rollout/                |             |
|    ep_len_mean          | 2.59e+03    |
|    ep_rew_mean          | -6.49e+03   |
| time/                   |             |
|    fps                  | 656         |
|    iterations           | 62          |
|    time_elapsed         | 48          |
|    total_timesteps      | 31744       |
| train/                  |             |
|    approx_kl            | 0.022972554 |
|    clip_fraction        | 0.209       |
|    clip_range           | 0.2         |
|    entropy_loss         | -3.67       |
|    explained_variance   | 5.96e-08    |
|    learning_rate        | 0.0002      |
|    loss                 | 155         |
|    n_updates            | 305         |
|    policy_gradient_loss | 0.0104      |
|    std                  | 0.847       |
|    value_loss           | 431         |
-----------------------------------------
-----------------------------------------
| rollout/                |             |
|    ep_len_mean          | 2.59e+03    |
|    ep_rew_mean          | -6.49e+03   |
| time/                   |             |
|    fps                  | 643         |
|    iterations           | 63          |
|    time_elapsed         | 50          |
|    total_timesteps      | 32256       |
| train/                  |             |
|    approx_kl            | 0.004433389 |
|    clip_fraction        | 0.0949      |
|    clip_range           | 0.2         |
|    entropy_loss         | -3.67       |
|    explained_variance   | -1.19e-07   |
|    learning_rate        | 0.0002      |
|    loss                 | 183         |
|    n_updates            | 310         |
|    policy_gradient_loss | -0.00287    |
|    std                  | 0.845       |
|    value_loss           | 265         |
-----------------------------------------
-----------------------------------------
| rollout/                |             |
|    ep_len_mean          | 2.59e+03    |
|    ep_rew_mean          | -6.49e+03   |
| time/                   |             |
|    fps                  | 639         |
|    iterations           | 64          |
|    time_elapsed         | 51          |
|    total_timesteps      | 32768       |
| train/                  |             |
|    approx_kl            | 0.008421458 |
|    clip_fraction        | 0.0563      |
|    clip_range           | 0.2         |
|    entropy_loss         | -3.67       |
|    explained_variance   | -1.19e-07   |
|    learning_rate        | 0.0002      |
|    loss                 | 96.5        |
|    n_updates            | 315         |
|    policy_gradient_loss | -0.00595    |
|    std                  | 0.844       |
|    value_loss           | 255         |
-----------------------------------------
------------------------------------------
| rollout/                |              |
|    ep_len_mean          | 2.59e+03     |
|    ep_rew_mean          | -6.49e+03    |
| time/                   |              |
|    fps                  | 636          |
|    iterations           | 65           |
|    time_elapsed         | 52           |
|    total_timesteps      | 33280        |
| train/                  |              |
|    approx_kl            | 0.0050195744 |
|    clip_fraction        | 0.0426       |
|    clip_range           | 0.2          |
|    entropy_loss         | -3.66        |
|    explained_variance   | 0            |
|    learning_rate        | 0.0002       |
|    loss                 | 54.7         |
|    n_updates            | 320          |
|    policy_gradient_loss | -0.00218     |
|    std                  | 0.844        |
|    value_loss           | 158          |
------------------------------------------
------------------------------------------
| rollout/                |              |
|    ep_len_mean          | 2.59e+03     |
|    ep_rew_mean          | -6.41e+03    |
| time/                   |              |
|    fps                  | 634          |
|    iterations           | 66           |
|    time_elapsed         | 53           |
|    total_timesteps      | 33792        |
| train/                  |              |
|    approx_kl            | 0.0034166574 |
|    clip_fraction        | 0.0371       |
|    clip_range           | 0.2          |
|    entropy_loss         | -3.66        |
|    explained_variance   | 0            |
|    learning_rate        | 0.0002       |
|    loss                 | 121          |
|    n_updates            | 325          |
|    policy_gradient_loss | -0.00291     |
|    std                  | 0.843        |
|    value_loss           | 186          |
------------------------------------------
-----------------------------------------
| rollout/                |             |
|    ep_len_mean          | 2.59e+03    |
|    ep_rew_mean          | -6.41e+03   |
| time/                   |             |
|    fps                  | 630         |
|    iterations           | 67          |
|    time_elapsed         | 54          |
|    total_timesteps      | 34304       |
| train/                  |             |
|    approx_kl            | 0.024972733 |
|    clip_fraction        | 0.205       |
|    clip_range           | 0.2         |
|    entropy_loss         | -3.64       |
|    explained_variance   | 0           |
|    learning_rate        | 0.0002      |
|    loss                 | 34.9        |
|    n_updates            | 330         |
|    policy_gradient_loss | 0.00484     |
|    std                  | 0.836       |
|    value_loss           | 444         |
-----------------------------------------
-----------------------------------------
| rollout/                |             |
|    ep_len_mean          | 2.59e+03    |
|    ep_rew_mean          | -6.41e+03   |
| time/                   |             |
|    fps                  | 628         |
|    iterations           | 68          |
|    time_elapsed         | 55          |
|    total_timesteps      | 34816       |
| train/                  |             |
|    approx_kl            | 0.010516423 |
|    clip_fraction        | 0.107       |
|    clip_range           | 0.2         |
|    entropy_loss         | -3.63       |
|    explained_variance   | 0           |
|    learning_rate        | 0.0002      |
|    loss                 | 60.3        |
|    n_updates            | 335         |
|    policy_gradient_loss | -0.00591    |
|    std                  | 0.837       |
|    value_loss           | 175         |
-----------------------------------------
------------------------------------------
| rollout/                |              |
|    ep_len_mean          | 2.52e+03     |
|    ep_rew_mean          | -6.2e+03     |
| time/                   |              |
|    fps                  | 618          |
|    iterations           | 69           |
|    time_elapsed         | 57           |
|    total_timesteps      | 35328        |
| train/                  |              |
|    approx_kl            | 0.0054460997 |
|    clip_fraction        | 0.0488       |
|    clip_range           | 0.2          |
|    entropy_loss         | -3.62        |
|    explained_variance   | 0            |
|    learning_rate        | 0.0002       |
|    loss                 | 64.8         |
|    n_updates            | 340          |
|    policy_gradient_loss | -0.00301     |
|    std                  | 0.836        |
|    value_loss           | 114          |
------------------------------------------
-----------------------------------------
| rollout/                |             |
|    ep_len_mean          | 2.52e+03    |
|    ep_rew_mean          | -6.2e+03    |
| time/                   |             |
|    fps                  | 616         |
|    iterations           | 70          |
|    time_elapsed         | 58          |
|    total_timesteps      | 35840       |
| train/                  |             |
|    approx_kl            | 0.010061658 |
|    clip_fraction        | 0.16        |
|    clip_range           | 0.2         |
|    entropy_loss         | -3.61       |
|    explained_variance   | 0           |
|    learning_rate        | 0.0002      |
|    loss                 | 101         |
|    n_updates            | 345         |
|    policy_gradient_loss | 0.000753    |
|    std                  | 0.829       |
|    value_loss           | 435         |
-----------------------------------------
--------------------------------------
| rollout/                |          |
|    ep_len_mean          | 2.52e+03 |
|    ep_rew_mean          | -6.2e+03 |
| time/                   |          |
|    fps                  | 608      |
|    iterations           | 71       |
|    time_elapsed         | 59       |
|    total_timesteps      | 36352    |
| train/                  |          |
|    approx_kl            | 0.008737 |
|    clip_fraction        | 0.107    |
|    clip_range           | 0.2      |
|    entropy_loss         | -3.6     |
|    explained_variance   | 0        |
|    learning_rate        | 0.0002   |
|    loss                 | 57.3     |
|    n_updates            | 350      |
|    policy_gradient_loss | -0.00704 |
|    std                  | 0.83     |
|    value_loss           | 242      |
--------------------------------------
-----------------------------------------
| rollout/                |             |
|    ep_len_mean          | 2.52e+03    |
|    ep_rew_mean          | -6.2e+03    |
| time/                   |             |
|    fps                  | 605         |
|    iterations           | 72          |
|    time_elapsed         | 60          |
|    total_timesteps      | 36864       |
| train/                  |             |
|    approx_kl            | 0.008974669 |
|    clip_fraction        | 0.0816      |
|    clip_range           | 0.2         |
|    entropy_loss         | -3.6        |
|    explained_variance   | 1.19e-07    |
|    learning_rate        | 0.0002      |
|    loss                 | 69.3        |
|    n_updates            | 355         |
|    policy_gradient_loss | -0.00643    |
|    std                  | 0.83        |
|    value_loss           | 180         |
-----------------------------------------
------------------------------------------
| rollout/                |              |
|    ep_len_mean          | 2.48e+03     |
|    ep_rew_mean          | -6.07e+03    |
| time/                   |              |
|    fps                  | 598          |
|    iterations           | 73           |
|    time_elapsed         | 62           |
|    total_timesteps      | 37376        |
| train/                  |              |
|    approx_kl            | 0.0036495426 |
|    clip_fraction        | 0.0297       |
|    clip_range           | 0.2          |
|    entropy_loss         | -3.59        |
|    explained_variance   | 5.96e-08     |
|    learning_rate        | 0.0002       |
|    loss                 | 42.7         |
|    n_updates            | 360          |
|    policy_gradient_loss | -0.0015      |
|    std                  | 0.828        |
|    value_loss           | 126          |
------------------------------------------
----------------------------------------
| rollout/                |            |
|    ep_len_mean          | 2.48e+03   |
|    ep_rew_mean          | -6.07e+03  |
| time/                   |            |
|    fps                  | 596        |
|    iterations           | 74         |
|    time_elapsed         | 63         |
|    total_timesteps      | 37888      |
| train/                  |            |
|    approx_kl            | 0.01421335 |
|    clip_fraction        | 0.123      |
|    clip_range           | 0.2        |
|    entropy_loss         | -3.57      |
|    explained_variance   | 0          |
|    learning_rate        | 0.0002     |
|    loss                 | 296        |
|    n_updates            | 365        |
|    policy_gradient_loss | 0.000934   |
|    std                  | 0.82       |
|    value_loss           | 526        |
----------------------------------------
-----------------------------------------
| rollout/                |             |
|    ep_len_mean          | 2.48e+03    |
|    ep_rew_mean          | -6.07e+03   |
| time/                   |             |
|    fps                  | 594         |
|    iterations           | 75          |
|    time_elapsed         | 64          |
|    total_timesteps      | 38400       |
| train/                  |             |
|    approx_kl            | 0.005892439 |
|    clip_fraction        | 0.0168      |
|    clip_range           | 0.2         |
|    entropy_loss         | -3.55       |
|    explained_variance   | 5.96e-08    |
|    learning_rate        | 0.0002      |
|    loss                 | 87.3        |
|    n_updates            | 370         |
|    policy_gradient_loss | 0.000158    |
|    std                  | 0.819       |
|    value_loss           | 322         |
-----------------------------------------
------------------------------------------
| rollout/                |              |
|    ep_len_mean          | 2.48e+03     |
|    ep_rew_mean          | -6.07e+03    |
| time/                   |              |
|    fps                  | 585          |
|    iterations           | 76           |
|    time_elapsed         | 66           |
|    total_timesteps      | 38912        |
| train/                  |              |
|    approx_kl            | 0.0058086542 |
|    clip_fraction        | 0.0918       |
|    clip_range           | 0.2          |
|    entropy_loss         | -3.55        |
|    explained_variance   | 0            |
|    learning_rate        | 0.0002       |
|    loss                 | 93.7         |
|    n_updates            | 375          |
|    policy_gradient_loss | -0.00387     |
|    std                  | 0.818        |
|    value_loss           | 232          |
------------------------------------------
-----------------------------------------
| rollout/                |             |
|    ep_len_mean          | 2.48e+03    |
|    ep_rew_mean          | -6.07e+03   |
| time/                   |             |
|    fps                  | 577         |
|    iterations           | 77          |
|    time_elapsed         | 68          |
|    total_timesteps      | 39424       |
| train/                  |             |
|    approx_kl            | 0.008369158 |
|    clip_fraction        | 0.0668      |
|    clip_range           | 0.2         |
|    entropy_loss         | -3.55       |
|    explained_variance   | 0           |
|    learning_rate        | 0.0002      |
|    loss                 | 111         |
|    n_updates            | 380         |
|    policy_gradient_loss | -0.00404    |
|    std                  | 0.816       |
|    value_loss           | 152         |
-----------------------------------------
-----------------------------------------
| rollout/                |             |
|    ep_len_mean          | 2.48e+03    |
|    ep_rew_mean          | -6.07e+03   |
| time/                   |             |
|    fps                  | 571         |
|    iterations           | 78          |
|    time_elapsed         | 69          |
|    total_timesteps      | 39936       |
| train/                  |             |
|    approx_kl            | 0.009892818 |
|    clip_fraction        | 0.0547      |
|    clip_range           | 0.2         |
|    entropy_loss         | -3.54       |
|    explained_variance   | 0           |
|    learning_rate        | 0.0002      |
|    loss                 | 138         |
|    n_updates            | 385         |
|    policy_gradient_loss | -0.0069     |
|    std                  | 0.815       |
|    value_loss           | 227         |
-----------------------------------------
------------------------------------------
| rollout/                |              |
|    ep_len_mean          | 2.48e+03     |
|    ep_rew_mean          | -6.07e+03    |
| time/                   |              |
|    fps                  | 565          |
|    iterations           | 79           |
|    time_elapsed         | 71           |
|    total_timesteps      | 40448        |
| train/                  |              |
|    approx_kl            | 0.0044274433 |
|    clip_fraction        | 0.0383       |
|    clip_range           | 0.2          |
|    entropy_loss         | -3.53        |
|    explained_variance   | 1.19e-07     |
|    learning_rate        | 0.0002       |
|    loss                 | 78.8         |
|    n_updates            | 390          |
|    policy_gradient_loss | -0.00157     |
|    std                  | 0.814        |
|    value_loss           | 130          |
------------------------------------------
-----------------------------------------
| rollout/                |             |
|    ep_len_mean          | 2.54e+03    |
|    ep_rew_mean          | -6.15e+03   |
| time/                   |             |
|    fps                  | 564         |
|    iterations           | 80          |
|    time_elapsed         | 72          |
|    total_timesteps      | 40960       |
| train/                  |             |
|    approx_kl            | 0.004011621 |
|    clip_fraction        | 0.0582      |
|    clip_range           | 0.2         |
|    entropy_loss         | -3.52       |
|    explained_variance   | 0           |
|    learning_rate        | 0.0002      |
|    loss                 | 98.2        |
|    n_updates            | 395         |
|    policy_gradient_loss | -0.00496    |
|    std                  | 0.811       |
|    value_loss           | 120         |
-----------------------------------------
-----------------------------------------
| rollout/                |             |
|    ep_len_mean          | 2.54e+03    |
|    ep_rew_mean          | -6.15e+03   |
| time/                   |             |
|    fps                  | 564         |
|    iterations           | 81          |
|    time_elapsed         | 73          |
|    total_timesteps      | 41472       |
| train/                  |             |
|    approx_kl            | 0.013847895 |
|    clip_fraction        | 0.185       |
|    clip_range           | 0.2         |
|    entropy_loss         | -3.51       |
|    explained_variance   | 0           |
|    learning_rate        | 0.0002      |
|    loss                 | 284         |
|    n_updates            | 400         |
|    policy_gradient_loss | 0.00558     |
|    std                  | 0.809       |
|    value_loss           | 645         |
-----------------------------------------
-----------------------------------------
| rollout/                |             |
|    ep_len_mean          | 2.54e+03    |
|    ep_rew_mean          | -6.15e+03   |
| time/                   |             |
|    fps                  | 563         |
|    iterations           | 82          |
|    time_elapsed         | 74          |
|    total_timesteps      | 41984       |
| train/                  |             |
|    approx_kl            | 0.008028828 |
|    clip_fraction        | 0.161       |
|    clip_range           | 0.2         |
|    entropy_loss         | -3.5        |
|    explained_variance   | 0           |
|    learning_rate        | 0.0002      |
|    loss                 | 246         |
|    n_updates            | 405         |
|    policy_gradient_loss | -0.00558    |
|    std                  | 0.806       |
|    value_loss           | 321         |
-----------------------------------------
------------------------------------------
| rollout/                |              |
|    ep_len_mean          | 2.47e+03     |
|    ep_rew_mean          | -5.96e+03    |
| time/                   |              |
|    fps                  | 562          |
|    iterations           | 83           |
|    time_elapsed         | 75           |
|    total_timesteps      | 42496        |
| train/                  |              |
|    approx_kl            | 0.0076076733 |
|    clip_fraction        | 0.114        |
|    clip_range           | 0.2          |
|    entropy_loss         | -3.49        |
|    explained_variance   | 0            |
|    learning_rate        | 0.0002       |
|    loss                 | 87.1         |
|    n_updates            | 410          |
|    policy_gradient_loss | 0.00599      |
|    std                  | 0.804        |
|    value_loss           | 309          |
------------------------------------------
-----------------------------------------
| rollout/                |             |
|    ep_len_mean          | 2.47e+03    |
|    ep_rew_mean          | -5.96e+03   |
| time/                   |             |
|    fps                  | 556         |
|    iterations           | 84          |
|    time_elapsed         | 77          |
|    total_timesteps      | 43008       |
| train/                  |             |
|    approx_kl            | 0.020665824 |
|    clip_fraction        | 0.169       |
|    clip_range           | 0.2         |
|    entropy_loss         | -3.48       |
|    explained_variance   | 5.96e-08    |
|    learning_rate        | 0.0002      |
|    loss                 | 355         |
|    n_updates            | 415         |
|    policy_gradient_loss | -0.00309    |
|    std                  | 0.803       |
|    value_loss           | 770         |
-----------------------------------------
-----------------------------------------
| rollout/                |             |
|    ep_len_mean          | 2.47e+03    |
|    ep_rew_mean          | -5.96e+03   |
| time/                   |             |
|    fps                  | 555         |
|    iterations           | 85          |
|    time_elapsed         | 78          |
|    total_timesteps      | 43520       |
| train/                  |             |
|    approx_kl            | 0.014030838 |
|    clip_fraction        | 0.168       |
|    clip_range           | 0.2         |
|    entropy_loss         | -3.48       |
|    explained_variance   | 0           |
|    learning_rate        | 0.0002      |
|    loss                 | 98.4        |
|    n_updates            | 420         |
|    policy_gradient_loss | -0.00134    |
|    std                  | 0.804       |
|    value_loss           | 199         |
-----------------------------------------
-----------------------------------------
| rollout/                |             |
|    ep_len_mean          | 2.47e+03    |
|    ep_rew_mean          | -5.96e+03   |
| time/                   |             |
|    fps                  | 549         |
|    iterations           | 86          |
|    time_elapsed         | 80          |
|    total_timesteps      | 44032       |
| train/                  |             |
|    approx_kl            | 0.010724816 |
|    clip_fraction        | 0.154       |
|    clip_range           | 0.2         |
|    entropy_loss         | -3.48       |
|    explained_variance   | -1.19e-07   |
|    learning_rate        | 0.0002      |
|    loss                 | 46.3        |
|    n_updates            | 425         |
|    policy_gradient_loss | -0.00476    |
|    std                  | 0.806       |
|    value_loss           | 218         |
-----------------------------------------
-----------------------------------------
| rollout/                |             |
|    ep_len_mean          | 2.47e+03    |
|    ep_rew_mean          | -5.92e+03   |
| time/                   |             |
|    fps                  | 549         |
|    iterations           | 87          |
|    time_elapsed         | 81          |
|    total_timesteps      | 44544       |
| train/                  |             |
|    approx_kl            | 0.005737747 |
|    clip_fraction        | 0.0672      |
|    clip_range           | 0.2         |
|    entropy_loss         | -3.48       |
|    explained_variance   | -1.19e-07   |
|    learning_rate        | 0.0002      |
|    loss                 | 160         |
|    n_updates            | 430         |
|    policy_gradient_loss | 0.00144     |
|    std                  | 0.807       |
|    value_loss           | 246         |
-----------------------------------------
-----------------------------------------
| rollout/                |             |
|    ep_len_mean          | 2.47e+03    |
|    ep_rew_mean          | -5.92e+03   |
| time/                   |             |
|    fps                  | 549         |
|    iterations           | 88          |
|    time_elapsed         | 82          |
|    total_timesteps      | 45056       |
| train/                  |             |
|    approx_kl            | 0.007747494 |
|    clip_fraction        | 0.114       |
|    clip_range           | 0.2         |
|    entropy_loss         | -3.49       |
|    explained_variance   | 0           |
|    learning_rate        | 0.0002      |
|    loss                 | 1.13e+03    |
|    n_updates            | 435         |
|    policy_gradient_loss | 0.000185    |
|    std                  | 0.811       |
|    value_loss           | 504         |
-----------------------------------------
-----------------------------------------
| rollout/                |             |
|    ep_len_mean          | 2.47e+03    |
|    ep_rew_mean          | -5.92e+03   |
| time/                   |             |
|    fps                  | 548         |
|    iterations           | 89          |
|    time_elapsed         | 83          |
|    total_timesteps      | 45568       |
| train/                  |             |
|    approx_kl            | 0.011703744 |
|    clip_fraction        | 0.0961      |
|    clip_range           | 0.2         |
|    entropy_loss         | -3.5        |
|    explained_variance   | 0           |
|    learning_rate        | 0.0002      |
|    loss                 | 176         |
|    n_updates            | 440         |
|    policy_gradient_loss | 0.00547     |
|    std                  | 0.809       |
|    value_loss           | 278         |
-----------------------------------------
-----------------------------------------
| rollout/                |             |
|    ep_len_mean          | 2.4e+03     |
|    ep_rew_mean          | -5.75e+03   |
| time/                   |             |
|    fps                  | 543         |
|    iterations           | 90          |
|    time_elapsed         | 84          |
|    total_timesteps      | 46080       |
| train/                  |             |
|    approx_kl            | 0.021157391 |
|    clip_fraction        | 0.166       |
|    clip_range           | 0.2         |
|    entropy_loss         | -3.48       |
|    explained_variance   | 0           |
|    learning_rate        | 0.0002      |
|    loss                 | 67.7        |
|    n_updates            | 445         |
|    policy_gradient_loss | -0.00379    |
|    std                  | 0.808       |
|    value_loss           | 179         |
-----------------------------------------
----------------------------------------
| rollout/                |            |
|    ep_len_mean          | 2.4e+03    |
|    ep_rew_mean          | -5.75e+03  |
| time/                   |            |
|    fps                  | 543        |
|    iterations           | 91         |
|    time_elapsed         | 85         |
|    total_timesteps      | 46592      |
| train/                  |            |
|    approx_kl            | 0.01818021 |
|    clip_fraction        | 0.195      |
|    clip_range           | 0.2        |
|    entropy_loss         | -3.48      |
|    explained_variance   | 5.96e-08   |
|    learning_rate        | 0.0002     |
|    loss                 | 439        |
|    n_updates            | 450        |
|    policy_gradient_loss | 0.00631    |
|    std                  | 0.809      |
|    value_loss           | 782        |
----------------------------------------
-----------------------------------------
| rollout/                |             |
|    ep_len_mean          | 2.4e+03     |
|    ep_rew_mean          | -5.75e+03   |
| time/                   |             |
|    fps                  | 538         |
|    iterations           | 92          |
|    time_elapsed         | 87          |
|    total_timesteps      | 47104       |
| train/                  |             |
|    approx_kl            | 0.008553093 |
|    clip_fraction        | 0.0734      |
|    clip_range           | 0.2         |
|    entropy_loss         | -3.48       |
|    explained_variance   | 0           |
|    learning_rate        | 0.0002      |
|    loss                 | 128         |
|    n_updates            | 455         |
|    policy_gradient_loss | -0.00382    |
|    std                  | 0.807       |
|    value_loss           | 340         |
-----------------------------------------
----------------------------------------
| rollout/                |            |
|    ep_len_mean          | 2.4e+03    |
|    ep_rew_mean          | -5.75e+03  |
| time/                   |            |
|    fps                  | 538        |
|    iterations           | 93         |
|    time_elapsed         | 88         |
|    total_timesteps      | 47616      |
| train/                  |            |
|    approx_kl            | 0.00242187 |
|    clip_fraction        | 0.0887     |
|    clip_range           | 0.2        |
|    entropy_loss         | -3.47      |
|    explained_variance   | 5.96e-08   |
|    learning_rate        | 0.0002     |
|    loss                 | 97.9       |
|    n_updates            | 460        |
|    policy_gradient_loss | -0.00182   |
|    std                  | 0.808      |
|    value_loss           | 250        |
----------------------------------------
-----------------------------------------
| rollout/                |             |
|    ep_len_mean          | 2.4e+03     |
|    ep_rew_mean          | -5.75e+03   |
| time/                   |             |
|    fps                  | 534         |
|    iterations           | 94          |
|    time_elapsed         | 90          |
|    total_timesteps      | 48128       |
| train/                  |             |
|    approx_kl            | 0.014607284 |
|    clip_fraction        | 0.132       |
|    clip_range           | 0.2         |
|    entropy_loss         | -3.47       |
|    explained_variance   | 0           |
|    learning_rate        | 0.0002      |
|    loss                 | 201         |
|    n_updates            | 465         |
|    policy_gradient_loss | -0.00146    |
|    std                  | 0.805       |
|    value_loss           | 285         |
-----------------------------------------
-----------------------------------------
| rollout/                |             |
|    ep_len_mean          | 2.4e+03     |
|    ep_rew_mean          | -5.75e+03   |
| time/                   |             |
|    fps                  | 533         |
|    iterations           | 95          |
|    time_elapsed         | 91          |
|    total_timesteps      | 48640       |
| train/                  |             |
|    approx_kl            | 0.007999019 |
|    clip_fraction        | 0.0395      |
|    clip_range           | 0.2         |
|    entropy_loss         | -3.46       |
|    explained_variance   | -1.19e-07   |
|    learning_rate        | 0.0002      |
|    loss                 | 245         |
|    n_updates            | 470         |
|    policy_gradient_loss | -0.000912   |
|    std                  | 0.806       |
|    value_loss           | 306         |
-----------------------------------------
------------------------------------------
| rollout/                |              |
|    ep_len_mean          | 2.44e+03     |
|    ep_rew_mean          | -5.8e+03     |
| time/                   |              |
|    fps                  | 532          |
|    iterations           | 96           |
|    time_elapsed         | 92           |
|    total_timesteps      | 49152        |
| train/                  |              |
|    approx_kl            | 0.0018842863 |
|    clip_fraction        | 0.0418       |
|    clip_range           | 0.2          |
|    entropy_loss         | -3.47        |
|    explained_variance   | 0            |
|    learning_rate        | 0.0002       |
|    loss                 | 219          |
|    n_updates            | 475          |
|    policy_gradient_loss | 0.000855     |
|    std                  | 0.807        |
|    value_loss           | 228          |
------------------------------------------
----------------------------------------
| rollout/                |            |
|    ep_len_mean          | 2.44e+03   |
|    ep_rew_mean          | -5.8e+03   |
| time/                   |            |
|    fps                  | 529        |
|    iterations           | 97         |
|    time_elapsed         | 93         |
|    total_timesteps      | 49664      |
| train/                  |            |
|    approx_kl            | 0.00561306 |
|    clip_fraction        | 0.0996     |
|    clip_range           | 0.2        |
|    entropy_loss         | -3.47      |
|    explained_variance   | -1.19e-07  |
|    learning_rate        | 0.0002     |
|    loss                 | 159        |
|    n_updates            | 480        |
|    policy_gradient_loss | 0.00453    |
|    std                  | 0.808      |
|    value_loss           | 945        |
----------------------------------------
Eval num_timesteps=50000, episode_reward=-7330.51 +/- 0.00
Episode length: 4031.00 +/- 0.00
------------------------------------------
| eval/                   |              |
|    mean_ep_length       | 4.03e+03     |
|    mean_reward          | -7.33e+03    |
| time/                   |              |
|    total_timesteps      | 50000        |
| train/                  |              |
|    approx_kl            | 0.0046226634 |
|    clip_fraction        | 0.0508       |
|    clip_range           | 0.2          |
|    entropy_loss         | -3.47        |
|    explained_variance   | 0            |
|    learning_rate        | 0.0002       |
|    loss                 | 258          |
|    n_updates            | 485          |
|    policy_gradient_loss | -0.000396    |
|    std                  | 0.808        |
|    value_loss           | 421          |
------------------------------------------
----------------------------------
| rollout/           |           |
|    ep_len_mean     | 2.38e+03  |
|    ep_rew_mean     | -5.66e+03 |
| time/              |           |
|    fps             | 514       |
|    iterations      | 98        |
|    time_elapsed    | 97        |
|    total_timesteps | 50176     |
----------------------------------
[TIMING] Training completed in 98.2s
✓ Model saved to models/final_model

======================================================================
PHASE 2: Validation on val set
======================================================================

Evaluating...
  [DEV] No trades closed

Evaluation Results:
  Total Return: 0.00%
  Final Portfolio Value: $100.00
  Max Portfolio Value: $100.00
  Total Reward: -7330.51
  Steps: 4031
  Trades: 0 | Win Rate: 0.0%
  Realized PnL: $0.00 | Unrealized: $0.00

======================================================================
PHASE 3: Testing on test set
======================================================================

Evaluating...
  [TEST] No trades closed

Evaluation Results:
  Total Return: 0.00%
  Final Portfolio Value: $100.00
  Max Portfolio Value: $100.00
  Total Reward: -7334.70
  Steps: 4032
  Trades: 0 | Win Rate: 0.0%
  Realized PnL: $0.00 | Unrealized: $0.00

======================================================================
BACKTEST SUMMARY
======================================================================
Val Trades:    0 | WR:   0.0% | Return:   0.00%
Test Trades:   0 | WR:   0.0% | Return:   0.00%
======================================================================


/home/konstantin/dev/crypto_rl/rl_trader.py:1010: FutureWarning: The default of observed=False is deprecated and will be changed to True in a future version of pandas. Pass observed=False to retain current behavior or observed=True to adopt the future default and silence this warning.
  for symbol, group in data.groupby('symbol', sort=False):
/home/konstantin/dev/crypto_rl/.conda/lib/python3.12/site-packages/stable_baselines3/common/evaluation.py:70: UserWarning: Evaluation environment is not wrapped with a ``Monitor`` wrapper. This may result in reporting modified episode lengths and rewards, if other wrappers happen to modify these. Consider wrapping environment first with ``Monitor`` wrapper.
  warnings.warn(
