Loading 14 days of data...
✓ Loaded 60483 rows from 3 symbols

Fee regime: mexc_spot_mx | buy_fee=0.003% | sell_fee=0.003%
Using device: cpu

======================================================================
                 3-WAY BACKTEST (Train / Val / Test)                  
======================================================================
Train:  36288 rows ( 3 symbols) 1768694340000000 → 1769420040000000
Val:    12096 rows ( 3 symbols) 1769420100000000 → 1769661960000000
Test:   12099 rows ( 3 symbols) 1769662020000000 → 1769903940000000
======================================================================

Train env: 36288 rows, 3 symbols
Eval env: 12096 rows, 3 symbols
PHASE 1: Training on train set with val monitoring...
Using cpu device
Wrapping the env with a `Monitor` wrapper
Wrapping the env in a DummyVecEnv.
Created new PPO model (device=cpu)
  Hyperparameters:
    learning_rate=0.0002, batch_size=16
    n_steps=512, n_epochs=5
    policy_arch=[256, 128, 64]

Training for 50000 timesteps...
-----------------------------
| time/              |      |
|    fps             | 2953 |
|    iterations      | 1    |
|    time_elapsed    | 0    |
|    total_timesteps | 512  |
-----------------------------
-----------------------------------------
| time/                   |             |
|    fps                  | 855         |
|    iterations           | 2           |
|    time_elapsed         | 1           |
|    total_timesteps      | 1024        |
| train/                  |             |
|    approx_kl            | 0.011112381 |
|    clip_fraction        | 0.138       |
|    clip_range           | 0.2         |
|    entropy_loss         | -4.26       |
|    explained_variance   | -5.11e-05   |
|    learning_rate        | 0.0002      |
|    loss                 | 1.24e+03    |
|    n_updates            | 5           |
|    policy_gradient_loss | -0.0214     |
|    std                  | 1           |
|    value_loss           | 2.71e+03    |
-----------------------------------------
------------------------------------------
| time/                   |              |
|    fps                  | 720          |
|    iterations           | 3            |
|    time_elapsed         | 2            |
|    total_timesteps      | 1536         |
| train/                  |              |
|    approx_kl            | 0.0083523905 |
|    clip_fraction        | 0.13         |
|    clip_range           | 0.2          |
|    entropy_loss         | -4.28        |
|    explained_variance   | 7.15e-07     |
|    learning_rate        | 0.0002       |
|    loss                 | 1.57e+03     |
|    n_updates            | 10           |
|    policy_gradient_loss | -0.0183      |
|    std                  | 1.01         |
|    value_loss           | 2.72e+03     |
------------------------------------------
-----------------------------------------
| rollout/                |             |
|    ep_len_mean          | 1.83e+03    |
|    ep_rew_mean          | -5.34e+03   |
| time/                   |             |
|    fps                  | 779         |
|    iterations           | 4           |
|    time_elapsed         | 2           |
|    total_timesteps      | 2048        |
| train/                  |             |
|    approx_kl            | 0.010373307 |
|    clip_fraction        | 0.142       |
|    clip_range           | 0.2         |
|    entropy_loss         | -4.3        |
|    explained_variance   | 4.17e-07    |
|    learning_rate        | 0.0002      |
|    loss                 | 672         |
|    n_updates            | 15          |
|    policy_gradient_loss | -0.0189     |
|    std                  | 1.02        |
|    value_loss           | 1.74e+03    |
-----------------------------------------
-----------------------------------------
| rollout/                |             |
|    ep_len_mean          | 1.83e+03    |
|    ep_rew_mean          | -5.34e+03   |
| time/                   |             |
|    fps                  | 823         |
|    iterations           | 5           |
|    time_elapsed         | 3           |
|    total_timesteps      | 2560        |
| train/                  |             |
|    approx_kl            | 0.013608368 |
|    clip_fraction        | 0.18        |
|    clip_range           | 0.2         |
|    entropy_loss         | -4.31       |
|    explained_variance   | -2.38e-07   |
|    learning_rate        | 0.0002      |
|    loss                 | 423         |
|    n_updates            | 20          |
|    policy_gradient_loss | -0.0227     |
|    std                  | 1.02        |
|    value_loss           | 1.06e+03    |
-----------------------------------------
-----------------------------------------
| rollout/                |             |
|    ep_len_mean          | 1.83e+03    |
|    ep_rew_mean          | -5.34e+03   |
| time/                   |             |
|    fps                  | 852         |
|    iterations           | 6           |
|    time_elapsed         | 3           |
|    total_timesteps      | 3072        |
| train/                  |             |
|    approx_kl            | 0.017878242 |
|    clip_fraction        | 0.256       |
|    clip_range           | 0.2         |
|    entropy_loss         | -4.33       |
|    explained_variance   | 1.79e-07    |
|    learning_rate        | 0.0002      |
|    loss                 | 455         |
|    n_updates            | 25          |
|    policy_gradient_loss | -0.0278     |
|    std                  | 1.03        |
|    value_loss           | 829         |
-----------------------------------------
-----------------------------------------
| rollout/                |             |
|    ep_len_mean          | 1.83e+03    |
|    ep_rew_mean          | -5.34e+03   |
| time/                   |             |
|    fps                  | 873         |
|    iterations           | 7           |
|    time_elapsed         | 4           |
|    total_timesteps      | 3584        |
| train/                  |             |
|    approx_kl            | 0.015500473 |
|    clip_fraction        | 0.342       |
|    clip_range           | 0.2         |
|    entropy_loss         | -4.34       |
|    explained_variance   | 0           |
|    learning_rate        | 0.0002      |
|    loss                 | 168         |
|    n_updates            | 30          |
|    policy_gradient_loss | -0.016      |
|    std                  | 1.03        |
|    value_loss           | 360         |
-----------------------------------------
-----------------------------------------
| rollout/                |             |
|    ep_len_mean          | 1.83e+03    |
|    ep_rew_mean          | -5.34e+03   |
| time/                   |             |
|    fps                  | 892         |
|    iterations           | 8           |
|    time_elapsed         | 4           |
|    total_timesteps      | 4096        |
| train/                  |             |
|    approx_kl            | 0.010213962 |
|    clip_fraction        | 0.242       |
|    clip_range           | 0.2         |
|    entropy_loss         | -4.36       |
|    explained_variance   | 1.19e-07    |
|    learning_rate        | 0.0002      |
|    loss                 | 232         |
|    n_updates            | 35          |
|    policy_gradient_loss | -0.0179     |
|    std                  | 1.04        |
|    value_loss           | 564         |
-----------------------------------------
-----------------------------------------
| rollout/                |             |
|    ep_len_mean          | 1.83e+03    |
|    ep_rew_mean          | -5.34e+03   |
| time/                   |             |
|    fps                  | 906         |
|    iterations           | 9           |
|    time_elapsed         | 5           |
|    total_timesteps      | 4608        |
| train/                  |             |
|    approx_kl            | 0.010028981 |
|    clip_fraction        | 0.106       |
|    clip_range           | 0.2         |
|    entropy_loss         | -4.36       |
|    explained_variance   | 0           |
|    learning_rate        | 0.0002      |
|    loss                 | 170         |
|    n_updates            | 40          |
|    policy_gradient_loss | -0.0128     |
|    std                  | 1.04        |
|    value_loss           | 520         |
-----------------------------------------
-----------------------------------------
| rollout/                |             |
|    ep_len_mean          | 2.31e+03    |
|    ep_rew_mean          | -3e+03      |
| time/                   |             |
|    fps                  | 910         |
|    iterations           | 10          |
|    time_elapsed         | 5           |
|    total_timesteps      | 5120        |
| train/                  |             |
|    approx_kl            | 0.011679776 |
|    clip_fraction        | 0.0816      |
|    clip_range           | 0.2         |
|    entropy_loss         | -4.36       |
|    explained_variance   | -1.19e-07   |
|    learning_rate        | 0.0002      |
|    loss                 | 473         |
|    n_updates            | 45          |
|    policy_gradient_loss | -0.012      |
|    std                  | 1.04        |
|    value_loss           | 925         |
-----------------------------------------
----------------------------------------
| rollout/                |            |
|    ep_len_mean          | 2.31e+03   |
|    ep_rew_mean          | -3e+03     |
| time/                   |            |
|    fps                  | 915        |
|    iterations           | 11         |
|    time_elapsed         | 6          |
|    total_timesteps      | 5632       |
| train/                  |            |
|    approx_kl            | 0.01480332 |
|    clip_fraction        | 0.148      |
|    clip_range           | 0.2        |
|    entropy_loss         | -4.36      |
|    explained_variance   | 1.31e-05   |
|    learning_rate        | 0.0002     |
|    loss                 | 562        |
|    n_updates            | 50         |
|    policy_gradient_loss | -0.00817   |
|    std                  | 1.03       |
|    value_loss           | 1.36e+03   |
----------------------------------------
-----------------------------------------
| rollout/                |             |
|    ep_len_mean          | 2.02e+03    |
|    ep_rew_mean          | -1.23e+03   |
| time/                   |             |
|    fps                  | 921         |
|    iterations           | 12          |
|    time_elapsed         | 6           |
|    total_timesteps      | 6144        |
| train/                  |             |
|    approx_kl            | 0.006302607 |
|    clip_fraction        | 0.0359      |
|    clip_range           | 0.2         |
|    entropy_loss         | -4.35       |
|    explained_variance   | 4.71e-05    |
|    learning_rate        | 0.0002      |
|    loss                 | 820         |
|    n_updates            | 55          |
|    policy_gradient_loss | -0.00771    |
|    std                  | 1.03        |
|    value_loss           | 1.64e+03    |
-----------------------------------------
------------------------------------------
| rollout/                |              |
|    ep_len_mean          | 2.02e+03     |
|    ep_rew_mean          | -1.23e+03    |
| time/                   |              |
|    fps                  | 927          |
|    iterations           | 13           |
|    time_elapsed         | 7            |
|    total_timesteps      | 6656         |
| train/                  |              |
|    approx_kl            | 0.0056540202 |
|    clip_fraction        | 0.0195       |
|    clip_range           | 0.2          |
|    entropy_loss         | -4.35        |
|    explained_variance   | 3.4e-06      |
|    learning_rate        | 0.0002       |
|    loss                 | 1.07e+03     |
|    n_updates            | 60           |
|    policy_gradient_loss | -0.00836     |
|    std                  | 1.03         |
|    value_loss           | 1.71e+03     |
------------------------------------------
-------------------------------------------
| rollout/                |               |
|    ep_len_mean          | 2.02e+03      |
|    ep_rew_mean          | -1.23e+03     |
| time/                   |               |
|    fps                  | 910           |
|    iterations           | 14            |
|    time_elapsed         | 7             |
|    total_timesteps      | 7168          |
| train/                  |               |
|    approx_kl            | 0.00035282376 |
|    clip_fraction        | 0.00195       |
|    clip_range           | 0.2           |
|    entropy_loss         | -4.35         |
|    explained_variance   | 1.43e-06      |
|    learning_rate        | 0.0002        |
|    loss                 | 1.36e+03      |
|    n_updates            | 65            |
|    policy_gradient_loss | 0.0015        |
|    std                  | 1.03          |
|    value_loss           | 3.2e+03       |
-------------------------------------------
----------------------------------------
| rollout/                |            |
|    ep_len_mean          | 2.02e+03   |
|    ep_rew_mean          | -1.23e+03  |
| time/                   |            |
|    fps                  | 865        |
|    iterations           | 15         |
|    time_elapsed         | 8          |
|    total_timesteps      | 7680       |
| train/                  |            |
|    approx_kl            | 0.00762134 |
|    clip_fraction        | 0.0965     |
|    clip_range           | 0.2        |
|    entropy_loss         | -4.36      |
|    explained_variance   | 2.98e-07   |
|    learning_rate        | 0.0002     |
|    loss                 | 668        |
|    n_updates            | 70         |
|    policy_gradient_loss | 0.000147   |
|    std                  | 1.04       |
|    value_loss           | 1.84e+03   |
----------------------------------------
------------------------------------------
| rollout/                |              |
|    ep_len_mean          | 2.02e+03     |
|    ep_rew_mean          | -1.23e+03    |
| time/                   |              |
|    fps                  | 874          |
|    iterations           | 16           |
|    time_elapsed         | 9            |
|    total_timesteps      | 8192         |
| train/                  |              |
|    approx_kl            | 0.0035481164 |
|    clip_fraction        | 0.0316       |
|    clip_range           | 0.2          |
|    entropy_loss         | -4.36        |
|    explained_variance   | -3.58e-07    |
|    learning_rate        | 0.0002       |
|    loss                 | 555          |
|    n_updates            | 75           |
|    policy_gradient_loss | -0.00502     |
|    std                  | 1.04         |
|    value_loss           | 1.91e+03     |
------------------------------------------
-----------------------------------------
| rollout/                |             |
|    ep_len_mean          | 2.02e+03    |
|    ep_rew_mean          | -1.23e+03   |
| time/                   |             |
|    fps                  | 882         |
|    iterations           | 17          |
|    time_elapsed         | 9           |
|    total_timesteps      | 8704        |
| train/                  |             |
|    approx_kl            | 0.004407063 |
|    clip_fraction        | 0.00898     |
|    clip_range           | 0.2         |
|    entropy_loss         | -4.36       |
|    explained_variance   | -3.58e-07   |
|    learning_rate        | 0.0002      |
|    loss                 | 1.07e+03    |
|    n_updates            | 80          |
|    policy_gradient_loss | -0.00229    |
|    std                  | 1.04        |
|    value_loss           | 1.83e+03    |
-----------------------------------------
------------------------------------------
| rollout/                |              |
|    ep_len_mean          | 2.26e+03     |
|    ep_rew_mean          | 483          |
| time/                   |              |
|    fps                  | 890          |
|    iterations           | 18           |
|    time_elapsed         | 10           |
|    total_timesteps      | 9216         |
| train/                  |              |
|    approx_kl            | 0.0072355904 |
|    clip_fraction        | 0.0652       |
|    clip_range           | 0.2          |
|    entropy_loss         | -4.36        |
|    explained_variance   | 3.58e-07     |
|    learning_rate        | 0.0002       |
|    loss                 | 1.51e+03     |
|    n_updates            | 85           |
|    policy_gradient_loss | -0.00859     |
|    std                  | 1.04         |
|    value_loss           | 3.07e+03     |
------------------------------------------
-----------------------------------------
| rollout/                |             |
|    ep_len_mean          | 2.26e+03    |
|    ep_rew_mean          | 483         |
| time/                   |             |
|    fps                  | 895         |
|    iterations           | 19          |
|    time_elapsed         | 10          |
|    total_timesteps      | 9728        |
| train/                  |             |
|    approx_kl            | 0.008940436 |
|    clip_fraction        | 0.0609      |
|    clip_range           | 0.2         |
|    entropy_loss         | -4.36       |
|    explained_variance   | 5.96e-07    |
|    learning_rate        | 0.0002      |
|    loss                 | 1.83e+03    |
|    n_updates            | 90          |
|    policy_gradient_loss | -0.0109     |
|    std                  | 1.04        |
|    value_loss           | 3.66e+03    |
-----------------------------------------
-----------------------------------------
| rollout/                |             |
|    ep_len_mean          | 2.26e+03    |
|    ep_rew_mean          | 483         |
| time/                   |             |
|    fps                  | 902         |
|    iterations           | 20          |
|    time_elapsed         | 11          |
|    total_timesteps      | 10240       |
| train/                  |             |
|    approx_kl            | 0.006393747 |
|    clip_fraction        | 0.0344      |
|    clip_range           | 0.2         |
|    entropy_loss         | -4.36       |
|    explained_variance   | 5.96e-08    |
|    learning_rate        | 0.0002      |
|    loss                 | 2.1e+03     |
|    n_updates            | 95          |
|    policy_gradient_loss | -0.00413    |
|    std                  | 1.03        |
|    value_loss           | 3.96e+03    |
-----------------------------------------
-----------------------------------------
| rollout/                |             |
|    ep_len_mean          | 2.12e+03    |
|    ep_rew_mean          | 1.17e+03    |
| time/                   |             |
|    fps                  | 907         |
|    iterations           | 21          |
|    time_elapsed         | 11          |
|    total_timesteps      | 10752       |
| train/                  |             |
|    approx_kl            | 0.005920995 |
|    clip_fraction        | 0.032       |
|    clip_range           | 0.2         |
|    entropy_loss         | -4.36       |
|    explained_variance   | 0           |
|    learning_rate        | 0.0002      |
|    loss                 | 2.6e+03     |
|    n_updates            | 100         |
|    policy_gradient_loss | -0.00577    |
|    std                  | 1.03        |
|    value_loss           | 4.13e+03    |
-----------------------------------------
-----------------------------------------
| rollout/                |             |
|    ep_len_mean          | 2.12e+03    |
|    ep_rew_mean          | 1.17e+03    |
| time/                   |             |
|    fps                  | 911         |
|    iterations           | 22          |
|    time_elapsed         | 12          |
|    total_timesteps      | 11264       |
| train/                  |             |
|    approx_kl            | 0.003258402 |
|    clip_fraction        | 0.00195     |
|    clip_range           | 0.2         |
|    entropy_loss         | -4.35       |
|    explained_variance   | 2.38e-07    |
|    learning_rate        | 0.0002      |
|    loss                 | 1.34e+03    |
|    n_updates            | 105         |
|    policy_gradient_loss | -0.00235    |
|    std                  | 1.03        |
|    value_loss           | 4.22e+03    |
-----------------------------------------
-----------------------------------------
| rollout/                |             |
|    ep_len_mean          | 2.12e+03    |
|    ep_rew_mean          | 1.17e+03    |
| time/                   |             |
|    fps                  | 917         |
|    iterations           | 23          |
|    time_elapsed         | 12          |
|    total_timesteps      | 11776       |
| train/                  |             |
|    approx_kl            | 0.022700807 |
|    clip_fraction        | 0.142       |
|    clip_range           | 0.2         |
|    entropy_loss         | -4.36       |
|    explained_variance   | 0           |
|    learning_rate        | 0.0002      |
|    loss                 | 3.06e+03    |
|    n_updates            | 110         |
|    policy_gradient_loss | 0.00488     |
|    std                  | 1.04        |
|    value_loss           | 5.75e+03    |
-----------------------------------------
-----------------------------------------
| rollout/                |             |
|    ep_len_mean          | 2.12e+03    |
|    ep_rew_mean          | 1.17e+03    |
| time/                   |             |
|    fps                  | 922         |
|    iterations           | 24          |
|    time_elapsed         | 13          |
|    total_timesteps      | 12288       |
| train/                  |             |
|    approx_kl            | 0.008738151 |
|    clip_fraction        | 0.0934      |
|    clip_range           | 0.2         |
|    entropy_loss         | -4.36       |
|    explained_variance   | 0           |
|    learning_rate        | 0.0002      |
|    loss                 | 2.6e+03     |
|    n_updates            | 115         |
|    policy_gradient_loss | 0.00177     |
|    std                  | 1.04        |
|    value_loss           | 5.06e+03    |
-----------------------------------------
-----------------------------------------
| rollout/                |             |
|    ep_len_mean          | 2.1e+03     |
|    ep_rew_mean          | 1.83e+03    |
| time/                   |             |
|    fps                  | 926         |
|    iterations           | 25          |
|    time_elapsed         | 13          |
|    total_timesteps      | 12800       |
| train/                  |             |
|    approx_kl            | 0.002722284 |
|    clip_fraction        | 0.00156     |
|    clip_range           | 0.2         |
|    entropy_loss         | -4.36       |
|    explained_variance   | -1.19e-07   |
|    learning_rate        | 0.0002      |
|    loss                 | 1.93e+03    |
|    n_updates            | 120         |
|    policy_gradient_loss | -0.000612   |
|    std                  | 1.04        |
|    value_loss           | 3.29e+03    |
-----------------------------------------
-------------------------------------------
| rollout/                |               |
|    ep_len_mean          | 2.1e+03       |
|    ep_rew_mean          | 1.83e+03      |
| time/                   |               |
|    fps                  | 930           |
|    iterations           | 26            |
|    time_elapsed         | 14            |
|    total_timesteps      | 13312         |
| train/                  |               |
|    approx_kl            | 0.00083044404 |
|    clip_fraction        | 0             |
|    clip_range           | 0.2           |
|    entropy_loss         | -4.36         |
|    explained_variance   | 1.19e-07      |
|    learning_rate        | 0.0002        |
|    loss                 | 2.53e+03      |
|    n_updates            | 125           |
|    policy_gradient_loss | -0.000213     |
|    std                  | 1.04          |
|    value_loss           | 4.14e+03      |
-------------------------------------------
-----------------------------------------
| rollout/                |             |
|    ep_len_mean          | 2.1e+03     |
|    ep_rew_mean          | 1.83e+03    |
| time/                   |             |
|    fps                  | 933         |
|    iterations           | 27          |
|    time_elapsed         | 14          |
|    total_timesteps      | 13824       |
| train/                  |             |
|    approx_kl            | 0.005455659 |
|    clip_fraction        | 0.0332      |
|    clip_range           | 0.2         |
|    entropy_loss         | -4.36       |
|    explained_variance   | 0           |
|    learning_rate        | 0.0002      |
|    loss                 | 3.32e+03    |
|    n_updates            | 130         |
|    policy_gradient_loss | 0.00431     |
|    std                  | 1.04        |
|    value_loss           | 5.83e+03    |
-----------------------------------------
------------------------------------------
| rollout/                |              |
|    ep_len_mean          | 2.1e+03      |
|    ep_rew_mean          | 1.83e+03     |
| time/                   |              |
|    fps                  | 938          |
|    iterations           | 28           |
|    time_elapsed         | 15           |
|    total_timesteps      | 14336        |
| train/                  |              |
|    approx_kl            | 0.0012317603 |
|    clip_fraction        | 0.0238       |
|    clip_range           | 0.2          |
|    entropy_loss         | -4.36        |
|    explained_variance   | 5.96e-08     |
|    learning_rate        | 0.0002       |
|    loss                 | 1.82e+03     |
|    n_updates            | 135          |
|    policy_gradient_loss | 0.00514      |
|    std                  | 1.04         |
|    value_loss           | 4.08e+03     |
------------------------------------------
-----------------------------------------
| rollout/                |             |
|    ep_len_mean          | 2.07e+03    |
|    ep_rew_mean          | 2.2e+03     |
| time/                   |             |
|    fps                  | 941         |
|    iterations           | 29          |
|    time_elapsed         | 15          |
|    total_timesteps      | 14848       |
| train/                  |             |
|    approx_kl            | 0.005173036 |
|    clip_fraction        | 0.0426      |
|    clip_range           | 0.2         |
|    entropy_loss         | -4.36       |
|    explained_variance   | 0           |
|    learning_rate        | 0.0002      |
|    loss                 | 1.49e+03    |
|    n_updates            | 140         |
|    policy_gradient_loss | 0.000449    |
|    std                  | 1.04        |
|    value_loss           | 3.43e+03    |
-----------------------------------------
------------------------------------------
| rollout/                |              |
|    ep_len_mean          | 2.07e+03     |
|    ep_rew_mean          | 2.2e+03      |
| time/                   |              |
|    fps                  | 944          |
|    iterations           | 30           |
|    time_elapsed         | 16           |
|    total_timesteps      | 15360        |
| train/                  |              |
|    approx_kl            | 0.0055393246 |
|    clip_fraction        | 0.018        |
|    clip_range           | 0.2          |
|    entropy_loss         | -4.36        |
|    explained_variance   | 0            |
|    learning_rate        | 0.0002       |
|    loss                 | 2.52e+03     |
|    n_updates            | 145          |
|    policy_gradient_loss | -0.00186     |
|    std                  | 1.03         |
|    value_loss           | 4.19e+03     |
------------------------------------------
-----------------------------------------
| rollout/                |             |
|    ep_len_mean          | 2.07e+03    |
|    ep_rew_mean          | 2.2e+03     |
| time/                   |             |
|    fps                  | 946         |
|    iterations           | 31          |
|    time_elapsed         | 16          |
|    total_timesteps      | 15872       |
| train/                  |             |
|    approx_kl            | 0.007228883 |
|    clip_fraction        | 0.184       |
|    clip_range           | 0.2         |
|    entropy_loss         | -4.35       |
|    explained_variance   | -1.19e-07   |
|    learning_rate        | 0.0002      |
|    loss                 | 1.9e+03     |
|    n_updates            | 150         |
|    policy_gradient_loss | 0.00492     |
|    std                  | 1.03        |
|    value_loss           | 3.46e+03    |
-----------------------------------------
-----------------------------------------
| rollout/                |             |
|    ep_len_mean          | 2.07e+03    |
|    ep_rew_mean          | 2.2e+03     |
| time/                   |             |
|    fps                  | 927         |
|    iterations           | 32          |
|    time_elapsed         | 17          |
|    total_timesteps      | 16384       |
| train/                  |             |
|    approx_kl            | 0.004699844 |
|    clip_fraction        | 0.0285      |
|    clip_range           | 0.2         |
|    entropy_loss         | -4.35       |
|    explained_variance   | -1.19e-07   |
|    learning_rate        | 0.0002      |
|    loss                 | 1.29e+03    |
|    n_updates            | 155         |
|    policy_gradient_loss | 0.000968    |
|    std                  | 1.03        |
|    value_loss           | 3.17e+03    |
-----------------------------------------
------------------------------------------
| rollout/                |              |
|    ep_len_mean          | 2.07e+03     |
|    ep_rew_mean          | 2.2e+03      |
| time/                   |              |
|    fps                  | 929          |
|    iterations           | 33           |
|    time_elapsed         | 18           |
|    total_timesteps      | 16896        |
| train/                  |              |
|    approx_kl            | 0.0055066934 |
|    clip_fraction        | 0.0156       |
|    clip_range           | 0.2          |
|    entropy_loss         | -4.35        |
|    explained_variance   | 0            |
|    learning_rate        | 0.0002       |
|    loss                 | 509          |
|    n_updates            | 160          |
|    policy_gradient_loss | -0.00331     |
|    std                  | 1.03         |
|    value_loss           | 2.56e+03     |
------------------------------------------
----------------------------------------
| rollout/                |            |
|    ep_len_mean          | 2.07e+03   |
|    ep_rew_mean          | 2.2e+03    |
| time/                   |            |
|    fps                  | 922        |
|    iterations           | 34         |
|    time_elapsed         | 18         |
|    total_timesteps      | 17408      |
| train/                  |            |
|    approx_kl            | 0.00743656 |
|    clip_fraction        | 0.126      |
|    clip_range           | 0.2        |
|    entropy_loss         | -4.35      |
|    explained_variance   | 5.96e-08   |
|    learning_rate        | 0.0002     |
|    loss                 | 1.16e+03   |
|    n_updates            | 165        |
|    policy_gradient_loss | 0.0044     |
|    std                  | 1.03       |
|    value_loss           | 2.44e+03   |
----------------------------------------
------------------------------------------
| rollout/                |              |
|    ep_len_mean          | 2.07e+03     |
|    ep_rew_mean          | 2.2e+03      |
| time/                   |              |
|    fps                  | 925          |
|    iterations           | 35           |
|    time_elapsed         | 19           |
|    total_timesteps      | 17920        |
| train/                  |              |
|    approx_kl            | 0.0027461327 |
|    clip_fraction        | 0.00156      |
|    clip_range           | 0.2          |
|    entropy_loss         | -4.35        |
|    explained_variance   | 0            |
|    learning_rate        | 0.0002       |
|    loss                 | 1.86e+03     |
|    n_updates            | 170          |
|    policy_gradient_loss | -0.00148     |
|    std                  | 1.03         |
|    value_loss           | 3.3e+03      |
------------------------------------------
------------------------------------------
| rollout/                |              |
|    ep_len_mean          | 2.24e+03     |
|    ep_rew_mean          | 3.04e+03     |
| time/                   |              |
|    fps                  | 927          |
|    iterations           | 36           |
|    time_elapsed         | 19           |
|    total_timesteps      | 18432        |
| train/                  |              |
|    approx_kl            | 0.0053869328 |
|    clip_fraction        | 0.0141       |
|    clip_range           | 0.2          |
|    entropy_loss         | -4.35        |
|    explained_variance   | 5.96e-08     |
|    learning_rate        | 0.0002       |
|    loss                 | 1.01e+03     |
|    n_updates            | 175          |
|    policy_gradient_loss | -0.00332     |
|    std                  | 1.03         |
|    value_loss           | 2.99e+03     |
------------------------------------------
------------------------------------------
| rollout/                |              |
|    ep_len_mean          | 2.24e+03     |
|    ep_rew_mean          | 3.04e+03     |
| time/                   |              |
|    fps                  | 930          |
|    iterations           | 37           |
|    time_elapsed         | 20           |
|    total_timesteps      | 18944        |
| train/                  |              |
|    approx_kl            | 0.0044065756 |
|    clip_fraction        | 0.018        |
|    clip_range           | 0.2          |
|    entropy_loss         | -4.35        |
|    explained_variance   | -1.19e-07    |
|    learning_rate        | 0.0002       |
|    loss                 | 2.09e+03     |
|    n_updates            | 180          |
|    policy_gradient_loss | -0.00262     |
|    std                  | 1.03         |
|    value_loss           | 5.98e+03     |
------------------------------------------
-----------------------------------------
| rollout/                |             |
|    ep_len_mean          | 2.24e+03    |
|    ep_rew_mean          | 3.04e+03    |
| time/                   |             |
|    fps                  | 932         |
|    iterations           | 38          |
|    time_elapsed         | 20          |
|    total_timesteps      | 19456       |
| train/                  |             |
|    approx_kl            | 0.006532437 |
|    clip_fraction        | 0.101       |
|    clip_range           | 0.2         |
|    entropy_loss         | -4.35       |
|    explained_variance   | 0           |
|    learning_rate        | 0.0002      |
|    loss                 | 2.15e+03    |
|    n_updates            | 185         |
|    policy_gradient_loss | -0.00302    |
|    std                  | 1.03        |
|    value_loss           | 4.47e+03    |
-----------------------------------------
------------------------------------------
| rollout/                |              |
|    ep_len_mean          | 2.19e+03     |
|    ep_rew_mean          | 3.27e+03     |
| time/                   |              |
|    fps                  | 935          |
|    iterations           | 39           |
|    time_elapsed         | 21           |
|    total_timesteps      | 19968        |
| train/                  |              |
|    approx_kl            | 0.0011337539 |
|    clip_fraction        | 0.0277       |
|    clip_range           | 0.2          |
|    entropy_loss         | -4.35        |
|    explained_variance   | 0            |
|    learning_rate        | 0.0002       |
|    loss                 | 2.79e+03     |
|    n_updates            | 190          |
|    policy_gradient_loss | -0.000714    |
|    std                  | 1.03         |
|    value_loss           | 5.55e+03     |
------------------------------------------
-----------------------------------------
| rollout/                |             |
|    ep_len_mean          | 2.19e+03    |
|    ep_rew_mean          | 3.27e+03    |
| time/                   |             |
|    fps                  | 936         |
|    iterations           | 40          |
|    time_elapsed         | 21          |
|    total_timesteps      | 20480       |
| train/                  |             |
|    approx_kl            | 0.010311387 |
|    clip_fraction        | 0.23        |
|    clip_range           | 0.2         |
|    entropy_loss         | -4.34       |
|    explained_variance   | 0           |
|    learning_rate        | 0.0002      |
|    loss                 | 4.02e+03    |
|    n_updates            | 195         |
|    policy_gradient_loss | 0.00858     |
|    std                  | 1.03        |
|    value_loss           | 7.62e+03    |
-----------------------------------------
-----------------------------------------
| rollout/                |             |
|    ep_len_mean          | 2.19e+03    |
|    ep_rew_mean          | 3.27e+03    |
| time/                   |             |
|    fps                  | 936         |
|    iterations           | 41          |
|    time_elapsed         | 22          |
|    total_timesteps      | 20992       |
| train/                  |             |
|    approx_kl            | 0.006418649 |
|    clip_fraction        | 0.0398      |
|    clip_range           | 0.2         |
|    entropy_loss         | -4.33       |
|    explained_variance   | 0           |
|    learning_rate        | 0.0002      |
|    loss                 | 4.29e+03    |
|    n_updates            | 200         |
|    policy_gradient_loss | -0.00359    |
|    std                  | 1.03        |
|    value_loss           | 8e+03       |
-----------------------------------------
------------------------------------------
| rollout/                |              |
|    ep_len_mean          | 2.19e+03     |
|    ep_rew_mean          | 3.27e+03     |
| time/                   |              |
|    fps                  | 939          |
|    iterations           | 42           |
|    time_elapsed         | 22           |
|    total_timesteps      | 21504        |
| train/                  |              |
|    approx_kl            | 0.0027465392 |
|    clip_fraction        | 0.00156      |
|    clip_range           | 0.2          |
|    entropy_loss         | -4.33        |
|    explained_variance   | 5.96e-08     |
|    learning_rate        | 0.0002       |
|    loss                 | 2.98e+03     |
|    n_updates            | 205          |
|    policy_gradient_loss | -0.00247     |
|    std                  | 1.03         |
|    value_loss           | 4.91e+03     |
------------------------------------------
-----------------------------------------
| rollout/                |             |
|    ep_len_mean          | 2.2e+03     |
|    ep_rew_mean          | 3.75e+03    |
| time/                   |             |
|    fps                  | 941         |
|    iterations           | 43          |
|    time_elapsed         | 23          |
|    total_timesteps      | 22016       |
| train/                  |             |
|    approx_kl            | 0.002530699 |
|    clip_fraction        | 0.00156     |
|    clip_range           | 0.2         |
|    entropy_loss         | -4.33       |
|    explained_variance   | 0           |
|    learning_rate        | 0.0002      |
|    loss                 | 2.18e+03    |
|    n_updates            | 210         |
|    policy_gradient_loss | -0.00205    |
|    std                  | 1.03        |
|    value_loss           | 4.38e+03    |
-----------------------------------------
-----------------------------------------
| rollout/                |             |
|    ep_len_mean          | 2.2e+03     |
|    ep_rew_mean          | 3.75e+03    |
| time/                   |             |
|    fps                  | 943         |
|    iterations           | 44          |
|    time_elapsed         | 23          |
|    total_timesteps      | 22528       |
| train/                  |             |
|    approx_kl            | 0.005440279 |
|    clip_fraction        | 0.0191      |
|    clip_range           | 0.2         |
|    entropy_loss         | -4.33       |
|    explained_variance   | 0           |
|    learning_rate        | 0.0002      |
|    loss                 | 1.71e+03    |
|    n_updates            | 215         |
|    policy_gradient_loss | -0.0034     |
|    std                  | 1.03        |
|    value_loss           | 4.63e+03    |
-----------------------------------------
-----------------------------------------
| rollout/                |             |
|    ep_len_mean          | 2.2e+03     |
|    ep_rew_mean          | 3.75e+03    |
| time/                   |             |
|    fps                  | 945         |
|    iterations           | 45          |
|    time_elapsed         | 24          |
|    total_timesteps      | 23040       |
| train/                  |             |
|    approx_kl            | 0.022452034 |
|    clip_fraction        | 0.206       |
|    clip_range           | 0.2         |
|    entropy_loss         | -4.33       |
|    explained_variance   | 0           |
|    learning_rate        | 0.0002      |
|    loss                 | 4.46e+03    |
|    n_updates            | 220         |
|    policy_gradient_loss | 0.00882     |
|    std                  | 1.03        |
|    value_loss           | 8.77e+03    |
-----------------------------------------
-----------------------------------------
| rollout/                |             |
|    ep_len_mean          | 2.12e+03    |
|    ep_rew_mean          | 3.82e+03    |
| time/                   |             |
|    fps                  | 947         |
|    iterations           | 46          |
|    time_elapsed         | 24          |
|    total_timesteps      | 23552       |
| train/                  |             |
|    approx_kl            | 0.004526329 |
|    clip_fraction        | 0.0625      |
|    clip_range           | 0.2         |
|    entropy_loss         | -4.33       |
|    explained_variance   | 0           |
|    learning_rate        | 0.0002      |
|    loss                 | 1.94e+03    |
|    n_updates            | 225         |
|    policy_gradient_loss | -0.00471    |
|    std                  | 1.02        |
|    value_loss           | 5.82e+03    |
-----------------------------------------
-----------------------------------------
| rollout/                |             |
|    ep_len_mean          | 2.12e+03    |
|    ep_rew_mean          | 3.82e+03    |
| time/                   |             |
|    fps                  | 949         |
|    iterations           | 47          |
|    time_elapsed         | 25          |
|    total_timesteps      | 24064       |
| train/                  |             |
|    approx_kl            | 0.011050422 |
|    clip_fraction        | 0.202       |
|    clip_range           | 0.2         |
|    entropy_loss         | -4.32       |
|    explained_variance   | -1.19e-07   |
|    learning_rate        | 0.0002      |
|    loss                 | 3.89e+03    |
|    n_updates            | 230         |
|    policy_gradient_loss | -0.00493    |
|    std                  | 1.02        |
|    value_loss           | 5.87e+03    |
-----------------------------------------
-----------------------------------------
| rollout/                |             |
|    ep_len_mean          | 2.12e+03    |
|    ep_rew_mean          | 3.82e+03    |
| time/                   |             |
|    fps                  | 950         |
|    iterations           | 48          |
|    time_elapsed         | 25          |
|    total_timesteps      | 24576       |
| train/                  |             |
|    approx_kl            | 0.007279819 |
|    clip_fraction        | 0.0348      |
|    clip_range           | 0.2         |
|    entropy_loss         | -4.32       |
|    explained_variance   | 0           |
|    learning_rate        | 0.0002      |
|    loss                 | 1.67e+03    |
|    n_updates            | 235         |
|    policy_gradient_loss | -0.00422    |
|    std                  | 1.02        |
|    value_loss           | 5.26e+03    |
-----------------------------------------
Eval num_timesteps=25000, episode_reward=19897.96 +/- 0.00
Episode length: 4031.00 +/- 0.00
----------------------------------------
| eval/                   |            |
|    mean_ep_length       | 4.03e+03   |
|    mean_reward          | 1.99e+04   |
| time/                   |            |
|    total_timesteps      | 25000      |
| train/                  |            |
|    approx_kl            | 0.01291512 |
|    clip_fraction        | 0.252      |
|    clip_range           | 0.2        |
|    entropy_loss         | -4.32      |
|    explained_variance   | 0          |
|    learning_rate        | 0.0002     |
|    loss                 | 2.65e+03   |
|    n_updates            | 240        |
|    policy_gradient_loss | 0.0116     |
|    std                  | 1.02       |
|    value_loss           | 4.08e+03   |
----------------------------------------
New best mean reward!
---------------------------------
| rollout/           |          |
|    ep_len_mean     | 2.07e+03 |
|    ep_rew_mean     | 3.96e+03 |
| time/              |          |
|    fps             | 902      |
|    iterations      | 49       |
|    time_elapsed    | 27       |
|    total_timesteps | 25088    |
---------------------------------
-----------------------------------------
| rollout/                |             |
|    ep_len_mean          | 2.07e+03    |
|    ep_rew_mean          | 3.96e+03    |
| time/                   |             |
|    fps                  | 905         |
|    iterations           | 50          |
|    time_elapsed         | 28          |
|    total_timesteps      | 25600       |
| train/                  |             |
|    approx_kl            | 0.003935072 |
|    clip_fraction        | 0.034       |
|    clip_range           | 0.2         |
|    entropy_loss         | -4.32       |
|    explained_variance   | 1.19e-07    |
|    learning_rate        | 0.0002      |
|    loss                 | 2.54e+03    |
|    n_updates            | 245         |
|    policy_gradient_loss | 0.00104     |
|    std                  | 1.02        |
|    value_loss           | 5.82e+03    |
-----------------------------------------
------------------------------------------
| rollout/                |              |
|    ep_len_mean          | 2.07e+03     |
|    ep_rew_mean          | 3.96e+03     |
| time/                   |              |
|    fps                  | 906          |
|    iterations           | 51           |
|    time_elapsed         | 28           |
|    total_timesteps      | 26112        |
| train/                  |              |
|    approx_kl            | 0.0066402615 |
|    clip_fraction        | 0.0344       |
|    clip_range           | 0.2          |
|    entropy_loss         | -4.32        |
|    explained_variance   | 0            |
|    learning_rate        | 0.0002       |
|    loss                 | 3.16e+03     |
|    n_updates            | 250          |
|    policy_gradient_loss | -0.00359     |
|    std                  | 1.02         |
|    value_loss           | 4.98e+03     |
------------------------------------------
------------------------------------------
| rollout/                |              |
|    ep_len_mean          | 2.07e+03     |
|    ep_rew_mean          | 3.96e+03     |
| time/                   |              |
|    fps                  | 909          |
|    iterations           | 52           |
|    time_elapsed         | 29           |
|    total_timesteps      | 26624        |
| train/                  |              |
|    approx_kl            | 0.0062188855 |
|    clip_fraction        | 0.159        |
|    clip_range           | 0.2          |
|    entropy_loss         | -4.32        |
|    explained_variance   | 0            |
|    learning_rate        | 0.0002       |
|    loss                 | 2.72e+03     |
|    n_updates            | 255          |
|    policy_gradient_loss | 0.00233      |
|    std                  | 1.02         |
|    value_loss           | 5.53e+03     |
------------------------------------------
-----------------------------------------
| rollout/                |             |
|    ep_len_mean          | 2.07e+03    |
|    ep_rew_mean          | 3.96e+03    |
| time/                   |             |
|    fps                  | 911         |
|    iterations           | 53          |
|    time_elapsed         | 29          |
|    total_timesteps      | 27136       |
| train/                  |             |
|    approx_kl            | 0.008733584 |
|    clip_fraction        | 0.0516      |
|    clip_range           | 0.2         |
|    entropy_loss         | -4.31       |
|    explained_variance   | 0           |
|    learning_rate        | 0.0002      |
|    loss                 | 2.74e+03    |
|    n_updates            | 260         |
|    policy_gradient_loss | -0.00241    |
|    std                  | 1.02        |
|    value_loss           | 6.9e+03     |
-----------------------------------------
------------------------------------------
| rollout/                |              |
|    ep_len_mean          | 2.07e+03     |
|    ep_rew_mean          | 3.96e+03     |
| time/                   |              |
|    fps                  | 913          |
|    iterations           | 54           |
|    time_elapsed         | 30           |
|    total_timesteps      | 27648        |
| train/                  |              |
|    approx_kl            | 0.0010892102 |
|    clip_fraction        | 0            |
|    clip_range           | 0.2          |
|    entropy_loss         | -4.31        |
|    explained_variance   | -1.19e-07    |
|    learning_rate        | 0.0002       |
|    loss                 | 1.04e+03     |
|    n_updates            | 265          |
|    policy_gradient_loss | -0.000646    |
|    std                  | 1.02         |
|    value_loss           | 3.39e+03     |
------------------------------------------
------------------------------------------
| rollout/                |              |
|    ep_len_mean          | 2.15e+03     |
|    ep_rew_mean          | 4.5e+03      |
| time/                   |              |
|    fps                  | 903          |
|    iterations           | 55           |
|    time_elapsed         | 31           |
|    total_timesteps      | 28160        |
| train/                  |              |
|    approx_kl            | 0.0058886777 |
|    clip_fraction        | 0.027        |
|    clip_range           | 0.2          |
|    entropy_loss         | -4.31        |
|    explained_variance   | 0            |
|    learning_rate        | 0.0002       |
|    loss                 | 1.64e+03     |
|    n_updates            | 270          |
|    policy_gradient_loss | -0.00635     |
|    std                  | 1.02         |
|    value_loss           | 3.4e+03      |
------------------------------------------
-----------------------------------------
| rollout/                |             |
|    ep_len_mean          | 2.15e+03    |
|    ep_rew_mean          | 4.5e+03     |
| time/                   |             |
|    fps                  | 905         |
|    iterations           | 56          |
|    time_elapsed         | 31          |
|    total_timesteps      | 28672       |
| train/                  |             |
|    approx_kl            | 0.010905251 |
|    clip_fraction        | 0.121       |
|    clip_range           | 0.2         |
|    entropy_loss         | -4.31       |
|    explained_variance   | -1.19e-07   |
|    learning_rate        | 0.0002      |
|    loss                 | 3.44e+03    |
|    n_updates            | 275         |
|    policy_gradient_loss | -0.0127     |
|    std                  | 1.02        |
|    value_loss           | 7.35e+03    |
-----------------------------------------
-----------------------------------------
| rollout/                |             |
|    ep_len_mean          | 2.15e+03    |
|    ep_rew_mean          | 4.5e+03     |
| time/                   |             |
|    fps                  | 907         |
|    iterations           | 57          |
|    time_elapsed         | 32          |
|    total_timesteps      | 29184       |
| train/                  |             |
|    approx_kl            | 0.004253323 |
|    clip_fraction        | 0.0437      |
|    clip_range           | 0.2         |
|    entropy_loss         | -4.31       |
|    explained_variance   | 0           |
|    learning_rate        | 0.0002      |
|    loss                 | 4.29e+03    |
|    n_updates            | 280         |
|    policy_gradient_loss | 0.000113    |
|    std                  | 1.02        |
|    value_loss           | 9.52e+03    |
-----------------------------------------
-----------------------------------------
| rollout/                |             |
|    ep_len_mean          | 2.15e+03    |
|    ep_rew_mean          | 4.5e+03     |
| time/                   |             |
|    fps                  | 904         |
|    iterations           | 58          |
|    time_elapsed         | 32          |
|    total_timesteps      | 29696       |
| train/                  |             |
|    approx_kl            | 0.012285994 |
|    clip_fraction        | 0.091       |
|    clip_range           | 0.2         |
|    entropy_loss         | -4.3        |
|    explained_variance   | 0           |
|    learning_rate        | 0.0002      |
|    loss                 | 3.96e+03    |
|    n_updates            | 285         |
|    policy_gradient_loss | -0.00281    |
|    std                  | 1.02        |
|    value_loss           | 9.31e+03    |
-----------------------------------------
-----------------------------------------
| rollout/                |             |
|    ep_len_mean          | 2.13e+03    |
|    ep_rew_mean          | 4.67e+03    |
| time/                   |             |
|    fps                  | 906         |
|    iterations           | 59          |
|    time_elapsed         | 33          |
|    total_timesteps      | 30208       |
| train/                  |             |
|    approx_kl            | 0.004796901 |
|    clip_fraction        | 0.161       |
|    clip_range           | 0.2         |
|    entropy_loss         | -4.29       |
|    explained_variance   | 0           |
|    learning_rate        | 0.0002      |
|    loss                 | 4.32e+03    |
|    n_updates            | 290         |
|    policy_gradient_loss | 0.00831     |
|    std                  | 1.01        |
|    value_loss           | 7.91e+03    |
-----------------------------------------
----------------------------------------
| rollout/                |            |
|    ep_len_mean          | 2.13e+03   |
|    ep_rew_mean          | 4.67e+03   |
| time/                   |            |
|    fps                  | 907        |
|    iterations           | 60         |
|    time_elapsed         | 33         |
|    total_timesteps      | 30720      |
| train/                  |            |
|    approx_kl            | 0.01045756 |
|    clip_fraction        | 0.0895     |
|    clip_range           | 0.2        |
|    entropy_loss         | -4.29      |
|    explained_variance   | 0          |
|    learning_rate        | 0.0002     |
|    loss                 | 4.67e+03   |
|    n_updates            | 295        |
|    policy_gradient_loss | -0.00261   |
|    std                  | 1.01       |
|    value_loss           | 1.01e+04   |
----------------------------------------
-----------------------------------------
| rollout/                |             |
|    ep_len_mean          | 2.13e+03    |
|    ep_rew_mean          | 4.67e+03    |
| time/                   |             |
|    fps                  | 907         |
|    iterations           | 61          |
|    time_elapsed         | 34          |
|    total_timesteps      | 31232       |
| train/                  |             |
|    approx_kl            | 0.011052708 |
|    clip_fraction        | 0.0473      |
|    clip_range           | 0.2         |
|    entropy_loss         | -4.29       |
|    explained_variance   | 0           |
|    learning_rate        | 0.0002      |
|    loss                 | 3.93e+03    |
|    n_updates            | 300         |
|    policy_gradient_loss | 0.00161     |
|    std                  | 1.01        |
|    value_loss           | 7.6e+03     |
-----------------------------------------
------------------------------------------
| rollout/                |              |
|    ep_len_mean          | 2.13e+03     |
|    ep_rew_mean          | 4.67e+03     |
| time/                   |              |
|    fps                  | 889          |
|    iterations           | 62           |
|    time_elapsed         | 35           |
|    total_timesteps      | 31744        |
| train/                  |              |
|    approx_kl            | 0.0012907679 |
|    clip_fraction        | 0.0531       |
|    clip_range           | 0.2          |
|    entropy_loss         | -4.29        |
|    explained_variance   | 0            |
|    learning_rate        | 0.0002       |
|    loss                 | 2.23e+03     |
|    n_updates            | 305          |
|    policy_gradient_loss | -0.00271     |
|    std                  | 1.01         |
|    value_loss           | 8.39e+03     |
------------------------------------------
----------------------------------------
| rollout/                |            |
|    ep_len_mean          | 2.13e+03   |
|    ep_rew_mean          | 4.67e+03   |
| time/                   |            |
|    fps                  | 873        |
|    iterations           | 63         |
|    time_elapsed         | 36         |
|    total_timesteps      | 32256      |
| train/                  |            |
|    approx_kl            | 0.00668106 |
|    clip_fraction        | 0.0523     |
|    clip_range           | 0.2        |
|    entropy_loss         | -4.29      |
|    explained_variance   | 1.19e-07   |
|    learning_rate        | 0.0002     |
|    loss                 | 3.17e+03   |
|    n_updates            | 310        |
|    policy_gradient_loss | -0.00317   |
|    std                  | 1.01       |
|    value_loss           | 5.94e+03   |
----------------------------------------
-----------------------------------------
| rollout/                |             |
|    ep_len_mean          | 2.13e+03    |
|    ep_rew_mean          | 4.67e+03    |
| time/                   |             |
|    fps                  | 860         |
|    iterations           | 64          |
|    time_elapsed         | 38          |
|    total_timesteps      | 32768       |
| train/                  |             |
|    approx_kl            | 0.009529723 |
|    clip_fraction        | 0.161       |
|    clip_range           | 0.2         |
|    entropy_loss         | -4.29       |
|    explained_variance   | -1.19e-07   |
|    learning_rate        | 0.0002      |
|    loss                 | 2.45e+03    |
|    n_updates            | 315         |
|    policy_gradient_loss | 0.00158     |
|    std                  | 1.01        |
|    value_loss           | 4.65e+03    |
-----------------------------------------
------------------------------------------
| rollout/                |              |
|    ep_len_mean          | 2.2e+03      |
|    ep_rew_mean          | 5.09e+03     |
| time/                   |              |
|    fps                  | 847          |
|    iterations           | 65           |
|    time_elapsed         | 39           |
|    total_timesteps      | 33280        |
| train/                  |              |
|    approx_kl            | 0.0031371121 |
|    clip_fraction        | 0.0141       |
|    clip_range           | 0.2          |
|    entropy_loss         | -4.28        |
|    explained_variance   | 0            |
|    learning_rate        | 0.0002       |
|    loss                 | 2.42e+03     |
|    n_updates            | 320          |
|    policy_gradient_loss | 0.00142      |
|    std                  | 1.01         |
|    value_loss           | 5.22e+03     |
------------------------------------------
----------------------------------------
| rollout/                |            |
|    ep_len_mean          | 2.2e+03    |
|    ep_rew_mean          | 5.09e+03   |
| time/                   |            |
|    fps                  | 835        |
|    iterations           | 66         |
|    time_elapsed         | 40         |
|    total_timesteps      | 33792      |
| train/                  |            |
|    approx_kl            | 0.00980608 |
|    clip_fraction        | 0.145      |
|    clip_range           | 0.2        |
|    entropy_loss         | -4.29      |
|    explained_variance   | 0          |
|    learning_rate        | 0.0002     |
|    loss                 | 3.52e+03   |
|    n_updates            | 325        |
|    policy_gradient_loss | 0.000303   |
|    std                  | 1.01       |
|    value_loss           | 8.41e+03   |
----------------------------------------
-----------------------------------------
| rollout/                |             |
|    ep_len_mean          | 2.2e+03     |
|    ep_rew_mean          | 5.09e+03    |
| time/                   |             |
|    fps                  | 823         |
|    iterations           | 67          |
|    time_elapsed         | 41          |
|    total_timesteps      | 34304       |
| train/                  |             |
|    approx_kl            | 0.008801665 |
|    clip_fraction        | 0.205       |
|    clip_range           | 0.2         |
|    entropy_loss         | -4.29       |
|    explained_variance   | 0           |
|    learning_rate        | 0.0002      |
|    loss                 | 4e+03       |
|    n_updates            | 330         |
|    policy_gradient_loss | 0.00735     |
|    std                  | 1.01        |
|    value_loss           | 7.49e+03    |
-----------------------------------------
------------------------------------------
| rollout/                |              |
|    ep_len_mean          | 2.15e+03     |
|    ep_rew_mean          | 5.12e+03     |
| time/                   |              |
|    fps                  | 811          |
|    iterations           | 68           |
|    time_elapsed         | 42           |
|    total_timesteps      | 34816        |
| train/                  |              |
|    approx_kl            | 0.0059881583 |
|    clip_fraction        | 0.0316       |
|    clip_range           | 0.2          |
|    entropy_loss         | -4.29        |
|    explained_variance   | -1.19e-07    |
|    learning_rate        | 0.0002       |
|    loss                 | 3.78e+03     |
|    n_updates            | 335          |
|    policy_gradient_loss | -0.00235     |
|    std                  | 1.01         |
|    value_loss           | 6.19e+03     |
------------------------------------------
-----------------------------------------
| rollout/                |             |
|    ep_len_mean          | 2.15e+03    |
|    ep_rew_mean          | 5.12e+03    |
| time/                   |             |
|    fps                  | 800         |
|    iterations           | 69          |
|    time_elapsed         | 44          |
|    total_timesteps      | 35328       |
| train/                  |             |
|    approx_kl            | 0.006934814 |
|    clip_fraction        | 0.0508      |
|    clip_range           | 0.2         |
|    entropy_loss         | -4.29       |
|    explained_variance   | 0           |
|    learning_rate        | 0.0002      |
|    loss                 | 4.66e+03    |
|    n_updates            | 340         |
|    policy_gradient_loss | -0.00366    |
|    std                  | 1.01        |
|    value_loss           | 9.28e+03    |
-----------------------------------------
-----------------------------------------
| rollout/                |             |
|    ep_len_mean          | 2.15e+03    |
|    ep_rew_mean          | 5.12e+03    |
| time/                   |             |
|    fps                  | 791         |
|    iterations           | 70          |
|    time_elapsed         | 45          |
|    total_timesteps      | 35840       |
| train/                  |             |
|    approx_kl            | 0.015121337 |
|    clip_fraction        | 0.0672      |
|    clip_range           | 0.2         |
|    entropy_loss         | -4.28       |
|    explained_variance   | 0           |
|    learning_rate        | 0.0002      |
|    loss                 | 3.02e+03    |
|    n_updates            | 345         |
|    policy_gradient_loss | 0.00143     |
|    std                  | 1.01        |
|    value_loss           | 6.49e+03    |
-----------------------------------------
------------------------------------------
| rollout/                |              |
|    ep_len_mean          | 2.15e+03     |
|    ep_rew_mean          | 5.12e+03     |
| time/                   |              |
|    fps                  | 782          |
|    iterations           | 71           |
|    time_elapsed         | 46           |
|    total_timesteps      | 36352        |
| train/                  |              |
|    approx_kl            | 0.0076767774 |
|    clip_fraction        | 0.0543       |
|    clip_range           | 0.2          |
|    entropy_loss         | -4.28        |
|    explained_variance   | 0            |
|    learning_rate        | 0.0002       |
|    loss                 | 4.17e+03     |
|    n_updates            | 350          |
|    policy_gradient_loss | -0.00857     |
|    std                  | 1.01         |
|    value_loss           | 8.23e+03     |
------------------------------------------
-----------------------------------------
| rollout/                |             |
|    ep_len_mean          | 2.15e+03    |
|    ep_rew_mean          | 5.12e+03    |
| time/                   |             |
|    fps                  | 773         |
|    iterations           | 72          |
|    time_elapsed         | 47          |
|    total_timesteps      | 36864       |
| train/                  |             |
|    approx_kl            | 0.004848095 |
|    clip_fraction        | 0.0242      |
|    clip_range           | 0.2         |
|    entropy_loss         | -4.28       |
|    explained_variance   | 0           |
|    learning_rate        | 0.0002      |
|    loss                 | 4.55e+03    |
|    n_updates            | 355         |
|    policy_gradient_loss | -0.00299    |
|    std                  | 1.01        |
|    value_loss           | 9.13e+03    |
-----------------------------------------
------------------------------------------
| rollout/                |              |
|    ep_len_mean          | 2.18e+03     |
|    ep_rew_mean          | 5.42e+03     |
| time/                   |              |
|    fps                  | 765          |
|    iterations           | 73           |
|    time_elapsed         | 48           |
|    total_timesteps      | 37376        |
| train/                  |              |
|    approx_kl            | 0.0025993972 |
|    clip_fraction        | 0.0195       |
|    clip_range           | 0.2          |
|    entropy_loss         | -4.28        |
|    explained_variance   | 0            |
|    learning_rate        | 0.0002       |
|    loss                 | 3.16e+03     |
|    n_updates            | 360          |
|    policy_gradient_loss | 0.00274      |
|    std                  | 1.01         |
|    value_loss           | 6.99e+03     |
------------------------------------------
-----------------------------------------
| rollout/                |             |
|    ep_len_mean          | 2.18e+03    |
|    ep_rew_mean          | 5.42e+03    |
| time/                   |             |
|    fps                  | 757         |
|    iterations           | 74          |
|    time_elapsed         | 50          |
|    total_timesteps      | 37888       |
| train/                  |             |
|    approx_kl            | 0.015207801 |
|    clip_fraction        | 0.0938      |
|    clip_range           | 0.2         |
|    entropy_loss         | -4.28       |
|    explained_variance   | 0           |
|    learning_rate        | 0.0002      |
|    loss                 | 5.23e+03    |
|    n_updates            | 365         |
|    policy_gradient_loss | 0.000146    |
|    std                  | 1.01        |
|    value_loss           | 1.02e+04    |
-----------------------------------------
------------------------------------------
| rollout/                |              |
|    ep_len_mean          | 2.18e+03     |
|    ep_rew_mean          | 5.42e+03     |
| time/                   |              |
|    fps                  | 749          |
|    iterations           | 75           |
|    time_elapsed         | 51           |
|    total_timesteps      | 38400        |
| train/                  |              |
|    approx_kl            | 0.0027872522 |
|    clip_fraction        | 0.0176       |
|    clip_range           | 0.2          |
|    entropy_loss         | -4.27        |
|    explained_variance   | 0            |
|    learning_rate        | 0.0002       |
|    loss                 | 4.4e+03      |
|    n_updates            | 370          |
|    policy_gradient_loss | 0.000844     |
|    std                  | 1            |
|    value_loss           | 7.61e+03     |
------------------------------------------
------------------------------------------
| rollout/                |              |
|    ep_len_mean          | 2.16e+03     |
|    ep_rew_mean          | 5.55e+03     |
| time/                   |              |
|    fps                  | 740          |
|    iterations           | 76           |
|    time_elapsed         | 52           |
|    total_timesteps      | 38912        |
| train/                  |              |
|    approx_kl            | 0.0035012376 |
|    clip_fraction        | 0.104        |
|    clip_range           | 0.2          |
|    entropy_loss         | -4.27        |
|    explained_variance   | 0            |
|    learning_rate        | 0.0002       |
|    loss                 | 4.52e+03     |
|    n_updates            | 375          |
|    policy_gradient_loss | 0.0066       |
|    std                  | 1.01         |
|    value_loss           | 7.47e+03     |
------------------------------------------
-----------------------------------------
| rollout/                |             |
|    ep_len_mean          | 2.16e+03    |
|    ep_rew_mean          | 5.55e+03    |
| time/                   |             |
|    fps                  | 734         |
|    iterations           | 77          |
|    time_elapsed         | 53          |
|    total_timesteps      | 39424       |
| train/                  |             |
|    approx_kl            | 0.005088672 |
|    clip_fraction        | 0.0816      |
|    clip_range           | 0.2         |
|    entropy_loss         | -4.27       |
|    explained_variance   | 0           |
|    learning_rate        | 0.0002      |
|    loss                 | 1.67e+03    |
|    n_updates            | 380         |
|    policy_gradient_loss | -0.00154    |
|    std                  | 1           |
|    value_loss           | 5.83e+03    |
-----------------------------------------
------------------------------------------
| rollout/                |              |
|    ep_len_mean          | 2.16e+03     |
|    ep_rew_mean          | 5.55e+03     |
| time/                   |              |
|    fps                  | 727          |
|    iterations           | 78           |
|    time_elapsed         | 54           |
|    total_timesteps      | 39936        |
| train/                  |              |
|    approx_kl            | 0.0074411687 |
|    clip_fraction        | 0.0461       |
|    clip_range           | 0.2          |
|    entropy_loss         | -4.26        |
|    explained_variance   | 5.96e-08     |
|    learning_rate        | 0.0002       |
|    loss                 | 3.62e+03     |
|    n_updates            | 385          |
|    policy_gradient_loss | 0.000862     |
|    std                  | 1            |
|    value_loss           | 8.99e+03     |
------------------------------------------
------------------------------------------
| rollout/                |              |
|    ep_len_mean          | 2.16e+03     |
|    ep_rew_mean          | 5.55e+03     |
| time/                   |              |
|    fps                  | 721          |
|    iterations           | 79           |
|    time_elapsed         | 56           |
|    total_timesteps      | 40448        |
| train/                  |              |
|    approx_kl            | 0.0096109025 |
|    clip_fraction        | 0.0855       |
|    clip_range           | 0.2          |
|    entropy_loss         | -4.25        |
|    explained_variance   | 0            |
|    learning_rate        | 0.0002       |
|    loss                 | 2.79e+03     |
|    n_updates            | 390          |
|    policy_gradient_loss | 0.00102      |
|    std                  | 0.999        |
|    value_loss           | 5.82e+03     |
------------------------------------------
------------------------------------------
| rollout/                |              |
|    ep_len_mean          | 2.16e+03     |
|    ep_rew_mean          | 5.55e+03     |
| time/                   |              |
|    fps                  | 712          |
|    iterations           | 80           |
|    time_elapsed         | 57           |
|    total_timesteps      | 40960        |
| train/                  |              |
|    approx_kl            | 0.0011790092 |
|    clip_fraction        | 0            |
|    clip_range           | 0.2          |
|    entropy_loss         | -4.25        |
|    explained_variance   | -1.19e-07    |
|    learning_rate        | 0.0002       |
|    loss                 | 2.59e+03     |
|    n_updates            | 395          |
|    policy_gradient_loss | 0.000842     |
|    std                  | 1            |
|    value_loss           | 5.26e+03     |
------------------------------------------
------------------------------------------
| rollout/                |              |
|    ep_len_mean          | 2.16e+03     |
|    ep_rew_mean          | 5.55e+03     |
| time/                   |              |
|    fps                  | 707          |
|    iterations           | 81           |
|    time_elapsed         | 58           |
|    total_timesteps      | 41472        |
| train/                  |              |
|    approx_kl            | 0.0072672633 |
|    clip_fraction        | 0.0406       |
|    clip_range           | 0.2          |
|    entropy_loss         | -4.25        |
|    explained_variance   | 1.19e-07     |
|    learning_rate        | 0.0002       |
|    loss                 | 1.53e+03     |
|    n_updates            | 400          |
|    policy_gradient_loss | -0.00702     |
|    std                  | 1            |
|    value_loss           | 4.05e+03     |
------------------------------------------
-----------------------------------------
| rollout/                |             |
|    ep_len_mean          | 2.16e+03    |
|    ep_rew_mean          | 5.55e+03    |
| time/                   |             |
|    fps                  | 701         |
|    iterations           | 82          |
|    time_elapsed         | 59          |
|    total_timesteps      | 41984       |
| train/                  |             |
|    approx_kl            | 0.008593718 |
|    clip_fraction        | 0.0465      |
|    clip_range           | 0.2         |
|    entropy_loss         | -4.25       |
|    explained_variance   | 0           |
|    learning_rate        | 0.0002      |
|    loss                 | 1.83e+03    |
|    n_updates            | 405         |
|    policy_gradient_loss | -0.00327    |
|    std                  | 1           |
|    value_loss           | 3.37e+03    |
-----------------------------------------
------------------------------------------
| rollout/                |              |
|    ep_len_mean          | 2.22e+03     |
|    ep_rew_mean          | 5.95e+03     |
| time/                   |              |
|    fps                  | 696          |
|    iterations           | 83           |
|    time_elapsed         | 60           |
|    total_timesteps      | 42496        |
| train/                  |              |
|    approx_kl            | 0.0046484144 |
|    clip_fraction        | 0.0082       |
|    clip_range           | 0.2          |
|    entropy_loss         | -4.25        |
|    explained_variance   | 0            |
|    learning_rate        | 0.0002       |
|    loss                 | 1.85e+03     |
|    n_updates            | 410          |
|    policy_gradient_loss | -0.000755    |
|    std                  | 1            |
|    value_loss           | 4e+03        |
------------------------------------------
------------------------------------------
| rollout/                |              |
|    ep_len_mean          | 2.22e+03     |
|    ep_rew_mean          | 5.95e+03     |
| time/                   |              |
|    fps                  | 695          |
|    iterations           | 84           |
|    time_elapsed         | 61           |
|    total_timesteps      | 43008        |
| train/                  |              |
|    approx_kl            | 0.0074864277 |
|    clip_fraction        | 0.0199       |
|    clip_range           | 0.2          |
|    entropy_loss         | -4.25        |
|    explained_variance   | 0            |
|    learning_rate        | 0.0002       |
|    loss                 | 5.67e+03     |
|    n_updates            | 415          |
|    policy_gradient_loss | -0.000102    |
|    std                  | 0.998        |
|    value_loss           | 8.59e+03     |
------------------------------------------
-----------------------------------------
| rollout/                |             |
|    ep_len_mean          | 2.17e+03    |
|    ep_rew_mean          | 5.91e+03    |
| time/                   |             |
|    fps                  | 697         |
|    iterations           | 85          |
|    time_elapsed         | 62          |
|    total_timesteps      | 43520       |
| train/                  |             |
|    approx_kl            | 0.009033317 |
|    clip_fraction        | 0.0543      |
|    clip_range           | 0.2         |
|    entropy_loss         | -4.24       |
|    explained_variance   | 0           |
|    learning_rate        | 0.0002      |
|    loss                 | 2.56e+03    |
|    n_updates            | 420         |
|    policy_gradient_loss | -0.00356    |
|    std                  | 0.994       |
|    value_loss           | 6.08e+03    |
-----------------------------------------
----------------------------------------
| rollout/                |            |
|    ep_len_mean          | 2.17e+03   |
|    ep_rew_mean          | 5.91e+03   |
| time/                   |            |
|    fps                  | 700        |
|    iterations           | 86         |
|    time_elapsed         | 62         |
|    total_timesteps      | 44032      |
| train/                  |            |
|    approx_kl            | 0.00806626 |
|    clip_fraction        | 0.179      |
|    clip_range           | 0.2        |
|    entropy_loss         | -4.23      |
|    explained_variance   | 0          |
|    learning_rate        | 0.0002     |
|    loss                 | 3.25e+03   |
|    n_updates            | 425        |
|    policy_gradient_loss | 0.00521    |
|    std                  | 0.99       |
|    value_loss           | 6.66e+03   |
----------------------------------------
-----------------------------------------
| rollout/                |             |
|    ep_len_mean          | 2.17e+03    |
|    ep_rew_mean          | 5.91e+03    |
| time/                   |             |
|    fps                  | 703         |
|    iterations           | 87          |
|    time_elapsed         | 63          |
|    total_timesteps      | 44544       |
| train/                  |             |
|    approx_kl            | 0.006098635 |
|    clip_fraction        | 0.0387      |
|    clip_range           | 0.2         |
|    entropy_loss         | -4.22       |
|    explained_variance   | -1.19e-07   |
|    learning_rate        | 0.0002      |
|    loss                 | 4.39e+03    |
|    n_updates            | 430         |
|    policy_gradient_loss | -0.00282    |
|    std                  | 0.989       |
|    value_loss           | 7.79e+03    |
-----------------------------------------
---------------------------------------
| rollout/                |           |
|    ep_len_mean          | 2.17e+03  |
|    ep_rew_mean          | 5.91e+03  |
| time/                   |           |
|    fps                  | 705       |
|    iterations           | 88        |
|    time_elapsed         | 63        |
|    total_timesteps      | 45056     |
| train/                  |           |
|    approx_kl            | 0.0281704 |
|    clip_fraction        | 0.134     |
|    clip_range           | 0.2       |
|    entropy_loss         | -4.22     |
|    explained_variance   | 0         |
|    learning_rate        | 0.0002    |
|    loss                 | 2.41e+03  |
|    n_updates            | 435       |
|    policy_gradient_loss | 0.00375   |
|    std                  | 0.99      |
|    value_loss           | 5.08e+03  |
---------------------------------------
------------------------------------------
| rollout/                |              |
|    ep_len_mean          | 2.17e+03     |
|    ep_rew_mean          | 5.91e+03     |
| time/                   |              |
|    fps                  | 708          |
|    iterations           | 89           |
|    time_elapsed         | 64           |
|    total_timesteps      | 45568        |
| train/                  |              |
|    approx_kl            | 0.0035077496 |
|    clip_fraction        | 0.13         |
|    clip_range           | 0.2          |
|    entropy_loss         | -4.22        |
|    explained_variance   | 0            |
|    learning_rate        | 0.0002       |
|    loss                 | 2.95e+03     |
|    n_updates            | 440          |
|    policy_gradient_loss | 0.00709      |
|    std                  | 0.99         |
|    value_loss           | 4.82e+03     |
------------------------------------------
-----------------------------------------
| rollout/                |             |
|    ep_len_mean          | 2.17e+03    |
|    ep_rew_mean          | 5.91e+03    |
| time/                   |             |
|    fps                  | 705         |
|    iterations           | 90          |
|    time_elapsed         | 65          |
|    total_timesteps      | 46080       |
| train/                  |             |
|    approx_kl            | 0.015483659 |
|    clip_fraction        | 0.155       |
|    clip_range           | 0.2         |
|    entropy_loss         | -4.22       |
|    explained_variance   | 0           |
|    learning_rate        | 0.0002      |
|    loss                 | 1.79e+03    |
|    n_updates            | 445         |
|    policy_gradient_loss | 7.77e-05    |
|    std                  | 0.989       |
|    value_loss           | 3.68e+03    |
-----------------------------------------
------------------------------------------
| rollout/                |              |
|    ep_len_mean          | 2.2e+03      |
|    ep_rew_mean          | 6.14e+03     |
| time/                   |              |
|    fps                  | 708          |
|    iterations           | 91           |
|    time_elapsed         | 65           |
|    total_timesteps      | 46592        |
| train/                  |              |
|    approx_kl            | 0.0026334967 |
|    clip_fraction        | 0.00273      |
|    clip_range           | 0.2          |
|    entropy_loss         | -4.22        |
|    explained_variance   | 1.19e-07     |
|    learning_rate        | 0.0002       |
|    loss                 | 1.55e+03     |
|    n_updates            | 450          |
|    policy_gradient_loss | 0.000235     |
|    std                  | 0.99         |
|    value_loss           | 6.07e+03     |
------------------------------------------
----------------------------------------
| rollout/                |            |
|    ep_len_mean          | 2.2e+03    |
|    ep_rew_mean          | 6.14e+03   |
| time/                   |            |
|    fps                  | 710        |
|    iterations           | 92         |
|    time_elapsed         | 66         |
|    total_timesteps      | 47104      |
| train/                  |            |
|    approx_kl            | 0.00891462 |
|    clip_fraction        | 0.165      |
|    clip_range           | 0.2        |
|    entropy_loss         | -4.22      |
|    explained_variance   | 5.96e-08   |
|    learning_rate        | 0.0002     |
|    loss                 | 4.72e+03   |
|    n_updates            | 455        |
|    policy_gradient_loss | 0.00434    |
|    std                  | 0.987      |
|    value_loss           | 1.17e+04   |
----------------------------------------
------------------------------------------
| rollout/                |              |
|    ep_len_mean          | 2.2e+03      |
|    ep_rew_mean          | 6.14e+03     |
| time/                   |              |
|    fps                  | 707          |
|    iterations           | 93           |
|    time_elapsed         | 67           |
|    total_timesteps      | 47616        |
| train/                  |              |
|    approx_kl            | 0.0041334303 |
|    clip_fraction        | 0.00586      |
|    clip_range           | 0.2          |
|    entropy_loss         | -4.21        |
|    explained_variance   | 0            |
|    learning_rate        | 0.0002       |
|    loss                 | 4.06e+03     |
|    n_updates            | 460          |
|    policy_gradient_loss | -0.000134    |
|    std                  | 0.985        |
|    value_loss           | 7.79e+03     |
------------------------------------------
-----------------------------------------
| rollout/                |             |
|    ep_len_mean          | 2.2e+03     |
|    ep_rew_mean          | 6.14e+03    |
| time/                   |             |
|    fps                  | 709         |
|    iterations           | 94          |
|    time_elapsed         | 67          |
|    total_timesteps      | 48128       |
| train/                  |             |
|    approx_kl            | 0.015649557 |
|    clip_fraction        | 0.077       |
|    clip_range           | 0.2         |
|    entropy_loss         | -4.2        |
|    explained_variance   | -1.19e-07   |
|    learning_rate        | 0.0002      |
|    loss                 | 5.12e+03    |
|    n_updates            | 465         |
|    policy_gradient_loss | 0.00368     |
|    std                  | 0.983       |
|    value_loss           | 7.34e+03    |
-----------------------------------------
-----------------------------------------
| rollout/                |             |
|    ep_len_mean          | 2.19e+03    |
|    ep_rew_mean          | 6.26e+03    |
| time/                   |             |
|    fps                  | 711         |
|    iterations           | 95          |
|    time_elapsed         | 68          |
|    total_timesteps      | 48640       |
| train/                  |             |
|    approx_kl            | 0.008904325 |
|    clip_fraction        | 0.0871      |
|    clip_range           | 0.2         |
|    entropy_loss         | -4.2        |
|    explained_variance   | 0           |
|    learning_rate        | 0.0002      |
|    loss                 | 3.55e+03    |
|    n_updates            | 470         |
|    policy_gradient_loss | -0.00505    |
|    std                  | 0.983       |
|    value_loss           | 7.28e+03    |
-----------------------------------------
------------------------------------------
| rollout/                |              |
|    ep_len_mean          | 2.19e+03     |
|    ep_rew_mean          | 6.26e+03     |
| time/                   |              |
|    fps                  | 714          |
|    iterations           | 96           |
|    time_elapsed         | 68           |
|    total_timesteps      | 49152        |
| train/                  |              |
|    approx_kl            | 0.0027058986 |
|    clip_fraction        | 0.0813       |
|    clip_range           | 0.2          |
|    entropy_loss         | -4.2         |
|    explained_variance   | 0            |
|    learning_rate        | 0.0002       |
|    loss                 | 7.94e+03     |
|    n_updates            | 475          |
|    policy_gradient_loss | -0.00192     |
|    std                  | 0.984        |
|    value_loss           | 1.55e+04     |
------------------------------------------
-----------------------------------------
| rollout/                |             |
|    ep_len_mean          | 2.19e+03    |
|    ep_rew_mean          | 6.26e+03    |
| time/                   |             |
|    fps                  | 712         |
|    iterations           | 97          |
|    time_elapsed         | 69          |
|    total_timesteps      | 49664       |
| train/                  |             |
|    approx_kl            | 0.005677902 |
|    clip_fraction        | 0.0461      |
|    clip_range           | 0.2         |
|    entropy_loss         | -4.2        |
|    explained_variance   | 0           |
|    learning_rate        | 0.0002      |
|    loss                 | 5.69e+03    |
|    n_updates            | 480         |
|    policy_gradient_loss | 0.00371     |
|    std                  | 0.983       |
|    value_loss           | 1.21e+04    |
-----------------------------------------
Eval num_timesteps=50000, episode_reward=19897.96 +/- 0.00
Episode length: 4031.00 +/- 0.00
------------------------------------------
| eval/                   |              |
|    mean_ep_length       | 4.03e+03     |
|    mean_reward          | 1.99e+04     |
| time/                   |              |
|    total_timesteps      | 50000        |
| train/                  |              |
|    approx_kl            | 0.0045422423 |
|    clip_fraction        | 0.0172       |
|    clip_range           | 0.2          |
|    entropy_loss         | -4.2         |
|    explained_variance   | 0            |
|    learning_rate        | 0.0002       |
|    loss                 | 2.18e+03     |
|    n_updates            | 485          |
|    policy_gradient_loss | -0.0035      |
|    std                  | 0.983        |
|    value_loss           | 6.6e+03      |
------------------------------------------
---------------------------------
| rollout/           |          |
|    ep_len_mean     | 2.19e+03 |
|    ep_rew_mean     | 6.26e+03 |
| time/              |          |
|    fps             | 704      |
|    iterations      | 98       |
|    time_elapsed    | 71       |
|    total_timesteps | 50176    |
---------------------------------
[TIMING] Training completed in 71.5s
✓ Model saved to models/final_model

======================================================================
PHASE 2: Validation on val set
======================================================================

Evaluating...

  [DEV] Trade Summary (1000 trades):
    Wins: 440 | Losses: 560 | Win Rate: 44.0%
    Total PnL: $0.01 | Avg PnL/Trade: $0.0000
    Top 5 Trades:
      1. BNBUSDT  | Entry: $903.059998 → Exit: $906.729980 | Return:   0.41% | PnL: $  0.0014 | Reason: sell
      2. BNBUSDT  | Entry: $903.059998 → Exit: $905.969971 | Return:   0.32% | PnL: $  0.0012 | Reason: sell
      3. BNBUSDT  | Entry: $903.059998 → Exit: $906.460022 | Return:   0.38% | PnL: $  0.0011 | Reason: sell
      4. BNBUSDT  | Entry: $903.059998 → Exit: $906.890015 | Return:   0.42% | PnL: $  0.0010 | Reason: sell
      5. BNBUSDT  | Entry: $903.059998 → Exit: $906.479980 | Return:   0.38% | PnL: $  0.0010 | Reason: sell

Evaluation Results:
  Total Return: 0.02%
  Final Portfolio Value: $100.02
  Max Portfolio Value: $100.05
  Total Reward: 19897.96
  Steps: 4031
  Trades: 2041 | Win Rate: 62.4%
  Realized PnL: $0.03 | Unrealized: $-0.00

======================================================================
PHASE 3: Testing on test set
======================================================================

Evaluating...

  [TEST] Trade Summary (1000 trades):
    Wins: 469 | Losses: 531 | Win Rate: 46.9%
    Total PnL: $0.10 | Avg PnL/Trade: $0.0001
    Top 5 Trades:
      1. BNBUSDT  | Entry: $774.500000 → Exit: $781.380005 | Return:   0.89% | PnL: $  0.0558 | Reason: end_of_episode
      2. BNBUSDT  | Entry: $769.619995 → Exit: $773.479980 | Return:   0.50% | PnL: $  0.0031 | Reason: sell
      3. BNBUSDT  | Entry: $836.559998 → Exit: $849.229980 | Return:   1.51% | PnL: $  0.0030 | Reason: sell
      4. BNBUSDT  | Entry: $836.559998 → Exit: $844.890015 | Return:   1.00% | PnL: $  0.0027 | Reason: sell
      5. BNBUSDT  | Entry: $792.460022 → Exit: $795.409973 | Return:   0.37% | PnL: $  0.0026 | Reason: sell

Evaluation Results:
  Total Return: 0.10%
  Final Portfolio Value: $100.10
  Max Portfolio Value: $100.14
  Total Reward: 19689.54
  Steps: 4032
  Trades: 2043 | Win Rate: 44.6%
  Realized PnL: $0.11 | Unrealized: $-0.00

======================================================================
BACKTEST SUMMARY
======================================================================
Val Trades:  2041 | WR:  62.4% | Return:   0.02%
Test Trades: 2043 | WR:  44.6% | Return:   0.10%
======================================================================


/home/konstantin/dev/crypto_rl/rl_trader.py:1010: FutureWarning: The default of observed=False is deprecated and will be changed to True in a future version of pandas. Pass observed=False to retain current behavior or observed=True to adopt the future default and silence this warning.
  for symbol, group in data.groupby('symbol', sort=False):
/home/konstantin/dev/crypto_rl/.conda/lib/python3.12/site-packages/stable_baselines3/common/evaluation.py:70: UserWarning: Evaluation environment is not wrapped with a ``Monitor`` wrapper. This may result in reporting modified episode lengths and rewards, if other wrappers happen to modify these. Consider wrapping environment first with ``Monitor`` wrapper.
  warnings.warn(
